--- Job hda.gms Start 12/13/18 10:30:47 24.7.4 r58773 LEX-LEG x86 64bit/Linux
GAMS 24.7.4   Copyright (C) 1987-2016 GAMS Development. All rights reserved
Licensee: Remigijus Paulavicius, Single User License     S170731:0859AO-LNX
          Imperial College London, Dept. of Chemical Engineering    DC13449
          License for teaching and research at degree granting institutions
          remigijus.paulavicius@imperial.ac.uk                             
--- Starting compilation
--- hda.gms(3441) 3 Mb
--- Starting execution: elapsed 0:00:00.012
--- hda.gms(3308) 4 Mb
--- Generating MINLP model douglas
--- hda.gms(3314) 6 Mb
---   719 rows  723 columns  2,206 non-zeroes
---   1,499 nl-code  464 nl-non-zeroes
---   13 discrete-columns
--- hda.gms(3314) 4 Mb
--- Executing CONVERT: elapsed 0:00:00.023

Convert 2.0      24.7.4 r58773 Released Sep 19, 2016 LEG x86 64bit/Linux      

--- Using Option File
Reading parameter(s) from "/home/renigijus/gams/opt-mod-lib/gamslib/hda/convert.opt"
>>  gams hda-scalar.gms
Finished reading from "/home/renigijus/gams/opt-mod-lib/gamslib/hda/convert.opt"
--- Writing Gams      : hda-scalar.gms

--- Restarting execution
--- hda.gms(3314) 2 Mb
--- Reading solution for model douglas
*** Status: Normal completion
--- Job hda.gms Stop 12/13/18 10:30:47 elapsed 0:00:00.040
