--- Job cesam2.gms Start 12/13/18 11:43:36 24.7.4 r58773 LEX-LEG x86 64bit/Linux
GAMS 24.7.4   Copyright (C) 1987-2016 GAMS Development. All rights reserved
Licensee: Remigijus Paulavicius, Single User License     S170731:0859AO-LNX
          Imperial College London, Dept. of Chemical Engineering    DC13449
          License for teaching and research at degree granting institutions
          remigijus.paulavicius@imperial.ac.uk                             
--- Starting compilation
--- cesam2.gms(577) 3 Mb
--- Starting execution: elapsed 0:00:00.003
--- cesam2.gms(512) 4 Mb
--- Generating NLP model SAMENTROP
--- cesam2.gms(516) 6 Mb
---   166 rows  264 columns  715 non-zeroes
---   849 nl-code  226 nl-non-zeroes
--- cesam2.gms(516) 4 Mb
--- Executing CONVERT: elapsed 0:00:00.010

Convert 2.0      24.7.4 r58773 Released Sep 19, 2016 LEG x86 64bit/Linux      

--- Using Option File
Reading parameter(s) from "/home/renigijus/gams/opt-mod-lib/gamslib/cesam2/convert.opt"
>>  pyomo cesam2-scalar.py
Finished reading from "/home/renigijus/gams/opt-mod-lib/gamslib/cesam2/convert.opt"
--- Writing Pyomo     : cesam2-scalar.py

--- Restarting execution
--- cesam2.gms(516) 2 Mb
--- Reading solution for model SAMENTROP
--- cesam2.gms(561) 3 Mb
*** Status: Normal completion
--- Job cesam2.gms Stop 12/13/18 11:43:36 elapsed 0:00:00.023
