--- Job qalan.gms Start 12/13/18 11:23:25 24.7.4 r58773 LEX-LEG x86 64bit/Linux
GAMS 24.7.4   Copyright (C) 1987-2016 GAMS Development. All rights reserved
Licensee: Remigijus Paulavicius, Single User License     S170731:0859AO-LNX
          Imperial College London, Dept. of Chemical Engineering    DC13449
          License for teaching and research at degree granting institutions
          remigijus.paulavicius@imperial.ac.uk                             
--- Starting compilation
--- qalan.gms(83) 3 Mb
--- Starting execution: elapsed 0:00:00.002
--- qalan.gms(3) 4 Mb
--- Generating QCP model portfolio
--- qalan.gms(61) 6 Mb
---   3 rows  5 columns  12 non-zeroes
---   25 nl-code  3 nl-non-zeroes
--- qalan.gms(61) 4 Mb
--- Executing BARON: elapsed 0:00:00.005

GAMS/BARON       24.7.4 r58773 Released Sep 19, 2016 LEG x86 64bit/Linux      

--- Using Option File
*** Error Cannot open parameter file "/home/renigijus/gams/opt-mod-lib/gamslib/qalan/baron.opt"
*** Error Error code = 2; No such file or directory
===========================================================================
 BARON version 16.8.24. Built: LNX-64 Wed Aug 24 08:52:24 EDT 2016

 If you use this software, please cite:
 Tawarmalani, M. and N. V. Sahinidis, A polyhedral
 branch-and-cut approach to global optimization,
 Mathematical Programming, 103(2), 225-249, 2005.

 BARON is a product of The Optimization Firm, LLC. http://www.minlp.com/
 Parts of the BARON software were created at the
 University of Illinois at Urbana-Champaign.
===========================================================================
 This BARON run may utilize the following subsolver(s)
 For LP/MIP: ILOG CPLEX                                      
 For NLP: MINOS, SNOPT, GAMS external NLP, IPOPT, FILTERSD
===========================================================================
 Doing local search
 Preprocessing found feasible solution with value  2.89903846154     
 Problem solved during preprocessing
 Lower bound is  2.63548951049     

 Cleaning up

                         *** Normal completion ***            

 Wall clock time:                     0.01
 Total CPU time used:                 0.01

 Total no. of BaR iterations:      -1
 Best solution found at node:      -1
 Max. no. of nodes in memory:       0
 
 All done
===========================================================================

Solution      = 2.89903846153846  best solution found during preprocessing
Best possible = 2.63548951049
Absolute gap  = 0.263548951048461  optca = 1E-9
Relative gap  = 0.09091  optcr = 0.1
  (Note that BARON uses a different formula to compute the relative gap as
   was used for the above reported value.)

--- Restarting execution
--- qalan.gms(61) 2 Mb
--- Reading solution for model portfolio
--- qalan.gms(79) 3 Mb
--- Generating MIQCP model p1
--- qalan.gms(81) 5 Mb
---   8 rows  9 columns  24 non-zeroes
---   24 nl-code  3 nl-non-zeroes
---   4 discrete-columns
--- qalan.gms(81) 3 Mb
--- Executing CONVERT: elapsed 0:00:00.042

Convert 2.0      24.7.4 r58773 Released Sep 19, 2016 LEG x86 64bit/Linux      

--- Using Option File
Reading parameter(s) from "/home/renigijus/gams/opt-mod-lib/gamslib/qalan/convert.opt"
>>  pyomo qalan-scalar.py
Finished reading from "/home/renigijus/gams/opt-mod-lib/gamslib/qalan/convert.opt"
--- Writing Pyomo     : qalan-scalar.py

--- Restarting execution
--- qalan.gms(81) 2 Mb
--- Reading solution for model p1
*** Status: Normal completion
--- Job qalan.gms Stop 12/13/18 11:23:25 elapsed 0:00:00.053
