--- Job korcns.gms Start 12/13/18 10:32:27 24.7.4 r58773 LEX-LEG x86 64bit/Linux
GAMS 24.7.4   Copyright (C) 1987-2016 GAMS Development. All rights reserved
Licensee: Remigijus Paulavicius, Single User License     S170731:0859AO-LNX
          Imperial College London, Dept. of Chemical Engineering    DC13449
          License for teaching and research at degree granting institutions
          remigijus.paulavicius@imperial.ac.uk                             
--- Starting compilation
--- korcns.gms(493) 3 Mb
--- Starting execution: elapsed 0:00:00.003
--- korcns.gms(488) 4 Mb
--- Generating CNS model model1
--- korcns.gms(492) 6 Mb
---   78 rows  96 columns  346 non-zeroes
---   526 nl-code  200 nl-non-zeroes
--- korcns.gms(492) 4 Mb
--- Executing CONVERT: elapsed 0:00:00.008

Convert 2.0      24.7.4 r58773 Released Sep 19, 2016 LEG x86 64bit/Linux      

--- Using Option File
Reading parameter(s) from "/home/renigijus/gams/opt-mod-lib/gamslib/korcns/convert.opt"
>>  gams korcns-scalar.gms
Finished reading from "/home/renigijus/gams/opt-mod-lib/gamslib/korcns/convert.opt"
--- Writing Gams      : korcns-scalar.gms

--- Restarting execution
--- korcns.gms(492) 2 Mb
--- Reading solution for model model1
*** Status: Normal completion
--- Job korcns.gms Stop 12/13/18 10:32:27 elapsed 0:00:00.020
