--- Job worst.gms Start 12/13/18 10:24:51 24.7.4 r58773 LEX-LEG x86 64bit/Linux
GAMS 24.7.4   Copyright (C) 1987-2016 GAMS Development. All rights reserved
Licensee: Remigijus Paulavicius, Single User License     S170731:0859AO-LNX
          Imperial College London, Dept. of Chemical Engineering    DC13449
          License for teaching and research at degree granting institutions
          remigijus.paulavicius@imperial.ac.uk                             
--- Starting compilation
--- worst.gms(158) 3 Mb
--- Starting execution: elapsed 0:00:00.002
--- worst.gms(96) 4 Mb
--- Generating NLP model riskmod
--- worst.gms(154) 6 Mb
---   30 rows  35 columns  112 non-zeroes
---   251 nl-code  53 nl-non-zeroes
--- worst.gms(154) 4 Mb
--- Executing CONVERT: elapsed 0:00:00.005

Convert 2.0      24.7.4 r58773 Released Sep 19, 2016 LEG x86 64bit/Linux      

--- Using Option File
Reading parameter(s) from "/home/renigijus/gams/opt-mod-lib/gamslib/worst/convert.opt"
>>  ampl worst-scalar.mod
Finished reading from "/home/renigijus/gams/opt-mod-lib/gamslib/worst/convert.opt"
--- Writing Ampl      : worst-scalar.mod

--- Restarting execution
--- worst.gms(154) 2 Mb
--- Reading solution for model riskmod
--- Generating NLP model riskmod
--- worst.gms(157) 5 Mb
---   30 rows  35 columns  112 non-zeroes
---   251 nl-code  53 nl-non-zeroes
--- worst.gms(157) 3 Mb
--- Executing CONVERT: elapsed 0:00:00.020

Convert 2.0      24.7.4 r58773 Released Sep 19, 2016 LEG x86 64bit/Linux      

--- Using Option File
Reading parameter(s) from "/home/renigijus/gams/opt-mod-lib/gamslib/worst/convert.opt"
>>  ampl worst-scalar.mod
Finished reading from "/home/renigijus/gams/opt-mod-lib/gamslib/worst/convert.opt"
--- Writing Ampl      : worst-scalar.mod

--- Restarting execution
--- worst.gms(157) 2 Mb
--- Reading solution for model riskmod
*** Status: Normal completion
--- Job worst.gms Stop 12/13/18 10:24:51 elapsed 0:00:00.030
