--- Job minlphix.gms Start 12/13/18 10:32:30 24.7.4 r58773 LEX-LEG x86 64bit/Linux
GAMS 24.7.4   Copyright (C) 1987-2016 GAMS Development. All rights reserved
Licensee: Remigijus Paulavicius, Single User License     S170731:0859AO-LNX
          Imperial College London, Dept. of Chemical Engineering    DC13449
          License for teaching and research at degree granting institutions
          remigijus.paulavicius@imperial.ac.uk                             
--- Starting compilation
--- minlphix.gms(328) 3 Mb
--- Starting execution: elapsed 0:00:00.002
--- minlphix.gms(327) 4 Mb
--- Generating MINLP model skip
--- minlphix.gms(328) 6 Mb
---   101 rows  85 columns  337 non-zeroes
---   198 nl-code  40 nl-non-zeroes
---   20 discrete-columns
--- minlphix.gms(328) 4 Mb
--- Executing CONVERT: elapsed 0:00:00.005

Convert 2.0      24.7.4 r58773 Released Sep 19, 2016 LEG x86 64bit/Linux      

--- Using Option File
Reading parameter(s) from "/home/renigijus/gams/opt-mod-lib/gamslib/minlphix/convert.opt"
>>  ampl minlphix-scalar.mod
Finished reading from "/home/renigijus/gams/opt-mod-lib/gamslib/minlphix/convert.opt"
--- Writing Ampl      : minlphix-scalar.mod

--- Restarting execution
--- minlphix.gms(328) 2 Mb
--- Reading solution for model skip
*** Status: Normal completion
--- Job minlphix.gms Stop 12/13/18 10:32:30 elapsed 0:00:00.018
