--- Job gancnsx.gms Start 12/13/18 10:32:27 24.7.4 r58773 LEX-LEG x86 64bit/Linux
GAMS 24.7.4   Copyright (C) 1987-2016 GAMS Development. All rights reserved
Licensee: Remigijus Paulavicius, Single User License     S170731:0859AO-LNX
          Imperial College London, Dept. of Chemical Engineering    DC13449
          License for teaching and research at degree granting institutions
          remigijus.paulavicius@imperial.ac.uk                             
--- Starting compilation
--- gancnsx.gms(1877) 3 Mb
--- Starting execution: elapsed 0:00:00.011
--- gancnsx.gms(1799) 4 Mb
--- Generating CNS model ganges0
--- gancnsx.gms(1828) 6 Mb
---   274 rows  357 columns  1,405 non-zeroes
---   2,735 nl-code  817 nl-non-zeroes
--- gancnsx.gms(1828) 4 Mb
--- Executing CONVERT: elapsed 0:00:00.017

Convert 2.0      24.7.4 r58773 Released Sep 19, 2016 LEG x86 64bit/Linux      

--- Using Option File
Reading parameter(s) from "/home/renigijus/gams/opt-mod-lib/gamslib/gancnsx/convert.opt"
>>  gams gancnsx-scalar.gms
Finished reading from "/home/renigijus/gams/opt-mod-lib/gamslib/gancnsx/convert.opt"
--- Writing Gams      : gancnsx-scalar.gms

--- Restarting execution
--- gancnsx.gms(1828) 2 Mb
--- Reading solution for model ganges0
--- gancnsx.gms(1834) 3 Mb
*** Status: Normal completion
--- Job gancnsx.gms Stop 12/13/18 10:32:27 elapsed 0:00:00.035
