--- Job senstran.gms Start 12/13/18 10:24:49 24.7.4 r58773 LEX-LEG x86 64bit/Linux
GAMS 24.7.4   Copyright (C) 1987-2016 GAMS Development. All rights reserved
Licensee: Remigijus Paulavicius, Single User License     S170731:0859AO-LNX
          Imperial College London, Dept. of Chemical Engineering    DC13449
          License for teaching and research at degree granting institutions
          remigijus.paulavicius@imperial.ac.uk                             
--- Starting compilation
--- senstran.gms(111) 3 Mb
--- Starting execution: elapsed 0:00:00.002
--- senstran.gms(90) 4 Mb
--- Generating LP model transport
--- senstran.gms(92) 4 Mb
--- LOOPS ip = seattle
---       jp = new-york
---   6 rows  7 columns  19 non-zeroes
--- Executing CONVERT: elapsed 0:00:00.005

Convert 2.0      24.7.4 r58773 Released Sep 19, 2016 LEG x86 64bit/Linux      

--- Using Option File
Reading parameter(s) from "/home/renigijus/gams/opt-mod-lib/gamslib/senstran/convert.opt"
>>  pyomo senstran-scalar.py
Finished reading from "/home/renigijus/gams/opt-mod-lib/gamslib/senstran/convert.opt"
--- Writing Pyomo     : senstran-scalar.py

--- Restarting execution
--- senstran.gms(92) 2 Mb
--- Reading solution for model transport
--- senstran.gms(90) 3 Mb
--- Generating LP model transport
--- senstran.gms(100) 3 Mb
--- LOOPS ip = seattle
---       jp = new-york
---   6 rows  7 columns  19 non-zeroes
--- Executing CONVERT: elapsed 0:00:00.023

Convert 2.0      24.7.4 r58773 Released Sep 19, 2016 LEG x86 64bit/Linux      

--- Using Option File
Reading parameter(s) from "/home/renigijus/gams/opt-mod-lib/gamslib/senstran/convert.opt"
>>  pyomo senstran-scalar.py
Finished reading from "/home/renigijus/gams/opt-mod-lib/gamslib/senstran/convert.opt"
--- Writing Pyomo     : senstran-scalar.py

--- Restarting execution
--- senstran.gms(100) 2 Mb
--- Reading solution for model transport
--- senstran.gms(90) 3 Mb
--- Generating LP model transport
--- senstran.gms(92) 3 Mb
--- LOOPS ip = seattle
---       jp = chicago
---   6 rows  7 columns  19 non-zeroes
--- Executing CONVERT: elapsed 0:00:00.040

Convert 2.0      24.7.4 r58773 Released Sep 19, 2016 LEG x86 64bit/Linux      

--- Using Option File
Reading parameter(s) from "/home/renigijus/gams/opt-mod-lib/gamslib/senstran/convert.opt"
>>  pyomo senstran-scalar.py
Finished reading from "/home/renigijus/gams/opt-mod-lib/gamslib/senstran/convert.opt"
--- Writing Pyomo     : senstran-scalar.py

--- Restarting execution
--- senstran.gms(92) 2 Mb
--- Reading solution for model transport
--- senstran.gms(90) 3 Mb
--- Generating LP model transport
--- senstran.gms(100) 3 Mb
--- LOOPS ip = seattle
---       jp = chicago
---   6 rows  7 columns  19 non-zeroes
--- Executing CONVERT: elapsed 0:00:00.062

Convert 2.0      24.7.4 r58773 Released Sep 19, 2016 LEG x86 64bit/Linux      

--- Using Option File
Reading parameter(s) from "/home/renigijus/gams/opt-mod-lib/gamslib/senstran/convert.opt"
>>  pyomo senstran-scalar.py
Finished reading from "/home/renigijus/gams/opt-mod-lib/gamslib/senstran/convert.opt"
--- Writing Pyomo     : senstran-scalar.py

--- Restarting execution
--- senstran.gms(100) 2 Mb
--- Reading solution for model transport
--- senstran.gms(90) 3 Mb
--- Generating LP model transport
--- senstran.gms(92) 3 Mb
--- LOOPS ip = seattle
---       jp = topeka
---   6 rows  7 columns  19 non-zeroes
--- Executing CONVERT: elapsed 0:00:00.075

Convert 2.0      24.7.4 r58773 Released Sep 19, 2016 LEG x86 64bit/Linux      

--- Using Option File
Reading parameter(s) from "/home/renigijus/gams/opt-mod-lib/gamslib/senstran/convert.opt"
>>  pyomo senstran-scalar.py
Finished reading from "/home/renigijus/gams/opt-mod-lib/gamslib/senstran/convert.opt"
--- Writing Pyomo     : senstran-scalar.py

--- Restarting execution
--- senstran.gms(92) 2 Mb
--- Reading solution for model transport
--- senstran.gms(90) 3 Mb
--- Generating LP model transport
--- senstran.gms(100) 3 Mb
--- LOOPS ip = seattle
---       jp = topeka
---   6 rows  7 columns  19 non-zeroes
--- Executing CONVERT: elapsed 0:00:00.092

Convert 2.0      24.7.4 r58773 Released Sep 19, 2016 LEG x86 64bit/Linux      

--- Using Option File
Reading parameter(s) from "/home/renigijus/gams/opt-mod-lib/gamslib/senstran/convert.opt"
>>  pyomo senstran-scalar.py
Finished reading from "/home/renigijus/gams/opt-mod-lib/gamslib/senstran/convert.opt"
--- Writing Pyomo     : senstran-scalar.py

--- Restarting execution
--- senstran.gms(100) 2 Mb
--- Reading solution for model transport
--- senstran.gms(90) 3 Mb
--- Generating LP model transport
--- senstran.gms(92) 3 Mb
--- LOOPS ip = san-diego
---       jp = new-york
---   6 rows  7 columns  19 non-zeroes
--- Executing CONVERT: elapsed 0:00:00.105

Convert 2.0      24.7.4 r58773 Released Sep 19, 2016 LEG x86 64bit/Linux      

--- Using Option File
Reading parameter(s) from "/home/renigijus/gams/opt-mod-lib/gamslib/senstran/convert.opt"
>>  pyomo senstran-scalar.py
Finished reading from "/home/renigijus/gams/opt-mod-lib/gamslib/senstran/convert.opt"
--- Writing Pyomo     : senstran-scalar.py

--- Restarting execution
--- senstran.gms(92) 2 Mb
--- Reading solution for model transport
--- senstran.gms(90) 3 Mb
--- Generating LP model transport
--- senstran.gms(100) 3 Mb
--- LOOPS ip = san-diego
---       jp = new-york
---   6 rows  7 columns  19 non-zeroes
--- Executing CONVERT: elapsed 0:00:00.136

Convert 2.0      24.7.4 r58773 Released Sep 19, 2016 LEG x86 64bit/Linux      

--- Using Option File
Reading parameter(s) from "/home/renigijus/gams/opt-mod-lib/gamslib/senstran/convert.opt"
>>  pyomo senstran-scalar.py
Finished reading from "/home/renigijus/gams/opt-mod-lib/gamslib/senstran/convert.opt"
--- Writing Pyomo     : senstran-scalar.py

--- Restarting execution
--- senstran.gms(100) 2 Mb
--- Reading solution for model transport
--- senstran.gms(90) 3 Mb
--- Generating LP model transport
--- senstran.gms(92) 3 Mb
--- LOOPS ip = san-diego
---       jp = chicago
---   6 rows  7 columns  19 non-zeroes
--- Executing CONVERT: elapsed 0:00:00.150

Convert 2.0      24.7.4 r58773 Released Sep 19, 2016 LEG x86 64bit/Linux      

--- Using Option File
Reading parameter(s) from "/home/renigijus/gams/opt-mod-lib/gamslib/senstran/convert.opt"
>>  pyomo senstran-scalar.py
Finished reading from "/home/renigijus/gams/opt-mod-lib/gamslib/senstran/convert.opt"
--- Writing Pyomo     : senstran-scalar.py

--- Restarting execution
--- senstran.gms(92) 2 Mb
--- Reading solution for model transport
--- senstran.gms(90) 3 Mb
--- Generating LP model transport
--- senstran.gms(100) 3 Mb
--- LOOPS ip = san-diego
---       jp = chicago
---   6 rows  7 columns  19 non-zeroes
--- Executing CONVERT: elapsed 0:00:00.167

Convert 2.0      24.7.4 r58773 Released Sep 19, 2016 LEG x86 64bit/Linux      

--- Using Option File
Reading parameter(s) from "/home/renigijus/gams/opt-mod-lib/gamslib/senstran/convert.opt"
>>  pyomo senstran-scalar.py
Finished reading from "/home/renigijus/gams/opt-mod-lib/gamslib/senstran/convert.opt"
--- Writing Pyomo     : senstran-scalar.py

--- Restarting execution
--- senstran.gms(100) 2 Mb
--- Reading solution for model transport
--- senstran.gms(90) 3 Mb
--- Generating LP model transport
--- senstran.gms(92) 3 Mb
--- LOOPS ip = san-diego
---       jp = topeka
---   6 rows  7 columns  19 non-zeroes
--- Executing CONVERT: elapsed 0:00:00.182

Convert 2.0      24.7.4 r58773 Released Sep 19, 2016 LEG x86 64bit/Linux      

--- Using Option File
Reading parameter(s) from "/home/renigijus/gams/opt-mod-lib/gamslib/senstran/convert.opt"
>>  pyomo senstran-scalar.py
Finished reading from "/home/renigijus/gams/opt-mod-lib/gamslib/senstran/convert.opt"
--- Writing Pyomo     : senstran-scalar.py

--- Restarting execution
--- senstran.gms(92) 2 Mb
--- Reading solution for model transport
--- senstran.gms(90) 3 Mb
--- Generating LP model transport
--- senstran.gms(100) 3 Mb
--- LOOPS ip = san-diego
---       jp = topeka
---   6 rows  7 columns  19 non-zeroes
--- Executing CONVERT: elapsed 0:00:00.197

Convert 2.0      24.7.4 r58773 Released Sep 19, 2016 LEG x86 64bit/Linux      

--- Using Option File
Reading parameter(s) from "/home/renigijus/gams/opt-mod-lib/gamslib/senstran/convert.opt"
>>  pyomo senstran-scalar.py
Finished reading from "/home/renigijus/gams/opt-mod-lib/gamslib/senstran/convert.opt"
--- Writing Pyomo     : senstran-scalar.py

--- Restarting execution
--- senstran.gms(100) 2 Mb
--- Reading solution for model transport
--- senstran.gms(109) 3 Mb
--- Putfile repdat /home/renigijus/gams/opt-mod-lib/gamslib/senstran/repdat.put
*** Status: Normal completion
--- Job senstran.gms Stop 12/13/18 10:24:49 elapsed 0:00:00.212
