--- Job poutil.gms Start 12/13/18 11:30:32 24.7.4 r58773 LEX-LEG x86 64bit/Linux
GAMS 24.7.4   Copyright (C) 1987-2016 GAMS Development. All rights reserved
Licensee: Remigijus Paulavicius, Single User License     S170731:0859AO-LNX
          Imperial College London, Dept. of Chemical Engineering    DC13449
          License for teaching and research at degree granting institutions
          remigijus.paulavicius@imperial.ac.uk                             
--- Starting compilation
--- poutil.gms(206) 3 Mb
--- Starting execution: elapsed 0:00:00.002
--- poutil.gms(204) 4 Mb
--- Generating MIP model energy
--- poutil.gms(206) 4 Mb
---   2,178 rows  1,260 columns  9,283 non-zeroes
---   773 discrete-columns
--- Executing CONVERT: elapsed 0:00:00.010

Convert 2.0      24.7.4 r58773 Released Sep 19, 2016 LEG x86 64bit/Linux      

--- Using Option File
Reading parameter(s) from "/home/renigijus/gams/opt-mod-lib/gamslib/poutil/convert.opt"
>>  pyomo poutil-scalar.py
Finished reading from "/home/renigijus/gams/opt-mod-lib/gamslib/poutil/convert.opt"
--- Writing Pyomo     : poutil-scalar.py

--- Restarting execution
--- poutil.gms(206) 2 Mb
--- Reading solution for model energy
*** Status: Normal completion
--- Job poutil.gms Stop 12/13/18 11:30:32 elapsed 0:00:00.023
