--- Job quocge.gms Start 12/13/18 11:23:24 24.7.4 r58773 LEX-LEG x86 64bit/Linux
GAMS 24.7.4   Copyright (C) 1987-2016 GAMS Development. All rights reserved
Licensee: Remigijus Paulavicius, Single User License     S170731:0859AO-LNX
          Imperial College London, Dept. of Chemical Engineering    DC13449
          License for teaching and research at degree granting institutions
          remigijus.paulavicius@imperial.ac.uk                             
--- Starting compilation
--- quocge.gms(409) 3 Mb
--- Starting execution: elapsed 0:00:00.003
--- quocge.gms(348) 4 Mb
--- Generating NLP model quocge
--- quocge.gms(352) 6 Mb
---   55 rows  53 columns  203 non-zeroes
---   343 nl-code  106 nl-non-zeroes
--- quocge.gms(352) 4 Mb
--- Executing CONVERT: elapsed 0:00:00.007

Convert 2.0      24.7.4 r58773 Released Sep 19, 2016 LEG x86 64bit/Linux      

--- Using Option File
Reading parameter(s) from "/home/renigijus/gams/opt-mod-lib/gamslib/quocge/convert.opt"
>>  gams quocge-scalar.gms
Finished reading from "/home/renigijus/gams/opt-mod-lib/gamslib/quocge/convert.opt"
--- Writing Gams      : quocge-scalar.gms

--- Restarting execution
--- quocge.gms(352) 2 Mb
--- Reading solution for model quocge
--- quocge.gms(357) 3 Mb
--- Generating NLP model quocge
--- quocge.gms(358) 5 Mb
---   55 rows  53 columns  203 non-zeroes
---   343 nl-code  106 nl-non-zeroes
--- quocge.gms(358) 3 Mb
--- Executing CONVERT: elapsed 0:00:00.026

Convert 2.0      24.7.4 r58773 Released Sep 19, 2016 LEG x86 64bit/Linux      

--- Using Option File
Reading parameter(s) from "/home/renigijus/gams/opt-mod-lib/gamslib/quocge/convert.opt"
>>  gams quocge-scalar.gms
Finished reading from "/home/renigijus/gams/opt-mod-lib/gamslib/quocge/convert.opt"
--- Writing Gams      : quocge-scalar.gms

--- Restarting execution
--- quocge.gms(358) 2 Mb
--- Reading solution for model quocge
--- quocge.gms(406) 3 Mb
*** Status: Normal completion
--- Job quocge.gms Stop 12/13/18 11:23:24 elapsed 0:00:00.042
