--- Job rbrock.gms Start 12/13/18 10:24:44 24.7.4 r58773 LEX-LEG x86 64bit/Linux
GAMS 24.7.4   Copyright (C) 1987-2016 GAMS Development. All rights reserved
Licensee: Remigijus Paulavicius, Single User License     S170731:0859AO-LNX
          Imperial College London, Dept. of Chemical Engineering    DC13449
          License for teaching and research at degree granting institutions
          remigijus.paulavicius@imperial.ac.uk                             
--- Starting compilation
--- rbrock.gms(26) 2 Mb
--- Starting execution: elapsed 0:00:00.001
--- rbrock.gms(22) 3 Mb
--- Generating NLP model rosenbr
--- rbrock.gms(25) 5 Mb
---   1 rows  3 columns  3 non-zeroes
---   14 nl-code  2 nl-non-zeroes
--- rbrock.gms(25) 3 Mb
--- Executing CONVERT: elapsed 0:00:00.003

Convert 2.0      24.7.4 r58773 Released Sep 19, 2016 LEG x86 64bit/Linux      

--- Using Option File
Reading parameter(s) from "/home/renigijus/gams/opt-mod-lib/gamslib/rbrock/convert.opt"
>>  pyomo rbrock-scalar.py
Finished reading from "/home/renigijus/gams/opt-mod-lib/gamslib/rbrock/convert.opt"
--- Writing Pyomo     : rbrock-scalar.py

--- Restarting execution
--- rbrock.gms(25) 2 Mb
--- Reading solution for model rosenbr
*** Status: Normal completion
--- Job rbrock.gms Stop 12/13/18 10:24:44 elapsed 0:00:00.019
