--- Job sample.gms Start 12/13/18 10:24:34 24.7.4 r58773 LEX-LEG x86 64bit/Linux
GAMS 24.7.4   Copyright (C) 1987-2016 GAMS Development. All rights reserved
Licensee: Remigijus Paulavicius, Single User License     S170731:0859AO-LNX
          Imperial College London, Dept. of Chemical Engineering    DC13449
          License for teaching and research at degree granting institutions
          remigijus.paulavicius@imperial.ac.uk                             
--- Starting compilation
--- sample.gms(65) 3 Mb
--- Starting execution: elapsed 0:00:00.002
--- sample.gms(60) 4 Mb
--- Generating NLP model sample
--- sample.gms(61) 6 Mb
---   3 rows  5 columns  13 non-zeroes
---   34 nl-code  8 nl-non-zeroes
--- sample.gms(61) 4 Mb
--- Executing CONVERT: elapsed 0:00:00.004

Convert 2.0      24.7.4 r58773 Released Sep 19, 2016 LEG x86 64bit/Linux      

--- Using Option File
Reading parameter(s) from "/home/renigijus/gams/opt-mod-lib/gamslib/sample/convert.opt"
>>  ampl sample-scalar.mod
Finished reading from "/home/renigijus/gams/opt-mod-lib/gamslib/sample/convert.opt"
--- Writing Ampl      : sample-scalar.mod

--- Restarting execution
--- sample.gms(61) 2 Mb
--- Reading solution for model sample
--- sample.gms(63) 3 Mb
--- Generating NLP model sampler
--- sample.gms(64) 5 Mb
---   3 rows  5 columns  13 non-zeroes
---   19 nl-code  4 nl-non-zeroes
--- sample.gms(64) 3 Mb
--- Executing CONVERT: elapsed 0:00:00.017

Convert 2.0      24.7.4 r58773 Released Sep 19, 2016 LEG x86 64bit/Linux      

--- Using Option File
Reading parameter(s) from "/home/renigijus/gams/opt-mod-lib/gamslib/sample/convert.opt"
>>  ampl sample-scalar.mod
Finished reading from "/home/renigijus/gams/opt-mod-lib/gamslib/sample/convert.opt"
--- Writing Ampl      : sample-scalar.mod

--- Restarting execution
--- sample.gms(64) 2 Mb
--- Reading solution for model sampler
*** Status: Normal completion
--- Job sample.gms Stop 12/13/18 10:24:34 elapsed 0:00:00.025
