--- Job mexls.gms Start 12/13/18 10:24:30 24.7.4 r58773 LEX-LEG x86 64bit/Linux
GAMS 24.7.4   Copyright (C) 1987-2016 GAMS Development. All rights reserved
Licensee: Remigijus Paulavicius, Single User License     S170731:0859AO-LNX
          Imperial College London, Dept. of Chemical Engineering    DC13449
          License for teaching and research at degree granting institutions
          remigijus.paulavicius@imperial.ac.uk                             
--- Starting compilation
--- mexls.gms(1280) 3 Mb
--- Starting execution: elapsed 0:00:00.009
--- mexls.gms(1279) 4 Mb
--- Generating LP model one
--- mexls.gms(1280) 4 Mb
---   353 rows  578 columns  1,873 non-zeroes
--- Executing CONVERT: elapsed 0:00:00.016

Convert 2.0      24.7.4 r58773 Released Sep 19, 2016 LEG x86 64bit/Linux      

--- Using Option File
Reading parameter(s) from "/home/renigijus/gams/opt-mod-lib/gamslib/mexls/convert.opt"
>>  pyomo mexls-scalar.py
Finished reading from "/home/renigijus/gams/opt-mod-lib/gamslib/mexls/convert.opt"
--- Writing Pyomo     : mexls-scalar.py

--- Restarting execution
--- mexls.gms(1280) 2 Mb
--- Reading solution for model one
*** Status: Normal completion
--- Job mexls.gms Stop 12/13/18 10:24:30 elapsed 0:00:00.035
