--- Job minsurf.gms Start 12/13/18 11:22:35 24.7.4 r58773 LEX-LEG x86 64bit/Linux
GAMS 24.7.4   Copyright (C) 1987-2016 GAMS Development. All rights reserved
Licensee: Remigijus Paulavicius, Single User License     S170731:0859AO-LNX
          Imperial College London, Dept. of Chemical Engineering    DC13449
          License for teaching and research at degree granting institutions
          remigijus.paulavicius@imperial.ac.uk                             
--- Starting compilation
--- minsurf.gms(72) 3 Mb
--- Starting execution: elapsed 0:00:00.002
--- minsurf.gms(71) 4 Mb
--- Generating NLP model minsurf
--- minsurf.gms(72) 6 Mb
---   1 rows  1,405 columns  1,405 non-zeroes
---   37,131 nl-code  1,404 nl-non-zeroes
--- minsurf.gms(72) 4 Mb
--- Executing CONVERT: elapsed 0:00:00.019

Convert 2.0      24.7.4 r58773 Released Sep 19, 2016 LEG x86 64bit/Linux      

--- Using Option File
Reading parameter(s) from "/home/renigijus/gams/opt-mod-lib/gamslib/minsurf/convert.opt"
>>  gams minsurf-scalar.gms
Finished reading from "/home/renigijus/gams/opt-mod-lib/gamslib/minsurf/convert.opt"
--- Writing Gams      : minsurf-scalar.gms

--- Restarting execution
--- minsurf.gms(72) 2 Mb
--- Reading solution for model minsurf
*** Status: Normal completion
--- Job minsurf.gms Stop 12/13/18 11:22:35 elapsed 0:00:00.052
