--- Job decomp.gms Start 12/13/18 10:30:51 24.7.4 r58773 LEX-LEG x86 64bit/Linux
GAMS 24.7.4   Copyright (C) 1987-2016 GAMS Development. All rights reserved
Licensee: Remigijus Paulavicius, Single User License     S170731:0859AO-LNX
          Imperial College London, Dept. of Chemical Engineering    DC13449
          License for teaching and research at degree granting institutions
          remigijus.paulavicius@imperial.ac.uk                             
--- Starting compilation
--- decomp.gms(132) 3 Mb
--- Starting execution: elapsed 0:00:00.001
--- decomp.gms(88) 4 Mb
--- Generating LP model sub
--- decomp.gms(89) 4 Mb
---   9 rows  11 columns  30 non-zeroes
--- Executing CONVERT: elapsed 0:00:00.003

Convert 2.0      24.7.4 r58773 Released Sep 19, 2016 LEG x86 64bit/Linux      

--- Using Option File
Reading parameter(s) from "/home/renigijus/gams/opt-mod-lib/gamslib/decomp/convert.opt"
>>  ampl decomp-scalar.mod
Finished reading from "/home/renigijus/gams/opt-mod-lib/gamslib/decomp/convert.opt"
--- Writing Ampl      : decomp-scalar.mod

--- Restarting execution
--- decomp.gms(89) 2 Mb
--- Reading solution for model sub
--- decomp.gms(95) 3 Mb
--- Generating LP model sub
--- decomp.gms(96) 3 Mb
---   9 rows  11 columns  30 non-zeroes
--- Executing CONVERT: elapsed 0:00:00.017

Convert 2.0      24.7.4 r58773 Released Sep 19, 2016 LEG x86 64bit/Linux      

--- Using Option File
Reading parameter(s) from "/home/renigijus/gams/opt-mod-lib/gamslib/decomp/convert.opt"
>>  ampl decomp-scalar.mod
Finished reading from "/home/renigijus/gams/opt-mod-lib/gamslib/decomp/convert.opt"
--- Writing Ampl      : decomp-scalar.mod

--- Restarting execution
--- decomp.gms(96) 2 Mb
--- Reading solution for model sub
--- decomp.gms(102) 3 Mb
--- Generating LP model master
--- decomp.gms(104) 3 Mb
---   2 rows  3 columns  3 non-zeroes
--- Executing CONVERT: elapsed 0:00:00.032

Convert 2.0      24.7.4 r58773 Released Sep 19, 2016 LEG x86 64bit/Linux      

--- Using Option File
Reading parameter(s) from "/home/renigijus/gams/opt-mod-lib/gamslib/decomp/convert.opt"
>>  ampl decomp-scalar.mod
Finished reading from "/home/renigijus/gams/opt-mod-lib/gamslib/decomp/convert.opt"
--- Writing Ampl      : decomp-scalar.mod

--- Restarting execution
--- decomp.gms(104) 2 Mb
--- Reading solution for model master
--- decomp.gms(113) 3 Mb
--- Generating LP model sub
--- decomp.gms(117) 3 Mb
--- LOOPS ss = 3
---   9 rows  11 columns  30 non-zeroes
--- Executing CONVERT: elapsed 0:00:00.044

Convert 2.0      24.7.4 r58773 Released Sep 19, 2016 LEG x86 64bit/Linux      

--- Using Option File
Reading parameter(s) from "/home/renigijus/gams/opt-mod-lib/gamslib/decomp/convert.opt"
>>  ampl decomp-scalar.mod
Finished reading from "/home/renigijus/gams/opt-mod-lib/gamslib/decomp/convert.opt"
--- Writing Ampl      : decomp-scalar.mod

--- Restarting execution
--- decomp.gms(117) 2 Mb
--- Reading solution for model sub
--- decomp.gms(113) 3 Mb
--- Generating LP model master
--- decomp.gms(122) 3 Mb
--- LOOPS ss = 3
---   2 rows  4 columns  4 non-zeroes
--- Executing CONVERT: elapsed 0:00:00.059

Convert 2.0      24.7.4 r58773 Released Sep 19, 2016 LEG x86 64bit/Linux      

--- Using Option File
Reading parameter(s) from "/home/renigijus/gams/opt-mod-lib/gamslib/decomp/convert.opt"
>>  ampl decomp-scalar.mod
Finished reading from "/home/renigijus/gams/opt-mod-lib/gamslib/decomp/convert.opt"
--- Writing Ampl      : decomp-scalar.mod

--- Restarting execution
--- decomp.gms(122) 2 Mb
--- Reading solution for model master
--- decomp.gms(132) 3 Mb
*** Status: Normal completion
--- Job decomp.gms Stop 12/13/18 10:30:52 elapsed 0:00:00.070
