--- Job decomp.gms Start 12/13/18 10:30:52 24.7.4 r58773 LEX-LEG x86 64bit/Linux
GAMS 24.7.4   Copyright (C) 1987-2016 GAMS Development. All rights reserved
Licensee: Remigijus Paulavicius, Single User License     S170731:0859AO-LNX
          Imperial College London, Dept. of Chemical Engineering    DC13449
          License for teaching and research at degree granting institutions
          remigijus.paulavicius@imperial.ac.uk                             
--- Starting compilation
--- decomp.gms(134) 3 Mb
--- Starting execution: elapsed 0:00:00.002
--- decomp.gms(90) 4 Mb
--- Generating LP model sub
--- decomp.gms(91) 4 Mb
---   9 rows  11 columns  30 non-zeroes
--- Executing CONVERT: elapsed 0:00:00.005

Convert 2.0      24.7.4 r58773 Released Sep 19, 2016 LEG x86 64bit/Linux      

--- Using Option File
Reading parameter(s) from "/home/renigijus/gams/opt-mod-lib/gamslib/decomp/convert.opt"
>>  pyomo decomp-scalar.py
Finished reading from "/home/renigijus/gams/opt-mod-lib/gamslib/decomp/convert.opt"
--- Writing Pyomo     : decomp-scalar.py

--- Restarting execution
--- decomp.gms(91) 2 Mb
--- Reading solution for model sub
--- decomp.gms(97) 3 Mb
--- Generating LP model sub
--- decomp.gms(98) 3 Mb
---   9 rows  11 columns  30 non-zeroes
--- Executing CONVERT: elapsed 0:00:00.022

Convert 2.0      24.7.4 r58773 Released Sep 19, 2016 LEG x86 64bit/Linux      

--- Using Option File
Reading parameter(s) from "/home/renigijus/gams/opt-mod-lib/gamslib/decomp/convert.opt"
>>  pyomo decomp-scalar.py
Finished reading from "/home/renigijus/gams/opt-mod-lib/gamslib/decomp/convert.opt"
--- Writing Pyomo     : decomp-scalar.py

--- Restarting execution
--- decomp.gms(98) 2 Mb
--- Reading solution for model sub
--- decomp.gms(104) 3 Mb
--- Generating LP model master
--- decomp.gms(106) 3 Mb
---   2 rows  3 columns  3 non-zeroes
--- Executing CONVERT: elapsed 0:00:00.035

Convert 2.0      24.7.4 r58773 Released Sep 19, 2016 LEG x86 64bit/Linux      

--- Using Option File
Reading parameter(s) from "/home/renigijus/gams/opt-mod-lib/gamslib/decomp/convert.opt"
>>  pyomo decomp-scalar.py
Finished reading from "/home/renigijus/gams/opt-mod-lib/gamslib/decomp/convert.opt"
--- Writing Pyomo     : decomp-scalar.py

--- Restarting execution
--- decomp.gms(106) 2 Mb
--- Reading solution for model master
--- decomp.gms(115) 3 Mb
--- Generating LP model sub
--- decomp.gms(119) 3 Mb
--- LOOPS ss = 3
---   9 rows  11 columns  30 non-zeroes
--- Executing CONVERT: elapsed 0:00:00.052

Convert 2.0      24.7.4 r58773 Released Sep 19, 2016 LEG x86 64bit/Linux      

--- Using Option File
Reading parameter(s) from "/home/renigijus/gams/opt-mod-lib/gamslib/decomp/convert.opt"
>>  pyomo decomp-scalar.py
Finished reading from "/home/renigijus/gams/opt-mod-lib/gamslib/decomp/convert.opt"
--- Writing Pyomo     : decomp-scalar.py

--- Restarting execution
--- decomp.gms(119) 2 Mb
--- Reading solution for model sub
--- decomp.gms(115) 3 Mb
--- Generating LP model master
--- decomp.gms(124) 3 Mb
--- LOOPS ss = 3
---   2 rows  4 columns  4 non-zeroes
--- Executing CONVERT: elapsed 0:00:00.067

Convert 2.0      24.7.4 r58773 Released Sep 19, 2016 LEG x86 64bit/Linux      

--- Using Option File
Reading parameter(s) from "/home/renigijus/gams/opt-mod-lib/gamslib/decomp/convert.opt"
>>  pyomo decomp-scalar.py
Finished reading from "/home/renigijus/gams/opt-mod-lib/gamslib/decomp/convert.opt"
--- Writing Pyomo     : decomp-scalar.py

--- Restarting execution
--- decomp.gms(124) 2 Mb
--- Reading solution for model master
--- decomp.gms(134) 3 Mb
*** Status: Normal completion
--- Job decomp.gms Stop 12/13/18 10:30:52 elapsed 0:00:00.079
