--- Job polygon.gms Start 12/13/18 11:22:32 24.7.4 r58773 LEX-LEG x86 64bit/Linux
GAMS 24.7.4   Copyright (C) 1987-2016 GAMS Development. All rights reserved
Licensee: Remigijus Paulavicius, Single User License     S170731:0859AO-LNX
          Imperial College London, Dept. of Chemical Engineering    DC13449
          License for teaching and research at degree granting institutions
          remigijus.paulavicius@imperial.ac.uk                             
--- Starting compilation
--- polygon.gms(72) 3 Mb
--- Starting execution: elapsed 0:00:00.001
--- polygon.gms(66) 4 Mb
--- Generating NLP model polygon
--- polygon.gms(72) 6 Mb
---   325 rows  51 columns  1,299 non-zeroes
---   4,671 nl-code  1,250 nl-non-zeroes
--- polygon.gms(72) 4 Mb
--- Executing CONVERT: elapsed 0:00:00.008

Convert 2.0      24.7.4 r58773 Released Sep 19, 2016 LEG x86 64bit/Linux      

--- Using Option File
Reading parameter(s) from "/home/renigijus/gams/opt-mod-lib/gamslib/polygon/convert.opt"
>>  ampl polygon-scalar.mod
Finished reading from "/home/renigijus/gams/opt-mod-lib/gamslib/polygon/convert.opt"
--- Writing Ampl      : polygon-scalar.mod

--- Restarting execution
--- polygon.gms(72) 2 Mb
--- Reading solution for model polygon
*** Status: Normal completion
--- Job polygon.gms Stop 12/13/18 11:22:32 elapsed 0:00:00.024
