--- Job gqapsdp.gms Start 12/13/18 11:30:31 24.7.4 r58773 LEX-LEG x86 64bit/Linux
GAMS 24.7.4   Copyright (C) 1987-2016 GAMS Development. All rights reserved
Licensee: Remigijus Paulavicius, Single User License     S170731:0859AO-LNX
          Imperial College London, Dept. of Chemical Engineering    DC13449
          License for teaching and research at degree granting institutions
          remigijus.paulavicius@imperial.ac.uk                             
--- Starting compilation
--- gqapsdp.gms(40) 2 Mb
--- .pb16x7.inc(68) 3 Mb
--- gqapsdp.gms(187) 3 Mb
--- Starting execution: elapsed 0:00:00.004
--- gqapsdp.gms(188) 5 Mb
--- GDX File /home/renigijus/gams/opt-mod-lib/gamslib/gqapsdp/csdpin.gdx
--- gqapsdp.gms(189) 5 Mb
--- gqapsdp.gms(192) 5 Mb
--- GDXin=/home/renigijus/gams/opt-mod-lib/gamslib/gqapsdp/csdpout.gdx
--- gqapsdp.gms(222) 5 Mb
--- Generating RMIQCP model gqap
--- gqapsdp.gms(223) 7 Mb
---   24 rows  113 columns  337 non-zeroes
---   17,139 nl-code  112 nl-non-zeroes
---   112 discrete-columns
--- gqapsdp.gms(223) 5 Mb
--- Executing CONVERT: elapsed 0:00:00.261

Convert 2.0      24.7.4 r58773 Released Sep 19, 2016 LEG x86 64bit/Linux      

--- Using Option File
Reading parameter(s) from "/home/renigijus/gams/opt-mod-lib/gamslib/gqapsdp/convert.opt"
>>  pyomo gqapsdp-scalar.py
Finished reading from "/home/renigijus/gams/opt-mod-lib/gamslib/gqapsdp/convert.opt"
--- Writing Pyomo     : gqapsdp-scalar.py

--- Restarting execution
--- gqapsdp.gms(223) 3 Mb
--- Reading solution for model gqap
*** Status: Normal completion
--- Job gqapsdp.gms Stop 12/13/18 11:30:32 elapsed 0:00:00.288
