--- Job nebrazil.gms Start 12/13/18 10:24:45 24.7.4 r58773 LEX-LEG x86 64bit/Linux
GAMS 24.7.4   Copyright (C) 1987-2016 GAMS Development. All rights reserved
Licensee: Remigijus Paulavicius, Single User License     S170731:0859AO-LNX
          Imperial College London, Dept. of Chemical Engineering    DC13449
          License for teaching and research at degree granting institutions
          remigijus.paulavicius@imperial.ac.uk                             
--- Starting compilation
--- nebrazil.gms(1079) 3 Mb
--- Starting execution: elapsed 0:00:00.010
--- nebrazil.gms(1068) 4 Mb
--- Generating LP model brazil
--- nebrazil.gms(1069) 5 Mb
---   185 rows  414 columns  2,639 non-zeroes
--- Executing CONVERT: elapsed 0:00:00.022

Convert 2.0      24.7.4 r58773 Released Sep 19, 2016 LEG x86 64bit/Linux      

--- Using Option File
Reading parameter(s) from "/home/renigijus/gams/opt-mod-lib/gamslib/nebrazil/convert.opt"
>>  ampl nebrazil-scalar.mod
Finished reading from "/home/renigijus/gams/opt-mod-lib/gamslib/nebrazil/convert.opt"
--- Writing Ampl      : nebrazil-scalar.mod

--- Restarting execution
--- nebrazil.gms(1069) 2 Mb
--- Reading solution for model brazil
--- nebrazil.gms(1071) 3 Mb
--- Generating LP model brazil
--- nebrazil.gms(1072) 4 Mb
---   285 rows  696 columns  6,840 non-zeroes
--- Executing CONVERT: elapsed 0:00:00.047

Convert 2.0      24.7.4 r58773 Released Sep 19, 2016 LEG x86 64bit/Linux      

--- Using Option File
Reading parameter(s) from "/home/renigijus/gams/opt-mod-lib/gamslib/nebrazil/convert.opt"
>>  ampl nebrazil-scalar.mod
Finished reading from "/home/renigijus/gams/opt-mod-lib/gamslib/nebrazil/convert.opt"
--- Writing Ampl      : nebrazil-scalar.mod

--- Restarting execution
--- nebrazil.gms(1072) 2 Mb
--- Reading solution for model brazil
--- nebrazil.gms(1073) 3 Mb
--- Generating LP model brazil
--- nebrazil.gms(1074) 3 Mb
---   170 rows  323 columns  1,706 non-zeroes
--- Executing CONVERT: elapsed 0:00:00.066

Convert 2.0      24.7.4 r58773 Released Sep 19, 2016 LEG x86 64bit/Linux      

--- Using Option File
Reading parameter(s) from "/home/renigijus/gams/opt-mod-lib/gamslib/nebrazil/convert.opt"
>>  ampl nebrazil-scalar.mod
Finished reading from "/home/renigijus/gams/opt-mod-lib/gamslib/nebrazil/convert.opt"
--- Writing Ampl      : nebrazil-scalar.mod

--- Restarting execution
--- nebrazil.gms(1074) 2 Mb
--- Reading solution for model brazil
--- nebrazil.gms(1075) 3 Mb
--- Generating LP model brazil
--- nebrazil.gms(1076) 3 Mb
---   131 rows  269 columns  1,427 non-zeroes
--- Executing CONVERT: elapsed 0:00:00.084

Convert 2.0      24.7.4 r58773 Released Sep 19, 2016 LEG x86 64bit/Linux      

--- Using Option File
Reading parameter(s) from "/home/renigijus/gams/opt-mod-lib/gamslib/nebrazil/convert.opt"
>>  ampl nebrazil-scalar.mod
Finished reading from "/home/renigijus/gams/opt-mod-lib/gamslib/nebrazil/convert.opt"
--- Writing Ampl      : nebrazil-scalar.mod

--- Restarting execution
--- nebrazil.gms(1076) 2 Mb
--- Reading solution for model brazil
--- nebrazil.gms(1077) 3 Mb
--- Generating LP model brazil
--- nebrazil.gms(1078) 3 Mb
---   143 rows  328 columns  1,948 non-zeroes
--- Executing CONVERT: elapsed 0:00:00.100

Convert 2.0      24.7.4 r58773 Released Sep 19, 2016 LEG x86 64bit/Linux      

--- Using Option File
Reading parameter(s) from "/home/renigijus/gams/opt-mod-lib/gamslib/nebrazil/convert.opt"
>>  ampl nebrazil-scalar.mod
Finished reading from "/home/renigijus/gams/opt-mod-lib/gamslib/nebrazil/convert.opt"
--- Writing Ampl      : nebrazil-scalar.mod

--- Restarting execution
--- nebrazil.gms(1078) 2 Mb
--- Reading solution for model brazil
--- nebrazil.gms(1079) 3 Mb
*** Status: Normal completion
--- Job nebrazil.gms Stop 12/13/18 10:24:45 elapsed 0:00:00.119
