--- Job ps3_s_mn.gms Start 12/13/18 11:30:39 24.7.4 r58773 LEX-LEG x86 64bit/Linux
GAMS 24.7.4   Copyright (C) 1987-2016 GAMS Development. All rights reserved
Licensee: Remigijus Paulavicius, Single User License     S170731:0859AO-LNX
          Imperial College London, Dept. of Chemical Engineering    DC13449
          License for teaching and research at degree granting institutions
          remigijus.paulavicius@imperial.ac.uk                             
--- Starting compilation
--- ps3_s_mn.gms(74) 3 Mb
--- Starting execution: elapsed 0:00:00.001
--- ps3_s_mn.gms(51) 4 Mb
--- Generating NLP model SB4
--- ps3_s_mn.gms(55) 6 Mb
---   13 rows  10 columns  34 non-zeroes
---   18 nl-code  3 nl-non-zeroes
--- ps3_s_mn.gms(55) 4 Mb
--- Executing CONVERT: elapsed 0:00:00.003

Convert 2.0      24.7.4 r58773 Released Sep 19, 2016 LEG x86 64bit/Linux      

--- Using Option File
Reading parameter(s) from "/home/renigijus/gams/opt-mod-lib/gamslib/ps3_s_mn/convert.opt"
>>  pyomo ps3_s_mn-scalar.py
Finished reading from "/home/renigijus/gams/opt-mod-lib/gamslib/ps3_s_mn/convert.opt"
--- Writing Pyomo     : ps3_s_mn-scalar.py

--- Restarting execution
--- ps3_s_mn.gms(55) 2 Mb
--- Reading solution for model SB4
--- ps3_s_mn.gms(60) 3 Mb
--- Generating NLP model SB4
--- ps3_s_mn.gms(61) 5 Mb
---   13 rows  10 columns  34 non-zeroes
---   18 nl-code  3 nl-non-zeroes
--- ps3_s_mn.gms(61) 3 Mb
--- Executing CONVERT: elapsed 0:00:00.016

Convert 2.0      24.7.4 r58773 Released Sep 19, 2016 LEG x86 64bit/Linux      

--- Using Option File
Reading parameter(s) from "/home/renigijus/gams/opt-mod-lib/gamslib/ps3_s_mn/convert.opt"
>>  pyomo ps3_s_mn-scalar.py
Finished reading from "/home/renigijus/gams/opt-mod-lib/gamslib/ps3_s_mn/convert.opt"
--- Writing Pyomo     : ps3_s_mn-scalar.py

--- Restarting execution
--- ps3_s_mn.gms(61) 2 Mb
--- Reading solution for model SB4
--- ps3_s_mn.gms(71) 3 Mb
--- Generating NLP model SB4
--- ps3_s_mn.gms(72) 5 Mb
---   13 rows  10 columns  34 non-zeroes
---   18 nl-code  3 nl-non-zeroes
--- ps3_s_mn.gms(72) 3 Mb
--- Executing CONVERT: elapsed 0:00:00.026

Convert 2.0      24.7.4 r58773 Released Sep 19, 2016 LEG x86 64bit/Linux      

--- Using Option File
Reading parameter(s) from "/home/renigijus/gams/opt-mod-lib/gamslib/ps3_s_mn/convert.opt"
>>  pyomo ps3_s_mn-scalar.py
Finished reading from "/home/renigijus/gams/opt-mod-lib/gamslib/ps3_s_mn/convert.opt"
--- Writing Pyomo     : ps3_s_mn-scalar.py

--- Restarting execution
--- ps3_s_mn.gms(72) 2 Mb
--- Reading solution for model SB4
*** Status: Normal completion
--- Job ps3_s_mn.gms Stop 12/13/18 11:30:39 elapsed 0:00:00.037
