--- Job ibm1.gms Start 12/13/18 10:24:43 24.7.4 r58773 LEX-LEG x86 64bit/Linux
GAMS 24.7.4   Copyright (C) 1987-2016 GAMS Development. All rights reserved
Licensee: Remigijus Paulavicius, Single User License     S170731:0859AO-LNX
          Imperial College London, Dept. of Chemical Engineering    DC13449
          License for teaching and research at degree granting institutions
          remigijus.paulavicius@imperial.ac.uk                             
--- Starting compilation
--- ibm1.gms(119) 3 Mb
--- Starting execution: elapsed 0:00:00.002
--- ibm1.gms(74) 4 Mb
--- Generating LP model alloy
--- ibm1.gms(79) 4 Mb
---   8 rows  14 columns  55 non-zeroes
--- Executing CONVERT: elapsed 0:00:00.004

Convert 2.0      24.7.4 r58773 Released Sep 19, 2016 LEG x86 64bit/Linux      

--- Using Option File
Reading parameter(s) from "/home/renigijus/gams/opt-mod-lib/gamslib/ibm1/convert.opt"
>>  ampl ibm1-scalar.mod
Finished reading from "/home/renigijus/gams/opt-mod-lib/gamslib/ibm1/convert.opt"
--- Writing Ampl      : ibm1-scalar.mod

--- Restarting execution
--- ibm1.gms(79) 2 Mb
--- Reading solution for model alloy
--- ibm1.gms(85) 3 Mb
--- Generating LP model alloy
--- ibm1.gms(86) 3 Mb
---   8 rows  14 columns  55 non-zeroes
--- Executing CONVERT: elapsed 0:00:00.019

Convert 2.0      24.7.4 r58773 Released Sep 19, 2016 LEG x86 64bit/Linux      

--- Using Option File
Reading parameter(s) from "/home/renigijus/gams/opt-mod-lib/gamslib/ibm1/convert.opt"
>>  ampl ibm1-scalar.mod
Finished reading from "/home/renigijus/gams/opt-mod-lib/gamslib/ibm1/convert.opt"
--- Writing Ampl      : ibm1-scalar.mod

--- Restarting execution
--- ibm1.gms(86) 2 Mb
--- Reading solution for model alloy
--- ibm1.gms(89) 3 Mb
--- Generating LP model alloy
--- ibm1.gms(90) 3 Mb
---   8 rows  14 columns  55 non-zeroes
--- Executing CONVERT: elapsed 0:00:00.036

Convert 2.0      24.7.4 r58773 Released Sep 19, 2016 LEG x86 64bit/Linux      

--- Using Option File
Reading parameter(s) from "/home/renigijus/gams/opt-mod-lib/gamslib/ibm1/convert.opt"
>>  ampl ibm1-scalar.mod
Finished reading from "/home/renigijus/gams/opt-mod-lib/gamslib/ibm1/convert.opt"
--- Writing Ampl      : ibm1-scalar.mod

--- Restarting execution
--- ibm1.gms(90) 2 Mb
--- Reading solution for model alloy
--- ibm1.gms(94) 3 Mb
--- Generating LP model alloy
--- ibm1.gms(95) 3 Mb
---   8 rows  14 columns  54 non-zeroes
--- Executing CONVERT: elapsed 0:00:00.051

Convert 2.0      24.7.4 r58773 Released Sep 19, 2016 LEG x86 64bit/Linux      

--- Using Option File
Reading parameter(s) from "/home/renigijus/gams/opt-mod-lib/gamslib/ibm1/convert.opt"
>>  ampl ibm1-scalar.mod
Finished reading from "/home/renigijus/gams/opt-mod-lib/gamslib/ibm1/convert.opt"
--- Writing Ampl      : ibm1-scalar.mod

--- Restarting execution
--- ibm1.gms(95) 2 Mb
--- Reading solution for model alloy
--- ibm1.gms(116) 3 Mb
--- Generating LP model alloy
--- ibm1.gms(119) 3 Mb
---   8 rows  14 columns  54 non-zeroes
--- Executing CONVERT: elapsed 0:00:00.065

Convert 2.0      24.7.4 r58773 Released Sep 19, 2016 LEG x86 64bit/Linux      

--- Using Option File
Reading parameter(s) from "/home/renigijus/gams/opt-mod-lib/gamslib/ibm1/convert.opt"
>>  ampl ibm1-scalar.mod
Finished reading from "/home/renigijus/gams/opt-mod-lib/gamslib/ibm1/convert.opt"
--- Writing Ampl      : ibm1-scalar.mod

--- Restarting execution
--- ibm1.gms(119) 2 Mb
--- Reading solution for model alloy
*** Status: Normal completion
--- Job ibm1.gms Stop 12/13/18 10:24:43 elapsed 0:00:00.077
