--- Job ibm1.gms Start 12/13/18 10:24:43 24.7.4 r58773 LEX-LEG x86 64bit/Linux
GAMS 24.7.4   Copyright (C) 1987-2016 GAMS Development. All rights reserved
Licensee: Remigijus Paulavicius, Single User License     S170731:0859AO-LNX
          Imperial College London, Dept. of Chemical Engineering    DC13449
          License for teaching and research at degree granting institutions
          remigijus.paulavicius@imperial.ac.uk                             
--- Starting compilation
--- ibm1.gms(121) 3 Mb
--- Starting execution: elapsed 0:00:00.002
--- ibm1.gms(76) 4 Mb
--- Generating LP model alloy
--- ibm1.gms(81) 4 Mb
---   8 rows  14 columns  55 non-zeroes
--- Executing CONVERT: elapsed 0:00:00.004

Convert 2.0      24.7.4 r58773 Released Sep 19, 2016 LEG x86 64bit/Linux      

--- Using Option File
Reading parameter(s) from "/home/renigijus/gams/opt-mod-lib/gamslib/ibm1/convert.opt"
>>  pyomo ibm1-scalar.py
Finished reading from "/home/renigijus/gams/opt-mod-lib/gamslib/ibm1/convert.opt"
--- Writing Pyomo     : ibm1-scalar.py

--- Restarting execution
--- ibm1.gms(81) 2 Mb
--- Reading solution for model alloy
--- ibm1.gms(87) 3 Mb
--- Generating LP model alloy
--- ibm1.gms(88) 3 Mb
---   8 rows  14 columns  55 non-zeroes
--- Executing CONVERT: elapsed 0:00:00.021

Convert 2.0      24.7.4 r58773 Released Sep 19, 2016 LEG x86 64bit/Linux      

--- Using Option File
Reading parameter(s) from "/home/renigijus/gams/opt-mod-lib/gamslib/ibm1/convert.opt"
>>  pyomo ibm1-scalar.py
Finished reading from "/home/renigijus/gams/opt-mod-lib/gamslib/ibm1/convert.opt"
--- Writing Pyomo     : ibm1-scalar.py

--- Restarting execution
--- ibm1.gms(88) 2 Mb
--- Reading solution for model alloy
--- ibm1.gms(91) 3 Mb
--- Generating LP model alloy
--- ibm1.gms(92) 3 Mb
---   8 rows  14 columns  55 non-zeroes
--- Executing CONVERT: elapsed 0:00:00.038

Convert 2.0      24.7.4 r58773 Released Sep 19, 2016 LEG x86 64bit/Linux      

--- Using Option File
Reading parameter(s) from "/home/renigijus/gams/opt-mod-lib/gamslib/ibm1/convert.opt"
>>  pyomo ibm1-scalar.py
Finished reading from "/home/renigijus/gams/opt-mod-lib/gamslib/ibm1/convert.opt"
--- Writing Pyomo     : ibm1-scalar.py

--- Restarting execution
--- ibm1.gms(92) 2 Mb
--- Reading solution for model alloy
--- ibm1.gms(96) 3 Mb
--- Generating LP model alloy
--- ibm1.gms(97) 3 Mb
---   8 rows  14 columns  54 non-zeroes
--- Executing CONVERT: elapsed 0:00:00.055

Convert 2.0      24.7.4 r58773 Released Sep 19, 2016 LEG x86 64bit/Linux      

--- Using Option File
Reading parameter(s) from "/home/renigijus/gams/opt-mod-lib/gamslib/ibm1/convert.opt"
>>  pyomo ibm1-scalar.py
Finished reading from "/home/renigijus/gams/opt-mod-lib/gamslib/ibm1/convert.opt"
--- Writing Pyomo     : ibm1-scalar.py

--- Restarting execution
--- ibm1.gms(97) 2 Mb
--- Reading solution for model alloy
--- ibm1.gms(118) 3 Mb
--- Generating LP model alloy
--- ibm1.gms(121) 3 Mb
---   8 rows  14 columns  54 non-zeroes
--- Executing CONVERT: elapsed 0:00:00.072

Convert 2.0      24.7.4 r58773 Released Sep 19, 2016 LEG x86 64bit/Linux      

--- Using Option File
Reading parameter(s) from "/home/renigijus/gams/opt-mod-lib/gamslib/ibm1/convert.opt"
>>  pyomo ibm1-scalar.py
Finished reading from "/home/renigijus/gams/opt-mod-lib/gamslib/ibm1/convert.opt"
--- Writing Pyomo     : ibm1-scalar.py

--- Restarting execution
--- ibm1.gms(121) 2 Mb
--- Reading solution for model alloy
*** Status: Normal completion
--- Job ibm1.gms Stop 12/13/18 10:24:43 elapsed 0:00:00.084
