--- Job coexx.gms Start 12/13/18 10:32:28 24.7.4 r58773 LEX-LEG x86 64bit/Linux
GAMS 24.7.4   Copyright (C) 1987-2016 GAMS Development. All rights reserved
Licensee: Remigijus Paulavicius, Single User License     S170731:0859AO-LNX
          Imperial College London, Dept. of Chemical Engineering    DC13449
          License for teaching and research at degree granting institutions
          remigijus.paulavicius@imperial.ac.uk                             
--- Starting compilation
--- coexx.gms(80) 3 Mb
--- Starting execution: elapsed 0:00:00.001
--- coexx.gms(78) 4 Mb
--- Generating MIP model army
--- coexx.gms(80) 4 Mb
---   242 rows  75 columns  484 non-zeroes
---   73 discrete-columns
--- Executing CONVERT: elapsed 0:00:00.004

Convert 2.0      24.7.4 r58773 Released Sep 19, 2016 LEG x86 64bit/Linux      

--- Using Option File
Reading parameter(s) from "/home/renigijus/gams/opt-mod-lib/gamslib/coexx/convert.opt"
>>  gams coexx-scalar.gms
Finished reading from "/home/renigijus/gams/opt-mod-lib/gamslib/coexx/convert.opt"
--- Writing Gams      : coexx-scalar.gms

--- Restarting execution
--- coexx.gms(80) 2 Mb
--- Reading solution for model army
*** Status: Normal completion
--- Job coexx.gms Stop 12/13/18 10:32:28 elapsed 0:00:00.016
