--- Job whouse.gms Start 12/13/18 10:24:28 24.7.4 r58773 LEX-LEG x86 64bit/Linux
GAMS 24.7.4   Copyright (C) 1987-2016 GAMS Development. All rights reserved
Licensee: Remigijus Paulavicius, Single User License     S170731:0859AO-LNX
          Imperial College London, Dept. of Chemical Engineering    DC13449
          License for teaching and research at degree granting institutions
          remigijus.paulavicius@imperial.ac.uk                             
--- Starting compilation
--- whouse.gms(46) 3 Mb
--- Starting execution: elapsed 0:00:00.001
--- whouse.gms(42) 4 Mb
--- Generating LP model swp
--- whouse.gms(46) 4 Mb
---   5 rows  13 columns  28 non-zeroes
--- Executing CONVERT: elapsed 0:00:00.002

Convert 2.0      24.7.4 r58773 Released Sep 19, 2016 LEG x86 64bit/Linux      

--- Using Option File
Reading parameter(s) from "/home/renigijus/gams/opt-mod-lib/gamslib/whouse/convert.opt"
>>  ampl whouse-scalar.mod
Finished reading from "/home/renigijus/gams/opt-mod-lib/gamslib/whouse/convert.opt"
--- Writing Ampl      : whouse-scalar.mod

--- Restarting execution
--- whouse.gms(46) 2 Mb
--- Reading solution for model swp
*** Status: Normal completion
--- Job whouse.gms Stop 12/13/18 10:24:28 elapsed 0:00:00.014
