--- Job mlbeta.gms Start 12/13/18 11:24:22 24.7.4 r58773 LEX-LEG x86 64bit/Linux
GAMS 24.7.4   Copyright (C) 1987-2016 GAMS Development. All rights reserved
Licensee: Remigijus Paulavicius, Single User License     S170731:0859AO-LNX
          Imperial College London, Dept. of Chemical Engineering    DC13449
          License for teaching and research at degree granting institutions
          remigijus.paulavicius@imperial.ac.uk                             
--- Starting compilation
--- mlbeta.gms(70) 3 Mb
--- Starting execution: elapsed 0:00:00.002
--- mlbeta.gms(67) 4 Mb
--- Generating NLP model m
--- mlbeta.gms(70) 6 Mb
---   1 rows  3 columns  3 non-zeroes
---   18 nl-code  2 nl-non-zeroes
--- mlbeta.gms(70) 4 Mb
--- Executing CONVERT: elapsed 0:00:00.005

Convert 2.0      24.7.4 r58773 Released Sep 19, 2016 LEG x86 64bit/Linux      

--- Using Option File
Reading parameter(s) from "/home/renigijus/gams/opt-mod-lib/gamslib/mlbeta/convert.opt"
>>  gams mlbeta-scalar.gms
Finished reading from "/home/renigijus/gams/opt-mod-lib/gamslib/mlbeta/convert.opt"
--- Writing Gams      : mlbeta-scalar.gms

--- Restarting execution
--- mlbeta.gms(70) 2 Mb
--- Reading solution for model m
*** Status: Normal completion
--- Job mlbeta.gms Stop 12/13/18 11:24:22 elapsed 0:00:00.016
