--- Job prodschx.gms Start 12/13/18 10:24:49 24.7.4 r58773 LEX-LEG x86 64bit/Linux
GAMS 24.7.4   Copyright (C) 1987-2016 GAMS Development. All rights reserved
Licensee: Remigijus Paulavicius, Single User License     S170731:0859AO-LNX
          Imperial College London, Dept. of Chemical Engineering    DC13449
          License for teaching and research at degree granting institutions
          remigijus.paulavicius@imperial.ac.uk                             
--- Starting compilation
--- prodschx.gms(194) 3 Mb
--- Starting execution: elapsed 0:00:00.003
--- prodschx.gms(159) 4 Mb
--- Generating MIP model prod1B
--- prodschx.gms(163) 4 Mb
---   89 rows  118 columns  384 non-zeroes
---   41 discrete-columns
--- Executing CONVERT: elapsed 0:00:00.006

Convert 2.0      24.7.4 r58773 Released Sep 19, 2016 LEG x86 64bit/Linux      

--- Using Option File
Reading parameter(s) from "/home/renigijus/gams/opt-mod-lib/gamslib/prodschx/convert.opt"
>>  pyomo prodschx-scalar.py
Finished reading from "/home/renigijus/gams/opt-mod-lib/gamslib/prodschx/convert.opt"
--- Writing Pyomo     : prodschx-scalar.py

--- Restarting execution
--- prodschx.gms(163) 2 Mb
--- Reading solution for model prod1B
--- prodschx.gms(166) 3 Mb
--- Generating MIP model prod1S1
--- prodschx.gms(168) 3 Mb
---   89 rows  118 columns  384 non-zeroes
---   9 discrete-columns
--- Executing CONVERT: elapsed 0:00:00.025

Convert 2.0      24.7.4 r58773 Released Sep 19, 2016 LEG x86 64bit/Linux      

--- Using Option File
Reading parameter(s) from "/home/renigijus/gams/opt-mod-lib/gamslib/prodschx/convert.opt"
>>  pyomo prodschx-scalar.py
Finished reading from "/home/renigijus/gams/opt-mod-lib/gamslib/prodschx/convert.opt"
--- Writing Pyomo     : prodschx-scalar.py

--- Restarting execution
--- prodschx.gms(168) 2 Mb
--- Reading solution for model prod1S1
--- prodschx.gms(171) 3 Mb
--- Generating MIP model prod1S2
--- prodschx.gms(173) 3 Mb
---   49 rows  86 columns  224 non-zeroes
---   9 discrete-columns
--- Executing CONVERT: elapsed 0:00:00.041

Convert 2.0      24.7.4 r58773 Released Sep 19, 2016 LEG x86 64bit/Linux      

--- Using Option File
Reading parameter(s) from "/home/renigijus/gams/opt-mod-lib/gamslib/prodschx/convert.opt"
>>  pyomo prodschx-scalar.py
Finished reading from "/home/renigijus/gams/opt-mod-lib/gamslib/prodschx/convert.opt"
--- Writing Pyomo     : prodschx-scalar.py

--- Restarting execution
--- prodschx.gms(173) 2 Mb
--- Reading solution for model prod1S2
--- prodschx.gms(176) 3 Mb
--- Generating MIP model prod2B
--- prodschx.gms(178) 3 Mb
---   89 rows  118 columns  385 non-zeroes
---   41 discrete-columns
--- Executing CONVERT: elapsed 0:00:00.059

Convert 2.0      24.7.4 r58773 Released Sep 19, 2016 LEG x86 64bit/Linux      

--- Using Option File
Reading parameter(s) from "/home/renigijus/gams/opt-mod-lib/gamslib/prodschx/convert.opt"
>>  pyomo prodschx-scalar.py
Finished reading from "/home/renigijus/gams/opt-mod-lib/gamslib/prodschx/convert.opt"
--- Writing Pyomo     : prodschx-scalar.py

--- Restarting execution
--- prodschx.gms(178) 2 Mb
--- Reading solution for model prod2B
--- prodschx.gms(181) 3 Mb
--- Generating MIP model prod2S1
--- prodschx.gms(183) 3 Mb
---   89 rows  118 columns  385 non-zeroes
---   9 discrete-columns
--- Executing CONVERT: elapsed 0:00:00.076

Convert 2.0      24.7.4 r58773 Released Sep 19, 2016 LEG x86 64bit/Linux      

--- Using Option File
Reading parameter(s) from "/home/renigijus/gams/opt-mod-lib/gamslib/prodschx/convert.opt"
>>  pyomo prodschx-scalar.py
Finished reading from "/home/renigijus/gams/opt-mod-lib/gamslib/prodschx/convert.opt"
--- Writing Pyomo     : prodschx-scalar.py

--- Restarting execution
--- prodschx.gms(183) 2 Mb
--- Reading solution for model prod2S1
--- prodschx.gms(186) 3 Mb
--- Generating MIP model prod2S2
--- prodschx.gms(188) 3 Mb
---   49 rows  86 columns  225 non-zeroes
---   9 discrete-columns
--- Executing CONVERT: elapsed 0:00:00.093

Convert 2.0      24.7.4 r58773 Released Sep 19, 2016 LEG x86 64bit/Linux      

--- Using Option File
Reading parameter(s) from "/home/renigijus/gams/opt-mod-lib/gamslib/prodschx/convert.opt"
>>  pyomo prodschx-scalar.py
Finished reading from "/home/renigijus/gams/opt-mod-lib/gamslib/prodschx/convert.opt"
--- Writing Pyomo     : prodschx-scalar.py

--- Restarting execution
--- prodschx.gms(188) 2 Mb
--- Reading solution for model prod2S2
--- prodschx.gms(193) 3 Mb
*** Status: Normal completion
--- Job prodschx.gms Stop 12/13/18 10:24:50 elapsed 0:00:00.102
