--- Job tfordy.gms Start 12/13/18 10:24:40 24.7.4 r58773 LEX-LEG x86 64bit/Linux
GAMS 24.7.4   Copyright (C) 1987-2016 GAMS Development. All rights reserved
Licensee: Remigijus Paulavicius, Single User License     S170731:0859AO-LNX
          Imperial College London, Dept. of Chemical Engineering    DC13449
          License for teaching and research at degree granting institutions
          remigijus.paulavicius@imperial.ac.uk                             
--- Starting compilation
--- tfordy.gms(246) 3 Mb
--- Starting execution: elapsed 0:00:00.003
--- tfordy.gms(160) 4 Mb
--- Generating LP model antala
--- tfordy.gms(232) 4 Mb
---   264 rows  862 columns  3,488 non-zeroes
--- Executing CONVERT: elapsed 0:00:00.011

Convert 2.0      24.7.4 r58773 Released Sep 19, 2016 LEG x86 64bit/Linux      

--- Using Option File
Reading parameter(s) from "/home/renigijus/gams/opt-mod-lib/gamslib/tfordy/convert.opt"
>>  gams tfordy-scalar.gms
Finished reading from "/home/renigijus/gams/opt-mod-lib/gamslib/tfordy/convert.opt"
--- Writing Gams      : tfordy-scalar.gms

--- Restarting execution
--- tfordy.gms(232) 2 Mb
--- Reading solution for model antala
--- tfordy.gms(237) 3 Mb
--- Generating LP model antalb
--- tfordy.gms(239) 3 Mb
---   263 rows  862 columns  3,428 non-zeroes
--- Executing CONVERT: elapsed 0:00:00.035

Convert 2.0      24.7.4 r58773 Released Sep 19, 2016 LEG x86 64bit/Linux      

--- Using Option File
Reading parameter(s) from "/home/renigijus/gams/opt-mod-lib/gamslib/tfordy/convert.opt"
>>  gams tfordy-scalar.gms
Finished reading from "/home/renigijus/gams/opt-mod-lib/gamslib/tfordy/convert.opt"
--- Writing Gams      : tfordy-scalar.gms

--- Restarting execution
--- tfordy.gms(239) 2 Mb
--- Reading solution for model antalb
--- tfordy.gms(246) 3 Mb
*** Status: Normal completion
--- Job tfordy.gms Stop 12/13/18 10:24:40 elapsed 0:00:00.050
