--- Job splcge.gms Start 12/13/18 11:23:23 24.7.4 r58773 LEX-LEG x86 64bit/Linux
GAMS 24.7.4   Copyright (C) 1987-2016 GAMS Development. All rights reserved
Licensee: Remigijus Paulavicius, Single User License     S170731:0859AO-LNX
          Imperial College London, Dept. of Chemical Engineering    DC13449
          License for teaching and research at degree granting institutions
          remigijus.paulavicius@imperial.ac.uk                             
--- Starting compilation
--- splcge.gms(113) 3 Mb
--- Starting execution: elapsed 0:00:00.002
--- splcge.gms(106) 4 Mb
--- Generating NLP model splcge
--- splcge.gms(110) 6 Mb
---   15 rows  15 columns  45 non-zeroes
---   83 nl-code  24 nl-non-zeroes
--- splcge.gms(110) 4 Mb
--- Executing CONVERT: elapsed 0:00:00.005

Convert 2.0      24.7.4 r58773 Released Sep 19, 2016 LEG x86 64bit/Linux      

--- Using Option File
Reading parameter(s) from "/home/renigijus/gams/opt-mod-lib/gamslib/splcge/convert.opt"
>>  pyomo splcge-scalar.py
Finished reading from "/home/renigijus/gams/opt-mod-lib/gamslib/splcge/convert.opt"
--- Writing Pyomo     : splcge-scalar.py

--- Restarting execution
--- splcge.gms(110) 2 Mb
--- Reading solution for model splcge
*** Status: Normal completion
--- Job splcge.gms Stop 12/13/18 11:23:23 elapsed 0:00:00.017
