--- Job netgen.gms Start 12/13/18 11:24:26 24.7.4 r58773 LEX-LEG x86 64bit/Linux
GAMS 24.7.4   Copyright (C) 1987-2016 GAMS Development. All rights reserved
Licensee: Remigijus Paulavicius, Single User License     S170731:0859AO-LNX
          Imperial College London, Dept. of Chemical Engineering    DC13449
          License for teaching and research at degree granting institutions
          remigijus.paulavicius@imperial.ac.uk                             
--- Starting compilation
--- netgen.gms(55) 3 Mb
--- call awk -f "/home/renigijus/gams/opt-mod-lib/gamslib/netgen/225a/netgen2gms.dat" netgn099.inc  > ngfile.gms
--- netgen.gms(56) 3 Mb
--- call gams ngfile lo=2 gdx=ngfile
--- netgen.gms(60) 3 Mb
--- call awk -f "/home/renigijus/gams/opt-mod-lib/gamslib/netgen/225a/gnetgen2gms.dat" gnetgn99.inc  > gngfile.gms
--- netgen.gms(61) 3 Mb
--- call gams gngfile lo=2 gdx=gngfile
--- netgen.gms(93) 3 Mb
--- Starting execution: elapsed 0:00:00.035
--- netgen.gms(78) 4 Mb
--- GDXin=/home/renigijus/gams/opt-mod-lib/gamslib/netgen/ngfile.gdx
--- netgen.gms(81) 4 Mb
--- Generating LP model mincostflow
--- netgen.gms(83) 4 Mb
---   51 rows  251 columns  751 non-zeroes
--- Executing CONVERT: elapsed 0:00:00.041

Convert 2.0      24.7.4 r58773 Released Sep 19, 2016 LEG x86 64bit/Linux      

--- Using Option File
Reading parameter(s) from "/home/renigijus/gams/opt-mod-lib/gamslib/netgen/convert.opt"
>>  pyomo netgen-scalar.py
Finished reading from "/home/renigijus/gams/opt-mod-lib/gamslib/netgen/convert.opt"
--- Writing Pyomo     : netgen-scalar.py

--- Restarting execution
--- netgen.gms(83) 2 Mb
--- Reading solution for model mincostflow
--- netgen.gms(86) 3 Mb
--- GDXin=/home/renigijus/gams/opt-mod-lib/gamslib/netgen/gngfile.gdx
--- netgen.gms(88) 3 Mb
--- Generating LP model mincostflow
--- netgen.gms(90) 3 Mb
---   21 rows  319 columns  575 non-zeroes
--- Executing CONVERT: elapsed 0:00:00.059

Convert 2.0      24.7.4 r58773 Released Sep 19, 2016 LEG x86 64bit/Linux      

--- Using Option File
Reading parameter(s) from "/home/renigijus/gams/opt-mod-lib/gamslib/netgen/convert.opt"
>>  pyomo netgen-scalar.py
Finished reading from "/home/renigijus/gams/opt-mod-lib/gamslib/netgen/convert.opt"
--- Writing Pyomo     : netgen-scalar.py

--- Restarting execution
--- netgen.gms(90) 2 Mb
--- Reading solution for model mincostflow
--- netgen.gms(93) 3 Mb
*** Status: Normal completion
--- Job netgen.gms Stop 12/13/18 11:24:26 elapsed 0:00:00.077
