--- Job msm.gms Start 12/13/18 10:24:41 24.7.4 r58773 LEX-LEG x86 64bit/Linux
GAMS 24.7.4   Copyright (C) 1987-2016 GAMS Development. All rights reserved
Licensee: Remigijus Paulavicius, Single User License     S170731:0859AO-LNX
          Imperial College London, Dept. of Chemical Engineering    DC13449
          License for teaching and research at degree granting institutions
          remigijus.paulavicius@imperial.ac.uk                             
--- Starting compilation
--- msm.gms(304) 3 Mb
--- Starting execution: elapsed 0:00:00.003
--- msm.gms(250) 4 Mb
--- Generating LP model msm
--- msm.gms(252) 4 Mb
---   761 rows  2,593 columns  7,537 non-zeroes
--- Executing CONVERT: elapsed 0:00:00.019

Convert 2.0      24.7.4 r58773 Released Sep 19, 2016 LEG x86 64bit/Linux      

--- Using Option File
Reading parameter(s) from "/home/renigijus/gams/opt-mod-lib/gamslib/msm/convert.opt"
>>  ampl msm-scalar.mod
Finished reading from "/home/renigijus/gams/opt-mod-lib/gamslib/msm/convert.opt"
--- Writing Ampl      : msm-scalar.mod

--- Restarting execution
--- msm.gms(252) 2 Mb
--- Reading solution for model msm
***
*** Reading with solveopt=REPLACE (0)
***
--- msm.gms(266) 3 Mb
--- Generating LP model msm
--- msm.gms(268) 3 Mb
---   859 rows  2,684 columns  8,034 non-zeroes
--- Executing CONVERT: elapsed 0:00:00.052

Convert 2.0      24.7.4 r58773 Released Sep 19, 2016 LEG x86 64bit/Linux      

--- Using Option File
Reading parameter(s) from "/home/renigijus/gams/opt-mod-lib/gamslib/msm/convert.opt"
>>  ampl msm-scalar.mod
Finished reading from "/home/renigijus/gams/opt-mod-lib/gamslib/msm/convert.opt"
--- Writing Ampl      : msm-scalar.mod

--- Restarting execution
--- msm.gms(268) 2 Mb
--- Reading solution for model msm
***
*** Reading with solveopt=REPLACE (0)
***
--- msm.gms(291) 3 Mb
--- Generating LP model msm
--- msm.gms(292) 3 Mb
---   737 rows  2,300 columns  6,885 non-zeroes
--- Executing CONVERT: elapsed 0:00:00.078

Convert 2.0      24.7.4 r58773 Released Sep 19, 2016 LEG x86 64bit/Linux      

--- Using Option File
Reading parameter(s) from "/home/renigijus/gams/opt-mod-lib/gamslib/msm/convert.opt"
>>  ampl msm-scalar.mod
Finished reading from "/home/renigijus/gams/opt-mod-lib/gamslib/msm/convert.opt"
--- Writing Ampl      : msm-scalar.mod

--- Restarting execution
--- msm.gms(292) 2 Mb
--- Reading solution for model msm
***
*** Reading with solveopt=REPLACE (0)
***
--- msm.gms(295) 3 Mb
--- Generating LP model msm
--- msm.gms(296) 3 Mb
---   737 rows  2,302 columns  6,889 non-zeroes
--- Executing CONVERT: elapsed 0:00:00.101

Convert 2.0      24.7.4 r58773 Released Sep 19, 2016 LEG x86 64bit/Linux      

--- Using Option File
Reading parameter(s) from "/home/renigijus/gams/opt-mod-lib/gamslib/msm/convert.opt"
>>  ampl msm-scalar.mod
Finished reading from "/home/renigijus/gams/opt-mod-lib/gamslib/msm/convert.opt"
--- Writing Ampl      : msm-scalar.mod

--- Restarting execution
--- msm.gms(296) 2 Mb
--- Reading solution for model msm
***
*** Reading with solveopt=REPLACE (0)
***
--- msm.gms(299) 3 Mb
--- Generating LP model msm
--- msm.gms(300) 3 Mb
---   737 rows  2,303 columns  6,891 non-zeroes
--- Executing CONVERT: elapsed 0:00:00.125

Convert 2.0      24.7.4 r58773 Released Sep 19, 2016 LEG x86 64bit/Linux      

--- Using Option File
Reading parameter(s) from "/home/renigijus/gams/opt-mod-lib/gamslib/msm/convert.opt"
>>  ampl msm-scalar.mod
Finished reading from "/home/renigijus/gams/opt-mod-lib/gamslib/msm/convert.opt"
--- Writing Ampl      : msm-scalar.mod

--- Restarting execution
--- msm.gms(300) 2 Mb
--- Reading solution for model msm
***
*** Reading with solveopt=REPLACE (0)
***
--- msm.gms(304) 3 Mb
*** Status: Normal completion
--- Job msm.gms Stop 12/13/18 10:24:41 elapsed 0:00:00.141
