--- Job msm.gms Start 12/13/18 10:24:41 24.7.4 r58773 LEX-LEG x86 64bit/Linux
GAMS 24.7.4   Copyright (C) 1987-2016 GAMS Development. All rights reserved
Licensee: Remigijus Paulavicius, Single User License     S170731:0859AO-LNX
          Imperial College London, Dept. of Chemical Engineering    DC13449
          License for teaching and research at degree granting institutions
          remigijus.paulavicius@imperial.ac.uk                             
--- Starting compilation
--- msm.gms(305) 3 Mb
--- Starting execution: elapsed 0:00:00.003
--- msm.gms(251) 4 Mb
--- Generating LP model msm
--- msm.gms(253) 4 Mb
---   761 rows  2,593 columns  7,537 non-zeroes
--- Executing CONVERT: elapsed 0:00:00.018

Convert 2.0      24.7.4 r58773 Released Sep 19, 2016 LEG x86 64bit/Linux      

--- Using Option File
Reading parameter(s) from "/home/renigijus/gams/opt-mod-lib/gamslib/msm/convert.opt"
>>  gams msm-scalar.gms
Finished reading from "/home/renigijus/gams/opt-mod-lib/gamslib/msm/convert.opt"
--- Writing Gams      : msm-scalar.gms

--- Restarting execution
--- msm.gms(253) 2 Mb
--- Reading solution for model msm
***
*** Reading with solveopt=REPLACE (0)
***
--- msm.gms(267) 3 Mb
--- Generating LP model msm
--- msm.gms(269) 3 Mb
---   859 rows  2,684 columns  8,034 non-zeroes
--- Executing CONVERT: elapsed 0:00:00.048

Convert 2.0      24.7.4 r58773 Released Sep 19, 2016 LEG x86 64bit/Linux      

--- Using Option File
Reading parameter(s) from "/home/renigijus/gams/opt-mod-lib/gamslib/msm/convert.opt"
>>  gams msm-scalar.gms
Finished reading from "/home/renigijus/gams/opt-mod-lib/gamslib/msm/convert.opt"
--- Writing Gams      : msm-scalar.gms

--- Restarting execution
--- msm.gms(269) 2 Mb
--- Reading solution for model msm
***
*** Reading with solveopt=REPLACE (0)
***
--- msm.gms(292) 3 Mb
--- Generating LP model msm
--- msm.gms(293) 3 Mb
---   737 rows  2,300 columns  6,885 non-zeroes
--- Executing CONVERT: elapsed 0:00:00.086

Convert 2.0      24.7.4 r58773 Released Sep 19, 2016 LEG x86 64bit/Linux      

--- Using Option File
Reading parameter(s) from "/home/renigijus/gams/opt-mod-lib/gamslib/msm/convert.opt"
>>  gams msm-scalar.gms
Finished reading from "/home/renigijus/gams/opt-mod-lib/gamslib/msm/convert.opt"
--- Writing Gams      : msm-scalar.gms

--- Restarting execution
--- msm.gms(293) 2 Mb
--- Reading solution for model msm
***
*** Reading with solveopt=REPLACE (0)
***
--- msm.gms(296) 3 Mb
--- Generating LP model msm
--- msm.gms(297) 3 Mb
---   737 rows  2,302 columns  6,889 non-zeroes
--- Executing CONVERT: elapsed 0:00:00.110

Convert 2.0      24.7.4 r58773 Released Sep 19, 2016 LEG x86 64bit/Linux      

--- Using Option File
Reading parameter(s) from "/home/renigijus/gams/opt-mod-lib/gamslib/msm/convert.opt"
>>  gams msm-scalar.gms
Finished reading from "/home/renigijus/gams/opt-mod-lib/gamslib/msm/convert.opt"
--- Writing Gams      : msm-scalar.gms

--- Restarting execution
--- msm.gms(297) 2 Mb
--- Reading solution for model msm
***
*** Reading with solveopt=REPLACE (0)
***
--- msm.gms(300) 3 Mb
--- Generating LP model msm
--- msm.gms(301) 3 Mb
---   737 rows  2,303 columns  6,891 non-zeroes
--- Executing CONVERT: elapsed 0:00:00.133

Convert 2.0      24.7.4 r58773 Released Sep 19, 2016 LEG x86 64bit/Linux      

--- Using Option File
Reading parameter(s) from "/home/renigijus/gams/opt-mod-lib/gamslib/msm/convert.opt"
>>  gams msm-scalar.gms
Finished reading from "/home/renigijus/gams/opt-mod-lib/gamslib/msm/convert.opt"
--- Writing Gams      : msm-scalar.gms

--- Restarting execution
--- msm.gms(301) 2 Mb
--- Reading solution for model msm
***
*** Reading with solveopt=REPLACE (0)
***
--- msm.gms(305) 3 Mb
*** Status: Normal completion
--- Job msm.gms Stop 12/13/18 10:24:41 elapsed 0:00:00.150
