--- Job orani.gms Start 12/13/18 10:24:36 24.7.4 r58773 LEX-LEG x86 64bit/Linux
GAMS 24.7.4   Copyright (C) 1987-2016 GAMS Development. All rights reserved
Licensee: Remigijus Paulavicius, Single User License     S170731:0859AO-LNX
          Imperial College London, Dept. of Chemical Engineering    DC13449
          License for teaching and research at degree granting institutions
          remigijus.paulavicius@imperial.ac.uk                             
--- Starting compilation
--- orani.gms(247) 3 Mb
--- Starting execution: elapsed 0:00:00.003
--- orani.gms(226) 4 Mb
--- Generating LP model orani
--- orani.gms(229) 4 Mb
---   40 rows  52 columns  170 non-zeroes
--- Executing CONVERT: elapsed 0:00:00.008

Convert 2.0      24.7.4 r58773 Released Sep 19, 2016 LEG x86 64bit/Linux      

--- Using Option File
Reading parameter(s) from "/home/renigijus/gams/opt-mod-lib/gamslib/orani/convert.opt"
>>  ampl orani-scalar.mod
Finished reading from "/home/renigijus/gams/opt-mod-lib/gamslib/orani/convert.opt"
--- Writing Ampl      : orani-scalar.mod

--- Restarting execution
--- orani.gms(229) 2 Mb
--- Reading solution for model orani
--- orani.gms(247) 3 Mb
*** Status: Normal completion
--- Job orani.gms Stop 12/13/18 10:24:36 elapsed 0:00:00.018
