4.185943566689916042e+04 4.185879756121067476e+04 4.186432984913354449e+04 4.186397532532258629e+04 4.186052870534225076e+04 4.186297836053650099e+04 4.186280598033717251e+04 4.186658323742785433e+04 4.185772147911274806e+04 4.185838139013072941e+04 4.186290116567442601e+04 4.186004919711696130e+04 4.186208039136815933e+04 4.185544166335391492e+04 4.185848291598087962e+04 4.186394104654147668e+04 4.186220004374843847e+04 4.186397016877439455e+04 4.185777715449863172e+04 4.186383567319404392e+04 4.185955529747778928e+04 4.185830201900636894e+04 4.185974195954909374e+04 4.186317266718629253e+04 4.185880686309804150e+04 4.185793478866974328e+04 4.185957100578601239e+04 4.185703698190835712e+04 4.185795549085600942e+04 4.186514852883388085e+04 4.186031039828087523e+04 4.185721474725932057e+04 4.185790085529626231e+04 4.186165171836671652e+04 4.186047970662228181e+04 4.185840191245916503e+04 4.186007273872429505e+04 4.185677362043567700e+04 4.186160667660395848e+04 4.186236120893914631e+04 4.185968219786627014e+04 4.186074780171368184e+04 4.186268783700168569e+04 4.186163979712517903e+04 4.185563478713727818e+04 4.186352031150343828e+04 4.186214757282388746e+04 4.185805605966150324e+04 4.186134915352185635e+04 4.185649203393774951e+04 1.704282970384480222e+02 1.684893212581644661e+02 9.226107499408662704e+01 1.163004091848473536e+02 1.491733525718401552e+02 1.400494258726500902e+02 1.261478258745660099e+02 8.423085042525035249e+01 1.524225008108623456e+02 1.637091181115915504e+02 1.367051186364081445e+02 1.520851418523840834e+02 1.248326453386596171e+02 2.473693117383901097e+02 1.729663572530534168e+02 1.059790558471280235e+02 1.227401357948700706e+02 1.085871222253227444e+02 1.849228924509740466e+02 1.048567352501341503e+02 1.608915937193031027e+02 1.579296177503742911e+02 1.623527520965767792e+02 1.212614563991644587e+02 1.766074699689822012e+02 1.837791353269924457e+02 1.583666327693957214e+02 1.946510994203345888e+02 1.807384492803358285e+02 9.622304798380422142e+01 1.633171823565883187e+02 1.666285018457464275e+02 1.709371476168169011e+02 1.358171215040915172e+02 1.391286458642622108e+02 1.387578203640242975e+02 1.547044790604551281e+02 1.955608309339614266e+02 1.352637124022083128e+02 1.401745211178589727e+02 1.546452109280533875e+02 1.213772988597356175e+02 1.397367505426127821e+02 1.489255654043002437e+02 1.791530195969481838e+02 1.067860909965769736e+02 1.417547924091368259e+02 1.775888480828560603e+02 1.496286011896642663e+02 1.960814207084187046e+02 -5.020533781300290138e+05 -1.689970876953597037e-06 1.205450143552248925e+07 
1 1 1 1 1.205450143552418612e+07 
1 1 1 2 -1.004537034499146161e+06 
1 1 1 3 -1.004540938207784900e+06 
1 1 1 4 -1.004536597455464653e+06 
1 1 1 5 -1.004537382451534737e+06 
1 1 1 6 -1.004529395977127366e+06 
1 1 1 7 -1.004549167965148226e+06 
1 1 1 8 -1.004533197802758194e+06 
1 1 1 9 -1.004536607883667573e+06 
1 1 1 10 -1.004539458420752198e+06 
1 1 1 11 -1.004537163990548346e+06 
1 1 1 12 -1.004544897238448611e+06 
1 1 1 13 -1.004529053693054011e+06 
1 1 1 14 -1.004523175480235368e+06 
1 1 1 15 -1.004569547472993145e+06 
1 1 1 16 -1.004528139484122512e+06 
1 1 1 17 -1.004535149749443866e+06 
1 1 1 18 -1.004522518799255020e+06 
1 1 1 19 -1.004529607356975786e+06 
1 1 1 20 -1.004531626947442419e+06 
1 1 1 21 -1.004524263019656297e+06 
1 1 1 22 -1.004528933350940817e+06 
1 1 1 23 -1.004538431984305615e+06 
1 1 1 24 -1.004532634401784628e+06 
1 1 1 25 -1.004551711643362767e+06 
1 1 1 26 -1.004535667975764140e+06 
1 1 1 27 -1.004532374798681820e+06 
1 1 1 28 -1.004526596849130234e+06 
1 1 1 29 -1.004532473037699121e+06 
1 1 1 30 -1.004555582523660501e+06 
1 1 1 31 -1.004531383552748943e+06 
1 1 1 32 -1.004540420117105707e+06 
1 1 1 33 -1.004555083610816393e+06 
1 1 1 34 -1.004519125598660088e+06 
1 1 1 35 -1.004529015875313664e+06 
1 1 1 36 -1.004540263257050654e+06 
1 1 1 37 -1.004532958937082323e+06 
1 1 1 38 -1.004528955499130534e+06 
1 1 1 39 -1.004530222482239828e+06 
1 1 1 40 -1.004527922041107318e+06 
1 1 1 41 -1.004541887197286007e+06 
1 1 1 42 -1.004524209730562055e+06 
1 1 1 43 -1.004547229115361697e+06 
1 1 1 44 -1.004545368944871472e+06 
1 1 1 45 -1.004541981277835206e+06 
1 1 1 46 -1.004533648607103154e+06 
1 1 1 47 -1.004522408009766019e+06 
1 1 1 48 -1.004540903860543622e+06 
1 1 1 49 -1.004527639753198950e+06 
1 1 1 50 -1.004539196603900404e+06 
1 1 1 51 -1.004527364025589311e+06 
1 1 2 2 8.405972792957212368e+04 
1 1 2 3 8.371823322810983518e+04 
1 1 2 4 8.372376551603269763e+04 
1 1 2 5 8.372341099222173216e+04 
1 1 2 6 8.366696437224141846e+04 
1 1 2 7 8.372241402743566141e+04 
1 1 2 8 8.372224164723632566e+04 
1 1 2 9 8.372601890432700748e+04 
1 1 2 10 8.371715714601190120e+04 
1 1 2 11 8.371781705702989711e+04 
1 1 2 12 8.362433683257359371e+04 
1 1 2 13 8.369348486401612172e+04 
1 1 2 14 8.363851605826731247e+04 
1 1 2 15 8.371487733025307534e+04 
1 1 2 16 8.371791858288004005e+04 
1 1 2 17 8.372337671344063710e+04 
1 1 2 18 8.372163571064760617e+04 
1 1 2 19 8.372340583567354770e+04 
1 1 2 20 8.371721282139778486e+04 
1 1 2 21 8.372327134009319707e+04 
1 1 2 22 8.371899096437694971e+04 
1 1 2 23 8.371773768590553664e+04 
1 1 2 24 8.371917762644824688e+04 
1 1 2 25 8.372260833408545295e+04 
1 1 2 26 8.371824252999719465e+04 
1 1 2 27 8.363937045556890371e+04 
1 1 2 28 8.371900667268516554e+04 
1 1 2 29 8.371647264880752482e+04 
1 1 2 30 8.371439115775516257e+04 
1 1 2 31 8.366158419573304127e+04 
1 1 2 32 8.364774606518003566e+04 
1 1 2 33 8.362165041415848827e+04 
1 1 2 34 8.371733652219541545e+04 
1 1 2 35 8.372108738526588422e+04 
1 1 2 36 8.371991537352144951e+04 
1 1 2 37 8.363583757935832546e+04 
1 1 2 38 8.371950840562344820e+04 
1 1 2 39 8.371620928733483015e+04 
1 1 2 40 8.365704234350311162e+04 
1 1 2 41 8.372179687583830673e+04 
1 1 2 42 8.371911786476543057e+04 
1 1 2 43 8.370618346861284226e+04 
1 1 2 44 8.372212350390084612e+04 
1 1 2 45 8.372107546402435401e+04 
1 1 2 46 8.371507045403643860e+04 
1 1 2 47 8.372295597840260598e+04 
1 1 2 48 8.372158323972304061e+04 
1 1 2 49 8.371749172656066366e+04 
1 1 2 50 8.372078482042101678e+04 
1 1 2 51 8.371592770083690993e+04 
1 1 3 3 8.405457376663458126e+04 
1 1 3 4 8.366212741034422652e+04 
1 1 3 5 8.366277288653326104e+04 
1 1 3 6 8.371932626655291824e+04 
1 1 3 7 8.372177592174716119e+04 
1 1 3 8 8.372160354154784000e+04 
1 1 3 9 8.372538079863852181e+04 
1 1 3 10 8.371651904032341554e+04 
1 1 3 11 8.371717895134141145e+04 
1 1 3 12 8.371269872688510804e+04 
1 1 3 13 8.371884675832762150e+04 
1 1 3 14 8.372087795257884136e+04 
1 1 3 15 8.365023922456458968e+04 
1 1 3 16 8.371728047719155438e+04 
1 1 3 17 8.372273860775215144e+04 
1 1 3 18 8.372099760495910596e+04 
1 1 3 19 8.368676772998507658e+04 
1 1 3 20 8.371657471570931375e+04 
1 1 3 21 8.372263323440471140e+04 
1 1 3 22 8.371835285868844949e+04 
1 1 3 23 8.371709958021703642e+04 
1 1 3 24 8.371853952075977577e+04 
1 1 3 25 8.372197022839695273e+04 
1 1 3 26 8.371760442430870899e+04 
1 1 3 27 8.371673234988041804e+04 
1 1 3 28 8.368536856699667987e+04 
1 1 3 29 8.364683454311903915e+04 
1 1 3 30 8.371675305206669145e+04 
1 1 3 31 8.363294609004455560e+04 
1 1 3 32 8.369610795949154999e+04 
1 1 3 33 8.371601230846998806e+04 
1 1 3 34 8.371669841650692979e+04 
1 1 3 35 8.372044927957738400e+04 
1 1 3 36 8.371927726783296384e+04 
1 1 3 37 8.371319947366983979e+04 
1 1 3 38 8.363587029993496253e+04 
1 1 3 39 8.366057118164635904e+04 
1 1 3 40 8.372040423781462596e+04 
1 1 3 41 8.371215877014982107e+04 
1 1 3 42 8.363147975907694490e+04 
1 1 3 43 8.371954536292435660e+04 
1 1 3 44 8.372148539821236045e+04 
1 1 3 45 8.372043735833585379e+04 
1 1 3 46 8.371443234834795294e+04 
1 1 3 47 8.372231787271410576e+04 
1 1 3 48 8.368994513403455494e+04 
1 1 3 49 8.371685362087217800e+04 
1 1 3 50 8.372014671473253111e+04 
1 1 3 51 8.371528959514843882e+04 
1 1 4 4 8.391318184995216143e+04 
1 1 4 5 8.372830517445612350e+04 
1 1 4 6 8.372485855447579524e+04 
1 1 4 7 8.366130820967003820e+04 
1 1 4 8 8.364313582947070245e+04 
1 1 4 9 8.367391308656138426e+04 
1 1 4 10 8.370605132824629254e+04 
1 1 4 11 8.368471123926428845e+04 
1 1 4 12 8.368123101480798505e+04 
1 1 4 13 8.372437904625049850e+04 
1 1 4 14 8.372641024050170381e+04 
1 1 4 15 8.367577151248746668e+04 
1 1 4 16 8.372281276511441683e+04 
1 1 4 17 8.372827089567501389e+04 
1 1 4 18 8.369852989288198296e+04 
1 1 4 19 8.372830001790793904e+04 
1 1 4 20 8.372210700363217620e+04 
1 1 4 21 8.372816552232757385e+04 
1 1 4 22 8.372388514661132649e+04 
1 1 4 23 8.372263186813991342e+04 
1 1 4 24 8.372407180868263822e+04 
1 1 4 25 8.372750251631982974e+04 
1 1 4 26 8.372313671223158599e+04 
1 1 4 27 8.372226463780329505e+04 
1 1 4 28 8.372390085491954233e+04 
1 1 4 29 8.365336683104190161e+04 
1 1 4 30 8.372228533998955390e+04 
1 1 4 31 8.367447837796743261e+04 
1 1 4 32 8.372464024741442699e+04 
1 1 4 33 8.372154459639286506e+04 
1 1 4 34 8.372223070442980679e+04 
1 1 4 35 8.372598156750026101e+04 
1 1 4 36 8.372480955575582630e+04 
1 1 4 37 8.372273176159270224e+04 
1 1 4 38 8.372440258785783953e+04 
1 1 4 39 8.372110346956922149e+04 
1 1 4 40 8.370693652573748841e+04 
1 1 4 41 8.368169105807268352e+04 
1 1 4 42 8.372401204699980735e+04 
1 1 4 43 8.372507765084723360e+04 
1 1 4 44 8.368701768613523745e+04 
1 1 4 45 8.364396964625873079e+04 
1 1 4 46 8.371996463627081539e+04 
1 1 4 47 8.368385016063698276e+04 
1 1 4 48 8.372647742195741739e+04 
1 1 4 49 8.372238590879505500e+04 
1 1 4 50 8.372567900265539356e+04 
1 1 4 51 8.372082188307130127e+04 
1 1 5 5 8.396055147071178362e+04 
1 1 5 6 8.372450403066482977e+04 
1 1 5 7 8.371195368585908727e+04 
1 1 5 8 8.368678130565975152e+04 
1 1 5 9 8.373055856275043334e+04 
1 1 5 10 8.366969680443534162e+04 
1 1 5 11 8.372235671545332298e+04 
1 1 5 12 8.372687649099701957e+04 
1 1 5 13 8.372402452243954758e+04 
1 1 5 14 8.372605571669073834e+04 
1 1 5 15 8.362941698867650121e+04 
1 1 5 16 8.372245824130345136e+04 
1 1 5 17 8.372791637186406297e+04 
1 1 5 18 8.372617536907101749e+04 
1 1 5 19 8.372794549409697356e+04 
1 1 5 20 8.369475247982121073e+04 
1 1 5 21 8.372781099851662293e+04 
1 1 5 22 8.372353062280037557e+04 
1 1 5 23 8.372227734432894795e+04 
1 1 5 24 8.372371728487167275e+04 
1 1 5 25 8.366314799250887881e+04 
1 1 5 26 8.370978218842063507e+04 
1 1 5 27 8.372191011399232957e+04 
1 1 5 28 8.372354633110859140e+04 
1 1 5 29 8.372101230723093613e+04 
1 1 5 30 8.369593081617858843e+04 
1 1 5 31 8.367412385415646713e+04 
1 1 5 32 8.372428572360346152e+04 
1 1 5 33 8.364319007258189959e+04 
1 1 5 34 8.372187618061885587e+04 
1 1 5 35 8.365462704368929553e+04 
1 1 5 36 8.372445503194486082e+04 
1 1 5 37 8.372237723778175132e+04 
1 1 5 38 8.363304806404688861e+04 
1 1 5 39 8.372074894575827057e+04 
1 1 5 40 8.369058200192653749e+04 
1 1 5 41 8.372633653426173260e+04 
1 1 5 42 8.369065752318884188e+04 
1 1 5 43 8.372472312703626812e+04 
1 1 5 44 8.372666316232427198e+04 
1 1 5 45 8.365861512244776532e+04 
1 1 5 46 8.371961011245984992e+04 
1 1 5 47 8.372749563682601729e+04 
1 1 5 48 8.372612289814646647e+04 
1 1 5 49 8.372203138498410408e+04 
1 1 5 50 8.372532447884442809e+04 
1 1 5 51 8.372046735926033580e+04 
1 1 6 6 8.401940411752508953e+04 
1 1 6 7 8.371050706587874447e+04 
1 1 6 8 8.372333468567942327e+04 
1 1 6 9 8.372411194277010509e+04 
1 1 6 10 8.371825018445498426e+04 
1 1 6 11 8.371891009547296562e+04 
1 1 6 12 8.372342987101666222e+04 
1 1 6 13 8.372057790245920478e+04 
1 1 6 14 8.372260909671041009e+04 
1 1 6 15 8.371597036869615840e+04 
1 1 6 16 8.371901162132313766e+04 
1 1 6 17 8.366846975188373472e+04 
1 1 6 18 8.372272874909068923e+04 
1 1 6 19 8.366649887411664531e+04 
1 1 6 20 8.369830585984088248e+04 
1 1 6 21 8.372436437853629468e+04 
1 1 6 22 8.372008400282003277e+04 
1 1 6 23 8.368783072434861970e+04 
1 1 6 24 8.372027066489134450e+04 
1 1 6 25 8.372370137252853601e+04 
1 1 6 26 8.371933556844027771e+04 
1 1 6 27 8.371846349401198677e+04 
1 1 6 28 8.372009971112826315e+04 
1 1 6 29 8.371756568725060788e+04 
1 1 6 30 8.371848419619826018e+04 
1 1 6 31 8.372567723417612433e+04 
1 1 6 32 8.370083910362311872e+04 
1 1 6 33 8.368874345260157133e+04 
1 1 6 34 8.371842956063849851e+04 
1 1 6 35 8.367218042370896728e+04 
1 1 6 36 8.372100841196453257e+04 
1 1 6 37 8.371893061780142307e+04 
1 1 6 38 8.372060144406653126e+04 
1 1 6 39 8.371730232577792776e+04 
1 1 6 40 8.372213538194620924e+04 
1 1 6 41 8.362488991428140434e+04 
1 1 6 42 8.365121090320852818e+04 
1 1 6 43 8.370827650705592532e+04 
1 1 6 44 8.372321654234392918e+04 
1 1 6 45 8.372216850246743707e+04 
1 1 6 46 8.371616349247953622e+04 
1 1 6 47 8.372404901684568904e+04 
1 1 6 48 8.363667627816613822e+04 
1 1 6 49 8.371858476500374672e+04 
1 1 6 50 8.372187785886411439e+04 
1 1 6 51 8.371702073927999299e+04 
1 1 7 7 8.400605557451520872e+04 
1 1 7 8 8.367278434087368078e+04 
1 1 7 9 8.366356159796436259e+04 
1 1 7 10 8.372069983964924177e+04 
1 1 7 11 8.364335975066722312e+04 
1 1 7 12 8.370687952621091972e+04 
1 1 7 13 8.372302755765346228e+04 
1 1 7 14 8.372505875190466759e+04 
1 1 7 15 8.371842002389041591e+04 
1 1 7 16 8.364346127651738061e+04 
1 1 7 17 8.363091940707799222e+04 
1 1 7 18 8.372517840428494674e+04 
1 1 7 19 8.372694852931090281e+04 
1 1 7 20 8.372075551503512543e+04 
1 1 7 21 8.372681403373055218e+04 
1 1 7 22 8.372253365801429027e+04 
1 1 7 23 8.372128037954286265e+04 
1 1 7 24 8.372272032008558745e+04 
1 1 7 25 8.372615102772279351e+04 
1 1 7 26 8.372178522363453521e+04 
1 1 7 27 8.372091314920624427e+04 
1 1 7 28 8.372254936632252065e+04 
1 1 7 29 8.367601534244486538e+04 
1 1 7 30 8.372093385139251768e+04 
1 1 7 31 8.372812688937038183e+04 
1 1 7 32 8.372328875881737622e+04 
1 1 7 33 8.372019310779581429e+04 
1 1 7 34 8.365387921583275602e+04 
1 1 7 35 8.363263007890321023e+04 
1 1 7 36 8.368545806715879007e+04 
1 1 7 37 8.372138027299568057e+04 
1 1 7 38 8.372305109926078876e+04 
1 1 7 39 8.371975198097218527e+04 
1 1 7 40 8.369958503714046674e+04 
1 1 7 41 8.363733956947566185e+04 
1 1 7 42 8.370266055840277113e+04 
1 1 7 43 8.372272616225016827e+04 
1 1 7 44 8.368966619753818668e+04 
1 1 7 45 8.364361815766168002e+04 
1 1 7 46 8.368961314767377917e+04 
1 1 7 47 8.372649867203993199e+04 
1 1 7 48 8.372512593336039572e+04 
1 1 7 49 8.372103442019800423e+04 
1 1 7 50 8.372432751405835734e+04 
1 1 7 51 8.371947039447425050e+04 
1 1 8 8 8.397790761412038410e+04 
1 1 8 9 8.372938921776502684e+04 
1 1 8 10 8.372052745944992057e+04 
1 1 8 11 8.372118737046790193e+04 
1 1 8 12 8.372570714601159852e+04 
1 1 8 13 8.372285517745414109e+04 
1 1 8 14 8.372388637170531729e+04 
1 1 8 15 8.369824764369108016e+04 
1 1 8 16 8.372128889631804486e+04 
1 1 8 17 8.372674702687864192e+04 
1 1 8 18 8.372500602408561099e+04 
1 1 8 19 8.364177614911155251e+04 
1 1 8 20 8.372058313483578968e+04 
1 1 8 21 8.364664165353121643e+04 
1 1 8 22 8.372236127781496907e+04 
1 1 8 23 8.366610799934354145e+04 
1 1 8 24 8.367854793988625170e+04 
1 1 8 25 8.372597864752347232e+04 
1 1 8 26 8.372161284343521402e+04 
1 1 8 27 8.363674076900690852e+04 
1 1 8 28 8.372237698612318491e+04 
1 1 8 29 8.371984296224552963e+04 
1 1 8 30 8.372076147119316738e+04 
1 1 8 31 8.372795450917104608e+04 
1 1 8 32 8.369611637861805502e+04 
1 1 8 33 8.372002072759649309e+04 
1 1 8 34 8.372070683563343482e+04 
1 1 8 35 8.372445769870388904e+04 
1 1 8 36 8.372328568695945432e+04 
1 1 8 37 8.372120789279633027e+04 
1 1 8 38 8.370587871906146756e+04 
1 1 8 39 8.371957960077283497e+04 
1 1 8 40 8.365941265694113099e+04 
1 1 8 41 8.366716718927632610e+04 
1 1 8 42 8.371448817820343538e+04 
1 1 8 43 8.372355378205084708e+04 
1 1 8 44 8.372549381733885093e+04 
1 1 8 45 8.372444577746235882e+04 
1 1 8 46 8.371844076747444342e+04 
1 1 8 47 8.372632629184061079e+04 
1 1 8 48 8.372495355316105997e+04 
1 1 8 49 8.372086203999866848e+04 
1 1 8 50 8.372415513385902159e+04 
1 1 8 51 8.371929801427491475e+04 
1 1 9 9 8.390162817740312312e+04 
1 1 9 10 8.372430471654060239e+04 
1 1 9 11 8.372496462755858374e+04 
1 1 9 12 8.368048440310228034e+04 
1 1 9 13 8.372663243454482290e+04 
1 1 9 14 8.372866362879599910e+04 
1 1 9 15 8.369302490078176197e+04 
1 1 9 16 8.372506615340872668e+04 
1 1 9 17 8.373052428396932373e+04 
1 1 9 18 8.372878328117629280e+04 
1 1 9 19 8.366655340620223433e+04 
1 1 9 20 8.372436039192647149e+04 
1 1 9 21 8.373041891062189825e+04 
1 1 9 22 8.366113853490565089e+04 
1 1 9 23 8.372488525643422327e+04 
1 1 9 24 8.364532519697693351e+04 
1 1 9 25 8.365175590461415413e+04 
1 1 9 26 8.372539010052589583e+04 
1 1 9 27 8.372451802609759034e+04 
1 1 9 28 8.372615424321386672e+04 
1 1 9 29 8.372362021933621145e+04 
1 1 9 30 8.372453872828384920e+04 
1 1 9 31 8.373173176626172790e+04 
1 1 9 32 8.364189363570873684e+04 
1 1 9 33 8.364379798468717490e+04 
1 1 9 34 8.372448409272411664e+04 
1 1 9 35 8.372823495579457085e+04 
1 1 9 36 8.372706294405013614e+04 
1 1 9 37 8.372498514988701208e+04 
1 1 9 38 8.372665597615214938e+04 
1 1 9 39 8.372335685786351678e+04 
1 1 9 40 8.372818991403181280e+04 
1 1 9 41 8.372894444636700791e+04 
1 1 9 42 8.365826543529411720e+04 
1 1 9 43 8.372733103914152889e+04 
1 1 9 44 8.372927107442953275e+04 
1 1 9 45 8.371922303455304063e+04 
1 1 9 46 8.372221802456512523e+04 
1 1 9 47 8.373010354893129261e+04 
1 1 9 48 8.366973081025174179e+04 
1 1 9 49 8.372463929708935029e+04 
1 1 9 50 8.363493239094970340e+04 
1 1 9 51 8.372307527136559656e+04 
1 1 10 10 8.402028796154413430e+04 
1 1 10 11 8.371610286924347747e+04 
1 1 10 12 8.364962264478717407e+04 
1 1 10 13 8.371777067622970208e+04 
1 1 10 14 8.371980187048092193e+04 
1 1 10 15 8.363216314246667025e+04 
1 1 10 16 8.367420439509362041e+04 
1 1 10 17 8.372166252565423201e+04 
1 1 10 18 8.371992152286118653e+04 
1 1 10 19 8.372169164788715716e+04 
1 1 10 20 8.363349863361137977e+04 
1 1 10 21 8.372155715230679198e+04 
1 1 10 22 8.365127677659053006e+04 
1 1 10 23 8.371602349811910244e+04 
1 1 10 24 8.371746343866184179e+04 
1 1 10 25 8.372089414629903331e+04 
1 1 10 26 8.371652834221078956e+04 
1 1 10 27 8.365965626778248406e+04 
1 1 10 28 8.371729248489876045e+04 
1 1 10 29 8.371475846102110518e+04 
1 1 10 30 8.368567696996875748e+04 
1 1 10 31 8.372287000794662163e+04 
1 1 10 32 8.362703187739361601e+04 
1 1 10 33 8.371493622637205408e+04 
1 1 10 34 8.371562233440901036e+04 
1 1 10 35 8.371937319747945003e+04 
1 1 10 36 8.371820118573502987e+04 
1 1 10 37 8.368812339157192037e+04 
1 1 10 38 8.371779421783704311e+04 
1 1 10 39 8.371449509954843961e+04 
1 1 10 40 8.371932815571670653e+04 
1 1 10 41 8.372008268805190164e+04 
1 1 10 42 8.371740367697901092e+04 
1 1 10 43 8.371846928082642262e+04 
1 1 10 44 8.372040931611444103e+04 
1 1 10 45 8.371936127623791981e+04 
1 1 10 46 8.371335626625001896e+04 
1 1 10 47 8.372124179061617178e+04 
1 1 10 48 8.371986905193663551e+04 
1 1 10 49 8.371577753877425857e+04 
1 1 10 50 8.371907063263459713e+04 
1 1 10 51 8.371421351305050484e+04 
1 1 11 11 8.404418101818156720e+04 
1 1 11 12 8.372128255580515543e+04 
1 1 11 13 8.365543058724768343e+04 
1 1 11 14 8.372046178149890329e+04 
1 1 11 15 8.371382305348465161e+04 
1 1 11 16 8.371686430611160176e+04 
1 1 11 17 8.372232243667221337e+04 
1 1 11 18 8.372058143387916789e+04 
1 1 11 19 8.368435155890513852e+04 
1 1 11 20 8.371615854462936113e+04 
1 1 11 21 8.372221706332477333e+04 
1 1 11 22 8.371793668760851142e+04 
1 1 11 23 8.362668340913708380e+04 
1 1 11 24 8.371812334967982315e+04 
1 1 11 25 8.366255405731701467e+04 
1 1 11 26 8.371718825322877092e+04 
1 1 11 27 8.371631617880047997e+04 
1 1 11 28 8.371795239591674181e+04 
1 1 11 29 8.371541837203908653e+04 
1 1 11 30 8.371633688098673883e+04 
1 1 11 31 8.364552991896461754e+04 
1 1 11 32 8.371569178841159737e+04 
1 1 11 33 8.371559613739004999e+04 
1 1 11 34 8.371628224542699172e+04 
1 1 11 35 8.372003310849743139e+04 
1 1 11 36 8.371886109675301122e+04 
1 1 11 37 8.371678330258990172e+04 
1 1 11 38 8.371845412885502446e+04 
1 1 11 39 8.371515501056642097e+04 
1 1 11 40 8.371998806673468789e+04 
1 1 11 41 8.369374259906988300e+04 
1 1 11 42 8.371806358799699228e+04 
1 1 11 43 8.371912919184440398e+04 
1 1 11 44 8.372106922713242238e+04 
1 1 11 45 8.372002118725590117e+04 
1 1 11 46 8.365701617726800032e+04 
1 1 11 47 8.372190170163415314e+04 
1 1 11 48 8.362152896295461687e+04 
1 1 11 49 8.371643744979223993e+04 
1 1 11 50 8.371973054365257849e+04 
1 1 11 51 8.371487342406848620e+04 
1 1 12 12 8.399921257031858840e+04 
1 1 12 13 8.367995036279138003e+04 
1 1 12 14 8.372498155704259989e+04 
1 1 12 15 8.369434282902834821e+04 
1 1 12 16 8.372138408165529836e+04 
1 1 12 17 8.372684221221590997e+04 
1 1 12 18 8.372510120942286449e+04 
1 1 12 19 8.372687133444883511e+04 
1 1 12 20 8.372067832017305773e+04 
1 1 12 21 8.367073683886846993e+04 
1 1 12 22 8.372245646315220802e+04 
1 1 12 23 8.372120318468079495e+04 
1 1 12 24 8.372264312522351975e+04 
1 1 12 25 8.370707383286071126e+04 
1 1 12 26 8.366770802877246751e+04 
1 1 12 27 8.372083595434417657e+04 
1 1 12 28 8.372247217146043840e+04 
1 1 12 29 8.371993814758278313e+04 
1 1 12 30 8.363585665653044998e+04 
1 1 12 31 8.372804969450831413e+04 
1 1 12 32 8.372321156395529397e+04 
1 1 12 33 8.368111591293374659e+04 
1 1 12 34 8.372080202097068832e+04 
1 1 12 35 8.372455288404112798e+04 
1 1 12 36 8.364038087229670782e+04 
1 1 12 37 8.372130307813359832e+04 
1 1 12 38 8.372297390439872106e+04 
1 1 12 39 8.371967478611011757e+04 
1 1 12 40 8.372450784227838449e+04 
1 1 12 41 8.365826237461357960e+04 
1 1 12 42 8.367958336354068888e+04 
1 1 12 43 8.372364896738810057e+04 
1 1 12 44 8.371358900267611898e+04 
1 1 12 45 8.372454096279959776e+04 
1 1 12 46 8.371853595281171147e+04 
1 1 12 47 8.370642147717784974e+04 
1 1 12 48 8.370504873849831347e+04 
1 1 12 49 8.372095722533593653e+04 
1 1 12 50 8.372425031919627509e+04 
1 1 12 51 8.371939319961218280e+04 
1 1 13 13 8.402426867963559926e+04 
1 1 13 14 8.372212958848512790e+04 
1 1 13 15 8.371549086047087621e+04 
1 1 13 16 8.371853211309784092e+04 
1 1 13 17 8.368199024365845253e+04 
1 1 13 18 8.372224924086540705e+04 
1 1 13 19 8.367501936589136312e+04 
1 1 13 20 8.371282635161558574e+04 
1 1 13 21 8.372388487031101249e+04 
1 1 13 22 8.371960449459475058e+04 
1 1 13 23 8.367835121612332296e+04 
1 1 13 24 8.368779115666604775e+04 
1 1 13 25 8.372322186430325382e+04 
1 1 13 26 8.371885606021499552e+04 
1 1 13 27 8.371798398578670458e+04 
1 1 13 28 8.371962020290298096e+04 
1 1 13 29 8.371708617902532569e+04 
1 1 13 30 8.371800468797296344e+04 
1 1 13 31 8.372519772595084214e+04 
1 1 13 32 8.372035959539783653e+04 
1 1 13 33 8.367926394437627459e+04 
1 1 13 34 8.371795005241321633e+04 
1 1 13 35 8.372170091548367054e+04 
1 1 13 36 8.372052890373925038e+04 
1 1 13 37 8.371845110957614088e+04 
1 1 13 38 8.362812193584124907e+04 
1 1 13 39 8.371682281755264557e+04 
1 1 13 40 8.372165587372092705e+04 
1 1 13 41 8.367741040605612216e+04 
1 1 13 42 8.371373139498323144e+04 
1 1 13 43 8.372079699883062858e+04 
1 1 13 44 8.372273703411864699e+04 
1 1 13 45 8.372168899424214032e+04 
1 1 13 46 8.363868398425423948e+04 
1 1 13 47 8.372356950862039230e+04 
1 1 13 48 8.372219676994085603e+04 
1 1 13 49 8.371810525677846454e+04 
1 1 13 50 8.368739835063881765e+04 
1 1 13 51 8.371654123105471081e+04 
1 1 14 14 8.397382607511055539e+04 
1 1 14 15 8.371752205472208152e+04 
1 1 14 16 8.372056330734903167e+04 
1 1 14 17 8.372602143790962873e+04 
1 1 14 18 8.372428043511659780e+04 
1 1 14 19 8.372605056014255388e+04 
1 1 14 20 8.365785754586679104e+04 
1 1 14 21 8.372591606456220325e+04 
1 1 14 22 8.372163568884595588e+04 
1 1 14 23 8.368338241037452826e+04 
1 1 14 24 8.368582235091725306e+04 
1 1 14 25 8.370725305855445913e+04 
1 1 14 26 8.372088725446620083e+04 
1 1 14 27 8.372001518003790989e+04 
1 1 14 28 8.372165139715415717e+04 
1 1 14 29 8.371911737327651645e+04 
1 1 14 30 8.365803588222416874e+04 
1 1 14 31 8.372722892020204745e+04 
1 1 14 32 8.372239078964904184e+04 
1 1 14 33 8.371329513862747990e+04 
1 1 14 34 8.371998124666442163e+04 
1 1 14 35 8.372273210973487585e+04 
1 1 14 36 8.364756009799044114e+04 
1 1 14 37 8.365148230382731708e+04 
1 1 14 38 8.372215313009245438e+04 
1 1 14 39 8.371885401180383633e+04 
1 1 14 40 8.372368706797211780e+04 
1 1 14 41 8.368344160030729836e+04 
1 1 14 42 8.371476258923442219e+04 
1 1 14 43 8.372282819308184844e+04 
1 1 14 44 8.372476822836985230e+04 
1 1 14 45 8.369172018849334563e+04 
1 1 14 46 8.370771517850543023e+04 
1 1 14 47 8.372560070287159760e+04 
1 1 14 48 8.372422796419204678e+04 
1 1 14 49 8.372013645102966984e+04 
1 1 14 50 8.372342954489000840e+04 
1 1 14 51 8.371857242530591611e+04 
1 1 15 15 8.420562195188151964e+04 
1 1 15 16 8.371392457933477999e+04 
1 1 15 17 8.369238270989539160e+04 
1 1 15 18 8.362264170710236067e+04 
1 1 15 19 8.362341183212831675e+04 
1 1 15 20 8.366621881785253936e+04 
1 1 15 21 8.365327733654795156e+04 
1 1 15 22 8.371499696083170420e+04 
1 1 15 23 8.371374368236027658e+04 
1 1 15 24 8.371518362290301593e+04 
1 1 15 25 8.363161433054020745e+04 
1 1 15 26 8.371424852645196370e+04 
1 1 15 27 8.364237645202367275e+04 
1 1 15 28 8.361701266913992004e+04 
1 1 15 29 8.371247864526226476e+04 
1 1 15 30 8.371339715420993161e+04 
1 1 15 31 8.372059019218781032e+04 
1 1 15 32 8.371575206163479015e+04 
1 1 15 33 8.371265641061322822e+04 
1 1 15 34 8.371334251865018450e+04 
1 1 15 35 8.371309338172062417e+04 
1 1 15 36 8.371592136997618945e+04 
1 1 15 37 8.368484357581307995e+04 
1 1 15 38 8.371551440207821724e+04 
1 1 15 39 8.362921528378959920e+04 
1 1 15 40 8.371704833995786612e+04 
1 1 15 41 8.371780287229306123e+04 
1 1 15 42 8.371512386122017051e+04 
1 1 15 43 8.371618946506759676e+04 
1 1 15 44 8.366512950035561516e+04 
1 1 15 45 8.371708146047909395e+04 
1 1 15 46 8.371107645049117855e+04 
1 1 15 47 8.368896197485734592e+04 
1 1 15 48 8.369558923617779510e+04 
1 1 15 49 8.371349772301543271e+04 
1 1 15 50 8.371679081687577127e+04 
1 1 15 51 8.371193369729166443e+04 
1 1 16 16 8.406289854816476873e+04 
1 1 16 17 8.372242396252235631e+04 
1 1 16 18 8.372068295972932538e+04 
1 1 16 19 8.372245308475526690e+04 
1 1 16 20 8.371626007047950407e+04 
1 1 16 21 8.363531858917491627e+04 
1 1 16 22 8.365403821345866891e+04 
1 1 16 23 8.371678493498725584e+04 
1 1 16 24 8.371822487552996608e+04 
1 1 16 25 8.372165558316717215e+04 
1 1 16 26 8.371728977907891385e+04 
1 1 16 27 8.371641770465062291e+04 
1 1 16 28 8.362405392176688474e+04 
1 1 16 29 8.371551989788922947e+04 
1 1 16 30 8.371643840683688177e+04 
1 1 16 31 8.372363144481476047e+04 
1 1 16 32 8.371879331426175486e+04 
1 1 16 33 8.371569766324020748e+04 
1 1 16 34 8.371638377127713466e+04 
1 1 16 35 8.372013463434760342e+04 
1 1 16 36 8.371896262260315416e+04 
1 1 16 37 8.371688482844004466e+04 
1 1 16 38 8.371855565470516740e+04 
1 1 16 39 8.371525653641654935e+04 
1 1 16 40 8.372008959258483083e+04 
1 1 16 41 8.372084412492002593e+04 
1 1 16 42 8.371816511384714977e+04 
1 1 16 43 8.371923071769456146e+04 
1 1 16 44 8.362717075298256532e+04 
1 1 16 45 8.372012271310605865e+04 
1 1 16 46 8.371411770311815781e+04 
1 1 16 47 8.372200322748432518e+04 
1 1 16 48 8.365063048880475981e+04 
1 1 16 49 8.371653897564238287e+04 
1 1 16 50 8.371983206950273598e+04 
1 1 16 51 8.371497494991861458e+04 
1 1 17 17 8.393984020647412399e+04 
1 1 17 18 8.372614109028992243e+04 
1 1 17 19 8.372791121531586396e+04 
1 1 17 20 8.372171820104010112e+04 
1 1 17 21 8.366077671973552788e+04 
1 1 17 22 8.368949634401928051e+04 
1 1 17 23 8.372224306554785289e+04 
1 1 17 24 8.372368300609056314e+04 
1 1 17 25 8.372711371372778376e+04 
1 1 17 26 8.372274790963951091e+04 
1 1 17 27 8.372187583521121996e+04 
1 1 17 28 8.368651205232748180e+04 
1 1 17 29 8.372097802844984108e+04 
1 1 17 30 8.363189653739747882e+04 
1 1 17 31 8.364508957537535753e+04 
1 1 17 32 8.367925144482236647e+04 
1 1 17 33 8.372115579380080453e+04 
1 1 17 34 8.372184190183774626e+04 
1 1 17 35 8.372559276490820048e+04 
1 1 17 36 8.372442075316376577e+04 
1 1 17 37 8.372234295900064171e+04 
1 1 17 38 8.372401378526576445e+04 
1 1 17 39 8.372071466697714641e+04 
1 1 17 40 8.370054772314544243e+04 
1 1 17 41 8.372630225548062299e+04 
1 1 17 42 8.372362324440774682e+04 
1 1 17 43 8.366768884825515852e+04 
1 1 17 44 8.372662888354316237e+04 
1 1 17 45 8.372558084366667026e+04 
1 1 17 46 8.371257583367875486e+04 
1 1 17 47 8.372746135804492224e+04 
1 1 17 48 8.363108861936537141e+04 
1 1 17 49 8.372199710620297992e+04 
1 1 17 50 8.372529020006333303e+04 
1 1 17 51 8.372043308047922619e+04 
1 1 18 18 8.396988036078352889e+04 
1 1 18 19 8.372617021252283303e+04 
1 1 18 20 8.371997719824707019e+04 
1 1 18 21 8.372603571694249695e+04 
1 1 18 22 8.372175534122623503e+04 
1 1 18 23 8.372050206275480741e+04 
1 1 18 24 8.372194200329753221e+04 
1 1 18 25 8.372537271093472373e+04 
1 1 18 26 8.372100690684646543e+04 
1 1 18 27 8.372013483241817448e+04 
1 1 18 28 8.372177104953445087e+04 
1 1 18 29 8.371923702565681015e+04 
1 1 18 30 8.366715553460444789e+04 
1 1 18 31 8.372734857258231204e+04 
1 1 18 32 8.372251044202932098e+04 
1 1 18 33 8.365541479100775905e+04 
1 1 18 34 8.372010089904468623e+04 
1 1 18 35 8.363985176211515500e+04 
1 1 18 36 8.372267975037073484e+04 
1 1 18 37 8.372060195620761078e+04 
1 1 18 38 8.362327278247271897e+04 
1 1 18 39 8.371897366418411548e+04 
1 1 18 40 8.372380672035241150e+04 
1 1 18 41 8.372456125268759206e+04 
1 1 18 42 8.372188224161471589e+04 
1 1 18 43 8.372294784546211304e+04 
1 1 18 44 8.364788788075011689e+04 
1 1 18 45 8.372383984087362478e+04 
1 1 18 46 8.371783483088572393e+04 
1 1 18 47 8.372572035525187675e+04 
1 1 18 48 8.372434761657234048e+04 
1 1 18 49 8.372025610340993444e+04 
1 1 18 50 8.372354919727030210e+04 
1 1 18 51 8.368369207768619526e+04 
1 1 19 19 8.394511458369635511e+04 
1 1 19 20 8.372174732327302627e+04 
1 1 19 21 8.372780584196843847e+04 
1 1 19 22 8.372352546625219111e+04 
1 1 19 23 8.372227218778076349e+04 
1 1 19 24 8.372371212832348829e+04 
1 1 19 25 8.372714283596069436e+04 
1 1 19 26 8.372277703187243605e+04 
1 1 19 27 8.372190495744414511e+04 
1 1 19 28 8.366754117456039239e+04 
1 1 19 29 8.366100715068275167e+04 
1 1 19 30 8.370692565963040397e+04 
1 1 19 31 8.372911869760828267e+04 
1 1 19 32 8.372428056705527706e+04 
1 1 19 33 8.371518491603371513e+04 
1 1 19 34 8.372187102407065686e+04 
1 1 19 35 8.370562188714111107e+04 
1 1 19 36 8.363244987539667636e+04 
1 1 19 37 8.372237208123355231e+04 
1 1 19 38 8.372404290749868960e+04 
1 1 19 39 8.372074378921007155e+04 
1 1 19 40 8.372557684537835303e+04 
1 1 19 41 8.371733137771353358e+04 
1 1 19 42 8.372365236664065742e+04 
1 1 19 43 8.372471797048808367e+04 
1 1 19 44 8.372665800577608752e+04 
1 1 19 45 8.372560996589958086e+04 
1 1 19 46 8.371960495591166546e+04 
1 1 19 47 8.372749048027783283e+04 
1 1 19 48 8.372611774159828201e+04 
1 1 19 49 8.372202622843590507e+04 
1 1 19 50 8.372531932229624363e+04 
1 1 19 51 8.372046220271215134e+04 
1 1 20 20 8.408540009559612372e+04 
1 1 20 21 8.372161282769266109e+04 
1 1 20 22 8.371733245197641372e+04 
1 1 20 23 8.371607917350500065e+04 
1 1 20 24 8.371751911404772545e+04 
1 1 20 25 8.372094982168491697e+04 
1 1 20 26 8.371658401759667322e+04 
1 1 20 27 8.371571194316838228e+04 
1 1 20 28 8.371734816028462956e+04 
1 1 20 29 8.371481413640697428e+04 
1 1 20 30 8.371573264535464114e+04 
1 1 20 31 8.372292568333251984e+04 
1 1 20 32 8.371808755277949967e+04 
1 1 20 33 8.371499190175795229e+04 
1 1 20 34 8.371567800979489402e+04 
1 1 20 35 8.371942887286534824e+04 
1 1 20 36 8.371125686112091353e+04 
1 1 20 37 8.371617906695778947e+04 
1 1 20 38 8.371784989322292677e+04 
1 1 20 39 8.364755077493430872e+04 
1 1 20 40 8.371938383110257564e+04 
1 1 20 41 8.372013836343777075e+04 
1 1 20 42 8.371745935236489458e+04 
1 1 20 43 8.363052495621232083e+04 
1 1 20 44 8.364046499150032469e+04 
1 1 20 45 8.371941695162381802e+04 
1 1 20 46 8.371341194163590262e+04 
1 1 20 47 8.372129746600207000e+04 
1 1 20 48 8.371992472732250462e+04 
1 1 20 49 8.371583321416014223e+04 
1 1 20 50 8.371912630802048079e+04 
1 1 20 51 8.363226918843637395e+04 
1 1 21 21 8.393738481858526939e+04 
1 1 21 22 8.372339097067184048e+04 
1 1 21 23 8.372213769220041286e+04 
1 1 21 24 8.372357763274312310e+04 
1 1 21 25 8.365000834038034372e+04 
1 1 21 26 8.372264253629208542e+04 
1 1 21 27 8.372177046186377993e+04 
1 1 21 28 8.372340667898005631e+04 
1 1 21 29 8.372087265510240104e+04 
1 1 21 30 8.372179116405003879e+04 
1 1 21 31 8.372898420202791749e+04 
1 1 21 32 8.372414607147492643e+04 
1 1 21 33 8.372105042045336450e+04 
1 1 21 34 8.372173652849030623e+04 
1 1 21 35 8.372548739156076044e+04 
1 1 21 36 8.367831537981632573e+04 
1 1 21 37 8.372223758565321623e+04 
1 1 21 38 8.372390841191833897e+04 
1 1 21 39 8.372060929362972092e+04 
1 1 21 40 8.372544234979800240e+04 
1 1 21 41 8.371719688213319751e+04 
1 1 21 42 8.370651787106030679e+04 
1 1 21 43 8.372458347490771848e+04 
1 1 21 44 8.372652351019573689e+04 
1 1 21 45 8.372547547031923023e+04 
1 1 21 46 8.371947046033131483e+04 
1 1 21 47 8.372735598469748220e+04 
1 1 21 48 8.372598324601793138e+04 
1 1 21 49 8.364189173285555444e+04 
1 1 21 50 8.369318482671589300e+04 
1 1 21 51 8.372032770713178616e+04 
1 1 22 22 8.404089378409110941e+04 
1 1 22 23 8.371785731648415094e+04 
1 1 22 24 8.371929725702687574e+04 
1 1 22 25 8.363772796466408181e+04 
1 1 22 26 8.371836216057582351e+04 
1 1 22 27 8.365549008614753257e+04 
1 1 22 28 8.371912630326380895e+04 
1 1 22 29 8.361859227938615368e+04 
1 1 22 30 8.371751078833379142e+04 
1 1 22 31 8.372470382631167013e+04 
1 1 22 32 8.371986569575866451e+04 
1 1 22 33 8.371677004473710258e+04 
1 1 22 34 8.371745615277404431e+04 
1 1 22 35 8.372120701584449853e+04 
1 1 22 36 8.372003500410007837e+04 
1 1 22 37 8.371795720993696887e+04 
1 1 22 38 8.371962803620207706e+04 
1 1 22 39 8.371632891791347356e+04 
1 1 22 40 8.370116197408175503e+04 
1 1 22 41 8.372191650641695014e+04 
1 1 22 42 8.371923749534405943e+04 
1 1 22 43 8.372030309919145657e+04 
1 1 22 44 8.372224313447947497e+04 
1 1 22 45 8.372119509460296831e+04 
1 1 22 46 8.371519008461506746e+04 
1 1 22 47 8.364507560898122028e+04 
1 1 22 48 8.372170287030168402e+04 
1 1 22 49 8.371761135713929252e+04 
1 1 22 50 8.372090445099964563e+04 
1 1 22 51 8.371604733141553879e+04 
1 1 23 23 8.403246327521039348e+04 
1 1 23 24 8.371804397855546267e+04 
1 1 23 25 8.366247468619265419e+04 
1 1 23 26 8.371710888210439589e+04 
1 1 23 27 8.371623680767610495e+04 
1 1 23 28 8.371787302479238133e+04 
1 1 23 29 8.371533900091474061e+04 
1 1 23 30 8.371625750986237836e+04 
1 1 23 31 8.371245054784024251e+04 
1 1 23 32 8.371861241728723689e+04 
1 1 23 33 8.371551676626568951e+04 
1 1 23 34 8.371620287430261669e+04 
1 1 23 35 8.371995373737308546e+04 
1 1 23 36 8.371878172562866530e+04 
1 1 23 37 8.369170393146554125e+04 
1 1 23 38 8.371837475773064943e+04 
1 1 23 39 8.371507563944204594e+04 
1 1 23 40 8.371990869561032741e+04 
1 1 23 41 8.372066322794552252e+04 
1 1 23 42 8.371698421687264636e+04 
1 1 23 43 8.364104982072004350e+04 
1 1 23 44 8.372098985600804735e+04 
1 1 23 45 8.364294181613155524e+04 
1 1 23 46 8.371393680614365439e+04 
1 1 23 47 8.372182233050980722e+04 
1 1 23 48 8.368344959183025640e+04 
1 1 23 49 8.367835807866786490e+04 
1 1 23 50 8.366065117252823256e+04 
1 1 23 51 8.371479405294412572e+04 
1 1 24 24 8.404418942498826073e+04 
1 1 24 25 8.372291462673537899e+04 
1 1 24 26 8.371854882264713524e+04 
1 1 24 27 8.369167674821884430e+04 
1 1 24 28 8.368831296533509158e+04 
1 1 24 29 8.371677894145745086e+04 
1 1 24 30 8.371769745040510315e+04 
1 1 24 31 8.372489048838298186e+04 
1 1 24 32 8.372005235782997624e+04 
1 1 24 33 8.371695670680841431e+04 
1 1 24 34 8.371764281484535604e+04 
1 1 24 35 8.362839367791581026e+04 
1 1 24 36 8.372022166617137555e+04 
1 1 24 37 8.367614387200825149e+04 
1 1 24 38 8.371981469827338879e+04 
1 1 24 39 8.371651557998477074e+04 
1 1 24 40 8.372134863615303766e+04 
1 1 24 41 8.372210316848823277e+04 
1 1 24 42 8.371942415741535660e+04 
1 1 24 43 8.363348976126278285e+04 
1 1 24 44 8.372242979655078670e+04 
1 1 24 45 8.371338175667428004e+04 
1 1 24 46 8.364137674668636464e+04 
1 1 24 47 8.372326227105253201e+04 
1 1 24 48 8.372188953237296664e+04 
1 1 24 49 8.371779801921060425e+04 
1 1 24 50 8.372109111307094281e+04 
1 1 24 51 8.364323399348685052e+04 
1 1 25 25 8.396886824886783143e+04 
1 1 25 26 8.372197953028432676e+04 
1 1 25 27 8.372110745585602126e+04 
1 1 25 28 8.366174367297231220e+04 
1 1 25 29 8.372020964909465692e+04 
1 1 25 30 8.372112815804229467e+04 
1 1 25 31 8.366832119602015882e+04 
1 1 25 32 8.372348306546716776e+04 
1 1 25 33 8.372038741444560583e+04 
1 1 25 34 8.372107352248254756e+04 
1 1 25 35 8.368982438555300178e+04 
1 1 25 36 8.372365237380858161e+04 
1 1 25 37 8.369357457964547211e+04 
1 1 25 38 8.372324540591058030e+04 
1 1 25 39 8.371994628762197681e+04 
1 1 25 40 8.372477934379025828e+04 
1 1 25 41 8.372553387612545339e+04 
1 1 25 42 8.372285486505256267e+04 
1 1 25 43 8.370292046889995981e+04 
1 1 25 44 8.364986050418796367e+04 
1 1 25 45 8.372481246431147156e+04 
1 1 25 46 8.365580745432357071e+04 
1 1 25 47 8.372669297868972353e+04 
1 1 25 48 8.372532024001018726e+04 
1 1 25 49 8.366122872684779577e+04 
1 1 25 50 8.372452182070814888e+04 
1 1 25 51 8.367766470112404204e+04 
1 1 26 26 8.407082866783095233e+04 
1 1 26 27 8.371674165176777751e+04 
1 1 26 28 8.371837786888405390e+04 
1 1 26 29 8.371584384500639862e+04 
1 1 26 30 8.371676235395405092e+04 
1 1 26 31 8.372395539193191507e+04 
1 1 26 32 8.371911726137890946e+04 
1 1 26 33 8.371602161035734753e+04 
1 1 26 34 8.371670771839430381e+04 
1 1 26 35 8.365845858146474347e+04 
1 1 26 36 8.371928656972032331e+04 
1 1 26 37 8.371720877555719926e+04 
1 1 26 38 8.371887960182233655e+04 
1 1 26 39 8.371558048353371851e+04 
1 1 26 40 8.371741353970199998e+04 
1 1 26 41 8.372116807203719509e+04 
1 1 26 42 8.371848906096430437e+04 
1 1 26 43 8.363755466481171607e+04 
1 1 26 44 8.372149470009971992e+04 
1 1 26 45 8.363144666022321326e+04 
1 1 26 46 8.365144165023531241e+04 
1 1 26 47 8.363132717460146523e+04 
1 1 26 48 8.365995443592192896e+04 
1 1 26 49 8.363786292275953747e+04 
1 1 26 50 8.366115601661989058e+04 
1 1 26 51 8.371529889703579829e+04 
1 1 27 27 8.408342784969038621e+04 
1 1 27 28 8.371750579445574840e+04 
1 1 27 29 8.371497177057810768e+04 
1 1 27 30 8.371589027952575998e+04 
1 1 27 31 8.372308331750362413e+04 
1 1 27 32 8.371824518695061852e+04 
1 1 27 33 8.371514953592905658e+04 
1 1 27 34 8.371583564396599832e+04 
1 1 27 35 8.371958650703645253e+04 
1 1 27 36 8.370641449529203237e+04 
1 1 27 37 8.371633670112890832e+04 
1 1 27 38 8.371800752739403106e+04 
1 1 27 39 8.361670840910542756e+04 
1 1 27 40 8.370054146527370904e+04 
1 1 27 41 8.372029599760888959e+04 
1 1 27 42 8.371761698653601343e+04 
1 1 27 43 8.371868259038342512e+04 
1 1 27 44 8.372062262567142898e+04 
1 1 27 45 8.371957458579492231e+04 
1 1 27 46 8.371356957580702147e+04 
1 1 27 47 8.372145510017317429e+04 
1 1 27 48 8.364708236149362347e+04 
1 1 27 49 8.371599084833124653e+04 
1 1 27 50 8.371928394219159964e+04 
1 1 27 51 8.371442682260750735e+04 
1 1 28 28 8.403587527880772541e+04 
1 1 28 29 8.371660798769436951e+04 
1 1 28 30 8.366452649664200726e+04 
1 1 28 31 8.372471953461988596e+04 
1 1 28 32 8.371988140406689490e+04 
1 1 28 33 8.371678575304533297e+04 
1 1 28 34 8.371747186108227470e+04 
1 1 28 35 8.372122272415272892e+04 
1 1 28 36 8.371705071240829420e+04 
1 1 28 37 8.371797291824517015e+04 
1 1 28 38 8.371964374451030744e+04 
1 1 28 39 8.369034462622167484e+04 
1 1 28 40 8.372117768238997087e+04 
1 1 28 41 8.370993221472515143e+04 
1 1 28 42 8.371925320365227526e+04 
1 1 28 43 8.372031880749968695e+04 
1 1 28 44 8.372225884278769081e+04 
1 1 28 45 8.368821080291119870e+04 
1 1 28 46 8.371520579292328330e+04 
1 1 28 47 8.372309131728945067e+04 
1 1 28 48 8.372171857860989985e+04 
1 1 28 49 8.371762706544750836e+04 
1 1 28 50 8.372092015930786147e+04 
1 1 28 51 8.371606303972375463e+04 
1 1 29 29 8.410337616435429663e+04 
1 1 29 30 8.369299247276436654e+04 
1 1 29 31 8.372218551074224524e+04 
1 1 29 32 8.371734738018923963e+04 
1 1 29 33 8.371425172916769225e+04 
1 1 29 34 8.367593783720461943e+04 
1 1 29 35 8.365568870027507364e+04 
1 1 29 36 8.371751668853063893e+04 
1 1 29 37 8.371543889436752943e+04 
1 1 29 38 8.370710972063265217e+04 
1 1 29 39 8.363981060234403412e+04 
1 1 29 40 8.370564365851231560e+04 
1 1 29 41 8.371939819084751070e+04 
1 1 29 42 8.371671917977461999e+04 
1 1 29 43 8.371778478362203168e+04 
1 1 29 44 8.371972481891005009e+04 
1 1 29 45 8.371867677903354343e+04 
1 1 29 46 8.371267176904564258e+04 
1 1 29 47 8.372055729341179540e+04 
1 1 29 48 8.371918455473224458e+04 
1 1 29 49 8.371509304156986764e+04 
1 1 29 50 8.371838613543022075e+04 
1 1 29 51 8.371352901584609936e+04 
1 1 30 30 8.407738788196959649e+04 
1 1 30 31 8.372310401968989754e+04 
1 1 30 32 8.362026588913689193e+04 
1 1 30 33 8.368617023811532999e+04 
1 1 30 34 8.371585634615227173e+04 
1 1 30 35 8.371960720922272594e+04 
1 1 30 36 8.363443519747829123e+04 
1 1 30 37 8.371635740331516718e+04 
1 1 30 38 8.371802822958030447e+04 
1 1 30 39 8.366372911129168642e+04 
1 1 30 40 8.365656216745995334e+04 
1 1 30 41 8.372031669979514845e+04 
1 1 30 42 8.371763768872227229e+04 
1 1 30 43 8.371870329256969853e+04 
1 1 30 44 8.366664332785770239e+04 
1 1 30 45 8.371959528798119572e+04 
1 1 30 46 8.371359027799328032e+04 
1 1 30 47 8.364447580235944770e+04 
1 1 30 48 8.372010306367988233e+04 
1 1 30 49 8.371601155051751994e+04 
1 1 30 50 8.371330464437785849e+04 
1 1 30 51 8.371444752479376621e+04 
1 1 31 31 8.392274315533228219e+04 
1 1 31 32 8.367045892711475608e+04 
1 1 31 33 8.372236327609319414e+04 
1 1 31 34 8.372304938413013588e+04 
1 1 31 35 8.372680024720059009e+04 
1 1 31 36 8.372562823545616993e+04 
1 1 31 37 8.372355044129304588e+04 
1 1 31 38 8.371622126755816862e+04 
1 1 31 39 8.372192214926956512e+04 
1 1 31 40 8.372675520543783205e+04 
1 1 31 41 8.372750973777302715e+04 
1 1 31 42 8.372483072670015099e+04 
1 1 31 43 8.365989633054756268e+04 
1 1 31 44 8.372783636583556654e+04 
1 1 31 45 8.372678832595905988e+04 
1 1 31 46 8.372078331597115903e+04 
1 1 31 47 8.372866884033731185e+04 
1 1 31 48 8.372729610165776103e+04 
1 1 31 49 8.372320458849538409e+04 
1 1 31 50 8.365949768235573720e+04 
1 1 31 51 8.365864056277164491e+04 
1 1 32 32 8.404725516297183640e+04 
1 1 32 33 8.371752514554018853e+04 
1 1 32 34 8.371821125357713026e+04 
1 1 32 35 8.370796211664758448e+04 
1 1 32 36 8.372079010490316432e+04 
1 1 32 37 8.366971231074005482e+04 
1 1 32 38 8.372038313700516301e+04 
1 1 32 39 8.369008401871655951e+04 
1 1 32 40 8.364491707488484099e+04 
1 1 32 41 8.372267160722003609e+04 
1 1 32 42 8.371999259614714538e+04 
1 1 32 43 8.372105819999454252e+04 
1 1 32 44 8.369599823528256093e+04 
1 1 32 45 8.372195019540605426e+04 
1 1 32 46 8.371594518541815341e+04 
1 1 32 47 8.372383070978430624e+04 
1 1 32 48 8.363345797110476997e+04 
1 1 32 49 8.371836645794237847e+04 
1 1 32 50 8.372165955180273158e+04 
1 1 32 51 8.371680243221862474e+04 
1 1 33 33 8.404768649990703852e+04 
1 1 33 34 8.371511560255556833e+04 
1 1 33 35 8.367886646562603710e+04 
1 1 33 36 8.364169445388161694e+04 
1 1 33 37 8.371561665971849288e+04 
1 1 33 38 8.371728748598360107e+04 
1 1 33 39 8.371398836769499758e+04 
1 1 33 40 8.371882142386327905e+04 
1 1 33 41 8.362057595619847416e+04 
1 1 33 42 8.371689694512559799e+04 
1 1 33 43 8.371796254897299514e+04 
1 1 33 44 8.368890258426099899e+04 
1 1 33 45 8.363285454438450688e+04 
1 1 33 46 8.371284953439660603e+04 
1 1 33 47 8.372073505876275885e+04 
1 1 33 48 8.371936232008320803e+04 
1 1 33 49 8.367827080692081654e+04 
1 1 33 50 8.368156390078118420e+04 
1 1 33 51 8.371370678119707736e+04 
1 1 34 34 8.405767600752307044e+04 
1 1 34 35 8.371955257366296428e+04 
1 1 34 36 8.371838056191854412e+04 
1 1 34 37 8.363630276775543462e+04 
1 1 34 38 8.371797359402055736e+04 
1 1 34 39 8.371467447573195386e+04 
1 1 34 40 8.371950753190022078e+04 
1 1 34 41 8.372026206423541589e+04 
1 1 34 42 8.371758305316252518e+04 
1 1 34 43 8.371864865700993687e+04 
1 1 34 44 8.362958869229794072e+04 
1 1 34 45 8.365154065242143406e+04 
1 1 34 46 8.371353564243353321e+04 
1 1 34 47 8.372142116679968603e+04 
1 1 34 48 8.372004842812014977e+04 
1 1 34 49 8.371595691495777282e+04 
1 1 34 50 8.369725000881811138e+04 
1 1 34 51 8.371439288923401909e+04 
1 1 35 35 8.399493768143853231e+04 
1 1 35 36 8.372213142498901288e+04 
1 1 35 37 8.372005363082588883e+04 
1 1 35 38 8.372172445709099702e+04 
1 1 35 39 8.371842533880239353e+04 
1 1 35 40 8.372325839497067500e+04 
1 1 35 41 8.372401292730587011e+04 
1 1 35 42 8.372133391623299394e+04 
1 1 35 43 8.372239952008039108e+04 
1 1 35 44 8.372433955536839494e+04 
1 1 35 45 8.372329151549190283e+04 
1 1 35 46 8.371728650550400198e+04 
1 1 35 47 8.372517202987015480e+04 
1 1 35 48 8.372379929119060398e+04 
1 1 35 49 8.371970777802821249e+04 
1 1 35 50 8.372300087188858015e+04 
1 1 35 51 8.371814375230447331e+04 
1 1 36 36 8.399921670667000581e+04 
1 1 36 37 8.371888161908145412e+04 
1 1 36 38 8.367655244534657686e+04 
1 1 36 39 8.371725332705795881e+04 
1 1 36 40 8.367008638322624029e+04 
1 1 36 41 8.372284091556143539e+04 
1 1 36 42 8.372016190448855923e+04 
1 1 36 43 8.367022750833597092e+04 
1 1 36 44 8.372316754362397478e+04 
1 1 36 45 8.372211950374746812e+04 
1 1 36 46 8.371611449375956727e+04 
1 1 36 47 8.372400001812573464e+04 
1 1 36 48 8.372262727944616927e+04 
1 1 36 49 8.371853576628379233e+04 
1 1 36 50 8.363182886014414544e+04 
1 1 36 51 8.371697174056002405e+04 
1 1 37 37 8.399431946734328812e+04 
1 1 37 38 8.371847465118346736e+04 
1 1 37 39 8.371517553289483476e+04 
1 1 37 40 8.372000858906313078e+04 
1 1 37 41 8.372076312139831134e+04 
1 1 37 42 8.367208411032543518e+04 
1 1 37 43 8.368314971417284687e+04 
1 1 37 44 8.372108974946085073e+04 
1 1 37 45 8.372004170958435861e+04 
1 1 37 46 8.371403669959644321e+04 
1 1 37 47 8.372192222396261059e+04 
1 1 37 48 8.371954948528305977e+04 
1 1 37 49 8.371645797212066827e+04 
1 1 37 50 8.371975106598102138e+04 
1 1 37 51 8.371489394639691454e+04 
1 1 38 38 8.402955443726640078e+04 
1 1 38 39 8.371684635915997205e+04 
1 1 38 40 8.365567941532825353e+04 
1 1 38 41 8.372243394766344863e+04 
1 1 38 42 8.371975493659055792e+04 
1 1 38 43 8.372082054043796961e+04 
1 1 38 44 8.372276057572597347e+04 
1 1 38 45 8.372171253584946680e+04 
1 1 38 46 8.371570752586156595e+04 
1 1 38 47 8.372359305022771878e+04 
1 1 38 48 8.372222031154818251e+04 
1 1 38 49 8.371812879838580557e+04 
1 1 38 50 8.365042189224614413e+04 
1 1 38 51 8.371656477266205184e+04 
1 1 39 39 8.410466890443619923e+04 
1 1 39 40 8.371838029703963548e+04 
1 1 39 41 8.371913482937481604e+04 
1 1 39 42 8.371645581830193987e+04 
1 1 39 43 8.371752142214936612e+04 
1 1 39 44 8.371946145743736997e+04 
1 1 39 45 8.368641341756086331e+04 
1 1 39 46 8.371240840757294791e+04 
1 1 39 47 8.372029393193911528e+04 
1 1 39 48 8.371892119325956446e+04 
1 1 39 49 8.371482968009718752e+04 
1 1 39 50 8.371812277395752608e+04 
1 1 39 51 8.371326565437343379e+04 
1 1 40 40 8.399374077970924554e+04 
1 1 40 41 8.372396788554311206e+04 
1 1 40 42 8.372128887447022134e+04 
1 1 40 43 8.368435447831763304e+04 
1 1 40 44 8.372429451360565145e+04 
1 1 40 45 8.372324647372914478e+04 
1 1 40 46 8.371724146374122938e+04 
1 1 40 47 8.372512698810739676e+04 
1 1 40 48 8.372375424942784593e+04 
1 1 40 49 8.371966273626546899e+04 
1 1 40 50 8.370595583012580755e+04 
1 1 40 51 8.371809871054170071e+04 
1 1 41 41 8.400507146181093412e+04 
1 1 41 42 8.372204340680541645e+04 
1 1 41 43 8.372310901065282815e+04 
1 1 41 44 8.366504904594083200e+04 
1 1 41 45 8.372400100606433989e+04 
1 1 41 46 8.371799599607642449e+04 
1 1 41 47 8.366288152044259186e+04 
1 1 41 48 8.372450878176304104e+04 
1 1 41 49 8.368341726860064955e+04 
1 1 41 50 8.366471036246100266e+04 
1 1 41 51 8.368285324287689582e+04 
1 1 42 42 8.402865481928555528e+04 
1 1 42 43 8.372042999957995198e+04 
1 1 42 44 8.372237003486795584e+04 
1 1 42 45 8.372132199499146373e+04 
1 1 42 46 8.371531698500354833e+04 
1 1 42 47 8.372320250936971570e+04 
1 1 42 48 8.372182977069015033e+04 
1 1 42 49 8.362373825752777338e+04 
1 1 42 50 8.372103135138812650e+04 
1 1 42 51 8.371617423180401966e+04 
1 1 43 43 8.396425020284374477e+04 
1 1 43 44 8.362343563871536753e+04 
1 1 43 45 8.366838759883886087e+04 
1 1 43 46 8.371638258885096002e+04 
1 1 43 47 8.367726811321711284e+04 
1 1 43 48 8.372289537453756202e+04 
1 1 43 49 8.371880386137518508e+04 
1 1 43 50 8.372209695523553819e+04 
1 1 43 51 8.371723983565144590e+04 
1 1 44 44 8.400484917678551574e+04 
1 1 44 45 8.372432763412686472e+04 
1 1 44 46 8.371832262413896387e+04 
1 1 44 47 8.372620814850511670e+04 
1 1 44 48 8.372483540982556588e+04 
1 1 44 49 8.372074389666318893e+04 
1 1 44 50 8.372403699052354204e+04 
1 1 44 51 8.363517987093944976e+04 
1 1 45 45 8.402113072675587318e+04 
1 1 45 46 8.371727458426247176e+04 
1 1 45 47 8.372516010862862458e+04 
1 1 45 48 8.372378736994907376e+04 
1 1 45 49 8.362269585678668227e+04 
1 1 45 50 8.372298895064704993e+04 
1 1 45 51 8.371813183106292854e+04 
1 1 46 46 8.406957561516536225e+04 
1 1 46 47 8.371915509864072374e+04 
1 1 46 48 8.368978235996115836e+04 
1 1 46 49 8.371369084679878142e+04 
1 1 46 50 8.363598394065913453e+04 
1 1 46 51 8.371212682107502769e+04 
1 1 47 47 8.394061280669693951e+04 
1 1 47 48 8.367466788432732574e+04 
1 1 47 49 8.372157637116493424e+04 
1 1 47 50 8.368286946502530191e+04 
1 1 47 51 8.368501234544119507e+04 
1 1 48 48 8.400780473216295650e+04 
1 1 48 49 8.372020363248539797e+04 
1 1 48 50 8.371649672634573653e+04 
1 1 48 51 8.371863960676162969e+04 
1 1 49 49 8.407128981718563591e+04 
1 1 49 50 8.371940521318335959e+04 
1 1 49 51 8.371454809359926730e+04 
1 1 50 50 8.402195551111994428e+04 
1 1 50 51 8.371784118745960586e+04 
1 1 51 51 8.410514691098924959e+04 
1 2 1 1 6.935864790760643973e-09 
2 1 1 1 9.999999999993099964e-01 
2 1 1 2 3.954771547613901150e-01 
2 1 1 3 1.365984312069557505e-01 
2 1 1 4 4.206737642947647737e-01 
2 1 1 5 3.869685147359909205e-01 
2 1 1 6 1.046451825762467619e-01 
2 1 1 7 4.376515438754856047e-01 
2 1 1 8 7.902406290708645364e-02 
2 1 1 9 5.886568729670242917e-01 
2 1 1 10 3.919963716497256723e-01 
2 1 1 11 1.337430866410100061e-01 
2 1 1 12 7.329348108741211565e-01 
2 1 1 13 9.722092381096907043e-02 
2 1 1 14 1.471135516291015854e-01 
2 1 1 15 5.025991713798727556e-01 
2 1 1 16 4.806277055009702120e-02 
2 1 1 17 1.127810563252385351e-01 
2 1 1 18 2.038865197709560650e-01 
2 1 1 19 1.443750206530901858e-01 
2 1 1 20 2.048828071060331268e-01 
2 1 1 21 8.866734558148453918e-03 
2 1 1 22 2.996394313838962944e-02 
2 1 1 23 1.473920891419434331e-01 
2 1 1 24 2.232461189023731210e-02 
2 1 1 25 3.829742298454647531e-01 
2 1 1 26 1.678773465319313152e-01 
2 1 1 27 1.037331443669295972e-01 
2 1 1 28 1.088557298250367456e-01 
2 1 1 29 5.538661076417170787e-02 
2 1 1 30 6.140882272363750172e-01 
2 1 1 31 8.381643043382697167e-02 
2 1 1 32 3.867120764790784038e-01 
2 1 1 33 8.687876916581438458e-01 
2 1 1 34 3.827955099356698115e-02 
2 1 1 35 9.053895022641231249e-02 
2 1 1 36 5.948016690291770825e-01 
2 1 1 37 7.733240705243572821e-02 
2 1 1 38 5.937925200042754731e-02 
2 1 1 39 1.383900436645013055e-01 
2 1 1 40 1.840620238701736189e-01 
2 1 1 41 5.364901150139013142e-01 
2 1 1 42 2.170392206593950088e-02 
2 1 1 43 3.184682232483401765e-01 
2 1 1 44 5.095242472283144641e-01 
2 1 1 45 3.958747471332766388e-01 
2 1 1 46 9.090958872688890968e-02 
2 1 1 47 7.078090880292937925e-02 
2 1 1 48 1.164772302556244532e-01 
2 1 1 49 1.032280580977944923e-01 
2 1 1 50 3.228743086774915061e-01 
2 1 1 51 8.081427031877153055e-02 
2 1 2 2 3.954771547557658917e-01 
2 1 2 3 -6.043731103372609187e-03 
2 1 2 4 -3.892503652823624261e-02 
2 1 2 5 2.776500079900407272e-02 
2 1 2 6 1.221605045971615316e-01 
2 1 2 7 2.261616493489096089e-02 
2 1 2 8 -1.748483253629198528e-02 
2 1 2 9 2.369442089766037596e-01 
2 1 2 10 2.493717879483472177e-01 
2 1 2 11 -2.658295740183055575e-02 
2 1 2 12 4.699914618902580887e-01 
2 1 2 13 8.360218194274103565e-02 
2 1 2 14 2.264794512944426352e-01 
2 1 2 15 1.334223201813911353e-01 
2 1 2 16 -3.819094093971505538e-02 
2 1 2 17 1.684596146721221155e-01 
2 1 2 18 -1.800327067143566535e-03 
2 1 2 19 8.633724448731659729e-02 
2 1 2 20 7.159313839070077790e-02 
2 1 2 21 -2.399966495517211196e-02 
2 1 2 22 -2.277087243020248740e-04 
2 1 2 23 -1.065618371284648286e-02 
2 1 2 24 -3.276961651142883819e-02 
2 1 2 25 -4.412266909662607151e-02 
2 1 2 26 2.259918475425886503e-02 
2 1 2 27 1.204635067871643317e-01 
2 1 2 28 4.370193074271707680e-04 
2 1 2 29 -4.723861797382897243e-02 
2 1 2 30 4.602997086093592038e-01 
2 1 2 31 -1.595700993661070552e-03 
2 1 2 32 3.761604278394574119e-01 
2 1 2 33 3.884730134152317715e-01 
2 1 2 34 -6.820802739586999397e-02 
2 1 2 35 -1.001111160914106152e-01 
2 1 2 36 4.476193053210723583e-01 
2 1 2 37 1.261475126501135913e-01 
2 1 2 38 3.428000011606448932e-02 
2 1 2 39 6.611686939777883243e-02 
2 1 2 40 2.451215715595456146e-01 
2 1 2 41 2.003125382463343540e-01 
2 1 2 42 7.497938231749363188e-04 
2 1 2 43 8.851064448332057744e-02 
2 1 2 44 5.881538586871550012e-02 
2 1 2 45 -2.904644772688174184e-02 
2 1 2 46 6.488406002677736669e-04 
2 1 2 47 6.671240421394257492e-02 
2 1 2 48 1.531521197416187419e-01 
2 1 2 49 -6.182174586321530219e-02 
2 1 2 50 1.808067215393584226e-01 
2 1 2 51 -3.709562138623858502e-02 
2 1 3 3 1.365984312115926802e-01 
2 1 3 4 8.651299331679673799e-02 
2 1 3 5 2.163045034774156716e-01 
2 1 3 6 -7.652907796558755527e-02 
2 1 3 7 -2.086940957308736858e-03 
2 1 3 8 5.066444627346250451e-02 
2 1 3 9 -1.307565245961168215e-02 
2 1 3 10 1.619511758131973178e-01 
2 1 3 11 -5.680261441222073798e-02 
2 1 3 12 1.968674975053663970e-02 
2 1 3 13 -6.994857709392186818e-02 
2 1 3 14 -3.858659166853621592e-02 
2 1 3 15 2.347536097120934973e-01 
2 1 3 16 6.035703268758972617e-02 
2 1 3 17 -4.305427514574548808e-02 
2 1 3 18 1.634286729184090403e-01 
2 1 3 19 6.203940832386017207e-02 
2 1 3 20 1.091379719864861708e-01 
2 1 3 21 3.194770021752178085e-02 
2 1 3 22 5.466527713456303256e-02 
2 1 3 23 -6.564814080214523284e-02 
2 1 3 24 -2.172730383005578789e-02 
2 1 3 25 1.462175697519043360e-01 
2 1 3 26 -8.238198636009315401e-02 
2 1 3 27 7.495757905468201920e-02 
2 1 3 28 1.144396870667541560e-01 
2 1 3 29 7.913233901515857871e-02 
2 1 3 30 8.871297593929289294e-02 
2 1 3 31 2.842850729405876214e-02 
2 1 3 32 4.323682965887878926e-02 
2 1 3 33 4.832368924431353768e-02 
2 1 3 34 1.109729762551352888e-02 
2 1 3 35 5.600627247544723991e-02 
2 1 3 36 3.887752128904060564e-03 
2 1 3 37 2.802230484496446607e-03 
2 1 3 38 7.545947412230193108e-02 
2 1 3 39 1.200573421350671771e-01 
2 1 3 40 3.309974134751596242e-02 
2 1 3 41 -5.033458519935631037e-02 
2 1 3 42 -1.189586443586827282e-02 
2 1 3 43 -6.225297984241038793e-03 
2 1 3 44 1.665881854383100547e-01 
2 1 3 45 3.928374602224747603e-03 
2 1 3 46 -6.721464980582106397e-02 
2 1 3 47 -7.765697649064277897e-02 
2 1 3 48 -8.601026082727925015e-02 
2 1 3 49 -2.896458862808766466e-02 
2 1 3 50 -9.512100633885406387e-02 
2 1 3 51 5.406547578396538739e-02 
2 1 4 4 4.206737642883733863e-01 
2 1 4 5 2.296167452574869872e-01 
2 1 4 6 2.368148772465363330e-02 
2 1 4 7 3.936742250713885505e-01 
2 1 4 8 1.278934351926362956e-01 
2 1 4 9 3.639947921572996847e-01 
2 1 4 10 1.064733797370390374e-02 
2 1 4 11 1.553651338207160670e-01 
2 1 4 12 2.161147213221258634e-01 
2 1 4 13 6.043986186527092186e-02 
2 1 4 14 -9.558344952534654493e-02 
2 1 4 15 2.048707399871873558e-01 
2 1 4 16 2.814672391157273940e-02 
2 1 4 17 -9.521702530285777732e-02 
2 1 4 18 1.126822541818712775e-01 
2 1 4 19 1.021902978455707933e-01 
2 1 4 20 -2.877875561164858296e-03 
2 1 4 21 2.467920579461665639e-02 
2 1 4 22 -7.564853276098042721e-03 
2 1 4 23 1.314825951939733450e-01 
2 1 4 24 4.027481517734963351e-02 
2 1 4 25 2.596564727499469094e-01 
2 1 4 26 1.309050024122065947e-01 
2 1 4 27 -5.636603807902932500e-02 
2 1 4 28 3.482610802093900892e-02 
2 1 4 29 8.613876882394135015e-02 
2 1 4 30 4.119574283739459858e-02 
2 1 4 31 -3.361098931185370429e-03 
2 1 4 32 -6.115171074849016369e-02 
2 1 4 33 4.067788810822088319e-01 
2 1 4 34 7.235211485798323516e-02 
2 1 4 35 1.689107390693322663e-01 
2 1 4 36 1.271366438079251093e-01 
2 1 4 37 -9.680614664720399443e-02 
2 1 4 38 2.221168571995445901e-02 
2 1 4 39 -3.391883432735015406e-03 
2 1 4 40 -7.662698867024131388e-02 
2 1 4 41 3.395247731011062364e-01 
2 1 4 42 5.328818913040630351e-02 
2 1 4 43 7.384481136429560388e-02 
2 1 4 44 2.339022789929752488e-01 
2 1 4 45 3.629108013888402984e-01 
2 1 4 46 9.686720639934839894e-02 
2 1 4 47 5.803217249220601892e-03 
2 1 4 48 -3.029301956696209969e-02 
2 1 4 49 1.589084831734048353e-01 
2 1 4 50 1.752033182019321345e-01 
2 1 4 51 3.294392934085955960e-02 
2 1 5 5 3.869685147276851200e-01 
2 1 5 6 -9.868969099184042582e-02 
2 1 5 7 1.092188484440548557e-01 
2 1 5 8 8.042039512195792161e-02 
2 1 5 9 8.812404848281421565e-02 
2 1 5 10 2.801614331470681507e-01 
2 1 5 11 -3.045409869533601335e-02 
2 1 5 12 1.337305136377358039e-01 
2 1 5 13 -8.633950850631985641e-02 
2 1 5 14 -4.916726021770281146e-02 
2 1 5 15 4.264560213760192897e-01 
2 1 5 16 1.053186941759190615e-01 
2 1 5 17 -4.833189250395589914e-02 
2 1 5 18 2.730291595537971960e-01 
2 1 5 19 8.960931208248597291e-02 
2 1 5 20 2.004485218944332126e-01 
2 1 5 21 4.793395881195663261e-02 
2 1 5 22 8.273439226244769240e-02 
2 1 5 23 -3.680528176563988701e-02 
2 1 5 24 -1.239022186950382298e-02 
2 1 5 25 3.194074186310402186e-01 
2 1 5 26 -6.081316779669224820e-02 
2 1 5 27 1.047978063504412249e-01 
2 1 5 28 1.837998871285277391e-01 
2 1 5 29 1.242997179507182998e-01 
2 1 5 30 2.032869425101619665e-01 
2 1 5 31 7.384703093461901513e-02 
2 1 5 32 9.649985258025382817e-02 
2 1 5 33 2.242011039113888382e-01 
2 1 5 34 4.267250265696594103e-02 
2 1 5 35 1.153668567239564263e-01 
2 1 5 36 7.785034136875687572e-02 
2 1 5 37 8.979145342990506665e-03 
2 1 5 38 1.030826911541201513e-01 
2 1 5 39 1.865546377543542689e-01 
2 1 5 40 4.571959589413197855e-02 
2 1 5 41 3.699404422883260241e-02 
2 1 5 42 -1.548096692020205570e-02 
2 1 5 43 8.690239475249364465e-02 
2 1 5 44 3.673516103421378687e-01 
2 1 5 45 1.232702664702740869e-01 
2 1 5 46 -6.157539999910575240e-02 
2 1 5 47 -9.100731879924221779e-02 
2 1 5 48 -1.065843368253198281e-01 
2 1 5 49 3.058095956990597268e-03 
2 1 5 50 -7.528876339310516808e-02 
2 1 5 51 1.107680792205971987e-01 
2 1 6 6 1.046451825733444307e-01 
2 1 6 7 9.475736043226749838e-02 
2 1 6 8 4.476174405350901581e-03 
2 1 6 9 1.799430219762267746e-01 
2 1 6 10 -4.149980491406721206e-02 
2 1 6 11 5.771173870230601743e-02 
2 1 6 12 1.911010888945324782e-01 
2 1 6 13 9.759514396965790484e-02 
2 1 6 14 7.461442929627962184e-02 
2 1 6 15 -8.818405329298523165e-02 
2 1 6 16 -5.881863874382985136e-02 
2 1 6 17 4.967667610793893157e-02 
2 1 6 18 -9.533978869415639379e-02 
2 1 6 19 3.253547681250869295e-02 
2 1 6 20 -7.870412767633899742e-02 
2 1 6 21 -2.333516929520444705e-02 
2 1 6 22 -4.435849576969639468e-02 
2 1 6 23 5.622049519409171026e-02 
2 1 6 24 5.695120749966286686e-03 
2 1 6 25 -8.871648134047201151e-02 
2 1 6 26 8.103276635241049575e-02 
2 1 6 27 -2.525414626898158516e-02 
2 1 6 28 -7.903872004069940893e-02 
2 1 6 29 -4.648989228425871173e-02 
2 1 6 30 8.760734678712331358e-02 
2 1 6 31 -4.443140487498046381e-02 
2 1 6 32 7.220219695197252485e-02 
2 1 6 33 1.825368241468858510e-01 
2 1 6 34 -2.382327099578396279e-02 
2 1 6 35 -3.425737353190604073e-02 
2 1 6 36 1.794933339047919407e-01 
2 1 6 37 5.750436072662861234e-03 
2 1 6 38 -2.644456255938797823e-02 
2 1 6 39 -6.860562889228112582e-02 
2 1 6 40 4.510370561902431880e-02 
2 1 6 41 1.797413543684674986e-01 
2 1 6 42 2.929442068444881170e-02 
2 1 6 43 4.696662827648427976e-03 
2 1 6 44 -8.494194815652043873e-02 
2 1 6 45 5.357176458844953304e-02 
2 1 6 46 6.307061073349141955e-02 
2 1 6 47 6.955443329990348977e-02 
2 1 6 48 9.778910572860234629e-02 
2 1 6 49 2.992553349663540363e-02 
2 1 6 50 1.689045034406110313e-01 
2 1 6 51 -6.188443323545264607e-02 
2 1 7 7 4.376515438722501372e-01 
2 1 7 8 9.360788927147217775e-02 
2 1 7 9 4.379633725579520354e-01 
2 1 7 10 -5.734536476666551863e-02 
2 1 7 11 2.100602445792060513e-01 
2 1 7 12 2.927812978968136748e-01 
2 1 7 13 1.236668135652970180e-01 
2 1 7 14 -4.114126765775805161e-02 
2 1 7 15 8.803880463254855349e-02 
2 1 7 16 -1.166062595946334816e-02 
2 1 7 17 -4.170930841578217307e-02 
2 1 7 18 1.226559300510977196e-02 
2 1 7 19 6.918752476813545826e-02 
2 1 7 20 -5.559094948088946081e-02 
2 1 7 21 4.890238875178637770e-04 
2 1 7 22 -4.420746652856127196e-02 
2 1 7 23 1.962894350451028502e-01 
2 1 7 24 5.833334002089246573e-02 
2 1 7 25 1.915041805918429874e-01 
2 1 7 26 2.111358488538764844e-01 
2 1 7 27 -9.605930936277201626e-02 
2 1 7 28 -3.797287021887464642e-02 
2 1 7 29 2.960013597504666111e-02 
2 1 7 30 5.799032528615570559e-02 
2 1 7 31 -1.187079076049444779e-02 
2 1 7 32 -3.687764253458391400e-02 
2 1 7 33 4.718930254894830312e-01 
2 1 7 34 6.637315542320684769e-02 
2 1 7 35 1.311331637837516717e-01 
2 1 7 36 2.005199115239893193e-01 
2 1 7 37 -8.299465132001368484e-02 
2 1 7 38 -2.823992989575143525e-02 
2 1 7 39 -7.460907391392999910e-02 
2 1 7 40 -7.275197716856322827e-02 
2 1 7 41 4.360604279342124578e-01 
2 1 7 42 6.234463383882123122e-02 
2 1 7 43 1.216889014847149092e-01 
2 1 7 44 1.696476452668242707e-01 
2 1 7 45 3.986577170544239879e-01 
2 1 7 46 1.561327554501010795e-01 
2 1 7 47 7.457797396380970445e-02 
2 1 7 48 5.274954211349221905e-02 
2 1 7 49 1.879904392514564759e-01 
2 1 7 50 2.836475937782461654e-01 
2 1 7 51 2.687836398917219007e-03 
2 1 8 8 7.902406291828223406e-02 
2 1 8 9 1.147098305164006432e-01 
2 1 8 10 5.504876876439493590e-03 
2 1 8 11 1.069884453369664319e-02 
2 1 8 12 6.332333254458716310e-02 
2 1 8 13 1.925964836357341170e-02 
2 1 8 14 -4.266934370976281643e-02 
2 1 8 15 6.509974826797113034e-02 
2 1 8 16 -4.610500360949569727e-03 
2 1 8 17 -6.351248180678484290e-02 
2 1 8 18 4.614842622513359166e-02 
2 1 8 19 9.172061567011451089e-02 
2 1 8 20 -3.598262046809200948e-02 
2 1 8 21 1.510785675717809737e-02 
2 1 8 22 -1.357372543920736495e-03 
2 1 8 23 -1.358327787580233814e-02 
2 1 8 24 -1.104015952045257418e-02 
2 1 8 25 2.604056372215111589e-02 
2 1 8 26 -1.168472836098552459e-02 
2 1 8 27 4.098365024674620175e-04 
2 1 8 28 1.470094484399607493e-02 
2 1 8 29 4.747339571312120948e-02 
2 1 8 30 3.789419285526489638e-03 
2 1 8 31 -4.684354092438428735e-02 
2 1 8 32 -2.314391228629389397e-02 
2 1 8 33 1.066483783191864709e-01 
2 1 8 34 -1.569632363293697701e-03 
2 1 8 35 5.265992588193551399e-02 
2 1 8 36 4.815197616356761690e-02 
2 1 8 37 -5.017844553052946271e-02 
2 1 8 38 4.188713848472237766e-02 
2 1 8 39 9.196971973650614959e-03 
2 1 8 40 -1.970923405743804299e-03 
2 1 8 41 8.231297538684537174e-02 
2 1 8 42 3.057176853378672926e-02 
2 1 8 43 -8.218220434085497794e-02 
2 1 8 44 1.415296070797489531e-03 
2 1 8 45 5.800528490504034546e-02 
2 1 8 46 -9.873700822242937811e-04 
2 1 8 47 -3.041381738827170222e-02 
2 1 8 48 -3.632384368081598841e-02 
2 1 8 49 2.213418010185844165e-02 
2 1 8 50 3.494851694869706427e-02 
2 1 8 51 -2.417839370510800612e-02 
2 1 9 9 5.886568729722577720e-01 
2 1 9 10 4.297806671554299518e-02 
2 1 9 11 1.787908567791239300e-01 
2 1 9 12 5.535307579341186557e-01 
2 1 9 13 1.905221980786613589e-01 
2 1 9 14 7.786727409316446247e-02 
2 1 9 15 1.125214828222992902e-01 
2 1 9 16 -6.005447824304370463e-02 
2 1 9 17 2.565228380631601190e-02 
2 1 9 18 -1.450133611096916103e-02 
2 1 9 19 1.643742729266161606e-01 
2 1 9 20 -7.782676604146629429e-02 
2 1 9 21 -1.260783645049706747e-02 
2 1 9 22 -5.740417888841148342e-02 
2 1 9 23 1.586090527558913499e-01 
2 1 9 24 2.406243448311507979e-02 
2 1 9 25 8.676957191519445167e-02 
2 1 9 26 1.981484224625552903e-01 
2 1 9 27 -3.263202958155471400e-02 
2 1 9 28 -6.134291778798790784e-02 
2 1 9 29 7.156062867497378112e-03 
2 1 9 30 2.840661204178752119e-01 
2 1 9 31 -6.498059394778475661e-02 
2 1 9 32 1.546828291442852166e-01 
2 1 9 33 6.720109520806480941e-01 
2 1 9 34 4.934494881805631325e-03 
2 1 9 35 6.823461057567282995e-02 
2 1 9 36 4.615797085355284879e-01 
2 1 9 37 -3.715674315652368886e-02 
2 1 9 38 7.017967926143482173e-03 
2 1 9 39 -5.816162719795650582e-02 
2 1 9 40 7.347794878835650634e-02 
2 1 9 41 5.504951365576209454e-01 
2 1 9 42 8.158995176684008532e-02 
2 1 9 43 7.213689350283125634e-02 
2 1 9 44 9.963458159733228070e-02 
2 1 9 45 3.420066286206307482e-01 
2 1 9 46 1.466844705198233345e-01 
2 1 9 47 9.976984124373497465e-02 
2 1 9 48 1.318389540177438701e-01 
2 1 9 49 1.404299639739866323e-01 
2 1 9 50 3.957087436320165796e-01 
2 1 9 51 -6.399204759262118458e-02 
2 1 10 10 3.919963716471262516e-01 
2 1 10 11 -1.081326283861899495e-01 
2 1 10 12 2.743872710072289278e-01 
2 1 10 13 -6.658635928431902440e-02 
2 1 10 14 1.147499390379621287e-01 
2 1 10 15 3.846834476398899860e-01 
2 1 10 16 6.998379004237847978e-02 
2 1 10 17 8.795253138987912944e-02 
2 1 10 18 2.082052798609517474e-01 
2 1 10 19 7.702288510936283750e-02 
2 1 10 20 2.344394185766691674e-01 
2 1 10 21 2.141827942299300708e-02 
2 1 10 22 8.231211527374290848e-02 
2 1 10 23 -9.314100176749608162e-02 
2 1 10 24 -4.401529812423782967e-02 
2 1 10 25 1.726912566589570430e-01 
2 1 10 26 -9.889815936884167880e-02 
2 1 10 27 1.857292200394780324e-01 
2 1 10 28 1.599177043577657553e-01 
2 1 10 29 5.316516922754305902e-02 
2 1 10 30 4.152380273947923195e-01 
2 1 10 31 7.699347469374122344e-02 
2 1 10 32 3.149773677337574518e-01 
2 1 10 33 2.349597812286969289e-01 
2 1 10 34 -2.404305387839519512e-02 
2 1 10 35 -1.743411177809025062e-02 
2 1 10 36 2.478344953097880443e-01 
2 1 10 37 1.198926754968773767e-01 
2 1 10 38 1.020395315939964936e-01 
2 1 10 39 2.129422007490463509e-01 
2 1 10 40 2.023433122923797289e-01 
2 1 10 41 -1.082020318849303588e-02 
2 1 10 42 -4.012424877140097906e-02 
2 1 10 43 1.087102309927205912e-01 
2 1 10 44 2.854611178200341381e-01 
2 1 10 45 -5.357841978897406182e-02 
2 1 10 46 -9.830327228702108455e-02 
2 1 10 47 -5.117401249937782171e-02 
2 1 10 48 -5.767870564608828035e-03 
2 1 10 49 -9.717719836733439143e-02 
2 1 10 50 -5.487238536513213555e-02 
2 1 10 51 7.620827982552259849e-02 
2 1 11 11 1.337430866539035812e-01 
2 1 11 12 7.944637031140955319e-02 
2 1 11 13 7.125829475569900318e-02 
2 1 11 14 -2.377709530494805795e-02 
2 1 11 15 -5.417693524259099142e-02 
2 1 11 16 -1.621584153933465153e-02 
2 1 11 17 -7.619764455906063126e-03 
2 1 11 18 -5.448071136758953631e-02 
2 1 11 19 -2.386129631360559694e-02 
2 1 11 20 -5.510150412889511240e-02 
2 1 11 21 -1.127749967599214753e-02 
2 1 11 22 -3.913990694917483804e-02 
2 1 11 23 1.359296906228276147e-01 
2 1 11 24 4.735041945339602681e-02 
2 1 11 25 6.529505402717275531e-02 
2 1 11 26 1.440448242776776466e-01 
2 1 11 27 -8.941542065429922137e-02 
2 1 11 28 -5.790601257077414993e-02 
2 1 11 29 -1.722311334805770935e-02 
2 1 11 30 -4.789362570506054684e-02 
2 1 11 31 4.426987384624016947e-03 
2 1 11 32 -6.898061893950642454e-02 
2 1 11 33 1.666112513856380095e-01 
2 1 11 34 4.376167758641024558e-02 
2 1 11 35 5.112295671969901978e-02 
2 1 11 36 3.980744843648457293e-02 
2 1 11 37 -4.346471322844571578e-02 
2 1 11 38 -5.687808874616030047e-02 
2 1 11 39 -8.606027767595131328e-02 
2 1 11 40 -7.920458342236820493e-02 
2 1 11 41 2.048775575625654544e-01 
2 1 11 42 2.647977001083159920e-02 
2 1 11 43 9.277371284392933737e-02 
2 1 11 44 4.469053881066100548e-02 
2 1 11 45 2.066154603196716233e-01 
2 1 11 46 1.071107075557802824e-01 
2 1 11 47 6.705968041003834701e-02 
2 1 11 48 4.869356250131730984e-02 
2 1 11 49 1.135244363351713415e-01 
2 1 11 50 1.510718255630743578e-01 
2 1 11 51 1.244215913391758833e-03 
2 1 12 12 7.329348108682058882e-01 
2 1 12 13 1.671669498460319203e-01 
2 1 12 14 2.257404886417069545e-01 
2 1 12 15 2.417588384650642686e-01 
2 1 12 16 -4.987936376970750901e-02 
2 1 12 17 1.482690296119334727e-01 
2 1 12 18 3.164382197279274472e-02 
2 1 12 19 1.787285472697689448e-01 
2 1 12 20 4.608649624477096501e-02 
2 1 12 21 -2.014107836794073667e-02 
2 1 12 22 -2.103552641060384490e-02 
2 1 12 23 8.055565542750196817e-02 
2 1 12 24 -1.393287844444773133e-02 
2 1 12 25 6.580470568008560395e-02 
2 1 12 26 1.273751701388367852e-01 
2 1 12 27 9.590934997577532650e-02 
2 1 12 28 -7.333503210962699463e-03 
2 1 12 29 -1.659527935754276026e-02 
2 1 12 30 5.783401371062978358e-01 
2 1 12 31 -2.597199895506932532e-02 
2 1 12 32 4.164739723398759863e-01 
2 1 12 33 7.494219252970406586e-01 
2 1 12 34 -4.590581140682226113e-02 
2 1 12 35 -2.510557171070073104e-02 
2 1 12 36 6.515406417443529996e-01 
2 1 12 37 8.481431000025756173e-02 
2 1 12 38 4.684269644740616384e-02 
2 1 12 39 4.898162852465507561e-02 
2 1 12 40 2.517300143798711365e-01 
2 1 12 41 4.941113678709690427e-01 
2 1 12 42 4.533260393820563033e-02 
2 1 12 43 1.332214060808117606e-01 
2 1 12 44 1.665297337915895293e-01 
2 1 12 45 1.972490266069545639e-01 
2 1 12 46 7.811863105975855315e-02 
2 1 12 47 1.008243521381487207e-01 
2 1 12 48 1.884101824232303213e-01 
2 1 12 49 3.261211979053404292e-02 
2 1 12 50 3.700350897670042771e-01 
2 1 12 51 -4.953852651528047740e-02 
2 1 13 13 9.722092381415325946e-02 
2 1 13 14 4.627983338341572217e-02 
2 1 13 15 -8.845345806585627746e-02 
2 1 13 16 -5.585870572303903991e-02 
2 1 13 17 2.465599944712118866e-02 
2 1 13 18 -8.877815170700718850e-02 
2 1 13 19 3.760122884908617680e-02 
2 1 13 20 -9.136178585631193894e-02 
2 1 13 21 -1.924958139896499471e-02 
2 1 13 22 -4.630542352342450346e-02 
2 1 13 23 6.498565331589387095e-02 
2 1 13 24 1.038451502022679461e-02 
2 1 13 25 -7.158661126249334095e-02 
2 1 13 26 8.744109599234727026e-02 
2 1 13 27 -4.095497070581106264e-02 
2 1 13 28 -7.871276412714235671e-02 
2 1 13 29 -3.510483014770068161e-02 
2 1 13 30 4.736165368808354509e-02 
2 1 13 31 -4.958030560593602171e-02 
2 1 13 32 3.229582129763650111e-02 
2 1 13 33 1.798090055920764652e-01 
2 1 13 34 -1.417102728130873596e-02 
2 1 13 35 -1.247200527859788043e-02 
2 1 13 36 1.515271889524288651e-01 
2 1 13 37 -1.557068297222901666e-02 
2 1 13 38 -2.627168722444248039e-02 
2 1 13 39 -7.688195051977576855e-02 
2 1 13 40 1.812583338089454946e-02 
2 1 13 41 1.901234870785575848e-01 
2 1 13 42 3.538024166301867446e-02 
2 1 13 43 -6.459067093939774989e-03 
2 1 13 44 -8.116510147885712401e-02 
2 1 13 45 8.183767785975944176e-02 
2 1 13 46 7.010662190937823335e-02 
2 1 13 47 6.317052579375131982e-02 
2 1 13 48 8.141417020708958951e-02 
2 1 13 49 4.712557361423791447e-02 
2 1 13 50 1.685173752910729406e-01 
2 1 13 51 -6.041187794811515854e-02 
2 1 14 14 1.471135516462174497e-01 
2 1 14 15 1.198554556203698836e-02 
2 1 14 16 -3.086163123044885145e-02 
2 1 14 17 1.193396312955631450e-01 
2 1 14 18 -4.139587817627600475e-02 
2 1 14 19 1.340139825214522844e-02 
2 1 14 20 3.209620412039040915e-02 
2 1 14 21 -2.253253911234629966e-02 
2 1 14 22 -6.344634240280639173e-03 
2 1 14 23 -7.154087282049993550e-03 
2 1 14 24 -1.705902035670246383e-02 
2 1 14 25 -7.270128872503964224e-02 
2 1 14 26 1.315566754233417346e-02 
2 1 14 27 6.204227877532878660e-02 
2 1 14 28 -2.071454353467688803e-02 
2 1 14 29 -5.322746383006804471e-02 
2 1 14 30 2.385363387330890761e-01 
2 1 14 31 4.202521173296574868e-03 
2 1 14 32 2.124341215801563432e-01 
2 1 14 33 1.511139935547156921e-01 
2 1 14 34 -4.570808621787288140e-02 
2 1 14 35 -8.816086457267455212e-02 
2 1 14 36 2.265363343392738926e-01 
2 1 14 37 8.763428069918274832e-02 
2 1 14 38 -6.195598704642112315e-04 
2 1 14 39 1.948118272232327031e-02 
2 1 14 40 1.388562858933116428e-01 
2 1 14 41 7.066114056607770977e-02 
2 1 14 42 -8.572664956445159856e-03 
2 1 14 43 5.778486058810005516e-02 
2 1 14 44 -1.152226436355459176e-02 
2 1 14 45 -6.117304033047367418e-02 
2 1 14 46 2.701525139220266910e-04 
2 1 14 47 5.208680435652664198e-02 
2 1 14 48 1.054794730183044454e-01 
2 1 14 49 -4.934013489695043136e-02 
2 1 14 50 8.976071563379803275e-02 
2 1 14 51 -2.632856898326803308e-02 
2 1 15 15 5.025991713722226528e-01 
2 1 15 16 1.127294730595856387e-01 
2 1 15 17 3.264072813617838274e-03 
2 1 15 18 3.011263007985520157e-01 
2 1 15 19 9.981669675759817506e-02 
2 1 15 20 2.584222328724833928e-01 
2 1 15 21 4.543100130736335562e-02 
2 1 15 22 9.717153090964143758e-02 
2 1 15 23 -5.124386446661170075e-02 
2 1 15 24 -2.267652248350536179e-02 
2 1 15 25 3.395859105945631118e-01 
2 1 15 26 -7.159990571111871094e-02 
2 1 15 27 1.546833590562790850e-01 
2 1 15 28 2.091221640592116349e-01 
2 1 15 29 1.182746062846196655e-01 
2 1 15 30 3.440631204058474668e-01 
2 1 15 31 9.550093474701773499e-02 
2 1 15 32 2.115216133408049370e-01 
2 1 15 33 3.064131948847849674e-01 
2 1 15 34 2.898991506422829781e-02 
2 1 15 35 8.872372242396427133e-02 
2 1 15 36 1.801248623285918449e-01 
2 1 15 37 5.730152952115892540e-02 
2 1 15 38 1.184085271295380881e-01 
2 1 15 39 2.317124944861575775e-01 
2 1 15 40 1.175389765567584066e-01 
2 1 15 41 5.232604766493582915e-02 
2 1 15 42 -2.757980889228042742e-02 
2 1 15 43 1.345537061271044610e-01 
2 1 15 44 4.269019691172578623e-01 
2 1 15 45 1.012914176942427691e-01 
2 1 15 46 -7.773042513936365139e-02 
2 1 15 47 -8.424923502072990955e-02 
2 1 15 48 -7.810207291461711276e-02 
2 1 15 49 -2.613331858938880425e-02 
2 1 15 50 -6.290080116927622422e-02 
2 1 15 51 1.230313475223099862e-01 
2 1 16 16 4.806277054779665298e-02 
2 1 16 17 -1.265950552548224944e-02 
2 1 16 18 8.329667067893153920e-02 
2 1 16 19 -2.136304501032904035e-02 
2 1 16 20 8.392871230190843135e-02 
2 1 16 21 1.481165409747891952e-02 
2 1 16 22 3.303618567417938856e-02 
2 1 16 23 -9.527278441795190844e-03 
2 1 16 24 4.062168856448104826e-03 
2 1 16 25 1.133995858807843177e-01 
2 1 16 26 -2.457920353143778353e-02 
2 1 16 27 2.427608745245482189e-02 
2 1 16 28 6.412275743500099601e-02 
2 1 16 29 3.198716431747604394e-02 
2 1 16 30 9.344120381905031067e-03 
2 1 16 31 5.022179131837867239e-02 
2 1 16 32 -5.555950721173106947e-03 
2 1 16 33 -2.647997358045387287e-02 
2 1 16 34 2.570427109478325145e-02 
2 1 16 35 3.207298764397267105e-02 
2 1 16 36 -5.957611164055448549e-02 
2 1 16 37 9.855374537196360391e-03 
2 1 16 38 1.574237141410814861e-02 
2 1 16 39 5.892711469574722638e-02 
2 1 16 40 -1.541963622645612340e-02 
2 1 16 41 -5.945429470794307003e-02 
2 1 16 42 -2.111195597601485049e-02 
2 1 16 43 5.641319337157818525e-02 
2 1 16 44 1.287248900851390154e-01 
2 1 16 45 1.810760265006680636e-02 
2 1 16 46 -2.575497696184560203e-02 
2 1 16 47 -3.158245735373070573e-02 
2 1 16 48 -4.681293855041069457e-02 
2 1 16 49 -3.258433189762042700e-03 
2 1 16 50 -7.534957111946120889e-02 
2 1 16 51 5.875611733526986402e-02 
2 1 17 17 1.127810563253846959e-01 
2 1 17 18 -3.758450148457154888e-02 
2 1 17 19 -3.418668563272203587e-02 
2 1 17 20 5.136132099231683484e-02 
2 1 17 21 -2.130913144130680559e-02 
2 1 17 22 -1.892303618550604310e-03 
2 1 17 23 1.664503228518654510e-02 
2 1 17 24 -1.171475452161992474e-03 
2 1 17 25 -2.970201552481217117e-02 
2 1 17 26 2.906259695453428799e-02 
2 1 17 27 4.093333027573881761e-02 
2 1 17 28 -1.440977386329555035e-02 
2 1 17 29 -5.436267537162238483e-02 
2 1 17 30 1.778736535865650670e-01 
2 1 17 31 3.436840118695818486e-02 
2 1 17 32 1.617655692655896593e-01 
2 1 17 33 9.165762757256656901e-02 
2 1 17 34 -2.225183533702157837e-02 
2 1 17 35 -7.368508811790926150e-02 
2 1 17 36 1.469202042702607569e-01 
2 1 17 37 8.350054934669022544e-02 
2 1 17 38 -2.112361929098213048e-02 
2 1 17 39 1.351516652179501551e-02 
2 1 17 40 9.292773029714990196e-02 
2 1 17 41 3.663036750015129239e-02 
2 1 17 42 -1.997611426131883430e-02 
2 1 17 43 1.034617932780069194e-01 
2 1 17 44 2.791507352190560759e-02 
2 1 17 45 -3.647452456057314468e-02 
2 1 17 46 9.451883018555647803e-03 
2 1 17 47 5.389714461096097031e-02 
2 1 17 48 9.110840336105796577e-02 
2 1 17 49 -3.152856313103152147e-02 
2 1 17 50 5.853618647085580273e-02 
2 1 17 51 3.552306360704654813e-03 
2 1 18 18 2.038865197768876536e-01 
2 1 18 19 5.163410167562951236e-02 
2 1 18 20 1.569406971839523712e-01 
2 1 18 21 3.713900014694817425e-02 
2 1 18 22 6.939380465707756240e-02 
2 1 18 23 -5.764325421278417710e-02 
2 1 18 24 -1.669131022332804443e-02 
2 1 18 25 2.133592042693789603e-01 
2 1 18 26 -7.974369492386565450e-02 
2 1 18 27 8.816442798238977030e-02 
2 1 18 28 1.445479431661627900e-01 
2 1 18 29 9.106900833030832920e-02 
2 1 18 30 1.218475034590809636e-01 
2 1 18 31 5.823888410618441314e-02 
2 1 18 32 6.038405020223915759e-02 
2 1 18 33 7.564576583101836893e-02 
2 1 18 34 2.528532983075677462e-02 
2 1 18 35 7.107576128789552805e-02 
2 1 18 36 5.054637965124565181e-03 
2 1 18 37 1.405420559730011232e-02 
2 1 18 38 8.009000277792795164e-02 
2 1 18 39 1.491571229967520451e-01 
2 1 18 40 3.381041643700596899e-02 
2 1 18 41 -5.065460619506637063e-02 
2 1 18 42 -2.177336432595984930e-02 
2 1 18 43 4.330301341171264445e-02 
2 1 18 44 2.481892066765835070e-01 
2 1 18 45 3.189029269410149220e-02 
2 1 18 46 -7.080904064273728371e-02 
2 1 18 47 -8.327335190989898495e-02 
2 1 18 48 -9.583017524821366151e-02 
2 1 18 49 -2.413258087127587853e-02 
2 1 18 50 -1.102678995880026908e-01 
2 1 18 51 8.535113034247397701e-02 
2 1 19 19 1.443750206530561575e-01 
2 1 19 20 -3.256246014951176548e-02 
2 1 19 21 1.257962145756116520e-02 
2 1 19 22 8.599155155012139229e-04 
2 1 19 23 -5.219472124872884256e-02 
2 1 19 24 -3.443273192355669754e-02 
2 1 19 25 -2.085786835413750914e-02 
2 1 19 26 -4.075505758279278357e-02 
2 1 19 27 4.620615600154408253e-02 
2 1 19 28 1.860052619086427841e-02 
2 1 19 29 4.471764744076713038e-02 
2 1 19 30 1.224082449090994895e-01 
2 1 19 31 -7.075812274883246100e-02 
2 1 19 32 7.836405355763295666e-02 
2 1 19 33 1.853118629484201418e-01 
2 1 19 34 -3.502237355289699455e-02 
2 1 19 35 2.109646274296195570e-02 
2 1 19 36 1.672301099215844078e-01 
2 1 19 37 -2.348003558733399720e-02 
2 1 19 38 7.080287859381716176e-02 
2 1 19 39 3.560181025664455046e-02 
2 1 19 40 7.877934111167918252e-02 
2 1 19 41 1.089662336458206426e-01 
2 1 19 42 3.586840384963184414e-02 
2 1 19 43 -1.175572723919651730e-01 
2 1 19 44 -2.537533947192919040e-02 
2 1 19 45 7.300393802060971098e-03 
2 1 19 46 -2.287140075400995523e-02 
2 1 19 47 -3.208432701458985292e-02 
2 1 19 48 -1.097981891611278342e-02 
2 1 19 49 -1.570625863127759342e-02 
2 1 19 50 6.348116031816541938e-02 
2 1 19 51 -5.219979062561489608e-02 
2 1 20 20 2.048828071080392443e-01 
2 1 20 21 1.789330537718186731e-02 
2 1 20 22 6.876880214945010894e-02 
2 1 20 23 -3.031777602631181498e-02 
2 1 20 24 -4.716382054294868814e-03 
2 1 20 25 1.966726415269858252e-01 
2 1 20 26 -4.939525162417560816e-02 
2 1 20 27 9.800438194583285800e-02 
2 1 20 28 1.279782078076510676e-01 
2 1 20 29 3.597575085253832544e-02 
2 1 20 30 1.850267163935185033e-01 
2 1 20 31 1.100895823449427741e-01 
2 1 20 32 1.341270484834175269e-01 
2 1 20 33 4.541879928576558062e-02 
2 1 20 34 2.339947877294605919e-02 
2 1 20 35 1.047797664856735950e-02 
2 1 20 36 2.599664542684972102e-02 
2 1 20 37 8.042544485348318561e-02 
2 1 20 38 3.746511691093083046e-02 
2 1 20 39 1.447243293898742289e-01 
2 1 20 40 6.358881476494374074e-02 
2 1 20 41 -8.367927848966158488e-02 
2 1 20 42 -5.128712510727775897e-02 
2 1 20 43 1.559894074685551635e-01 
2 1 20 44 2.714021304211494123e-01 
2 1 20 45 -5.904987670915812920e-03 
2 1 20 46 -5.918421494840003794e-02 
2 1 20 47 -3.659211192292919496e-02 
2 1 20 48 -3.300491317893605031e-02 
2 1 20 49 -4.321961910106897342e-02 
2 1 20 50 -1.057912365868608345e-01 
2 1 20 51 1.089325688492812499e-01 
2 1 21 21 8.866734567402135073e-03 
2 1 21 22 1.184694575150532087e-02 
2 1 21 23 -1.514763741336717755e-02 
2 1 21 24 -3.688919782006293627e-03 
2 1 21 25 3.383805454394791384e-02 
2 1 21 26 -2.053294796506230369e-02 
2 1 21 27 9.910491669482105609e-03 
2 1 21 28 2.530839372485623254e-02 
2 1 21 29 2.162653401127764830e-02 
2 1 21 30 -6.507395521514506079e-03 
2 1 21 31 3.933617688641295393e-03 
2 1 21 32 -1.237844572912809998e-02 
2 1 21 33 -8.417355885270851046e-03 
2 1 21 34 5.677716196891147669e-03 
2 1 21 35 1.929944466860820246e-02 
2 1 21 36 -2.251801873580059482e-02 
2 1 21 37 -8.328198901092286055e-03 
2 1 21 38 1.640571050978521100e-02 
2 1 21 39 2.282820389073528244e-02 
2 1 21 40 -6.111707499949035373e-03 
2 1 21 41 -2.010978711831919175e-02 
2 1 21 42 -1.428538944562174166e-03 
2 1 21 43 -1.085936202603976497e-02 
2 1 21 44 3.144471141920851531e-02 
2 1 21 45 3.089143071855601688e-03 
2 1 21 46 -1.527065571820066144e-02 
2 1 21 47 -2.211835515965540622e-02 
2 1 21 48 -2.881985399097573147e-02 
2 1 21 49 -2.725713749404516141e-03 
2 1 21 50 -3.006803172794504653e-02 
2 1 21 51 1.237793227105345693e-02 
2 1 22 22 2.996394315174423159e-02 
2 1 22 23 -3.579152304963739012e-02 
2 1 22 24 -9.468957112004423166e-03 
2 1 22 25 6.124098630559877965e-02 
2 1 22 26 -4.561866136772015773e-02 
2 1 22 27 4.095961403842608012e-02 
2 1 22 28 5.553747138499651875e-02 
2 1 22 29 2.526197600179522912e-02 
2 1 22 30 4.050167943221107819e-02 
2 1 22 31 2.954729520187305766e-02 
2 1 22 32 2.887641864312191081e-02 
2 1 22 33 -2.509111718270262345e-02 
2 1 22 34 4.389326101469097699e-03 
2 1 22 35 8.750848573309245870e-03 
2 1 22 36 -2.140642567613225411e-02 
2 1 22 37 1.908142552761175545e-02 
2 1 22 38 2.657895009546889717e-02 
2 1 22 39 6.100455029496226755e-02 
2 1 22 40 1.884127123892852945e-02 
2 1 22 41 -6.629642124675529102e-02 
2 1 22 42 -1.760174538073076833e-02 
2 1 22 43 1.799510733385583164e-02 
2 1 22 44 7.958754847963990520e-02 
2 1 22 45 -2.858313364242023868e-02 
2 1 22 46 -3.927360387856996399e-02 
2 1 22 47 -3.321484897454190371e-02 
2 1 22 48 -3.537953721954378156e-02 
2 1 22 49 -2.749553268552937940e-02 
2 1 22 50 -6.968632099825021464e-02 
2 1 22 51 3.540563541520704710e-02 
2 1 23 23 1.473920891344216166e-01 
2 1 23 24 5.307515789912593124e-02 
2 1 23 25 7.971051249432949126e-02 
2 1 23 26 1.545292886273203214e-01 
2 1 23 27 -8.578860367579876911e-02 
2 1 23 28 -5.521745291208928624e-02 
2 1 23 29 -2.924735093973520814e-02 
2 1 23 30 -2.837672301090650093e-02 
2 1 23 31 2.723037279467330554e-02 
2 1 23 32 -4.966138356304933971e-02 
2 1 23 33 1.611487597249653958e-01 
2 1 23 34 4.845542419199865697e-02 
2 1 23 35 3.983789464365691813e-02 
2 1 23 36 3.983443352710237806e-02 
2 1 23 37 -2.383863765983238944e-02 
2 1 23 38 -6.890043368125123302e-02 
2 1 23 39 -8.143699140585600182e-02 
2 1 23 40 -7.496278855373150751e-02 
2 1 23 41 1.944497714115542009e-01 
2 1 23 42 1.568161685615667919e-02 
2 1 23 43 1.377425782822901124e-01 
2 1 23 44 7.260392871398002601e-02 
2 1 23 45 2.057826118893030243e-01 
2 1 23 46 1.105451247397541553e-01 
2 1 23 47 7.857700695660251033e-02 
2 1 23 48 6.222932395938624711e-02 
2 1 23 49 1.114271707301545816e-01 
2 1 23 50 1.471533192189975470e-01 
2 1 23 51 1.686546753462172393e-02 
2 1 24 24 2.232461189553614986e-02 
2 1 24 25 3.921709573552317751e-02 
2 1 24 26 5.177087859053060986e-02 
2 1 24 27 -3.633086671119125505e-02 
2 1 24 28 -1.494986958409898377e-02 
2 1 24 29 -8.377042703326868442e-03 
2 1 24 30 -4.099700995720371305e-02 
2 1 24 31 1.847873137007978103e-02 
2 1 24 32 -4.172069801722350091e-02 
2 1 24 33 1.837861601427165370e-02 
2 1 24 34 2.425989891704337723e-02 
2 1 24 35 1.916712647992549132e-02 
2 1 24 36 -2.631119669960322455e-02 
2 1 24 37 -1.168467836741184616e-02 
2 1 24 38 -2.893981048663887140e-02 
2 1 24 39 -2.868388622414077063e-02 
2 1 24 40 -4.446523281492914537e-02 
2 1 24 41 4.215030750966711204e-02 
2 1 24 42 8.329566920434383279e-04 
2 1 24 43 5.501599686721300730e-02 
2 1 24 44 3.325560243091958690e-02 
2 1 24 45 7.110799690566473041e-02 
2 1 24 46 3.669399192094472545e-02 
2 1 24 47 2.297287068810725461e-02 
2 1 24 48 1.041888593341833667e-02 
2 1 24 49 4.128610495121464580e-02 
2 1 24 50 2.954843103084837941e-02 
2 1 24 51 1.601835634291248062e-02 
2 1 25 25 3.829742298476152551e-01 
2 1 25 26 5.215865407085325950e-02 
2 1 25 27 2.333419520985755002e-02 
2 1 25 28 1.420173442319245249e-01 
2 1 25 29 8.673907385437680528e-02 
2 1 25 30 9.976533628490043271e-02 
2 1 25 31 1.276652468089271297e-01 
2 1 25 32 6.670678270695585069e-03 
2 1 25 33 2.064889288604294659e-01 
2 1 25 34 9.404032416771407332e-02 
2 1 25 35 1.345556776124858245e-01 
2 1 25 36 -7.931432757863083466e-03 
2 1 25 37 1.986380204245467428e-04 
2 1 25 38 2.356796694096581490e-02 
2 1 25 39 1.166573096356558759e-01 
2 1 25 40 -5.308612381325836238e-02 
2 1 25 41 8.765827555208244304e-02 
2 1 25 42 -2.478255012935381973e-02 
2 1 25 43 2.271911490938114953e-01 
2 1 25 44 4.238929576741143346e-01 
2 1 25 45 2.462579972602795542e-01 
2 1 25 46 1.666630575548009793e-02 
2 1 25 47 -3.098174247197764061e-02 
2 1 25 48 -7.205674698240517595e-02 
2 1 25 49 8.184512782230685124e-02 
2 1 25 50 -2.934315379590978629e-02 
2 1 25 51 1.508032403458076653e-01 
2 1 26 26 1.678773465340398230e-01 
2 1 26 27 -8.782487252599247007e-02 
2 1 26 28 -7.316232107899610371e-02 
2 1 26 29 -4.001547181705995132e-02 
2 1 26 30 -3.204970174232957183e-03 
2 1 26 31 1.408918601030156870e-02 
2 1 26 32 -2.756918106337696503e-02 
2 1 26 33 2.014402604060088753e-01 
2 1 26 34 3.957259884788044690e-02 
2 1 26 35 2.863713265923525583e-02 
2 1 26 36 8.567253610464617419e-02 
2 1 26 37 -2.094055137370905151e-02 
2 1 26 38 -7.222316863874544968e-02 
2 1 26 39 -9.518689858820947314e-02 
2 1 26 40 -5.886174660632377542e-02 
2 1 26 41 2.320106738809507019e-01 
2 1 26 42 2.259950283969490437e-02 
2 1 26 43 1.319102456955093539e-01 
2 1 26 44 4.654225966702770639e-02 
2 1 26 45 2.092012141901638256e-01 
2 1 26 46 1.214204479014329013e-01 
2 1 26 47 9.289441221287246531e-02 
2 1 26 48 8.494600910186356213e-02 
2 1 26 49 1.134532155687876381e-01 
2 1 26 50 1.842654694698606654e-01 
2 1 26 51 -3.718072772993155487e-04 
2 1 27 27 1.037331443701733774e-01 
2 1 27 28 7.323987739706307176e-02 
2 1 27 29 2.185785408633038329e-02 
2 1 27 30 1.865600591324687307e-01 
2 1 27 31 1.866877875742734699e-02 
2 1 27 32 1.557485041713582430e-01 
2 1 27 33 4.355832814186207796e-02 
2 1 27 34 -3.135358583187997095e-02 
2 1 27 35 -3.197326331084861945e-02 
2 1 27 36 1.012342663573411738e-01 
2 1 27 37 6.239905162814470690e-02 
2 1 27 38 5.982074711392636190e-02 
2 1 27 39 1.063563584242544630e-01 
2 1 27 40 1.154317539361793127e-01 
2 1 27 41 -6.481473258652881153e-02 
2 1 27 42 -2.117948561625375078e-02 
2 1 27 43 -2.081049453451844396e-03 
2 1 27 44 7.365759588129699997e-02 
2 1 27 45 -1.001544340173717434e-01 
2 1 27 46 -7.379736919621343594e-02 
2 1 27 47 -3.897100464296331807e-02 
2 1 27 48 -1.037905646015664304e-02 
2 1 27 49 -8.022311147874931769e-02 
2 1 27 50 -6.064386372012265519e-02 
2 1 27 51 1.794700576806839906e-02 
2 1 28 28 1.088557298257902817e-01 
2 1 28 29 5.828419211487047280e-02 
2 1 28 30 8.728513625370654117e-02 
2 1 28 31 5.240711728007366177e-02 
2 1 28 32 5.235651864492040647e-02 
2 1 28 33 5.451160223305517340e-03 
2 1 28 34 1.437192659224556003e-02 
2 1 28 35 3.500316178103021758e-02 
2 1 28 36 -1.813978328238264812e-02 
2 1 28 37 2.507781509041013060e-02 
2 1 28 38 5.525121519894079375e-02 
2 1 28 39 1.159651530149419796e-01 
2 1 28 40 3.129032499956643093e-02 
2 1 28 41 -8.300371009510665310e-02 
2 1 28 42 -2.595213356440877889e-02 
2 1 28 43 3.755232313212175654e-02 
2 1 28 44 1.739932537756392061e-01 
2 1 28 45 -1.454720585985319788e-02 
2 1 28 46 -6.429163726006732749e-02 
2 1 28 47 -6.277213496127077852e-02 
2 1 28 48 -6.953042791636777908e-02 
2 1 28 49 -3.547091992631363350e-02 
2 1 28 50 -1.088974590827119227e-01 
2 1 28 51 6.789385472791442666e-02 
2 1 29 29 5.538661076650866488e-02 
2 1 29 30 -1.811715813195443475e-03 
2 1 29 31 2.679946756853685084e-03 
2 1 29 32 -2.403078603133837823e-02 
2 1 29 33 2.043074020747702793e-02 
2 1 29 34 1.371242793445908228e-02 
2 1 29 35 5.329832892542086392e-02 
2 1 29 36 -2.786438869226082887e-02 
2 1 29 37 -2.552328738258296745e-02 
2 1 29 38 4.244714843986654301e-02 
2 1 29 39 5.205174649543137938e-02 
2 1 29 40 -1.137385066561136943e-02 
2 1 29 41 -1.493051331642419877e-02 
2 1 29 42 2.882339367344146676e-03 
2 1 29 43 -2.852046668119458117e-02 
2 1 29 44 7.971888274342149583e-02 
2 1 29 45 2.848604002620682557e-02 
2 1 29 46 -2.920019141304487989e-02 
2 1 29 47 -5.006226429261884103e-02 
2 1 29 48 -6.497345676310209428e-02 
2 1 29 49 2.130573224438578155e-03 
2 1 29 50 -4.971798295147528829e-02 
2 1 29 51 2.454578919133710430e-02 
2 1 30 30 6.140882272298407996e-01 
2 1 30 31 4.319351539198417606e-02 
2 1 30 32 4.734960616759394947e-01 
2 1 30 33 5.215606872963765017e-01 
2 1 30 34 -5.582763044328303143e-02 
2 1 30 35 -6.703973586397854456e-02 
2 1 30 36 5.295130459706812731e-01 
2 1 30 37 1.559693985898550905e-01 
2 1 30 38 8.070596597427465158e-02 
2 1 30 39 1.635597759051199140e-01 
2 1 30 40 2.979641618364455291e-01 
2 1 30 41 2.243432213392017038e-01 
2 1 30 42 -1.291937384797104717e-02 
2 1 30 43 1.566236469417712218e-01 
2 1 30 44 2.433956554687768670e-01 
2 1 30 45 1.394205422288187328e-02 
2 1 30 46 -2.993255776980588423e-02 
2 1 30 47 3.597010964866301230e-02 
2 1 30 48 1.266051870187057948e-01 
2 1 30 49 -7.318619751034030618e-02 
2 1 30 50 1.578262730215979903e-01 
2 1 30 51 1.689836608765903775e-02 
2 1 31 31 8.381643043605806198e-02 
2 1 31 32 2.712963121987017195e-02 
2 1 31 33 -9.801584290150801293e-03 
2 1 31 34 3.397195847204974306e-02 
2 1 31 35 1.083372675686845518e-02 
2 1 31 36 -4.056968927409712600e-02 
2 1 31 37 4.052402402792821406e-02 
2 1 31 38 -1.427508279940734558e-02 
2 1 31 39 4.926864310209008030e-02 
2 1 31 40 -1.099429000075718803e-02 
2 1 31 41 -4.444228187052415985e-02 
2 1 31 42 -3.438224105238458367e-02 
2 1 31 43 1.396144221316083234e-01 
2 1 31 44 1.638818110786225690e-01 
2 1 31 45 3.553941371499673429e-02 
2 1 31 46 -3.866118950669811954e-03 
2 1 31 47 2.315171331800583085e-03 
2 1 31 48 -7.798970473721069871e-03 
2 1 31 49 4.970287478945293463e-03 
2 1 31 50 -5.199157008386907919e-02 
2 1 31 51 7.723510874847333563e-02 
2 1 32 32 3.867120764784981457e-01 
2 1 32 33 3.276577217345825188e-01 
2 1 32 34 -6.328580008093918907e-02 
2 1 32 35 -9.329422076147858567e-02 
2 1 32 36 3.984797112223538718e-01 
2 1 32 37 1.418466709545361526e-01 
2 1 32 38 5.703649461973737955e-02 
2 1 32 39 1.213820465814095945e-01 
2 1 32 40 2.534442546330696877e-01 
2 1 32 41 1.124760189350635792e-01 
2 1 32 42 -1.839053202942838791e-02 
2 1 32 43 9.845553281068487872e-02 
2 1 32 44 1.229353045542781880e-01 
2 1 32 45 -6.951641246464526636e-02 
2 1 32 46 -4.095402437551884378e-02 
2 1 32 47 3.115861657634504123e-02 
2 1 32 48 1.124426619758445156e-01 
2 1 32 49 -9.135818289795100133e-02 
2 1 32 50 9.736506544907218286e-02 
2 1 32 51 -2.381323134124730713e-03 
2 1 33 33 8.687876916628166635e-01 
2 1 33 34 6.326997631810698380e-03 
2 1 33 35 6.502446898023753197e-02 
2 1 33 36 6.282774045430974397e-01 
2 1 33 37 2.898649241258977050e-02 
2 1 33 38 3.676801426262546468e-02 
2 1 33 39 3.152480938544512806e-02 
2 1 33 40 1.683388562434516011e-01 
2 1 33 41 6.178774874334137523e-01 
2 1 33 42 6.318182731315032108e-02 
2 1 33 43 1.909536773005378885e-01 
2 1 33 44 2.848530928089446079e-01 
2 1 33 45 3.815872005909372033e-01 
2 1 33 46 1.327404412631438824e-01 
2 1 33 47 1.050671788392203432e-01 
2 1 33 48 1.603535682725516498e-01 
2 1 33 49 1.230858230368771372e-01 
2 1 33 50 4.242607509989784753e-01 
2 1 33 51 -1.609773002270041206e-02 
2 1 34 34 3.827955100612554645e-02 
2 1 34 35 4.463380109833121195e-02 
2 1 34 36 -6.386066492878171574e-02 
2 1 34 37 -1.970884036187255453e-02 
2 1 34 38 -1.826900297261345452e-02 
2 1 34 39 -5.258654854461974025e-03 
2 1 34 40 -6.207655044243716447e-02 
2 1 34 41 2.059675524263687371e-02 
2 1 34 42 -4.027880435007543183e-03 
2 1 34 43 6.526376961209272298e-02 
2 1 34 44 8.698273074125226212e-02 
2 1 34 45 8.933422227340741262e-02 
2 1 34 46 2.609801727051972234e-02 
2 1 34 47 2.882831834148467942e-03 
2 1 34 48 -2.075869834448357959e-02 
2 1 34 49 4.617291446549767059e-02 
2 1 34 50 -4.821479540722950832e-03 
2 1 34 51 3.971308819647881988e-02 
2 1 35 35 9.053895022817631810e-02 
2 1 35 36 -5.510641566594178670e-02 
2 1 35 37 -5.715597540717658187e-02 
2 1 35 38 1.136451515361392751e-02 
2 1 35 39 8.128363253317170620e-03 
2 1 35 40 -7.524327286245505175e-02 
2 1 35 41 6.330407327257969730e-02 
2 1 35 42 1.360893838188784698e-02 
2 1 35 43 1.739613705517177242e-02 
2 1 35 44 1.096855573803662415e-01 
2 1 35 45 1.365242937624968345e-01 
2 1 35 46 2.244646985262191419e-02 
2 1 35 47 -2.476565934884737002e-02 
2 1 35 48 -5.823396388832176307e-02 
2 1 35 49 6.452440598620937107e-02 
2 1 35 50 2.295342967958015953e-03 
2 1 35 51 3.476594545668351688e-02 
2 1 36 36 5.948016690339072987e-01 
2 1 36 37 8.929711025337713770e-02 
2 1 36 38 4.745600007914861640e-02 
2 1 36 39 4.303843087234205528e-02 
2 1 36 40 2.550646451904310941e-01 
2 1 36 41 4.037717209480993219e-01 
2 1 36 42 3.905874042113326172e-02 
2 1 36 43 7.897287660868262948e-02 
2 1 36 44 8.457473410463044183e-02 
2 1 36 45 1.068260446087289650e-01 
2 1 36 46 5.107921491329674851e-02 
2 1 36 47 8.793020450251712306e-02 
2 1 36 48 1.786628500365831651e-01 
2 1 36 49 -3.118751892183895674e-03 
2 1 36 50 3.182614605421047460e-01 
2 1 36 51 -6.659573369358648409e-02 
2 1 37 37 7.733240704783685138e-02 
2 1 37 38 4.689973919070874152e-03 
2 1 37 39 5.200818185059411652e-02 
2 1 37 40 8.761437888057986567e-02 
2 1 37 41 -3.636995691773496631e-02 
2 1 37 42 -2.771977139625999773e-02 
2 1 37 43 7.393775445008166081e-02 
2 1 37 44 5.469277494710830106e-02 
2 1 37 45 -6.992048875384855589e-02 
2 1 37 46 -2.730618939563857553e-02 
2 1 37 47 1.409343662044916339e-02 
2 1 37 48 4.259793105509992323e-02 
2 1 37 49 -5.250223988475780090e-02 
2 1 37 50 -1.385533308853276191e-02 
2 1 37 51 2.098929208399583080e-02 
2 1 38 38 5.937925200571150808e-02 
2 1 38 39 6.943024727693943021e-02 
2 1 38 40 5.542579125779431570e-02 
2 1 38 41 -2.837025005217114204e-02 
2 1 38 42 1.270197379527812859e-03 
2 1 38 43 -5.985418887066720067e-02 
2 1 38 44 3.413866840797714214e-02 
2 1 38 45 -4.527753441205910334e-02 
2 1 38 46 -5.336463655831821112e-02 
2 1 38 47 -4.960785097936706856e-02 
2 1 38 48 -4.066624737042132814e-02 
2 1 38 49 -4.112321237756071807e-02 
2 1 38 50 -4.410324933982037038e-02 
2 1 38 51 3.619910503845754290e-05 
2 1 39 39 1.383900436641838094e-01 
2 1 39 40 8.312164727850138157e-02 
2 1 39 41 -8.964545031334431036e-02 
2 1 39 42 -3.007498379716655457e-02 
2 1 39 43 3.139919039999727185e-02 
2 1 39 44 1.671869680467472086e-01 
2 1 39 45 -5.927553172541176474e-02 
2 1 39 46 -8.275402384063036687e-02 
2 1 39 47 -6.324861263430509029e-02 
2 1 39 48 -5.289522304767775573e-02 
2 1 39 49 -6.593669817547664902e-02 
2 1 39 50 -1.067840600823422859e-01 
2 1 39 51 5.930143931926347423e-02 
2 1 40 40 1.840620238687214472e-01 
2 1 40 41 3.336660468667881907e-02 
2 1 40 42 -7.258511614408501983e-03 
2 1 40 43 -6.502417225570262908e-03 
2 1 40 44 1.402005717685634971e-02 
2 1 40 45 -1.078495623343279503e-01 
2 1 40 46 -5.208368140688236086e-02 
2 1 40 47 1.632557458046170196e-03 
2 1 40 48 6.093624894220581872e-02 
2 1 40 49 -8.829143318972410004e-02 
2 1 40 50 3.971555898493254327e-02 
2 1 40 51 -2.661386056904333983e-02 
2 1 41 41 5.364901150142149522e-01 
2 1 41 42 7.374757488325173194e-02 
2 1 41 43 1.176499368605910950e-01 
2 1 41 44 9.633995628080914420e-02 
2 1 41 45 3.599113875288914577e-01 
2 1 41 46 1.703033485375540224e-01 
2 1 41 47 1.221877068985131459e-01 
2 1 41 48 1.449379131266775866e-01 
2 1 41 49 1.601207899365118537e-01 
2 1 41 50 3.952936502737212088e-01 
2 1 41 51 -5.131728980087573583e-02 
2 1 42 42 2.170392206720837477e-02 
2 1 42 43 -3.900790125333243596e-02 
2 1 42 44 -4.264141364273355689e-02 
2 1 42 45 3.904122018088324736e-02 
2 1 42 46 2.242975825105150700e-02 
2 1 42 47 8.795238856161033056e-03 
2 1 42 48 9.259087708167659109e-03 
2 1 42 49 2.349053999719617758e-02 
2 1 42 50 5.687007719797226857e-02 
2 1 42 51 -2.973707448992388841e-02 
2 1 43 43 3.184682232424564385e-01 
2 1 43 44 3.002932942777866709e-01 
2 1 43 45 1.841760388328158027e-01 
2 1 43 46 7.033936739593502074e-02 
2 1 43 47 7.409397327068135974e-02 
2 1 43 48 6.980077072503623747e-02 
2 1 43 49 6.789199955230591776e-02 
2 1 43 50 7.019976920206198734e-02 
2 1 43 51 1.139384926486784744e-01 
2 1 44 44 5.095242472255999688e-01 
2 1 44 45 2.323064155154353772e-01 
2 1 44 46 1.990062984494080350e-03 
2 1 44 47 -2.210598676319116759e-02 
2 1 44 48 -4.375915405129701674e-02 
2 1 44 49 5.535627883794753262e-02 
2 1 44 50 -2.432418452896213668e-02 
2 1 44 51 1.761023647527318881e-01 
2 1 45 45 3.958747471429509557e-01 
2 1 45 46 1.489328259210145611e-01 
2 1 45 47 6.902618341100527632e-02 
2 1 45 48 3.260913385005283216e-02 
2 1 45 49 1.884454049175602608e-01 
2 1 45 50 2.195487554908224781e-01 
2 1 45 51 4.760563432209283241e-02 
2 1 46 46 9.090958872021316639e-02 
2 1 46 47 6.638812493445907237e-02 
2 1 46 48 5.878967766695507996e-02 
2 1 46 49 8.554261675742942661e-02 
2 1 46 50 1.380287642587336994e-01 
2 1 46 51 -1.236552369862760348e-02 
2 1 47 47 7.078090880348530956e-02 
2 1 47 48 8.265203023922185199e-02 
2 1 47 49 4.111684305205339646e-02 
2 1 47 50 1.193364769393229774e-01 
2 1 47 51 -1.807528609033336522e-02 
2 1 48 48 1.164772302684892041e-01 
2 1 48 49 1.552777326874297398e-02 
2 1 48 50 1.497530364253382429e-01 
2 1 48 51 -3.694748283751055767e-02 
2 1 49 49 1.032280581005153436e-01 
2 1 49 50 1.060616644143876075e-01 
2 1 49 51 1.006471441756414710e-02 
2 1 50 50 3.228743086757762115e-01 
2 1 50 51 -7.095986851603243439e-02 
2 1 51 51 8.081427031824572893e-02 
2 2 1 1 1.577692978979511338e+02 
