--- Job kqkpsdp.gms Start 12/13/18 11:30:37 24.7.4 r58773 LEX-LEG x86 64bit/Linux
GAMS 24.7.4   Copyright (C) 1987-2016 GAMS Development. All rights reserved
Licensee: Remigijus Paulavicius, Single User License     S170731:0859AO-LNX
          Imperial College London, Dept. of Chemical Engineering    DC13449
          License for teaching and research at degree granting institutions
          remigijus.paulavicius@imperial.ac.uk                             
--- Starting compilation
--- kqkpsdp.gms(57) 2 Mb
--- call awk -f kQKP.awk 50_25.inc > kQKP50_25.gms
--- kqkpsdp.gms(71) 3 Mb
--- .kQKP50_25.gms(111) 3 Mb
--- kqkpsdp.gms(170) 3 Mb
--- Starting execution: elapsed 0:00:00.006
--- kqkpsdp.gms(245) 4 Mb
--- GDX File /home/renigijus/gams/opt-mod-lib/gamslib/kqkpsdp/csdpin.gdx
--- kqkpsdp.gms(246) 4 Mb
--- kqkpsdp.gms(248) 4 Mb
--- GDXin=/home/renigijus/gams/opt-mod-lib/gamslib/kqkpsdp/csdpout.gdx
--- kqkpsdp.gms(254) 4 Mb
--- Generating RMIQCP model ckQKP
--- kqkpsdp.gms(281) 6 Mb
---   3 rows  51 columns  151 non-zeroes
---   4,415 nl-code  50 nl-non-zeroes
---   50 discrete-columns
--- kqkpsdp.gms(281) 4 Mb
--- Executing CONVERT: elapsed 0:00:00.176

Convert 2.0      24.7.4 r58773 Released Sep 19, 2016 LEG x86 64bit/Linux      

--- Using Option File
Reading parameter(s) from "/home/renigijus/gams/opt-mod-lib/gamslib/kqkpsdp/convert.opt"
>>  pyomo kqkpsdp-scalar.py
Finished reading from "/home/renigijus/gams/opt-mod-lib/gamslib/kqkpsdp/convert.opt"
--- Writing Pyomo     : kqkpsdp-scalar.py

--- Restarting execution
--- kqkpsdp.gms(281) 2 Mb
--- Reading solution for model ckQKP
*** Status: Normal completion
--- Job kqkpsdp.gms Stop 12/13/18 11:30:37 elapsed 0:00:00.191
