--- Job runcsdp.inc Start 12/13/18 11:30:37 24.7.4 r58773 LEX-LEG x86 64bit/Linux
GAMS 24.7.4   Copyright (C) 1987-2016 GAMS Development. All rights reserved
Licensee: Remigijus Paulavicius, Single User License     S170731:0859AO-LNX
          Imperial College London, Dept. of Chemical Engineering    DC13449
          License for teaching and research at degree granting institutions
          remigijus.paulavicius@imperial.ac.uk                             
--- Starting compilation
--- runcsdp.inc(22) 2 Mb
--- GDXin=/home/renigijus/gams/opt-mod-lib/gamslib/kqkpsdp/csdpin.gdx
--- runcsdp.inc(34) 3 Mb 2 Errors
********************************
*** Errors have been cleared ***
********************************
--- runcsdp.inc(104) 3 Mb
--- call rm -f csdp.out csdpO.gms
--- runcsdp.inc(129) 3 Mb
*** 2 Warnings - check listing
--- Starting execution: elapsed 0:00:00.010
--- runcsdp.inc(101) 4 Mb
--- runcsdp.inc(103) 4 Mb
--- runcsdp.inc(120) 4 Mb
--- GDXin=/home/renigijus/gams/opt-mod-lib/gamslib/kqkpsdp/csdpO.gdx
--- runcsdp.inc(125) 5 Mb
--- GDX File /home/renigijus/gams/opt-mod-lib/gamslib/kqkpsdp/csdpout.gdx
--- Putfile CSDPin /home/renigijus/gams/opt-mod-lib/gamslib/kqkpsdp/csdp.in
*** Status: Normal completion
--- Job runcsdp.inc Stop 12/13/18 11:30:37 elapsed 0:00:00.149
