--- Job prodsch.gms Start 12/13/18 10:24:29 24.7.4 r58773 LEX-LEG x86 64bit/Linux
GAMS 24.7.4   Copyright (C) 1987-2016 GAMS Development. All rights reserved
Licensee: Remigijus Paulavicius, Single User License     S170731:0859AO-LNX
          Imperial College London, Dept. of Chemical Engineering    DC13449
          License for teaching and research at degree granting institutions
          remigijus.paulavicius@imperial.ac.uk                             
--- Starting compilation
--- prodsch.gms(142) 3 Mb
--- Starting execution: elapsed 0:00:00.001
--- prodsch.gms(122) 4 Mb
--- Generating MIP model prod1
--- prodsch.gms(130) 4 Mb
---   89 rows  118 columns  384 non-zeroes
---   41 discrete-columns
--- Executing CONVERT: elapsed 0:00:00.003

Convert 2.0      24.7.4 r58773 Released Sep 19, 2016 LEG x86 64bit/Linux      

--- Using Option File
Reading parameter(s) from "/home/renigijus/gams/opt-mod-lib/gamslib/prodsch/convert.opt"
>>  gams prodsch-scalar.gms
Finished reading from "/home/renigijus/gams/opt-mod-lib/gamslib/prodsch/convert.opt"
--- Writing Gams      : prodsch-scalar.gms

--- Restarting execution
--- prodsch.gms(130) 2 Mb
--- Reading solution for model prod1
--- prodsch.gms(142) 3 Mb
*** Status: Normal completion
--- Job prodsch.gms Stop 12/13/18 10:24:29 elapsed 0:00:00.016
