--- Job spring.gms Start 12/13/18 10:32:24 24.7.4 r58773 LEX-LEG x86 64bit/Linux
GAMS 24.7.4   Copyright (C) 1987-2016 GAMS Development. All rights reserved
Licensee: Remigijus Paulavicius, Single User License     S170731:0859AO-LNX
          Imperial College London, Dept. of Chemical Engineering    DC13449
          License for teaching and research at degree granting institutions
          remigijus.paulavicius@imperial.ac.uk                             
--- Starting compilation
--- spring.gms(93) 3 Mb
--- Starting execution: elapsed 0:00:00.001
--- spring.gms(91) 4 Mb
--- Generating MINLP model spring
--- spring.gms(93) 6 Mb
---   9 rows  18 columns  44 non-zeroes
---   57 nl-code  14 nl-non-zeroes
---   12 discrete-columns
***
***   1 Integer +INF Bounds have been reset to 100 (see Option IntVarUp)
***
--- spring.gms(93) 4 Mb
--- Executing CONVERT: elapsed 0:00:00.004

Convert 2.0      24.7.4 r58773 Released Sep 19, 2016 LEG x86 64bit/Linux      

--- Using Option File
Reading parameter(s) from "/home/renigijus/gams/opt-mod-lib/gamslib/spring/convert.opt"
>>  pyomo spring-scalar.py
Finished reading from "/home/renigijus/gams/opt-mod-lib/gamslib/spring/convert.opt"
--- Writing Pyomo     : spring-scalar.py

--- Restarting execution
--- spring.gms(93) 2 Mb
--- Reading solution for model spring
*** Status: Normal completion
--- Job spring.gms Stop 12/13/18 10:32:24 elapsed 0:00:00.019
