--- Job iswnm.gms Start 12/13/18 10:24:46 24.7.4 r58773 LEX-LEG x86 64bit/Linux
GAMS 24.7.4   Copyright (C) 1987-2016 GAMS Development. All rights reserved
Licensee: Remigijus Paulavicius, Single User License     S170731:0859AO-LNX
          Imperial College London, Dept. of Chemical Engineering    DC13449
          License for teaching and research at degree granting institutions
          remigijus.paulavicius@imperial.ac.uk                             
--- Starting compilation
--- iswnm.gms(707) 3 Mb
--- Starting execution: elapsed 0:00:00.006
--- iswnm.gms(705) 4 Mb
--- Generating LP model canal
--- iswnm.gms(707) 4 Mb
---   457 rows  1,153 columns  1,813 non-zeroes
--- Executing CONVERT: elapsed 0:00:00.015

Convert 2.0      24.7.4 r58773 Released Sep 19, 2016 LEG x86 64bit/Linux      

--- Using Option File
Reading parameter(s) from "/home/renigijus/gams/opt-mod-lib/gamslib/iswnm/convert.opt"
>>  gams iswnm-scalar.gms
Finished reading from "/home/renigijus/gams/opt-mod-lib/gamslib/iswnm/convert.opt"
--- Writing Gams      : iswnm-scalar.gms

--- Restarting execution
--- iswnm.gms(707) 2 Mb
--- Reading solution for model canal
*** Status: Normal completion
--- Job iswnm.gms Stop 12/13/18 10:24:46 elapsed 0:00:00.030
