--- Job elec.gms Start 12/13/18 11:22:32 24.7.4 r58773 LEX-LEG x86 64bit/Linux
GAMS 24.7.4   Copyright (C) 1987-2016 GAMS Development. All rights reserved
Licensee: Remigijus Paulavicius, Single User License     S170731:0859AO-LNX
          Imperial College London, Dept. of Chemical Engineering    DC13449
          License for teaching and research at degree granting institutions
          remigijus.paulavicius@imperial.ac.uk                             
--- Starting compilation
--- elec.gms(72) 3 Mb
--- Starting execution: elapsed 0:00:00.002
--- elec.gms(71) 4 Mb
--- Generating NLP model elec
--- elec.gms(72) 6 Mb
---   26 rows  76 columns  151 non-zeroes
---   4,753 nl-code  150 nl-non-zeroes
--- elec.gms(72) 4 Mb
--- Executing CONVERT: elapsed 0:00:00.006

Convert 2.0      24.7.4 r58773 Released Sep 19, 2016 LEG x86 64bit/Linux      

--- Using Option File
Reading parameter(s) from "/home/renigijus/gams/opt-mod-lib/gamslib/elec/convert.opt"
>>  gams elec-scalar.gms
Finished reading from "/home/renigijus/gams/opt-mod-lib/gamslib/elec/convert.opt"
--- Writing Gams      : elec-scalar.gms

--- Restarting execution
--- elec.gms(72) 2 Mb
--- Reading solution for model elec
*** Status: Normal completion
--- Job elec.gms Stop 12/13/18 11:22:32 elapsed 0:00:00.020
