--- Job t1000.gms Start 12/13/18 11:23:06 24.7.4 r58773 LEX-LEG x86 64bit/Linux
GAMS 24.7.4   Copyright (C) 1987-2016 GAMS Development. All rights reserved
Licensee: Remigijus Paulavicius, Single User License     S170731:0859AO-LNX
          Imperial College London, Dept. of Chemical Engineering    DC13449
          License for teaching and research at degree granting institutions
          remigijus.paulavicius@imperial.ac.uk                             
--- Starting compilation
--- t1000.gms(60) 3 Mb
--- .t1000d.inc(1006) 3 Mb
--- t1000.gms(119) 3 Mb
--- Starting execution: elapsed 0:00:00.004
--- t1000.gms(1072) 4 Mb
--- Generating NLP model t1000
--- t1000.gms(1074) 6 Mb
---   13 rows  1,003 columns  2,088 non-zeroes
---   8,178 nl-code  2,083 nl-non-zeroes
--- t1000.gms(1074) 4 Mb
--- Executing CONVERT: elapsed 0:00:00.009

Convert 2.0      24.7.4 r58773 Released Sep 19, 2016 LEG x86 64bit/Linux      

--- Using Option File
Reading parameter(s) from "/home/renigijus/gams/opt-mod-lib/gamslib/t1000/convert.opt"
>>  gams t1000-scalar.gms
Finished reading from "/home/renigijus/gams/opt-mod-lib/gamslib/t1000/convert.opt"
--- Writing Gams      : t1000-scalar.gms

--- Restarting execution
--- t1000.gms(1074) 2 Mb
--- Reading solution for model t1000
--- t1000.gms(1118) 3 Mb
--- Generating NLP model t1000a
--- t1000.gms(1120) 5 Mb
---   19 rows  1,003 columns  2,139 non-zeroes
---   8,225 nl-code  2,082 nl-non-zeroes
--- t1000.gms(1120) 3 Mb
--- Executing CONVERT: elapsed 0:00:00.037

Convert 2.0      24.7.4 r58773 Released Sep 19, 2016 LEG x86 64bit/Linux      

--- Using Option File
Reading parameter(s) from "/home/renigijus/gams/opt-mod-lib/gamslib/t1000/convert.opt"
>>  gams t1000-scalar.gms
Finished reading from "/home/renigijus/gams/opt-mod-lib/gamslib/t1000/convert.opt"
--- Writing Gams      : t1000-scalar.gms

--- Restarting execution
--- t1000.gms(1120) 2 Mb
--- Reading solution for model t1000a
--- t1000.gms(1125) 3 Mb
*** Status: Normal completion
--- Job t1000.gms Stop 12/13/18 11:23:06 elapsed 0:00:00.060
