--- Job t1000.gms Start 12/13/18 11:23:06 24.7.4 r58773 LEX-LEG x86 64bit/Linux
GAMS 24.7.4   Copyright (C) 1987-2016 GAMS Development. All rights reserved
Licensee: Remigijus Paulavicius, Single User License     S170731:0859AO-LNX
          Imperial College London, Dept. of Chemical Engineering    DC13449
          License for teaching and research at degree granting institutions
          remigijus.paulavicius@imperial.ac.uk                             
--- Starting compilation
--- t1000.gms(61) 3 Mb
--- .t1000d.inc(1006) 3 Mb
--- t1000.gms(120) 3 Mb
--- Starting execution: elapsed 0:00:00.005
--- t1000.gms(1073) 4 Mb
--- Generating NLP model t1000
--- t1000.gms(1075) 6 Mb
---   13 rows  1,003 columns  2,088 non-zeroes
---   8,178 nl-code  2,083 nl-non-zeroes
--- t1000.gms(1075) 4 Mb
--- Executing CONVERT: elapsed 0:00:00.013

Convert 2.0      24.7.4 r58773 Released Sep 19, 2016 LEG x86 64bit/Linux      

--- Using Option File
Reading parameter(s) from "/home/renigijus/gams/opt-mod-lib/gamslib/t1000/convert.opt"
>>  pyomo t1000-scalar.py
Finished reading from "/home/renigijus/gams/opt-mod-lib/gamslib/t1000/convert.opt"
--- Writing Pyomo     : t1000-scalar.py

--- Restarting execution
--- t1000.gms(1075) 2 Mb
--- Reading solution for model t1000
--- t1000.gms(1119) 3 Mb
--- Generating NLP model t1000a
--- t1000.gms(1121) 5 Mb
---   19 rows  1,003 columns  2,139 non-zeroes
---   8,225 nl-code  2,082 nl-non-zeroes
--- t1000.gms(1121) 3 Mb
--- Executing CONVERT: elapsed 0:00:00.044

Convert 2.0      24.7.4 r58773 Released Sep 19, 2016 LEG x86 64bit/Linux      

--- Using Option File
Reading parameter(s) from "/home/renigijus/gams/opt-mod-lib/gamslib/t1000/convert.opt"
>>  pyomo t1000-scalar.py
Finished reading from "/home/renigijus/gams/opt-mod-lib/gamslib/t1000/convert.opt"
--- Writing Pyomo     : t1000-scalar.py

--- Restarting execution
--- t1000.gms(1121) 2 Mb
--- Reading solution for model t1000a
--- t1000.gms(1126) 3 Mb
*** Status: Normal completion
--- Job t1000.gms Stop 12/13/18 11:23:06 elapsed 0:00:00.069
