--- Job tricp.gms Start 12/13/18 11:43:39 24.7.4 r58773 LEX-LEG x86 64bit/Linux
GAMS 24.7.4   Copyright (C) 1987-2016 GAMS Development. All rights reserved
Licensee: Remigijus Paulavicius, Single User License     S170731:0859AO-LNX
          Imperial College London, Dept. of Chemical Engineering    DC13449
          License for teaching and research at degree granting institutions
          remigijus.paulavicius@imperial.ac.uk                             
--- Starting compilation
--- tricp.gms(199) 3 Mb
--- Starting execution: elapsed 0:00:00.002
--- tricp.gms(94) 4 Mb
--- Generating QCP model cp
--- tricp.gms(95) 6 Mb
---   191 rows  170 columns  1,494 non-zeroes
---   2,471 nl-code  1,140 nl-non-zeroes
--- tricp.gms(95) 4 Mb
--- Executing CONVERT: elapsed 0:00:00.006

Convert 2.0      24.7.4 r58773 Released Sep 19, 2016 LEG x86 64bit/Linux      

--- Using Option File
Reading parameter(s) from "/home/renigijus/gams/opt-mod-lib/gamslib/tricp/convert.opt"
>>  ampl tricp-scalar.mod
Finished reading from "/home/renigijus/gams/opt-mod-lib/gamslib/tricp/convert.opt"
--- Writing Ampl      : tricp-scalar.mod

--- Restarting execution
--- tricp.gms(95) 2 Mb
--- Reading solution for model cp
--- tricp.gms(99) 3 Mb
*** Status: Normal completion
--- Job tricp.gms Stop 12/13/18 11:43:39 elapsed 0:00:00.023
