--- Job tabora.gms Start 12/13/18 10:24:39 24.7.4 r58773 LEX-LEG x86 64bit/Linux
GAMS 24.7.4   Copyright (C) 1987-2016 GAMS Development. All rights reserved
Licensee: Remigijus Paulavicius, Single User License     S170731:0859AO-LNX
          Imperial College London, Dept. of Chemical Engineering    DC13449
          License for teaching and research at degree granting institutions
          remigijus.paulavicius@imperial.ac.uk                             
--- Starting compilation
--- tabora.gms(171) 3 Mb
--- Starting execution: elapsed 0:00:00.002
--- tabora.gms(156) 4 Mb
--- Generating LP model tabora
--- tabora.gms(165) 4 Mb
---   573 rows  571 columns  2,882 non-zeroes
--- Executing CONVERT: elapsed 0:00:00.010

Convert 2.0      24.7.4 r58773 Released Sep 19, 2016 LEG x86 64bit/Linux      

--- Using Option File
Reading parameter(s) from "/home/renigijus/gams/opt-mod-lib/gamslib/tabora/convert.opt"
>>  pyomo tabora-scalar.py
Finished reading from "/home/renigijus/gams/opt-mod-lib/gamslib/tabora/convert.opt"
--- Writing Pyomo     : tabora-scalar.py

--- Restarting execution
--- tabora.gms(165) 2 Mb
--- Reading solution for model tabora
--- tabora.gms(171) 3 Mb
*** Status: Normal completion
--- Job tabora.gms Stop 12/13/18 10:24:39 elapsed 0:00:00.028
