--- Job trimloss.gms Start 12/13/18 10:32:23 24.7.4 r58773 LEX-LEG x86 64bit/Linux
GAMS 24.7.4   Copyright (C) 1987-2016 GAMS Development. All rights reserved
Licensee: Remigijus Paulavicius, Single User License     S170731:0859AO-LNX
          Imperial College London, Dept. of Chemical Engineering    DC13449
          License for teaching and research at degree granting institutions
          remigijus.paulavicius@imperial.ac.uk                             
--- Starting compilation
--- trimloss.gms(120) 3 Mb
--- Starting execution: elapsed 0:00:00.002
--- trimloss.gms(94) 4 Mb
--- Generating MINLP model trimloss
--- trimloss.gms(96) 6 Mb
---   54 rows  49 columns  303 non-zeroes
---   114 nl-code  72 nl-non-zeroes
---   48 discrete-columns
--- trimloss.gms(96) 4 Mb
--- Executing CONVERT: elapsed 0:00:00.005

Convert 2.0      24.7.4 r58773 Released Sep 19, 2016 LEG x86 64bit/Linux      

--- Using Option File
Reading parameter(s) from "/home/renigijus/gams/opt-mod-lib/gamslib/trimloss/convert.opt"
>>  ampl trimloss-scalar.mod
Finished reading from "/home/renigijus/gams/opt-mod-lib/gamslib/trimloss/convert.opt"
--- Writing Ampl      : trimloss-scalar.mod

--- Restarting execution
--- trimloss.gms(96) 2 Mb
--- Reading solution for model trimloss
--- trimloss.gms(120) 3 Mb
*** Status: Normal completion
--- Job trimloss.gms Stop 12/13/18 10:32:23 elapsed 0:00:00.018
