--- Job weapons.gms Start 12/13/18 10:24:30 24.7.4 r58773 LEX-LEG x86 64bit/Linux
GAMS 24.7.4   Copyright (C) 1987-2016 GAMS Development. All rights reserved
Licensee: Remigijus Paulavicius, Single User License     S170731:0859AO-LNX
          Imperial College London, Dept. of Chemical Engineering    DC13449
          License for teaching and research at degree granting institutions
          remigijus.paulavicius@imperial.ac.uk                             
--- Starting compilation
--- weapons.gms(80) 3 Mb
--- Starting execution: elapsed 0:00:00.001
--- weapons.gms(69) 4 Mb
--- Generating NLP model war
--- weapons.gms(71) 6 Mb
---   13 rows  66 columns  156 non-zeroes
---   284 nl-code  65 nl-non-zeroes
--- weapons.gms(71) 4 Mb
--- Executing CONVERT: elapsed 0:00:00.004

Convert 2.0      24.7.4 r58773 Released Sep 19, 2016 LEG x86 64bit/Linux      

--- Using Option File
Reading parameter(s) from "/home/renigijus/gams/opt-mod-lib/gamslib/weapons/convert.opt"
>>  pyomo weapons-scalar.py
Finished reading from "/home/renigijus/gams/opt-mod-lib/gamslib/weapons/convert.opt"
--- Writing Pyomo     : weapons-scalar.py

--- Restarting execution
--- weapons.gms(71) 2 Mb
--- Reading solution for model war
--- weapons.gms(80) 3 Mb
*** Status: Normal completion
--- Job weapons.gms Stop 12/13/18 10:24:30 elapsed 0:00:00.014
