--- Job gtm.gms Start 12/13/18 10:24:38 24.7.4 r58773 LEX-LEG x86 64bit/Linux
GAMS 24.7.4   Copyright (C) 1987-2016 GAMS Development. All rights reserved
Licensee: Remigijus Paulavicius, Single User License     S170731:0859AO-LNX
          Imperial College London, Dept. of Chemical Engineering    DC13449
          License for teaching and research at degree granting institutions
          remigijus.paulavicius@imperial.ac.uk                             
--- Starting compilation
--- gtm.gms(170) 3 Mb
--- Starting execution: elapsed 0:00:00.002
--- gtm.gms(158) 4 Mb
--- Generating NLP model gtm
--- gtm.gms(160) 6 Mb
---   25 rows  64 columns  162 non-zeroes
---   103 nl-code  20 nl-non-zeroes
--- gtm.gms(160) 4 Mb
--- Executing CONVERT: elapsed 0:00:00.005

Convert 2.0      24.7.4 r58773 Released Sep 19, 2016 LEG x86 64bit/Linux      

--- Using Option File
Reading parameter(s) from "/home/renigijus/gams/opt-mod-lib/gamslib/gtm/convert.opt"
>>  gams gtm-scalar.gms
Finished reading from "/home/renigijus/gams/opt-mod-lib/gamslib/gtm/convert.opt"
--- Writing Gams      : gtm-scalar.gms

--- Restarting execution
--- gtm.gms(160) 2 Mb
--- Reading solution for model gtm
--- gtm.gms(170) 3 Mb
*** Status: Normal completion
--- Job gtm.gms Stop 12/13/18 10:24:38 elapsed 0:00:00.016
