--- Job marilyn.gms Start 12/13/18 10:32:17 24.7.4 r58773 LEX-LEG x86 64bit/Linux
GAMS 24.7.4   Copyright (C) 1987-2016 GAMS Development. All rights reserved
Licensee: Remigijus Paulavicius, Single User License     S170731:0859AO-LNX
          Imperial College London, Dept. of Chemical Engineering    DC13449
          License for teaching and research at degree granting institutions
          remigijus.paulavicius@imperial.ac.uk                             
--- Starting compilation
--- marilyn.gms(74) 3 Mb
--- Starting execution: elapsed 0:00:00.002
--- marilyn.gms(47) 4 Mb
--- Generating MIP model m
--- marilyn.gms(74) 4 Mb
---   127 rows  107 columns  481 non-zeroes
---   106 discrete-columns
--- Executing CONVERT: elapsed 0:00:00.007

Convert 2.0      24.7.4 r58773 Released Sep 19, 2016 LEG x86 64bit/Linux      

--- Using Option File
Reading parameter(s) from "/home/renigijus/gams/opt-mod-lib/gamslib/marilyn/convert.opt"
>>  ampl marilyn-scalar.mod
Finished reading from "/home/renigijus/gams/opt-mod-lib/gamslib/marilyn/convert.opt"
--- Writing Ampl      : marilyn-scalar.mod

--- Restarting execution
--- marilyn.gms(74) 2 Mb
--- Reading solution for model m
*** Status: Normal completion
--- Job marilyn.gms Stop 12/13/18 10:32:17 elapsed 0:00:00.023
