--- Job glider.gms Start 12/13/18 11:22:33 24.7.4 r58773 LEX-LEG x86 64bit/Linux
GAMS 24.7.4   Copyright (C) 1987-2016 GAMS Development. All rights reserved
Licensee: Remigijus Paulavicius, Single User License     S170731:0859AO-LNX
          Imperial College London, Dept. of Chemical Engineering    DC13449
          License for teaching and research at degree granting institutions
          remigijus.paulavicius@imperial.ac.uk                             
--- Starting compilation
--- glider.gms(151) 3 Mb
--- Starting execution: elapsed 0:00:00.002
--- glider.gms(149) 4 Mb
--- Generating NLP model glider
--- glider.gms(151) 6 Mb
---   610 rows  666 columns  2,432 non-zeroes
---   5,324 nl-code  1,518 nl-non-zeroes
--- glider.gms(151) 4 Mb
--- Executing CONVERT: elapsed 0:00:00.008

Convert 2.0      24.7.4 r58773 Released Sep 19, 2016 LEG x86 64bit/Linux      

--- Using Option File
Reading parameter(s) from "/home/renigijus/gams/opt-mod-lib/gamslib/glider/convert.opt"
>>  ampl glider-scalar.mod
Finished reading from "/home/renigijus/gams/opt-mod-lib/gamslib/glider/convert.opt"
--- Writing Ampl      : glider-scalar.mod

--- Restarting execution
--- glider.gms(151) 2 Mb
--- Reading solution for model glider
*** Status: Normal completion
--- Job glider.gms Stop 12/13/18 11:22:33 elapsed 0:00:00.021
