--- Job mathopt2.gms Start 12/13/18 11:22:59 24.7.4 r58773 LEX-LEG x86 64bit/Linux
GAMS 24.7.4   Copyright (C) 1987-2016 GAMS Development. All rights reserved
Licensee: Remigijus Paulavicius, Single User License     S170731:0859AO-LNX
          Imperial College London, Dept. of Chemical Engineering    DC13449
          License for teaching and research at degree granting institutions
          remigijus.paulavicius@imperial.ac.uk                             
--- Starting compilation
--- mathopt2.gms(48) 3 Mb
--- Starting execution: elapsed 0:00:00.001
--- mathopt2.gms(25) 4 Mb
--- Generating NLP model m
--- mathopt2.gms(41) 6 Mb
---   5 rows  3 columns  11 non-zeroes
---   23 nl-code  4 nl-non-zeroes
--- mathopt2.gms(41) 4 Mb
--- Executing CONVERT: elapsed 0:00:00.003

Convert 2.0      24.7.4 r58773 Released Sep 19, 2016 LEG x86 64bit/Linux      

--- Using Option File
Reading parameter(s) from "/home/renigijus/gams/opt-mod-lib/gamslib/mathopt2/convert.opt"
>>  pyomo mathopt2-scalar.py
Finished reading from "/home/renigijus/gams/opt-mod-lib/gamslib/mathopt2/convert.opt"
--- Writing Pyomo     : mathopt2-scalar.py

--- Restarting execution
--- mathopt2.gms(41) 2 Mb
--- Reading solution for model m
--- mathopt2.gms(48) 3 Mb
*** Status: Normal completion
--- Job mathopt2.gms Stop 12/13/18 11:22:59 elapsed 0:00:00.014
