--- Job mhw4d.gms Start 12/13/18 10:24:44 24.7.4 r58773 LEX-LEG x86 64bit/Linux
GAMS 24.7.4   Copyright (C) 1987-2016 GAMS Development. All rights reserved
Licensee: Remigijus Paulavicius, Single User License     S170731:0859AO-LNX
          Imperial College London, Dept. of Chemical Engineering    DC13449
          License for teaching and research at degree granting institutions
          remigijus.paulavicius@imperial.ac.uk                             
--- Starting compilation
--- mhw4d.gms(33) 2 Mb
--- Starting execution: elapsed 0:00:00.002
--- mhw4d.gms(31) 3 Mb
--- Generating NLP model wright
--- mhw4d.gms(33) 5 Mb
---   4 rows  6 columns  14 non-zeroes
---   43 nl-code  10 nl-non-zeroes
--- mhw4d.gms(33) 3 Mb
--- Executing CONVERT: elapsed 0:00:00.004

Convert 2.0      24.7.4 r58773 Released Sep 19, 2016 LEG x86 64bit/Linux      

--- Using Option File
Reading parameter(s) from "/home/renigijus/gams/opt-mod-lib/gamslib/mhw4d/convert.opt"
>>  pyomo mhw4d-scalar.py
Finished reading from "/home/renigijus/gams/opt-mod-lib/gamslib/mhw4d/convert.opt"
--- Writing Pyomo     : mhw4d-scalar.py

--- Restarting execution
--- mhw4d.gms(33) 2 Mb
--- Reading solution for model wright
*** Status: Normal completion
--- Job mhw4d.gms Stop 12/13/18 10:24:44 elapsed 0:00:00.019
