--- Job uimp.gms Start 12/13/18 10:24:29 24.7.4 r58773 LEX-LEG x86 64bit/Linux
GAMS 24.7.4   Copyright (C) 1987-2016 GAMS Development. All rights reserved
Licensee: Remigijus Paulavicius, Single User License     S170731:0859AO-LNX
          Imperial College London, Dept. of Chemical Engineering    DC13449
          License for teaching and research at degree granting institutions
          remigijus.paulavicius@imperial.ac.uk                             
--- Starting compilation
--- uimp.gms(131) 3 Mb
--- Starting execution: elapsed 0:00:00.002
--- uimp.gms(118) 4 Mb
--- Generating LP model uimp
--- uimp.gms(122) 4 Mb
---   21 rows  43 columns  116 non-zeroes
--- Executing CONVERT: elapsed 0:00:00.005

Convert 2.0      24.7.4 r58773 Released Sep 19, 2016 LEG x86 64bit/Linux      

--- Using Option File
Reading parameter(s) from "/home/renigijus/gams/opt-mod-lib/gamslib/uimp/convert.opt"
>>  pyomo uimp-scalar.py
Finished reading from "/home/renigijus/gams/opt-mod-lib/gamslib/uimp/convert.opt"
--- Writing Pyomo     : uimp-scalar.py

--- Restarting execution
--- uimp.gms(122) 2 Mb
--- Reading solution for model uimp
--- Generating LP model uimp
--- uimp.gms(123) 3 Mb
---   21 rows  43 columns  116 non-zeroes
--- Executing CONVERT: elapsed 0:00:00.016

Convert 2.0      24.7.4 r58773 Released Sep 19, 2016 LEG x86 64bit/Linux      

--- Using Option File
Reading parameter(s) from "/home/renigijus/gams/opt-mod-lib/gamslib/uimp/convert.opt"
>>  pyomo uimp-scalar.py
Finished reading from "/home/renigijus/gams/opt-mod-lib/gamslib/uimp/convert.opt"
--- Writing Pyomo     : uimp-scalar.py

--- Restarting execution
--- uimp.gms(123) 2 Mb
--- Reading solution for model uimp
--- uimp.gms(131) 3 Mb
*** Status: Normal completion
--- Job uimp.gms Stop 12/13/18 10:24:29 elapsed 0:00:00.026
