--- Job ps10_s.gms Start 12/13/18 11:30:39 24.7.4 r58773 LEX-LEG x86 64bit/Linux
GAMS 24.7.4   Copyright (C) 1987-2016 GAMS Development. All rights reserved
Licensee: Remigijus Paulavicius, Single User License     S170731:0859AO-LNX
          Imperial College London, Dept. of Chemical Engineering    DC13449
          License for teaching and research at degree granting institutions
          remigijus.paulavicius@imperial.ac.uk                             
--- Starting compilation
--- ps10_s.gms(69) 3 Mb
--- Starting execution: elapsed 0:00:00.001
--- ps10_s.gms(47) 4 Mb
--- Generating NLP model SB_lic
--- ps10_s.gms(51) 6 Mb
---   31 rows  31 columns  99 non-zeroes
---   60 nl-code  10 nl-non-zeroes
--- ps10_s.gms(51) 4 Mb
--- Executing CONVERT: elapsed 0:00:00.004

Convert 2.0      24.7.4 r58773 Released Sep 19, 2016 LEG x86 64bit/Linux      

--- Using Option File
Reading parameter(s) from "/home/renigijus/gams/opt-mod-lib/gamslib/ps10_s/convert.opt"
>>  pyomo ps10_s-scalar.py
Finished reading from "/home/renigijus/gams/opt-mod-lib/gamslib/ps10_s/convert.opt"
--- Writing Pyomo     : ps10_s-scalar.py

--- Restarting execution
--- ps10_s.gms(51) 2 Mb
--- Reading solution for model SB_lic
--- ps10_s.gms(67) 3 Mb
--- Putfile sol /home/renigijus/gams/opt-mod-lib/gamslib/ps10_s/solution_lic.csv
*** Status: Normal completion
--- Job ps10_s.gms Stop 12/13/18 11:30:39 elapsed 0:00:00.019
