--- Job ganges.gms Start 12/13/18 10:24:47 24.7.4 r58773 LEX-LEG x86 64bit/Linux
GAMS 24.7.4   Copyright (C) 1987-2016 GAMS Development. All rights reserved
Licensee: Remigijus Paulavicius, Single User License     S170731:0859AO-LNX
          Imperial College London, Dept. of Chemical Engineering    DC13449
          License for teaching and research at degree granting institutions
          remigijus.paulavicius@imperial.ac.uk                             
--- Starting compilation
--- ganges.gms(1380) 3 Mb
--- Starting execution: elapsed 0:00:00.010
--- ganges.gms(1353) 4 Mb
--- Generating NLP model ganges0
--- ganges.gms(1355) 6 Mb
---   274 rows  357 columns  1,405 non-zeroes
---   2,735 nl-code  817 nl-non-zeroes
--- ganges.gms(1355) 4 Mb
--- Executing CONVERT: elapsed 0:00:00.016

Convert 2.0      24.7.4 r58773 Released Sep 19, 2016 LEG x86 64bit/Linux      

--- Using Option File
Reading parameter(s) from "/home/renigijus/gams/opt-mod-lib/gamslib/ganges/convert.opt"
>>  pyomo ganges-scalar.py
Finished reading from "/home/renigijus/gams/opt-mod-lib/gamslib/ganges/convert.opt"
--- Writing Pyomo     : ganges-scalar.py

--- Restarting execution
--- ganges.gms(1355) 2 Mb
--- Reading solution for model ganges0
--- ganges.gms(1359) 3 Mb
*** Status: Normal completion
--- Job ganges.gms Stop 12/13/18 10:24:47 elapsed 0:00:00.029
