--- Job wall.gms Start 12/13/18 10:24:42 24.7.4 r58773 LEX-LEG x86 64bit/Linux
GAMS 24.7.4   Copyright (C) 1987-2016 GAMS Development. All rights reserved
Licensee: Remigijus Paulavicius, Single User License     S170731:0859AO-LNX
          Imperial College London, Dept. of Chemical Engineering    DC13449
          License for teaching and research at degree granting institutions
          remigijus.paulavicius@imperial.ac.uk                             
--- Starting compilation
--- wall.gms(31) 2 Mb
--- Starting execution: elapsed 0:00:00.002
--- wall.gms(29) 3 Mb
--- Generating NLP model wall
--- wall.gms(30) 5 Mb
---   6 rows  6 columns  20 non-zeroes
---   22 nl-code  10 nl-non-zeroes
--- wall.gms(30) 3 Mb
--- Executing CONVERT: elapsed 0:00:00.004

Convert 2.0      24.7.4 r58773 Released Sep 19, 2016 LEG x86 64bit/Linux      

--- Using Option File
Reading parameter(s) from "/home/renigijus/gams/opt-mod-lib/gamslib/wall/convert.opt"
>>  gams wall-scalar.gms
Finished reading from "/home/renigijus/gams/opt-mod-lib/gamslib/wall/convert.opt"
--- Writing Gams      : wall-scalar.gms

--- Restarting execution
--- wall.gms(30) 2 Mb
--- Reading solution for model wall
*** Status: Normal completion
--- Job wall.gms Stop 12/13/18 10:24:42 elapsed 0:00:00.017
