--- Job flowchan.gms Start 12/13/18 11:22:33 24.7.4 r58773 LEX-LEG x86 64bit/Linux
GAMS 24.7.4   Copyright (C) 1987-2016 GAMS Development. All rights reserved
Licensee: Remigijus Paulavicius, Single User License     S170731:0859AO-LNX
          Imperial College London, Dept. of Chemical Engineering    DC13449
          License for teaching and research at degree granting institutions
          remigijus.paulavicius@imperial.ac.uk                             
--- Starting compilation
--- flowchan.gms(144) 3 Mb
--- Starting execution: elapsed 0:00:00.002
--- flowchan.gms(116) 4 Mb
--- Generating NLP model channel
--- flowchan.gms(128) 7 Mb
---   1,199 rows  1,201 columns  9,086 non-zeroes
---   1,800 nl-code  800 nl-non-zeroes
--- flowchan.gms(128) 4 Mb
--- Executing CONVERT: elapsed 0:00:00.013

Convert 2.0      24.7.4 r58773 Released Sep 19, 2016 LEG x86 64bit/Linux      

--- Using Option File
Reading parameter(s) from "/home/renigijus/gams/opt-mod-lib/gamslib/flowchan/convert.opt"
>>  ampl flowchan-scalar.mod
Finished reading from "/home/renigijus/gams/opt-mod-lib/gamslib/flowchan/convert.opt"
--- Writing Ampl      : flowchan-scalar.mod

--- Restarting execution
--- flowchan.gms(128) 2 Mb
--- Reading solution for model channel
--- flowchan.gms(133) 3 Mb
*** Status: Normal completion
--- Job flowchan.gms Stop 12/13/18 11:22:33 elapsed 0:00:00.043
