--- Job port.gms Start 12/13/18 10:24:38 24.7.4 r58773 LEX-LEG x86 64bit/Linux
GAMS 24.7.4   Copyright (C) 1987-2016 GAMS Development. All rights reserved
Licensee: Remigijus Paulavicius, Single User License     S170731:0859AO-LNX
          Imperial College London, Dept. of Chemical Engineering    DC13449
          License for teaching and research at degree granting institutions
          remigijus.paulavicius@imperial.ac.uk                             
--- Starting compilation
--- port.gms(50) 3 Mb
--- Starting execution: elapsed 0:00:00.001
--- port.gms(41) 4 Mb
--- Generating LP model port
--- port.gms(49) 4 Mb
---   5 rows  7 columns  27 non-zeroes
--- Executing CONVERT: elapsed 0:00:00.003

Convert 2.0      24.7.4 r58773 Released Sep 19, 2016 LEG x86 64bit/Linux      

--- Using Option File
Reading parameter(s) from "/home/renigijus/gams/opt-mod-lib/gamslib/port/convert.opt"
>>  gams port-scalar.gms
Finished reading from "/home/renigijus/gams/opt-mod-lib/gamslib/port/convert.opt"
--- Writing Gams      : port-scalar.gms

--- Restarting execution
--- port.gms(49) 2 Mb
--- Reading solution for model port
*** Status: Normal completion
--- Job port.gms Stop 12/13/18 10:24:38 elapsed 0:00:00.012
