--- Job etamac.gms Start 12/13/18 10:24:43 24.7.4 r58773 LEX-LEG x86 64bit/Linux
GAMS 24.7.4   Copyright (C) 1987-2016 GAMS Development. All rights reserved
Licensee: Remigijus Paulavicius, Single User License     S170731:0859AO-LNX
          Imperial College London, Dept. of Chemical Engineering    DC13449
          License for teaching and research at degree granting institutions
          remigijus.paulavicius@imperial.ac.uk                             
--- Starting compilation
--- etamac.gms(276) 3 Mb
--- Starting execution: elapsed 0:00:00.003
--- etamac.gms(231) 4 Mb
--- Generating NLP model etamac
--- etamac.gms(233) 6 Mb
---   71 rows  98 columns  226 non-zeroes
---   197 nl-code  35 nl-non-zeroes
--- etamac.gms(233) 4 Mb
--- Executing CONVERT: elapsed 0:00:00.007

Convert 2.0      24.7.4 r58773 Released Sep 19, 2016 LEG x86 64bit/Linux      

--- Using Option File
Reading parameter(s) from "/home/renigijus/gams/opt-mod-lib/gamslib/etamac/convert.opt"
>>  ampl etamac-scalar.mod
Finished reading from "/home/renigijus/gams/opt-mod-lib/gamslib/etamac/convert.opt"
--- Writing Ampl      : etamac-scalar.mod

--- Restarting execution
--- etamac.gms(233) 2 Mb
--- Reading solution for model etamac
--- etamac.gms(276) 3 Mb
*** Status: Normal completion
--- Job etamac.gms Stop 12/13/18 10:24:43 elapsed 0:00:00.020
