--- Job tvcsched.gms Start 12/13/18 11:22:35 24.7.4 r58773 LEX-LEG x86 64bit/Linux
GAMS 24.7.4   Copyright (C) 1987-2016 GAMS Development. All rights reserved
Licensee: Remigijus Paulavicius, Single User License     S170731:0859AO-LNX
          Imperial College London, Dept. of Chemical Engineering    DC13449
          License for teaching and research at degree granting institutions
          remigijus.paulavicius@imperial.ac.uk                             
--- Starting compilation
--- tvcsched.gms(208) 3 Mb
--- Starting execution: elapsed 0:00:00.002
--- tvcsched.gms(179) 4 Mb
--- Generating MIP model commercial
--- tvcsched.gms(180) 6 Mb
---   189 rows  7,721 columns  23,101 non-zeroes
---   76 discrete-columns
--- Executing CONVERT: elapsed 0:00:00.039

Convert 2.0      24.7.4 r58773 Released Sep 19, 2016 LEG x86 64bit/Linux      

--- Using Option File
Reading parameter(s) from "/home/renigijus/gams/opt-mod-lib/gamslib/tvcsched/convert.opt"
>>  gams tvcsched-scalar.gms
Finished reading from "/home/renigijus/gams/opt-mod-lib/gamslib/tvcsched/convert.opt"
--- Writing Gams      : tvcsched-scalar.gms

--- Restarting execution
--- tvcsched.gms(180) 3 Mb
--- Reading solution for model commercial
--- tvcsched.gms(188) 3 Mb
--- Generating MIP model commercial
--- tvcsched.gms(196) 4 Mb
---   189 rows  7,721 columns  23,101 non-zeroes
---   80 discrete-columns
--- Executing CONVERT: elapsed 0:00:00.098

Convert 2.0      24.7.4 r58773 Released Sep 19, 2016 LEG x86 64bit/Linux      

--- Using Option File
Reading parameter(s) from "/home/renigijus/gams/opt-mod-lib/gamslib/tvcsched/convert.opt"
>>  gams tvcsched-scalar.gms
Finished reading from "/home/renigijus/gams/opt-mod-lib/gamslib/tvcsched/convert.opt"
--- Writing Gams      : tvcsched-scalar.gms

--- Restarting execution
--- tvcsched.gms(196) 3 Mb
--- Reading solution for model commercial
--- tvcsched.gms(204) 3 Mb
*** Status: Normal completion
--- Job tvcsched.gms Stop 12/13/18 11:22:36 elapsed 0:00:00.130
