--- Job tvcsched.gms Start 12/13/18 11:22:36 24.7.4 r58773 LEX-LEG x86 64bit/Linux
GAMS 24.7.4   Copyright (C) 1987-2016 GAMS Development. All rights reserved
Licensee: Remigijus Paulavicius, Single User License     S170731:0859AO-LNX
          Imperial College London, Dept. of Chemical Engineering    DC13449
          License for teaching and research at degree granting institutions
          remigijus.paulavicius@imperial.ac.uk                             
--- Starting compilation
--- tvcsched.gms(209) 3 Mb
--- Starting execution: elapsed 0:00:00.003
--- tvcsched.gms(180) 4 Mb
--- Generating MIP model commercial
--- tvcsched.gms(181) 6 Mb
---   189 rows  7,721 columns  23,101 non-zeroes
---   76 discrete-columns
--- Executing CONVERT: elapsed 0:00:00.038

Convert 2.0      24.7.4 r58773 Released Sep 19, 2016 LEG x86 64bit/Linux      

--- Using Option File
Reading parameter(s) from "/home/renigijus/gams/opt-mod-lib/gamslib/tvcsched/convert.opt"
>>  pyomo tvcsched-scalar.py
Finished reading from "/home/renigijus/gams/opt-mod-lib/gamslib/tvcsched/convert.opt"
--- Writing Pyomo     : tvcsched-scalar.py

--- Restarting execution
--- tvcsched.gms(181) 3 Mb
--- Reading solution for model commercial
--- tvcsched.gms(189) 3 Mb
--- Generating MIP model commercial
--- tvcsched.gms(197) 4 Mb
---   189 rows  7,721 columns  23,101 non-zeroes
---   80 discrete-columns
--- Executing CONVERT: elapsed 0:00:00.097

Convert 2.0      24.7.4 r58773 Released Sep 19, 2016 LEG x86 64bit/Linux      

--- Using Option File
Reading parameter(s) from "/home/renigijus/gams/opt-mod-lib/gamslib/tvcsched/convert.opt"
>>  pyomo tvcsched-scalar.py
Finished reading from "/home/renigijus/gams/opt-mod-lib/gamslib/tvcsched/convert.opt"
--- Writing Pyomo     : tvcsched-scalar.py

--- Restarting execution
--- tvcsched.gms(197) 3 Mb
--- Reading solution for model commercial
--- tvcsched.gms(205) 3 Mb
*** Status: Normal completion
--- Job tvcsched.gms Stop 12/13/18 11:22:36 elapsed 0:00:00.126
