--- Job iobalance.gms Start 12/13/18 11:34:54 24.7.4 r58773 LEX-LEG x86 64bit/Linux
GAMS 24.7.4   Copyright (C) 1987-2016 GAMS Development. All rights reserved
Licensee: Remigijus Paulavicius, Single User License     S170731:0859AO-LNX
          Imperial College London, Dept. of Chemical Engineering    DC13449
          License for teaching and research at degree granting institutions
          remigijus.paulavicius@imperial.ac.uk                             
--- Starting compilation
--- iobalance.gms(163) 3 Mb
--- Starting execution: elapsed 0:00:00.003
--- iobalance.gms(87) 4 Mb
--- Generating NLP model mEntropy
--- iobalance.gms(89) 6 Mb
---   7 rows  10 columns  28 non-zeroes
---   66 nl-code  9 nl-non-zeroes
--- iobalance.gms(89) 4 Mb
--- Executing CONVERT: elapsed 0:00:00.006

Convert 2.0      24.7.4 r58773 Released Sep 19, 2016 LEG x86 64bit/Linux      

--- Using Option File
Reading parameter(s) from "/home/renigijus/gams/opt-mod-lib/gamslib/iobalance/convert.opt"
>>  gams iobalance-scalar.gms
Finished reading from "/home/renigijus/gams/opt-mod-lib/gamslib/iobalance/convert.opt"
--- Writing Gams      : iobalance-scalar.gms

--- Restarting execution
--- iobalance.gms(89) 2 Mb
--- Reading solution for model mEntropy
--- iobalance.gms(113) 3 Mb
--- Generating NLP model mEntropyz
--- iobalance.gms(115) 5 Mb
---   7 rows  10 columns  28 non-zeroes
---   48 nl-code  9 nl-non-zeroes
--- iobalance.gms(115) 3 Mb
--- Executing CONVERT: elapsed 0:00:00.110

Convert 2.0      24.7.4 r58773 Released Sep 19, 2016 LEG x86 64bit/Linux      

--- Using Option File
Reading parameter(s) from "/home/renigijus/gams/opt-mod-lib/gamslib/iobalance/convert.opt"
>>  gams iobalance-scalar.gms
Finished reading from "/home/renigijus/gams/opt-mod-lib/gamslib/iobalance/convert.opt"
--- Writing Gams      : iobalance-scalar.gms

--- Restarting execution
--- iobalance.gms(115) 2 Mb
--- Reading solution for model mEntropyz
--- iobalance.gms(115) 3 Mb
--- Generating LP model mMAD
--- iobalance.gms(145) 3 Mb
---   16 rows  28 columns  64 non-zeroes
--- Executing CPLEX: elapsed 0:00:00.288

IBM ILOG CPLEX   24.7.4 r58773 Released Sep 19, 2016 LEG x86 64bit/Linux      
Cplex 12.6.3.0

*** Error Cannot open parameter file "/home/renigijus/gams/opt-mod-lib/gamslib/iobalance/cplex.opt"
*** Error Error code = 2; No such file or directory
Reading data...
Starting Cplex...
Space for names approximately 0.00 Mb
Use option 'names no' to turn use of names off
Tried aggregator 1 time.
LP Presolve eliminated 1 rows and 1 columns.
Reduced LP has 15 rows, 27 columns, and 45 nonzeros.
Presolve time = 0.00 sec. (0.01 ticks)
Initializing dual steep norms . . .

Iteration      Dual Objective            In Variable           Out Variable
     1               0.042854                ap(1.1)        rowbal(1) artif
     2               0.055274                an(2.2)        rowbal(2) artif
     3               0.075731                ap(1.3)      defabs(1.3) artif
     4               0.085312                ap(3.1)        rowbal(3) artif
     5               0.090132                an(2.1)      defabs(1.2) artif
LP status(1): optimal
Cplex Time: 0.00sec (det. 0.04 ticks)

Optimal solution found.
Objective :           0.090132

--- Restarting execution
--- iobalance.gms(145) 2 Mb
--- Reading solution for model mMAD
--- iobalance.gms(145) 3 Mb
--- Generating LP model mMADE
--- iobalance.gms(146) 3 Mb
---   16 rows  28 columns  64 non-zeroes
--- Executing CPLEX: elapsed 0:00:00.309

IBM ILOG CPLEX   24.7.4 r58773 Released Sep 19, 2016 LEG x86 64bit/Linux      
Cplex 12.6.3.0

*** Error Cannot open parameter file "/home/renigijus/gams/opt-mod-lib/gamslib/iobalance/cplex.opt"
*** Error Error code = 2; No such file or directory
Reading data...
Starting Cplex...
Space for names approximately 0.00 Mb
Use option 'names no' to turn use of names off
Tried aggregator 1 time.
LP Presolve eliminated 1 rows and 1 columns.
Reduced LP has 15 rows, 27 columns, and 45 nonzeros.
Presolve time = 0.00 sec. (0.01 ticks)

Iteration      Dual Objective            In Variable           Out Variable
     1 sI          705.837675                 a(2.3)      defabs(2.3) artif
     2 sI          618.817218                ap(2.3)        colbal(3) artif
     3 sI          618.817218                 a(3.2)      defabs(3.2) artif
     4 sI          531.796761                 a(3.3)      defabs(3.3) artif
     5 sI           45.332796                ap(3.2)        rowbal(3) artif
     6 sI           45.332796                 a(2.1)        rowbal(2) artif
     7 sI           45.332796                 a(2.2)      defabs(2.1) artif
     8 sI            9.766181                            9 sI            0.000000                ap(3.3)                 a(2.3)
    10              26.642861                 a(1.1)        rowbal(1) artif
    11              26.642861                ap(1.1)      defabs(1.1) artif
    12              26.642861                 a(1.2)      defabs(1.2) artif
    13              33.126847                 a(1.3)      defabs(1.3) artif
    14              42.514477                 a(3.1)      defabs(3.1) artif
    15              45.102418                 a(2.3)                ap(2.3)
    16              57.362595                an(2.1)      defabs(2.2) artif
    17              58.882812                an(2.2)        colbal(2) artif
    18              61.930707                ap(2.3)                ap(3.2)
LP status(1): optimal
Cplex Time: 0.00sec (det. 0.08 ticks)

Optimal solution found.
Objective :          61.930707

--- Restarting execution
--- iobalance.gms(146) 2 Mb
--- Reading solution for model mMADE
--- iobalance.gms(146) 3 Mb
--- Generating LP model mLinf
--- iobalance.gms(147) 3 Mb
---   25 rows  11 columns  56 non-zeroes
--- Executing CPLEX: elapsed 0:00:00.327

IBM ILOG CPLEX   24.7.4 r58773 Released Sep 19, 2016 LEG x86 64bit/Linux      
Cplex 12.6.3.0

*** Error Cannot open parameter file "/home/renigijus/gams/opt-mod-lib/gamslib/iobalance/cplex.opt"
*** Error Error code = 2; No such file or directory
Reading data...
Starting Cplex...
Space for names approximately 0.00 Mb
Use option 'names no' to turn use of names off
Tried aggregator 1 time.
LP Presolve eliminated 1 rows and 1 columns.
Reduced LP has 24 rows, 10 columns, and 54 nonzeros.
Presolve time = 0.00 sec. (0.01 ticks)
Initializing dual steep norms . . .

Iteration      Dual Objective            In Variable           Out Variable
     1               0.000000                 a(2.3)     defmaxp(1.3) slack
     2               0.000000                 a(3.2)     defmaxn(3.2) slack
     3               0.000000                 a(2.2)     defmaxn(2.2) slack
     4               0.168614                   amax     defmaxp(1.1) slack
     5               0.168614                 a(3.3)     defmaxp(3.1) slack
LP status(1): optimal
Cplex Time: 0.00sec (det. 0.04 ticks)

Optimal solution found.
Objective :           0.168614

--- Restarting execution
--- iobalance.gms(147) 2 Mb
--- Reading solution for model mLinf
--- iobalance.gms(147) 3 Mb
--- Generating QCP model mSD
--- iobalance.gms(160) 5 Mb
---   7 rows  10 columns  28 non-zeroes
---   39 nl-code  9 nl-non-zeroes
--- iobalance.gms(160) 3 Mb
--- Executing BARON: elapsed 0:00:00.348

GAMS/BARON       24.7.4 r58773 Released Sep 19, 2016 LEG x86 64bit/Linux      

--- Using Option File
*** Error Cannot open parameter file "/home/renigijus/gams/opt-mod-lib/gamslib/iobalance/baron.opt"
*** Error Error code = 2; No such file or directory
===========================================================================
 BARON version 16.8.24. Built: LNX-64 Wed Aug 24 08:52:24 EDT 2016

 If you use this software, please cite:
 Tawarmalani, M. and N. V. Sahinidis, A polyhedral
 branch-and-cut approach to global optimization,
 Mathematical Programming, 103(2), 225-249, 2005.

 BARON is a product of The Optimization Firm, LLC. http://www.minlp.com/
 Parts of the BARON software were created at the
 University of Illinois at Urbana-Champaign.
===========================================================================
 This BARON run may utilize the following subsolver(s)
 For LP/MIP: ILOG CPLEX                                      
 For NLP: MINOS, SNOPT, GAMS external NLP, IPOPT, FILTERSD
===========================================================================
 Starting solution is feasible with a value of     1.06869651134     
 Doing local search
 Preprocessing found feasible solution with value  1.03424121948     
 Problem solved during preprocessing
 Lower bound is 0.940219290434     

 Cleaning up

                         *** Normal completion ***            

 Wall clock time:                     0.01
 Total CPU time used:                 0.01

 Total no. of BaR iterations:      -1
 Best solution found at node:      -1
 Max. no. of nodes in memory:       0
 
 All done
===========================================================================

Solution      = 1.0342412194775  best solution found during preprocessing
Best possible = 0.940219290434
Absolute gap  = 0.0940219290434984  optca = 1E-9
Relative gap  = 0.09091  optcr = 0.1
  (Note that BARON uses a different formula to compute the relative gap as
   was used for the above reported value.)

--- Restarting execution
--- iobalance.gms(160) 2 Mb
--- Reading solution for model mSD
--- iobalance.gms(160) 3 Mb
--- Generating QCP model mRSD
--- iobalance.gms(161) 5 Mb
---   7 rows  10 columns  28 non-zeroes
---   48 nl-code  9 nl-non-zeroes
--- iobalance.gms(161) 3 Mb
--- Executing BARON: elapsed 0:00:00.382

GAMS/BARON       24.7.4 r58773 Released Sep 19, 2016 LEG x86 64bit/Linux      

--- Using Option File
*** Error Cannot open parameter file "/home/renigijus/gams/opt-mod-lib/gamslib/iobalance/baron.opt"
*** Error Error code = 2; No such file or directory
===========================================================================
 BARON version 16.8.24. Built: LNX-64 Wed Aug 24 08:52:24 EDT 2016

 If you use this software, please cite:
 Tawarmalani, M. and N. V. Sahinidis, A polyhedral
 branch-and-cut approach to global optimization,
 Mathematical Programming, 103(2), 225-249, 2005.

 BARON is a product of The Optimization Firm, LLC. http://www.minlp.com/
 Parts of the BARON software were created at the
 University of Illinois at Urbana-Champaign.
===========================================================================
 This BARON run may utilize the following subsolver(s)
 For LP/MIP: ILOG CPLEX                                      
 For NLP: MINOS, SNOPT, GAMS external NLP, IPOPT, FILTERSD
===========================================================================
 Starting solution is feasible with a value of     10.2277005746     
 Doing local search
 Preprocessing found feasible solution with value  7.62033257163     
 Problem solved during preprocessing
 Lower bound is  6.92757506511     

 Cleaning up

                         *** Normal completion ***            

 Wall clock time:                     0.01
 Total CPU time used:                 0.01

 Total no. of BaR iterations:      -1
 Best solution found at node:      -1
 Max. no. of nodes in memory:       0
 
 All done
===========================================================================

Solution      = 7.62033257162502  best solution found during preprocessing
Best possible = 6.92757506511
Absolute gap  = 0.692757506515022  optca = 1E-9
Relative gap  = 0.09091  optcr = 0.1
  (Note that BARON uses a different formula to compute the relative gap as
   was used for the above reported value.)

--- Restarting execution
--- iobalance.gms(161) 2 Mb
--- Reading solution for model mRSD
--- iobalance.gms(163) 3 Mb
*** Status: Normal completion
--- Job iobalance.gms Stop 12/13/18 11:34:55 elapsed 0:00:00.420
