--- Job catmix.gms Start 12/13/18 11:22:34 24.7.4 r58773 LEX-LEG x86 64bit/Linux
GAMS 24.7.4   Copyright (C) 1987-2016 GAMS Development. All rights reserved
Licensee: Remigijus Paulavicius, Single User License     S170731:0859AO-LNX
          Imperial College London, Dept. of Chemical Engineering    DC13449
          License for teaching and research at degree granting institutions
          remigijus.paulavicius@imperial.ac.uk                             
--- Starting compilation
--- catmix.gms(70) 3 Mb
--- Starting execution: elapsed 0:00:00.002
--- catmix.gms(64) 4 Mb
--- Generating NLP model catmix
--- catmix.gms(70) 6 Mb
---   201 rows  304 columns  1,203 non-zeroes
---   4,201 nl-code  1,200 nl-non-zeroes
--- catmix.gms(70) 4 Mb
--- Executing CONVERT: elapsed 0:00:00.007

Convert 2.0      24.7.4 r58773 Released Sep 19, 2016 LEG x86 64bit/Linux      

--- Using Option File
Reading parameter(s) from "/home/renigijus/gams/opt-mod-lib/gamslib/catmix/convert.opt"
>>  gams catmix-scalar.gms
Finished reading from "/home/renigijus/gams/opt-mod-lib/gamslib/catmix/convert.opt"
--- Writing Gams      : catmix-scalar.gms

--- Restarting execution
--- catmix.gms(70) 2 Mb
--- Reading solution for model catmix
*** Status: Normal completion
--- Job catmix.gms Stop 12/13/18 11:22:34 elapsed 0:00:00.023
