--- Job gangesx.gms Start 12/13/18 10:24:49 24.7.4 r58773 LEX-LEG x86 64bit/Linux
GAMS 24.7.4   Copyright (C) 1987-2016 GAMS Development. All rights reserved
Licensee: Remigijus Paulavicius, Single User License     S170731:0859AO-LNX
          Imperial College London, Dept. of Chemical Engineering    DC13449
          License for teaching and research at degree granting institutions
          remigijus.paulavicius@imperial.ac.uk                             
--- Starting compilation
--- gangesx.gms(1866) 3 Mb
--- Starting execution: elapsed 0:00:00.008
--- gangesx.gms(1790) 4 Mb
--- Generating NLP model ganges0
--- gangesx.gms(1818) 6 Mb
---   274 rows  357 columns  1,405 non-zeroes
---   2,735 nl-code  817 nl-non-zeroes
--- gangesx.gms(1818) 4 Mb
--- Executing CONVERT: elapsed 0:00:00.014

Convert 2.0      24.7.4 r58773 Released Sep 19, 2016 LEG x86 64bit/Linux      

--- Using Option File
Reading parameter(s) from "/home/renigijus/gams/opt-mod-lib/gamslib/gangesx/convert.opt"
>>  ampl gangesx-scalar.mod
Finished reading from "/home/renigijus/gams/opt-mod-lib/gamslib/gangesx/convert.opt"
--- Writing Ampl      : gangesx-scalar.mod

--- Restarting execution
--- gangesx.gms(1818) 2 Mb
--- Reading solution for model ganges0
--- gangesx.gms(1824) 3 Mb
*** Status: Normal completion
--- Job gangesx.gms Stop 12/13/18 10:24:49 elapsed 0:00:00.029
