--- Job meanvar.gms Start 12/13/18 10:24:51 24.7.4 r58773 LEX-LEG x86 64bit/Linux
GAMS 24.7.4   Copyright (C) 1987-2016 GAMS Development. All rights reserved
Licensee: Remigijus Paulavicius, Single User License     S170731:0859AO-LNX
          Imperial College London, Dept. of Chemical Engineering    DC13449
          License for teaching and research at degree granting institutions
          remigijus.paulavicius@imperial.ac.uk                             
--- Starting compilation
--- meanvar.gms(168) 3 Mb
--- Starting execution: elapsed 0:00:00.001
--- meanvar.gms(87) 4 Mb
--- Generating NLP model var1
--- meanvar.gms(87) 6 Mb
---   3 rows  9 columns  23 non-zeroes
---   196 nl-code  7 nl-non-zeroes
--- meanvar.gms(87) 4 Mb
--- Executing CONVERT: elapsed 0:00:00.003

Convert 2.0      24.7.4 r58773 Released Sep 19, 2016 LEG x86 64bit/Linux      

--- Using Option File
Reading parameter(s) from "/home/renigijus/gams/opt-mod-lib/gamslib/meanvar/convert.opt"
>>  ampl meanvar-scalar.mod
Finished reading from "/home/renigijus/gams/opt-mod-lib/gamslib/meanvar/convert.opt"
--- Writing Ampl      : meanvar-scalar.mod

--- Restarting execution
--- meanvar.gms(87) 2 Mb
--- Reading solution for model var1
--- Generating NLP model var2
--- meanvar.gms(102) 5 Mb
---   2 rows  8 columns  15 non-zeroes
---   196 nl-code  7 nl-non-zeroes
--- meanvar.gms(102) 3 Mb
--- Executing CONVERT: elapsed 0:00:00.014

Convert 2.0      24.7.4 r58773 Released Sep 19, 2016 LEG x86 64bit/Linux      

--- Using Option File
Reading parameter(s) from "/home/renigijus/gams/opt-mod-lib/gamslib/meanvar/convert.opt"
>>  ampl meanvar-scalar.mod
Finished reading from "/home/renigijus/gams/opt-mod-lib/gamslib/meanvar/convert.opt"
--- Writing Ampl      : meanvar-scalar.mod

--- Restarting execution
--- meanvar.gms(102) 2 Mb
--- Reading solution for model var2
--- meanvar.gms(127) 3 Mb
--- Generating NLP model sharpe
--- meanvar.gms(129) 5 Mb
---   4 rows  10 columns  26 non-zeroes
---   203 nl-code  9 nl-non-zeroes
--- meanvar.gms(129) 3 Mb
--- Executing CONVERT: elapsed 0:00:00.024

Convert 2.0      24.7.4 r58773 Released Sep 19, 2016 LEG x86 64bit/Linux      

--- Using Option File
Reading parameter(s) from "/home/renigijus/gams/opt-mod-lib/gamslib/meanvar/convert.opt"
>>  ampl meanvar-scalar.mod
Finished reading from "/home/renigijus/gams/opt-mod-lib/gamslib/meanvar/convert.opt"
--- Writing Ampl      : meanvar-scalar.mod

--- Restarting execution
--- meanvar.gms(129) 2 Mb
--- Reading solution for model sharpe
--- meanvar.gms(142) 3 Mb
--- Generating NLP model var1
--- meanvar.gms(143) 5 Mb
---   3 rows  9 columns  23 non-zeroes
---   196 nl-code  7 nl-non-zeroes
--- meanvar.gms(143) 3 Mb
--- Executing CONVERT: elapsed 0:00:00.038

Convert 2.0      24.7.4 r58773 Released Sep 19, 2016 LEG x86 64bit/Linux      

--- Using Option File
Reading parameter(s) from "/home/renigijus/gams/opt-mod-lib/gamslib/meanvar/convert.opt"
>>  ampl meanvar-scalar.mod
Finished reading from "/home/renigijus/gams/opt-mod-lib/gamslib/meanvar/convert.opt"
--- Writing Ampl      : meanvar-scalar.mod

--- Restarting execution
--- meanvar.gms(143) 2 Mb
--- Reading solution for model var1
--- meanvar.gms(150) 3 Mb
--- Generating NLP model var1
--- meanvar.gms(151) 5 Mb
---   3 rows  9 columns  23 non-zeroes
---   196 nl-code  7 nl-non-zeroes
--- meanvar.gms(151) 3 Mb
--- Executing CONVERT: elapsed 0:00:00.051

Convert 2.0      24.7.4 r58773 Released Sep 19, 2016 LEG x86 64bit/Linux      

--- Using Option File
Reading parameter(s) from "/home/renigijus/gams/opt-mod-lib/gamslib/meanvar/convert.opt"
>>  ampl meanvar-scalar.mod
Finished reading from "/home/renigijus/gams/opt-mod-lib/gamslib/meanvar/convert.opt"
--- Writing Ampl      : meanvar-scalar.mod

--- Restarting execution
--- meanvar.gms(151) 2 Mb
--- Reading solution for model var1
--- meanvar.gms(158) 3 Mb
--- Generating NLP model var1
--- meanvar.gms(160) 5 Mb
--- LOOPS pp = p1
---   3 rows  9 columns  23 non-zeroes
---   196 nl-code  7 nl-non-zeroes
--- meanvar.gms(160) 3 Mb
--- Executing CONVERT: elapsed 0:00:00.067

Convert 2.0      24.7.4 r58773 Released Sep 19, 2016 LEG x86 64bit/Linux      

--- Using Option File
Reading parameter(s) from "/home/renigijus/gams/opt-mod-lib/gamslib/meanvar/convert.opt"
>>  ampl meanvar-scalar.mod
Finished reading from "/home/renigijus/gams/opt-mod-lib/gamslib/meanvar/convert.opt"
--- Writing Ampl      : meanvar-scalar.mod

--- Restarting execution
--- meanvar.gms(160) 2 Mb
--- Reading solution for model var1
--- meanvar.gms(158) 3 Mb
--- Generating NLP model var1
--- meanvar.gms(160) 5 Mb
--- LOOPS pp = p2
---   3 rows  9 columns  23 non-zeroes
---   196 nl-code  7 nl-non-zeroes
--- meanvar.gms(160) 3 Mb
--- Executing CONVERT: elapsed 0:00:00.084

Convert 2.0      24.7.4 r58773 Released Sep 19, 2016 LEG x86 64bit/Linux      

--- Using Option File
Reading parameter(s) from "/home/renigijus/gams/opt-mod-lib/gamslib/meanvar/convert.opt"
>>  ampl meanvar-scalar.mod
Finished reading from "/home/renigijus/gams/opt-mod-lib/gamslib/meanvar/convert.opt"
--- Writing Ampl      : meanvar-scalar.mod

--- Restarting execution
--- meanvar.gms(160) 2 Mb
--- Reading solution for model var1
--- meanvar.gms(158) 3 Mb
--- Generating NLP model var1
--- meanvar.gms(160) 5 Mb
--- LOOPS pp = p3
---   3 rows  9 columns  23 non-zeroes
---   196 nl-code  7 nl-non-zeroes
--- meanvar.gms(160) 3 Mb
--- Executing CONVERT: elapsed 0:00:00.100

Convert 2.0      24.7.4 r58773 Released Sep 19, 2016 LEG x86 64bit/Linux      

--- Using Option File
Reading parameter(s) from "/home/renigijus/gams/opt-mod-lib/gamslib/meanvar/convert.opt"
>>  ampl meanvar-scalar.mod
Finished reading from "/home/renigijus/gams/opt-mod-lib/gamslib/meanvar/convert.opt"
--- Writing Ampl      : meanvar-scalar.mod

--- Restarting execution
--- meanvar.gms(160) 2 Mb
--- Reading solution for model var1
--- meanvar.gms(158) 3 Mb
--- Generating NLP model var1
--- meanvar.gms(160) 5 Mb
--- LOOPS pp = p4
---   3 rows  9 columns  23 non-zeroes
---   196 nl-code  7 nl-non-zeroes
--- meanvar.gms(160) 3 Mb
--- Executing CONVERT: elapsed 0:00:00.115

Convert 2.0      24.7.4 r58773 Released Sep 19, 2016 LEG x86 64bit/Linux      

--- Using Option File
Reading parameter(s) from "/home/renigijus/gams/opt-mod-lib/gamslib/meanvar/convert.opt"
>>  ampl meanvar-scalar.mod
Finished reading from "/home/renigijus/gams/opt-mod-lib/gamslib/meanvar/convert.opt"
--- Writing Ampl      : meanvar-scalar.mod

--- Restarting execution
--- meanvar.gms(160) 2 Mb
--- Reading solution for model var1
--- meanvar.gms(166) 3 Mb
*** Status: Normal completion
--- Job meanvar.gms Stop 12/13/18 10:24:51 elapsed 0:00:00.126
