--- Job waterx.gms Start 12/13/18 10:30:48 24.7.4 r58773 LEX-LEG x86 64bit/Linux
GAMS 24.7.4   Copyright (C) 1987-2016 GAMS Development. All rights reserved
Licensee: Remigijus Paulavicius, Single User License     S170731:0859AO-LNX
          Imperial College London, Dept. of Chemical Engineering    DC13449
          License for teaching and research at degree granting institutions
          remigijus.paulavicius@imperial.ac.uk                             
--- Starting compilation
--- waterx.gms(158) 3 Mb
--- Starting execution: elapsed 0:00:00.002
--- waterx.gms(131) 4 Mb
--- Generating MINLP model network
--- waterx.gms(153) 6 Mb
---   55 rows  71 columns  241 non-zeroes
---   270 nl-code  60 nl-non-zeroes
---   14 discrete-columns
--- waterx.gms(153) 4 Mb
--- Executing CONVERT: elapsed 0:00:00.006

Convert 2.0      24.7.4 r58773 Released Sep 19, 2016 LEG x86 64bit/Linux      

--- Using Option File
Reading parameter(s) from "/home/renigijus/gams/opt-mod-lib/gamslib/waterx/convert.opt"
>>  pyomo waterx-scalar.py
Finished reading from "/home/renigijus/gams/opt-mod-lib/gamslib/waterx/convert.opt"
--- Writing Pyomo     : waterx-scalar.py

--- Restarting execution
--- waterx.gms(153) 2 Mb
--- Reading solution for model network
*** Status: Normal completion
--- Job waterx.gms Stop 12/13/18 10:30:48 elapsed 0:00:00.022
