--- Job pmeanvar.gms Start 12/13/18 11:34:55 24.7.4 r58773 LEX-LEG x86 64bit/Linux
GAMS 24.7.4   Copyright (C) 1987-2016 GAMS Development. All rights reserved
Licensee: Remigijus Paulavicius, Single User License     S170731:0859AO-LNX
          Imperial College London, Dept. of Chemical Engineering    DC13449
          License for teaching and research at degree granting institutions
          remigijus.paulavicius@imperial.ac.uk                             
--- Starting compilation
--- pmeanvar.gms(32) 3 Mb
--- GDXin=/home/renigijus/gams/opt-mod-lib/gamslib/pmeanvar/mvdata.gdx
--- pmeanvar.gms(149) 3 Mb
--- Starting execution: elapsed 0:00:00.009
--- pmeanvar.gms(44) 4 Mb
--- GDX File /home/renigijus/gams/opt-mod-lib/gamslib/pmeanvar/mv.gdx
--- pmeanvar.gms(45) 4 Mb
--- pmeanvar.gms(47) 4 Mb
--- GDXin=/home/renigijus/gams/opt-mod-lib/gamslib/pmeanvar/mvout.gdx
--- pmeanvar.gms(50) 4 Mb
--- pmeanvar.gms(52) 4 Mb
--- GDXin=/home/renigijus/gams/opt-mod-lib/gamslib/pmeanvar/mvout.gdx
--- pmeanvar.gms(54) 4 Mb
--- GDX File /home/renigijus/gams/opt-mod-lib/gamslib/pmeanvar/mv.gdx
--- pmeanvar.gms(55) 4 Mb
--- pmeanvar.gms(57) 4 Mb
--- GDXin=/home/renigijus/gams/opt-mod-lib/gamslib/pmeanvar/mvout.gdx
--- pmeanvar.gms(85) 4 Mb
--- Generating MIQCP model basic_mv
--- pmeanvar.gms(88) 6 Mb
---   23 rows  21 columns  71 non-zeroes
---   388 nl-code  10 nl-non-zeroes
---   10 discrete-columns
--- pmeanvar.gms(88) 4 Mb
--- Executing CONVERT: elapsed 0:00:00.051

Convert 2.0      24.7.4 r58773 Released Sep 19, 2016 LEG x86 64bit/Linux      

--- Using Option File
Reading parameter(s) from "/home/renigijus/gams/opt-mod-lib/gamslib/pmeanvar/convert.opt"
>>  ampl pmeanvar-scalar.mod
Finished reading from "/home/renigijus/gams/opt-mod-lib/gamslib/pmeanvar/convert.opt"
--- Writing Ampl      : pmeanvar-scalar.mod

--- Restarting execution
--- pmeanvar.gms(88) 2 Mb
--- Reading solution for model basic_mv
--- pmeanvar.gms(104) 3 Mb
--- Generating MIQCP model basic_socp_mv
--- pmeanvar.gms(116) 5 Mb
---   33 rows  32 columns  92 non-zeroes
---   35 nl-code  12 nl-non-zeroes
---   10 discrete-columns
--- pmeanvar.gms(116) 3 Mb
--- Executing CONVERT: elapsed 0:00:00.070

Convert 2.0      24.7.4 r58773 Released Sep 19, 2016 LEG x86 64bit/Linux      

--- Using Option File
Reading parameter(s) from "/home/renigijus/gams/opt-mod-lib/gamslib/pmeanvar/convert.opt"
>>  ampl pmeanvar-scalar.mod
Finished reading from "/home/renigijus/gams/opt-mod-lib/gamslib/pmeanvar/convert.opt"
--- Writing Ampl      : pmeanvar-scalar.mod

--- Restarting execution
--- pmeanvar.gms(116) 2 Mb
--- Reading solution for model basic_socp_mv
--- pmeanvar.gms(119) 3 Mb
--- Generating MIQCP model p_socp_mv
--- pmeanvar.gms(144) 5 Mb
---   44 rows  43 columns  179 non-zeroes
---   115 nl-code  42 nl-non-zeroes
---   10 discrete-columns
--- pmeanvar.gms(144) 3 Mb
--- Executing CONVERT: elapsed 0:00:00.082

Convert 2.0      24.7.4 r58773 Released Sep 19, 2016 LEG x86 64bit/Linux      

--- Using Option File
Reading parameter(s) from "/home/renigijus/gams/opt-mod-lib/gamslib/pmeanvar/convert.opt"
>>  ampl pmeanvar-scalar.mod
Finished reading from "/home/renigijus/gams/opt-mod-lib/gamslib/pmeanvar/convert.opt"
--- Writing Ampl      : pmeanvar-scalar.mod

--- Restarting execution
--- pmeanvar.gms(144) 2 Mb
--- Reading solution for model p_socp_mv
--- pmeanvar.gms(149) 3 Mb
*** Status: Normal completion
--- Job pmeanvar.gms Stop 12/13/18 11:34:55 elapsed 0:00:00.092
