--- Job pmeanvar.gms Start 12/13/18 11:34:55 24.7.4 r58773 LEX-LEG x86 64bit/Linux
GAMS 24.7.4   Copyright (C) 1987-2016 GAMS Development. All rights reserved
Licensee: Remigijus Paulavicius, Single User License     S170731:0859AO-LNX
          Imperial College London, Dept. of Chemical Engineering    DC13449
          License for teaching and research at degree granting institutions
          remigijus.paulavicius@imperial.ac.uk                             
--- Starting compilation
--- pmeanvar.gms(33) 3 Mb
--- GDXin=/home/renigijus/gams/opt-mod-lib/gamslib/pmeanvar/mvdata.gdx
--- pmeanvar.gms(150) 3 Mb
--- Starting execution: elapsed 0:00:00.007
--- pmeanvar.gms(45) 4 Mb
--- GDX File /home/renigijus/gams/opt-mod-lib/gamslib/pmeanvar/mv.gdx
--- pmeanvar.gms(46) 4 Mb
--- pmeanvar.gms(48) 4 Mb
--- GDXin=/home/renigijus/gams/opt-mod-lib/gamslib/pmeanvar/mvout.gdx
--- pmeanvar.gms(51) 4 Mb
--- pmeanvar.gms(53) 4 Mb
--- GDXin=/home/renigijus/gams/opt-mod-lib/gamslib/pmeanvar/mvout.gdx
--- pmeanvar.gms(55) 4 Mb
--- GDX File /home/renigijus/gams/opt-mod-lib/gamslib/pmeanvar/mv.gdx
--- pmeanvar.gms(56) 4 Mb
--- pmeanvar.gms(58) 4 Mb
--- GDXin=/home/renigijus/gams/opt-mod-lib/gamslib/pmeanvar/mvout.gdx
--- pmeanvar.gms(86) 4 Mb
--- Generating MIQCP model basic_mv
--- pmeanvar.gms(89) 6 Mb
---   23 rows  21 columns  71 non-zeroes
---   388 nl-code  10 nl-non-zeroes
---   10 discrete-columns
--- pmeanvar.gms(89) 4 Mb
--- Executing CONVERT: elapsed 0:00:00.029

Convert 2.0      24.7.4 r58773 Released Sep 19, 2016 LEG x86 64bit/Linux      

--- Using Option File
Reading parameter(s) from "/home/renigijus/gams/opt-mod-lib/gamslib/pmeanvar/convert.opt"
>>  gams pmeanvar-scalar.gms
Finished reading from "/home/renigijus/gams/opt-mod-lib/gamslib/pmeanvar/convert.opt"
--- Writing Gams      : pmeanvar-scalar.gms

--- Restarting execution
--- pmeanvar.gms(89) 2 Mb
--- Reading solution for model basic_mv
--- pmeanvar.gms(105) 3 Mb
--- Generating MIQCP model basic_socp_mv
--- pmeanvar.gms(117) 5 Mb
---   33 rows  32 columns  92 non-zeroes
---   35 nl-code  12 nl-non-zeroes
---   10 discrete-columns
--- pmeanvar.gms(117) 3 Mb
--- Executing CONVERT: elapsed 0:00:00.047

Convert 2.0      24.7.4 r58773 Released Sep 19, 2016 LEG x86 64bit/Linux      

--- Using Option File
Reading parameter(s) from "/home/renigijus/gams/opt-mod-lib/gamslib/pmeanvar/convert.opt"
>>  gams pmeanvar-scalar.gms
Finished reading from "/home/renigijus/gams/opt-mod-lib/gamslib/pmeanvar/convert.opt"
--- Writing Gams      : pmeanvar-scalar.gms

--- Restarting execution
--- pmeanvar.gms(117) 2 Mb
--- Reading solution for model basic_socp_mv
--- pmeanvar.gms(120) 3 Mb
--- Generating MIQCP model p_socp_mv
--- pmeanvar.gms(145) 5 Mb
---   44 rows  43 columns  179 non-zeroes
---   115 nl-code  42 nl-non-zeroes
---   10 discrete-columns
--- pmeanvar.gms(145) 3 Mb
--- Executing CONVERT: elapsed 0:00:00.065

Convert 2.0      24.7.4 r58773 Released Sep 19, 2016 LEG x86 64bit/Linux      

--- Using Option File
Reading parameter(s) from "/home/renigijus/gams/opt-mod-lib/gamslib/pmeanvar/convert.opt"
>>  gams pmeanvar-scalar.gms
Finished reading from "/home/renigijus/gams/opt-mod-lib/gamslib/pmeanvar/convert.opt"
--- Writing Gams      : pmeanvar-scalar.gms

--- Restarting execution
--- pmeanvar.gms(145) 2 Mb
--- Reading solution for model p_socp_mv
--- pmeanvar.gms(150) 3 Mb
*** Status: Normal completion
--- Job pmeanvar.gms Stop 12/13/18 11:34:56 elapsed 0:00:00.079
