--- Job mlgamma.gms Start 12/13/18 11:24:22 24.7.4 r58773 LEX-LEG x86 64bit/Linux
GAMS 24.7.4   Copyright (C) 1987-2016 GAMS Development. All rights reserved
Licensee: Remigijus Paulavicius, Single User License     S170731:0859AO-LNX
          Imperial College London, Dept. of Chemical Engineering    DC13449
          License for teaching and research at degree granting institutions
          remigijus.paulavicius@imperial.ac.uk                             
--- Starting compilation
--- mlgamma.gms(65) 3 Mb
--- Starting execution: elapsed 0:00:00.001
--- mlgamma.gms(57) 4 Mb
--- Generating NLP model m
--- mlgamma.gms(65) 6 Mb
---   1 rows  3 columns  3 non-zeroes
---   419 nl-code  2 nl-non-zeroes
--- mlgamma.gms(65) 4 Mb
--- Executing CONVERT: elapsed 0:00:00.004

Convert 2.0      24.7.4 r58773 Released Sep 19, 2016 LEG x86 64bit/Linux      

--- Using Option File
Reading parameter(s) from "/home/renigijus/gams/opt-mod-lib/gamslib/mlgamma/convert.opt"
>>  pyomo mlgamma-scalar.py
Finished reading from "/home/renigijus/gams/opt-mod-lib/gamslib/mlgamma/convert.opt"
--- Writing Pyomo     : mlgamma-scalar.py

--- Restarting execution
--- mlgamma.gms(65) 2 Mb
--- Reading solution for model m
*** Status: Normal completion
--- Job mlgamma.gms Stop 12/13/18 11:24:22 elapsed 0:00:00.018
