--- Job stockcc.gms Start 12/13/18 10:32:30 24.7.4 r58773 LEX-LEG x86 64bit/Linux
GAMS 24.7.4   Copyright (C) 1987-2016 GAMS Development. All rights reserved
Licensee: Remigijus Paulavicius, Single User License     S170731:0859AO-LNX
          Imperial College London, Dept. of Chemical Engineering    DC13449
          License for teaching and research at degree granting institutions
          remigijus.paulavicius@imperial.ac.uk                             
--- Starting compilation
--- stockcc.gms(86) 3 Mb
--- Starting execution: elapsed 0:00:00.002
--- stockcc.gms(79) 4 Mb
--- Generating MIP model stockmip
--- stockcc.gms(86) 4 Mb
---   98 rows  481 columns  1,393 non-zeroes
---   432 discrete-columns
--- Executing CONVERT: elapsed 0:00:00.008

Convert 2.0      24.7.4 r58773 Released Sep 19, 2016 LEG x86 64bit/Linux      

--- Using Option File
Reading parameter(s) from "/home/renigijus/gams/opt-mod-lib/gamslib/stockcc/convert.opt"
>>  gams stockcc-scalar.gms
Finished reading from "/home/renigijus/gams/opt-mod-lib/gamslib/stockcc/convert.opt"
--- Writing Gams      : stockcc-scalar.gms

--- Restarting execution
--- stockcc.gms(86) 2 Mb
--- Reading solution for model stockmip
*** Status: Normal completion
--- Job stockcc.gms Stop 12/13/18 10:32:30 elapsed 0:00:00.020
