--- Job prodmix.gms Start 12/13/18 10:24:28 24.7.4 r58773 LEX-LEG x86 64bit/Linux
GAMS 24.7.4   Copyright (C) 1987-2016 GAMS Development. All rights reserved
Licensee: Remigijus Paulavicius, Single User License     S170731:0859AO-LNX
          Imperial College London, Dept. of Chemical Engineering    DC13449
          License for teaching and research at degree granting institutions
          remigijus.paulavicius@imperial.ac.uk                             
--- Starting compilation
--- prodmix.gms(47) 3 Mb
--- Starting execution: elapsed 0:00:00.001
--- prodmix.gms(3) 4 Mb
--- Generating LP model pmp
--- prodmix.gms(46) 4 Mb
---   3 rows  5 columns  13 non-zeroes
--- Executing CONVERT: elapsed 0:00:00.003

Convert 2.0      24.7.4 r58773 Released Sep 19, 2016 LEG x86 64bit/Linux      

--- Using Option File
Reading parameter(s) from "/home/renigijus/gams/opt-mod-lib/gamslib/prodmix/convert.opt"
>>  pyomo prodmix-scalar.py
Finished reading from "/home/renigijus/gams/opt-mod-lib/gamslib/prodmix/convert.opt"
--- Writing Pyomo     : prodmix-scalar.py

--- Restarting execution
--- prodmix.gms(46) 2 Mb
--- Reading solution for model pmp
*** Status: Normal completion
--- Job prodmix.gms Stop 12/13/18 10:24:28 elapsed 0:00:00.017
