--- Job absmip.gms Start 12/13/18 10:32:24 24.7.4 r58773 LEX-LEG x86 64bit/Linux
GAMS 24.7.4   Copyright (C) 1987-2016 GAMS Development. All rights reserved
Licensee: Remigijus Paulavicius, Single User License     S170731:0859AO-LNX
          Imperial College London, Dept. of Chemical Engineering    DC13449
          License for teaching and research at degree granting institutions
          remigijus.paulavicius@imperial.ac.uk                             
--- Starting compilation
--- absmip.gms(125) 3 Mb
--- Starting execution: elapsed 0:00:00.002
--- absmip.gms(76) 4 Mb
--- Generating MIP model absM
--- absmip.gms(79) 4 Mb
--- LOOPS runs = 1
---   4 rows  5 columns  10 non-zeroes
---   1 discrete-columns
--- Executing CONVERT: elapsed 0:00:00.004

Convert 2.0      24.7.4 r58773 Released Sep 19, 2016 LEG x86 64bit/Linux      

--- Using Option File
Reading parameter(s) from "/home/renigijus/gams/opt-mod-lib/gamslib/absmip/convert.opt"
>>  ampl absmip-scalar.mod
Finished reading from "/home/renigijus/gams/opt-mod-lib/gamslib/absmip/convert.opt"
--- Writing Ampl      : absmip-scalar.mod

--- Restarting execution
--- absmip.gms(79) 2 Mb
--- Reading solution for model absM
--- absmip.gms(76) 3 Mb
--- Generating MIP model zmaxM
--- absmip.gms(80) 3 Mb
--- LOOPS runs = 1
---   4 rows  5 columns  9 non-zeroes
---   1 discrete-columns
--- Executing CONVERT: elapsed 0:00:00.016

Convert 2.0      24.7.4 r58773 Released Sep 19, 2016 LEG x86 64bit/Linux      

--- Using Option File
Reading parameter(s) from "/home/renigijus/gams/opt-mod-lib/gamslib/absmip/convert.opt"
>>  ampl absmip-scalar.mod
Finished reading from "/home/renigijus/gams/opt-mod-lib/gamslib/absmip/convert.opt"
--- Writing Ampl      : absmip-scalar.mod

--- Restarting execution
--- absmip.gms(80) 2 Mb
--- Reading solution for model zmaxM
--- absmip.gms(76) 3 Mb
--- Generating MIP model zminM
--- absmip.gms(81) 3 Mb
--- LOOPS runs = 1
---   4 rows  5 columns  9 non-zeroes
---   1 discrete-columns
--- Executing CONVERT: elapsed 0:00:00.027

Convert 2.0      24.7.4 r58773 Released Sep 19, 2016 LEG x86 64bit/Linux      

--- Using Option File
Reading parameter(s) from "/home/renigijus/gams/opt-mod-lib/gamslib/absmip/convert.opt"
>>  ampl absmip-scalar.mod
Finished reading from "/home/renigijus/gams/opt-mod-lib/gamslib/absmip/convert.opt"
--- Writing Ampl      : absmip-scalar.mod

--- Restarting execution
--- absmip.gms(81) 2 Mb
--- Reading solution for model zminM
--- absmip.gms(76) 3 Mb
--- Generating MIP model signM
--- absmip.gms(82) 3 Mb
--- LOOPS runs = 1
---   7 rows  6 columns  16 non-zeroes
---   2 discrete-columns
--- Executing CONVERT: elapsed 0:00:00.037

Convert 2.0      24.7.4 r58773 Released Sep 19, 2016 LEG x86 64bit/Linux      

--- Using Option File
Reading parameter(s) from "/home/renigijus/gams/opt-mod-lib/gamslib/absmip/convert.opt"
>>  ampl absmip-scalar.mod
Finished reading from "/home/renigijus/gams/opt-mod-lib/gamslib/absmip/convert.opt"
--- Writing Ampl      : absmip-scalar.mod

--- Restarting execution
--- absmip.gms(82) 2 Mb
--- Reading solution for model signM
--- absmip.gms(76) 3 Mb
--- Generating MIP model absM
--- absmip.gms(83) 3 Mb
--- LOOPS runs = 1
---   4 rows  5 columns  10 non-zeroes
---   1 discrete-columns
--- Executing CONVERT: elapsed 0:00:00.051

Convert 2.0      24.7.4 r58773 Released Sep 19, 2016 LEG x86 64bit/Linux      

--- Using Option File
Reading parameter(s) from "/home/renigijus/gams/opt-mod-lib/gamslib/absmip/convert.opt"
>>  ampl absmip-scalar.mod
Finished reading from "/home/renigijus/gams/opt-mod-lib/gamslib/absmip/convert.opt"
--- Writing Ampl      : absmip-scalar.mod

--- Restarting execution
--- absmip.gms(83) 2 Mb
--- Reading solution for model absM
--- absmip.gms(76) 3 Mb
--- Generating MIP model zmaxM
--- absmip.gms(84) 3 Mb
--- LOOPS runs = 1
---   4 rows  5 columns  9 non-zeroes
---   1 discrete-columns
--- Executing CONVERT: elapsed 0:00:00.068

Convert 2.0      24.7.4 r58773 Released Sep 19, 2016 LEG x86 64bit/Linux      

--- Using Option File
Reading parameter(s) from "/home/renigijus/gams/opt-mod-lib/gamslib/absmip/convert.opt"
>>  ampl absmip-scalar.mod
Finished reading from "/home/renigijus/gams/opt-mod-lib/gamslib/absmip/convert.opt"
--- Writing Ampl      : absmip-scalar.mod

--- Restarting execution
--- absmip.gms(84) 2 Mb
--- Reading solution for model zmaxM
--- absmip.gms(76) 3 Mb
--- Generating MIP model zminM
--- absmip.gms(85) 3 Mb
--- LOOPS runs = 1
---   4 rows  5 columns  9 non-zeroes
---   1 discrete-columns
--- Executing CONVERT: elapsed 0:00:00.083

Convert 2.0      24.7.4 r58773 Released Sep 19, 2016 LEG x86 64bit/Linux      

--- Using Option File
Reading parameter(s) from "/home/renigijus/gams/opt-mod-lib/gamslib/absmip/convert.opt"
>>  ampl absmip-scalar.mod
Finished reading from "/home/renigijus/gams/opt-mod-lib/gamslib/absmip/convert.opt"
--- Writing Ampl      : absmip-scalar.mod

--- Restarting execution
--- absmip.gms(85) 2 Mb
--- Reading solution for model zminM
--- absmip.gms(76) 3 Mb
--- Generating MIP model signM
--- absmip.gms(86) 3 Mb
--- LOOPS runs = 1
---   7 rows  6 columns  16 non-zeroes
---   2 discrete-columns
--- Executing CONVERT: elapsed 0:00:00.099

Convert 2.0      24.7.4 r58773 Released Sep 19, 2016 LEG x86 64bit/Linux      

--- Using Option File
Reading parameter(s) from "/home/renigijus/gams/opt-mod-lib/gamslib/absmip/convert.opt"
>>  ampl absmip-scalar.mod
Finished reading from "/home/renigijus/gams/opt-mod-lib/gamslib/absmip/convert.opt"
--- Writing Ampl      : absmip-scalar.mod

--- Restarting execution
--- absmip.gms(86) 2 Mb
--- Reading solution for model signM
--- absmip.gms(76) 3 Mb
--- Generating MIP model absM
--- absmip.gms(79) 3 Mb
--- LOOPS runs = 2
---   4 rows  5 columns  10 non-zeroes
---   1 discrete-columns
--- Executing CONVERT: elapsed 0:00:00.113

Convert 2.0      24.7.4 r58773 Released Sep 19, 2016 LEG x86 64bit/Linux      

--- Using Option File
Reading parameter(s) from "/home/renigijus/gams/opt-mod-lib/gamslib/absmip/convert.opt"
>>  ampl absmip-scalar.mod
Finished reading from "/home/renigijus/gams/opt-mod-lib/gamslib/absmip/convert.opt"
--- Writing Ampl      : absmip-scalar.mod

--- Restarting execution
--- absmip.gms(79) 2 Mb
--- Reading solution for model absM
--- absmip.gms(76) 3 Mb
--- Generating MIP model zmaxM
--- absmip.gms(80) 3 Mb
--- LOOPS runs = 2
---   4 rows  5 columns  9 non-zeroes
---   1 discrete-columns
--- Executing CONVERT: elapsed 0:00:00.130

Convert 2.0      24.7.4 r58773 Released Sep 19, 2016 LEG x86 64bit/Linux      

--- Using Option File
Reading parameter(s) from "/home/renigijus/gams/opt-mod-lib/gamslib/absmip/convert.opt"
>>  ampl absmip-scalar.mod
Finished reading from "/home/renigijus/gams/opt-mod-lib/gamslib/absmip/convert.opt"
--- Writing Ampl      : absmip-scalar.mod

--- Restarting execution
--- absmip.gms(80) 2 Mb
--- Reading solution for model zmaxM
--- absmip.gms(76) 3 Mb
--- Generating MIP model zminM
--- absmip.gms(81) 3 Mb
--- LOOPS runs = 2
---   4 rows  5 columns  9 non-zeroes
---   1 discrete-columns
--- Executing CONVERT: elapsed 0:00:00.147

Convert 2.0      24.7.4 r58773 Released Sep 19, 2016 LEG x86 64bit/Linux      

--- Using Option File
Reading parameter(s) from "/home/renigijus/gams/opt-mod-lib/gamslib/absmip/convert.opt"
>>  ampl absmip-scalar.mod
Finished reading from "/home/renigijus/gams/opt-mod-lib/gamslib/absmip/convert.opt"
--- Writing Ampl      : absmip-scalar.mod

--- Restarting execution
--- absmip.gms(81) 2 Mb
--- Reading solution for model zminM
--- absmip.gms(76) 3 Mb
--- Generating MIP model signM
--- absmip.gms(82) 3 Mb
--- LOOPS runs = 2
---   7 rows  6 columns  16 non-zeroes
---   2 discrete-columns
--- Executing CONVERT: elapsed 0:00:00.161

Convert 2.0      24.7.4 r58773 Released Sep 19, 2016 LEG x86 64bit/Linux      

--- Using Option File
Reading parameter(s) from "/home/renigijus/gams/opt-mod-lib/gamslib/absmip/convert.opt"
>>  ampl absmip-scalar.mod
Finished reading from "/home/renigijus/gams/opt-mod-lib/gamslib/absmip/convert.opt"
--- Writing Ampl      : absmip-scalar.mod

--- Restarting execution
--- absmip.gms(82) 2 Mb
--- Reading solution for model signM
--- absmip.gms(76) 3 Mb
--- Generating MIP model absM
--- absmip.gms(83) 3 Mb
--- LOOPS runs = 2
---   4 rows  5 columns  10 non-zeroes
---   1 discrete-columns
--- Executing CONVERT: elapsed 0:00:00.174

Convert 2.0      24.7.4 r58773 Released Sep 19, 2016 LEG x86 64bit/Linux      

--- Using Option File
Reading parameter(s) from "/home/renigijus/gams/opt-mod-lib/gamslib/absmip/convert.opt"
>>  ampl absmip-scalar.mod
Finished reading from "/home/renigijus/gams/opt-mod-lib/gamslib/absmip/convert.opt"
--- Writing Ampl      : absmip-scalar.mod

--- Restarting execution
--- absmip.gms(83) 2 Mb
--- Reading solution for model absM
--- absmip.gms(76) 3 Mb
--- Generating MIP model zmaxM
--- absmip.gms(84) 3 Mb
--- LOOPS runs = 2
---   4 rows  5 columns  9 non-zeroes
---   1 discrete-columns
--- Executing CONVERT: elapsed 0:00:00.185

Convert 2.0      24.7.4 r58773 Released Sep 19, 2016 LEG x86 64bit/Linux      

--- Using Option File
Reading parameter(s) from "/home/renigijus/gams/opt-mod-lib/gamslib/absmip/convert.opt"
>>  ampl absmip-scalar.mod
Finished reading from "/home/renigijus/gams/opt-mod-lib/gamslib/absmip/convert.opt"
--- Writing Ampl      : absmip-scalar.mod

--- Restarting execution
--- absmip.gms(84) 2 Mb
--- Reading solution for model zmaxM
--- absmip.gms(76) 3 Mb
--- Generating MIP model zminM
--- absmip.gms(85) 3 Mb
--- LOOPS runs = 2
---   4 rows  5 columns  9 non-zeroes
---   1 discrete-columns
--- Executing CONVERT: elapsed 0:00:00.199

Convert 2.0      24.7.4 r58773 Released Sep 19, 2016 LEG x86 64bit/Linux      

--- Using Option File
Reading parameter(s) from "/home/renigijus/gams/opt-mod-lib/gamslib/absmip/convert.opt"
>>  ampl absmip-scalar.mod
Finished reading from "/home/renigijus/gams/opt-mod-lib/gamslib/absmip/convert.opt"
--- Writing Ampl      : absmip-scalar.mod

--- Restarting execution
--- absmip.gms(85) 2 Mb
--- Reading solution for model zminM
--- absmip.gms(76) 3 Mb
--- Generating MIP model signM
--- absmip.gms(86) 3 Mb
--- LOOPS runs = 2
---   7 rows  6 columns  16 non-zeroes
---   2 discrete-columns
--- Executing CONVERT: elapsed 0:00:00.214

Convert 2.0      24.7.4 r58773 Released Sep 19, 2016 LEG x86 64bit/Linux      

--- Using Option File
Reading parameter(s) from "/home/renigijus/gams/opt-mod-lib/gamslib/absmip/convert.opt"
>>  ampl absmip-scalar.mod
Finished reading from "/home/renigijus/gams/opt-mod-lib/gamslib/absmip/convert.opt"
--- Writing Ampl      : absmip-scalar.mod

--- Restarting execution
--- absmip.gms(86) 2 Mb
--- Reading solution for model signM
--- absmip.gms(76) 3 Mb
--- Generating MIP model absM
--- absmip.gms(79) 3 Mb
--- LOOPS runs = 3
---   4 rows  5 columns  10 non-zeroes
---   1 discrete-columns
--- Executing CONVERT: elapsed 0:00:00.231

Convert 2.0      24.7.4 r58773 Released Sep 19, 2016 LEG x86 64bit/Linux      

--- Using Option File
Reading parameter(s) from "/home/renigijus/gams/opt-mod-lib/gamslib/absmip/convert.opt"
>>  ampl absmip-scalar.mod
Finished reading from "/home/renigijus/gams/opt-mod-lib/gamslib/absmip/convert.opt"
--- Writing Ampl      : absmip-scalar.mod

--- Restarting execution
--- absmip.gms(79) 2 Mb
--- Reading solution for model absM
--- absmip.gms(76) 3 Mb
--- Generating MIP model zmaxM
--- absmip.gms(80) 3 Mb
--- LOOPS runs = 3
---   4 rows  5 columns  9 non-zeroes
---   1 discrete-columns
--- Executing CONVERT: elapsed 0:00:00.248

Convert 2.0      24.7.4 r58773 Released Sep 19, 2016 LEG x86 64bit/Linux      

--- Using Option File
Reading parameter(s) from "/home/renigijus/gams/opt-mod-lib/gamslib/absmip/convert.opt"
>>  ampl absmip-scalar.mod
Finished reading from "/home/renigijus/gams/opt-mod-lib/gamslib/absmip/convert.opt"
--- Writing Ampl      : absmip-scalar.mod

--- Restarting execution
--- absmip.gms(80) 2 Mb
--- Reading solution for model zmaxM
--- absmip.gms(76) 3 Mb
--- Generating MIP model zminM
--- absmip.gms(81) 3 Mb
--- LOOPS runs = 3
---   4 rows  5 columns  9 non-zeroes
---   1 discrete-columns
--- Executing CONVERT: elapsed 0:00:00.260

Convert 2.0      24.7.4 r58773 Released Sep 19, 2016 LEG x86 64bit/Linux      

--- Using Option File
Reading parameter(s) from "/home/renigijus/gams/opt-mod-lib/gamslib/absmip/convert.opt"
>>  ampl absmip-scalar.mod
Finished reading from "/home/renigijus/gams/opt-mod-lib/gamslib/absmip/convert.opt"
--- Writing Ampl      : absmip-scalar.mod

--- Restarting execution
--- absmip.gms(81) 2 Mb
--- Reading solution for model zminM
--- absmip.gms(76) 3 Mb
--- Generating MIP model signM
--- absmip.gms(82) 3 Mb
--- LOOPS runs = 3
---   7 rows  6 columns  16 non-zeroes
---   2 discrete-columns
--- Executing CONVERT: elapsed 0:00:00.273

Convert 2.0      24.7.4 r58773 Released Sep 19, 2016 LEG x86 64bit/Linux      

--- Using Option File
Reading parameter(s) from "/home/renigijus/gams/opt-mod-lib/gamslib/absmip/convert.opt"
>>  ampl absmip-scalar.mod
Finished reading from "/home/renigijus/gams/opt-mod-lib/gamslib/absmip/convert.opt"
--- Writing Ampl      : absmip-scalar.mod

--- Restarting execution
--- absmip.gms(82) 2 Mb
--- Reading solution for model signM
--- absmip.gms(76) 3 Mb
--- Generating MIP model absM
--- absmip.gms(83) 3 Mb
--- LOOPS runs = 3
---   4 rows  5 columns  10 non-zeroes
---   1 discrete-columns
--- Executing CONVERT: elapsed 0:00:00.286

Convert 2.0      24.7.4 r58773 Released Sep 19, 2016 LEG x86 64bit/Linux      

--- Using Option File
Reading parameter(s) from "/home/renigijus/gams/opt-mod-lib/gamslib/absmip/convert.opt"
>>  ampl absmip-scalar.mod
Finished reading from "/home/renigijus/gams/opt-mod-lib/gamslib/absmip/convert.opt"
--- Writing Ampl      : absmip-scalar.mod

--- Restarting execution
--- absmip.gms(83) 2 Mb
--- Reading solution for model absM
--- absmip.gms(76) 3 Mb
--- Generating MIP model zmaxM
--- absmip.gms(84) 3 Mb
--- LOOPS runs = 3
---   4 rows  5 columns  9 non-zeroes
---   1 discrete-columns
--- Executing CONVERT: elapsed 0:00:00.303

Convert 2.0      24.7.4 r58773 Released Sep 19, 2016 LEG x86 64bit/Linux      

--- Using Option File
Reading parameter(s) from "/home/renigijus/gams/opt-mod-lib/gamslib/absmip/convert.opt"
>>  ampl absmip-scalar.mod
Finished reading from "/home/renigijus/gams/opt-mod-lib/gamslib/absmip/convert.opt"
--- Writing Ampl      : absmip-scalar.mod

--- Restarting execution
--- absmip.gms(84) 2 Mb
--- Reading solution for model zmaxM
--- absmip.gms(76) 3 Mb
--- Generating MIP model zminM
--- absmip.gms(85) 3 Mb
--- LOOPS runs = 3
---   4 rows  5 columns  9 non-zeroes
---   1 discrete-columns
--- Executing CONVERT: elapsed 0:00:00.321

Convert 2.0      24.7.4 r58773 Released Sep 19, 2016 LEG x86 64bit/Linux      

--- Using Option File
Reading parameter(s) from "/home/renigijus/gams/opt-mod-lib/gamslib/absmip/convert.opt"
>>  ampl absmip-scalar.mod
Finished reading from "/home/renigijus/gams/opt-mod-lib/gamslib/absmip/convert.opt"
--- Writing Ampl      : absmip-scalar.mod

--- Restarting execution
--- absmip.gms(85) 2 Mb
--- Reading solution for model zminM
--- absmip.gms(76) 3 Mb
--- Generating MIP model signM
--- absmip.gms(86) 3 Mb
--- LOOPS runs = 3
---   7 rows  6 columns  16 non-zeroes
---   2 discrete-columns
--- Executing CONVERT: elapsed 0:00:00.337

Convert 2.0      24.7.4 r58773 Released Sep 19, 2016 LEG x86 64bit/Linux      

--- Using Option File
Reading parameter(s) from "/home/renigijus/gams/opt-mod-lib/gamslib/absmip/convert.opt"
>>  ampl absmip-scalar.mod
Finished reading from "/home/renigijus/gams/opt-mod-lib/gamslib/absmip/convert.opt"
--- Writing Ampl      : absmip-scalar.mod

--- Restarting execution
--- absmip.gms(86) 2 Mb
--- Reading solution for model signM
--- absmip.gms(76) 3 Mb
--- Generating MIP model absM
--- absmip.gms(79) 3 Mb
--- LOOPS runs = 4
---   4 rows  5 columns  9 non-zeroes
---   1 discrete-columns
--- Executing CONVERT: elapsed 0:00:00.353

Convert 2.0      24.7.4 r58773 Released Sep 19, 2016 LEG x86 64bit/Linux      

--- Using Option File
Reading parameter(s) from "/home/renigijus/gams/opt-mod-lib/gamslib/absmip/convert.opt"
>>  ampl absmip-scalar.mod
Finished reading from "/home/renigijus/gams/opt-mod-lib/gamslib/absmip/convert.opt"
--- Writing Ampl      : absmip-scalar.mod

--- Restarting execution
--- absmip.gms(79) 2 Mb
--- Reading solution for model absM
--- absmip.gms(76) 3 Mb
--- Generating MIP model zmaxM
--- absmip.gms(80) 3 Mb
--- LOOPS runs = 4
---   4 rows  5 columns  8 non-zeroes
---   1 discrete-columns
--- Executing CONVERT: elapsed 0:00:00.365

Convert 2.0      24.7.4 r58773 Released Sep 19, 2016 LEG x86 64bit/Linux      

--- Using Option File
Reading parameter(s) from "/home/renigijus/gams/opt-mod-lib/gamslib/absmip/convert.opt"
>>  ampl absmip-scalar.mod
Finished reading from "/home/renigijus/gams/opt-mod-lib/gamslib/absmip/convert.opt"
--- Writing Ampl      : absmip-scalar.mod

--- Restarting execution
--- absmip.gms(80) 2 Mb
--- Reading solution for model zmaxM
--- absmip.gms(76) 3 Mb
--- Generating MIP model zminM
--- absmip.gms(81) 3 Mb
--- LOOPS runs = 4
---   4 rows  5 columns  8 non-zeroes
---   1 discrete-columns
--- Executing CONVERT: elapsed 0:00:00.380

Convert 2.0      24.7.4 r58773 Released Sep 19, 2016 LEG x86 64bit/Linux      

--- Using Option File
Reading parameter(s) from "/home/renigijus/gams/opt-mod-lib/gamslib/absmip/convert.opt"
>>  ampl absmip-scalar.mod
Finished reading from "/home/renigijus/gams/opt-mod-lib/gamslib/absmip/convert.opt"
--- Writing Ampl      : absmip-scalar.mod

--- Restarting execution
--- absmip.gms(81) 2 Mb
--- Reading solution for model zminM
--- absmip.gms(76) 3 Mb
--- Generating MIP model signM
--- absmip.gms(82) 3 Mb
--- LOOPS runs = 4
---   7 rows  6 columns  15 non-zeroes
---   2 discrete-columns
--- Executing CONVERT: elapsed 0:00:00.396

Convert 2.0      24.7.4 r58773 Released Sep 19, 2016 LEG x86 64bit/Linux      

--- Using Option File
Reading parameter(s) from "/home/renigijus/gams/opt-mod-lib/gamslib/absmip/convert.opt"
>>  ampl absmip-scalar.mod
Finished reading from "/home/renigijus/gams/opt-mod-lib/gamslib/absmip/convert.opt"
--- Writing Ampl      : absmip-scalar.mod

--- Restarting execution
--- absmip.gms(82) 2 Mb
--- Reading solution for model signM
--- absmip.gms(76) 3 Mb
--- Generating MIP model absM
--- absmip.gms(83) 3 Mb
--- LOOPS runs = 4
---   4 rows  5 columns  9 non-zeroes
---   1 discrete-columns
--- Executing CONVERT: elapsed 0:00:00.411

Convert 2.0      24.7.4 r58773 Released Sep 19, 2016 LEG x86 64bit/Linux      

--- Using Option File
Reading parameter(s) from "/home/renigijus/gams/opt-mod-lib/gamslib/absmip/convert.opt"
>>  ampl absmip-scalar.mod
Finished reading from "/home/renigijus/gams/opt-mod-lib/gamslib/absmip/convert.opt"
--- Writing Ampl      : absmip-scalar.mod

--- Restarting execution
--- absmip.gms(83) 2 Mb
--- Reading solution for model absM
--- absmip.gms(76) 3 Mb
--- Generating MIP model zmaxM
--- absmip.gms(84) 3 Mb
--- LOOPS runs = 4
---   4 rows  5 columns  8 non-zeroes
---   1 discrete-columns
--- Executing CONVERT: elapsed 0:00:00.421

Convert 2.0      24.7.4 r58773 Released Sep 19, 2016 LEG x86 64bit/Linux      

--- Using Option File
Reading parameter(s) from "/home/renigijus/gams/opt-mod-lib/gamslib/absmip/convert.opt"
>>  ampl absmip-scalar.mod
Finished reading from "/home/renigijus/gams/opt-mod-lib/gamslib/absmip/convert.opt"
--- Writing Ampl      : absmip-scalar.mod

--- Restarting execution
--- absmip.gms(84) 2 Mb
--- Reading solution for model zmaxM
--- absmip.gms(76) 3 Mb
--- Generating MIP model zminM
--- absmip.gms(85) 3 Mb
--- LOOPS runs = 4
---   4 rows  5 columns  8 non-zeroes
---   1 discrete-columns
--- Executing CONVERT: elapsed 0:00:00.434

Convert 2.0      24.7.4 r58773 Released Sep 19, 2016 LEG x86 64bit/Linux      

--- Using Option File
Reading parameter(s) from "/home/renigijus/gams/opt-mod-lib/gamslib/absmip/convert.opt"
>>  ampl absmip-scalar.mod
Finished reading from "/home/renigijus/gams/opt-mod-lib/gamslib/absmip/convert.opt"
--- Writing Ampl      : absmip-scalar.mod

--- Restarting execution
--- absmip.gms(85) 2 Mb
--- Reading solution for model zminM
--- absmip.gms(76) 3 Mb
--- Generating MIP model signM
--- absmip.gms(86) 3 Mb
--- LOOPS runs = 4
---   7 rows  6 columns  15 non-zeroes
---   2 discrete-columns
--- Executing CONVERT: elapsed 0:00:00.448

Convert 2.0      24.7.4 r58773 Released Sep 19, 2016 LEG x86 64bit/Linux      

--- Using Option File
Reading parameter(s) from "/home/renigijus/gams/opt-mod-lib/gamslib/absmip/convert.opt"
>>  ampl absmip-scalar.mod
Finished reading from "/home/renigijus/gams/opt-mod-lib/gamslib/absmip/convert.opt"
--- Writing Ampl      : absmip-scalar.mod

--- Restarting execution
--- absmip.gms(86) 2 Mb
--- Reading solution for model signM
--- absmip.gms(76) 3 Mb
--- Generating MIP model absM
--- absmip.gms(79) 3 Mb
--- LOOPS runs = 5
---   4 rows  5 columns  9 non-zeroes
---   1 discrete-columns
--- Executing CONVERT: elapsed 0:00:00.464

Convert 2.0      24.7.4 r58773 Released Sep 19, 2016 LEG x86 64bit/Linux      

--- Using Option File
Reading parameter(s) from "/home/renigijus/gams/opt-mod-lib/gamslib/absmip/convert.opt"
>>  ampl absmip-scalar.mod
Finished reading from "/home/renigijus/gams/opt-mod-lib/gamslib/absmip/convert.opt"
--- Writing Ampl      : absmip-scalar.mod

--- Restarting execution
--- absmip.gms(79) 2 Mb
--- Reading solution for model absM
--- absmip.gms(76) 3 Mb
--- Generating MIP model zmaxM
--- absmip.gms(80) 3 Mb
--- LOOPS runs = 5
---   4 rows  5 columns  8 non-zeroes
---   1 discrete-columns
--- Executing CONVERT: elapsed 0:00:00.480

Convert 2.0      24.7.4 r58773 Released Sep 19, 2016 LEG x86 64bit/Linux      

--- Using Option File
Reading parameter(s) from "/home/renigijus/gams/opt-mod-lib/gamslib/absmip/convert.opt"
>>  ampl absmip-scalar.mod
Finished reading from "/home/renigijus/gams/opt-mod-lib/gamslib/absmip/convert.opt"
--- Writing Ampl      : absmip-scalar.mod

--- Restarting execution
--- absmip.gms(80) 2 Mb
--- Reading solution for model zmaxM
--- absmip.gms(76) 3 Mb
--- Generating MIP model zminM
--- absmip.gms(81) 3 Mb
--- LOOPS runs = 5
---   4 rows  5 columns  8 non-zeroes
---   1 discrete-columns
--- Executing CONVERT: elapsed 0:00:00.495

Convert 2.0      24.7.4 r58773 Released Sep 19, 2016 LEG x86 64bit/Linux      

--- Using Option File
Reading parameter(s) from "/home/renigijus/gams/opt-mod-lib/gamslib/absmip/convert.opt"
>>  ampl absmip-scalar.mod
Finished reading from "/home/renigijus/gams/opt-mod-lib/gamslib/absmip/convert.opt"
--- Writing Ampl      : absmip-scalar.mod

--- Restarting execution
--- absmip.gms(81) 2 Mb
--- Reading solution for model zminM
--- absmip.gms(76) 3 Mb
--- Generating MIP model signM
--- absmip.gms(82) 3 Mb
--- LOOPS runs = 5
---   7 rows  6 columns  15 non-zeroes
---   2 discrete-columns
--- Executing CONVERT: elapsed 0:00:00.511

Convert 2.0      24.7.4 r58773 Released Sep 19, 2016 LEG x86 64bit/Linux      

--- Using Option File
Reading parameter(s) from "/home/renigijus/gams/opt-mod-lib/gamslib/absmip/convert.opt"
>>  ampl absmip-scalar.mod
Finished reading from "/home/renigijus/gams/opt-mod-lib/gamslib/absmip/convert.opt"
--- Writing Ampl      : absmip-scalar.mod

--- Restarting execution
--- absmip.gms(82) 2 Mb
--- Reading solution for model signM
--- absmip.gms(76) 3 Mb
--- Generating MIP model absM
--- absmip.gms(83) 3 Mb
--- LOOPS runs = 5
---   4 rows  5 columns  9 non-zeroes
---   1 discrete-columns
--- Executing CONVERT: elapsed 0:00:00.529

Convert 2.0      24.7.4 r58773 Released Sep 19, 2016 LEG x86 64bit/Linux      

--- Using Option File
Reading parameter(s) from "/home/renigijus/gams/opt-mod-lib/gamslib/absmip/convert.opt"
>>  ampl absmip-scalar.mod
Finished reading from "/home/renigijus/gams/opt-mod-lib/gamslib/absmip/convert.opt"
--- Writing Ampl      : absmip-scalar.mod

--- Restarting execution
--- absmip.gms(83) 2 Mb
--- Reading solution for model absM
--- absmip.gms(76) 3 Mb
--- Generating MIP model zmaxM
--- absmip.gms(84) 3 Mb
--- LOOPS runs = 5
---   4 rows  5 columns  8 non-zeroes
---   1 discrete-columns
--- Executing CONVERT: elapsed 0:00:00.546

Convert 2.0      24.7.4 r58773 Released Sep 19, 2016 LEG x86 64bit/Linux      

--- Using Option File
Reading parameter(s) from "/home/renigijus/gams/opt-mod-lib/gamslib/absmip/convert.opt"
>>  ampl absmip-scalar.mod
Finished reading from "/home/renigijus/gams/opt-mod-lib/gamslib/absmip/convert.opt"
--- Writing Ampl      : absmip-scalar.mod

--- Restarting execution
--- absmip.gms(84) 2 Mb
--- Reading solution for model zmaxM
--- absmip.gms(76) 3 Mb
--- Generating MIP model zminM
--- absmip.gms(85) 3 Mb
--- LOOPS runs = 5
---   4 rows  5 columns  8 non-zeroes
---   1 discrete-columns
--- Executing CONVERT: elapsed 0:00:00.560

Convert 2.0      24.7.4 r58773 Released Sep 19, 2016 LEG x86 64bit/Linux      

--- Using Option File
Reading parameter(s) from "/home/renigijus/gams/opt-mod-lib/gamslib/absmip/convert.opt"
>>  ampl absmip-scalar.mod
Finished reading from "/home/renigijus/gams/opt-mod-lib/gamslib/absmip/convert.opt"
--- Writing Ampl      : absmip-scalar.mod

--- Restarting execution
--- absmip.gms(85) 2 Mb
--- Reading solution for model zminM
--- absmip.gms(76) 3 Mb
--- Generating MIP model signM
--- absmip.gms(86) 3 Mb
--- LOOPS runs = 5
---   7 rows  6 columns  15 non-zeroes
---   2 discrete-columns
--- Executing CONVERT: elapsed 0:00:00.577

Convert 2.0      24.7.4 r58773 Released Sep 19, 2016 LEG x86 64bit/Linux      

--- Using Option File
Reading parameter(s) from "/home/renigijus/gams/opt-mod-lib/gamslib/absmip/convert.opt"
>>  ampl absmip-scalar.mod
Finished reading from "/home/renigijus/gams/opt-mod-lib/gamslib/absmip/convert.opt"
--- Writing Ampl      : absmip-scalar.mod

--- Restarting execution
--- absmip.gms(86) 2 Mb
--- Reading solution for model signM
--- absmip.gms(113) 3 Mb
--- Generating MIP model maxM
--- absmip.gms(119) 3 Mb
--- LOOPS runs = 1
---   6 rows  8 columns  15 non-zeroes
---   1 discrete-columns
--- Executing CONVERT: elapsed 0:00:00.592

Convert 2.0      24.7.4 r58773 Released Sep 19, 2016 LEG x86 64bit/Linux      

--- Using Option File
Reading parameter(s) from "/home/renigijus/gams/opt-mod-lib/gamslib/absmip/convert.opt"
>>  ampl absmip-scalar.mod
Finished reading from "/home/renigijus/gams/opt-mod-lib/gamslib/absmip/convert.opt"
--- Writing Ampl      : absmip-scalar.mod

--- Restarting execution
--- absmip.gms(119) 2 Mb
--- Reading solution for model maxM
--- absmip.gms(113) 3 Mb
--- Generating MIP model minM
--- absmip.gms(120) 3 Mb
--- LOOPS runs = 1
---   6 rows  8 columns  15 non-zeroes
---   1 discrete-columns
--- Executing CONVERT: elapsed 0:00:00.605

Convert 2.0      24.7.4 r58773 Released Sep 19, 2016 LEG x86 64bit/Linux      

--- Using Option File
Reading parameter(s) from "/home/renigijus/gams/opt-mod-lib/gamslib/absmip/convert.opt"
>>  ampl absmip-scalar.mod
Finished reading from "/home/renigijus/gams/opt-mod-lib/gamslib/absmip/convert.opt"
--- Writing Ampl      : absmip-scalar.mod

--- Restarting execution
--- absmip.gms(120) 2 Mb
--- Reading solution for model minM
--- absmip.gms(113) 3 Mb
--- Generating MIP model maxM
--- absmip.gms(121) 3 Mb
--- LOOPS runs = 1
---   6 rows  8 columns  15 non-zeroes
---   1 discrete-columns
--- Executing CONVERT: elapsed 0:00:00.623

Convert 2.0      24.7.4 r58773 Released Sep 19, 2016 LEG x86 64bit/Linux      

--- Using Option File
Reading parameter(s) from "/home/renigijus/gams/opt-mod-lib/gamslib/absmip/convert.opt"
>>  ampl absmip-scalar.mod
Finished reading from "/home/renigijus/gams/opt-mod-lib/gamslib/absmip/convert.opt"
--- Writing Ampl      : absmip-scalar.mod

--- Restarting execution
--- absmip.gms(121) 2 Mb
--- Reading solution for model maxM
--- absmip.gms(113) 3 Mb
--- Generating MIP model minM
--- absmip.gms(122) 3 Mb
--- LOOPS runs = 1
---   6 rows  8 columns  15 non-zeroes
---   1 discrete-columns
--- Executing CONVERT: elapsed 0:00:00.639

Convert 2.0      24.7.4 r58773 Released Sep 19, 2016 LEG x86 64bit/Linux      

--- Using Option File
Reading parameter(s) from "/home/renigijus/gams/opt-mod-lib/gamslib/absmip/convert.opt"
>>  ampl absmip-scalar.mod
Finished reading from "/home/renigijus/gams/opt-mod-lib/gamslib/absmip/convert.opt"
--- Writing Ampl      : absmip-scalar.mod

--- Restarting execution
--- absmip.gms(122) 2 Mb
--- Reading solution for model minM
--- absmip.gms(113) 3 Mb
--- Generating MIP model maxM
--- absmip.gms(119) 3 Mb
--- LOOPS runs = 2
---   6 rows  8 columns  15 non-zeroes
---   1 discrete-columns
--- Executing CONVERT: elapsed 0:00:00.656

Convert 2.0      24.7.4 r58773 Released Sep 19, 2016 LEG x86 64bit/Linux      

--- Using Option File
Reading parameter(s) from "/home/renigijus/gams/opt-mod-lib/gamslib/absmip/convert.opt"
>>  ampl absmip-scalar.mod
Finished reading from "/home/renigijus/gams/opt-mod-lib/gamslib/absmip/convert.opt"
--- Writing Ampl      : absmip-scalar.mod

--- Restarting execution
--- absmip.gms(119) 2 Mb
--- Reading solution for model maxM
--- absmip.gms(113) 3 Mb
--- Generating MIP model minM
--- absmip.gms(120) 3 Mb
--- LOOPS runs = 2
---   6 rows  8 columns  15 non-zeroes
---   1 discrete-columns
--- Executing CONVERT: elapsed 0:00:00.671

Convert 2.0      24.7.4 r58773 Released Sep 19, 2016 LEG x86 64bit/Linux      

--- Using Option File
Reading parameter(s) from "/home/renigijus/gams/opt-mod-lib/gamslib/absmip/convert.opt"
>>  ampl absmip-scalar.mod
Finished reading from "/home/renigijus/gams/opt-mod-lib/gamslib/absmip/convert.opt"
--- Writing Ampl      : absmip-scalar.mod

--- Restarting execution
--- absmip.gms(120) 2 Mb
--- Reading solution for model minM
--- absmip.gms(113) 3 Mb
--- Generating MIP model maxM
--- absmip.gms(121) 3 Mb
--- LOOPS runs = 2
---   6 rows  8 columns  15 non-zeroes
---   1 discrete-columns
--- Executing CONVERT: elapsed 0:00:00.682

Convert 2.0      24.7.4 r58773 Released Sep 19, 2016 LEG x86 64bit/Linux      

--- Using Option File
Reading parameter(s) from "/home/renigijus/gams/opt-mod-lib/gamslib/absmip/convert.opt"
>>  ampl absmip-scalar.mod
Finished reading from "/home/renigijus/gams/opt-mod-lib/gamslib/absmip/convert.opt"
--- Writing Ampl      : absmip-scalar.mod

--- Restarting execution
--- absmip.gms(121) 2 Mb
--- Reading solution for model maxM
--- absmip.gms(113) 3 Mb
--- Generating MIP model minM
--- absmip.gms(122) 3 Mb
--- LOOPS runs = 2
---   6 rows  8 columns  15 non-zeroes
---   1 discrete-columns
--- Executing CONVERT: elapsed 0:00:00.693

Convert 2.0      24.7.4 r58773 Released Sep 19, 2016 LEG x86 64bit/Linux      

--- Using Option File
Reading parameter(s) from "/home/renigijus/gams/opt-mod-lib/gamslib/absmip/convert.opt"
>>  ampl absmip-scalar.mod
Finished reading from "/home/renigijus/gams/opt-mod-lib/gamslib/absmip/convert.opt"
--- Writing Ampl      : absmip-scalar.mod

--- Restarting execution
--- absmip.gms(122) 2 Mb
--- Reading solution for model minM
--- absmip.gms(113) 3 Mb
--- Generating MIP model maxM
--- absmip.gms(119) 3 Mb
--- LOOPS runs = 3
---   6 rows  8 columns  15 non-zeroes
---   1 discrete-columns
--- Executing CONVERT: elapsed 0:00:00.708

Convert 2.0      24.7.4 r58773 Released Sep 19, 2016 LEG x86 64bit/Linux      

--- Using Option File
Reading parameter(s) from "/home/renigijus/gams/opt-mod-lib/gamslib/absmip/convert.opt"
>>  ampl absmip-scalar.mod
Finished reading from "/home/renigijus/gams/opt-mod-lib/gamslib/absmip/convert.opt"
--- Writing Ampl      : absmip-scalar.mod

--- Restarting execution
--- absmip.gms(119) 2 Mb
--- Reading solution for model maxM
--- absmip.gms(113) 3 Mb
--- Generating MIP model minM
--- absmip.gms(120) 3 Mb
--- LOOPS runs = 3
---   6 rows  8 columns  15 non-zeroes
---   1 discrete-columns
--- Executing CONVERT: elapsed 0:00:00.722

Convert 2.0      24.7.4 r58773 Released Sep 19, 2016 LEG x86 64bit/Linux      

--- Using Option File
Reading parameter(s) from "/home/renigijus/gams/opt-mod-lib/gamslib/absmip/convert.opt"
>>  ampl absmip-scalar.mod
Finished reading from "/home/renigijus/gams/opt-mod-lib/gamslib/absmip/convert.opt"
--- Writing Ampl      : absmip-scalar.mod

--- Restarting execution
--- absmip.gms(120) 2 Mb
--- Reading solution for model minM
--- absmip.gms(113) 3 Mb
--- Generating MIP model maxM
--- absmip.gms(121) 3 Mb
--- LOOPS runs = 3
---   6 rows  8 columns  15 non-zeroes
---   1 discrete-columns
--- Executing CONVERT: elapsed 0:00:00.740

Convert 2.0      24.7.4 r58773 Released Sep 19, 2016 LEG x86 64bit/Linux      

--- Using Option File
Reading parameter(s) from "/home/renigijus/gams/opt-mod-lib/gamslib/absmip/convert.opt"
>>  ampl absmip-scalar.mod
Finished reading from "/home/renigijus/gams/opt-mod-lib/gamslib/absmip/convert.opt"
--- Writing Ampl      : absmip-scalar.mod

--- Restarting execution
--- absmip.gms(121) 2 Mb
--- Reading solution for model maxM
--- absmip.gms(113) 3 Mb
--- Generating MIP model minM
--- absmip.gms(122) 3 Mb
--- LOOPS runs = 3
---   6 rows  8 columns  15 non-zeroes
---   1 discrete-columns
--- Executing CONVERT: elapsed 0:00:00.753

Convert 2.0      24.7.4 r58773 Released Sep 19, 2016 LEG x86 64bit/Linux      

--- Using Option File
Reading parameter(s) from "/home/renigijus/gams/opt-mod-lib/gamslib/absmip/convert.opt"
>>  ampl absmip-scalar.mod
Finished reading from "/home/renigijus/gams/opt-mod-lib/gamslib/absmip/convert.opt"
--- Writing Ampl      : absmip-scalar.mod

--- Restarting execution
--- absmip.gms(122) 2 Mb
--- Reading solution for model minM
--- absmip.gms(113) 3 Mb
--- Generating MIP model maxM
--- absmip.gms(119) 3 Mb
--- LOOPS runs = 4
---   6 rows  8 columns  15 non-zeroes
---   1 discrete-columns
--- Executing CONVERT: elapsed 0:00:00.770

Convert 2.0      24.7.4 r58773 Released Sep 19, 2016 LEG x86 64bit/Linux      

--- Using Option File
Reading parameter(s) from "/home/renigijus/gams/opt-mod-lib/gamslib/absmip/convert.opt"
>>  ampl absmip-scalar.mod
Finished reading from "/home/renigijus/gams/opt-mod-lib/gamslib/absmip/convert.opt"
--- Writing Ampl      : absmip-scalar.mod

--- Restarting execution
--- absmip.gms(119) 2 Mb
--- Reading solution for model maxM
--- absmip.gms(113) 3 Mb
--- Generating MIP model minM
--- absmip.gms(120) 3 Mb
--- LOOPS runs = 4
---   6 rows  8 columns  15 non-zeroes
---   1 discrete-columns
--- Executing CONVERT: elapsed 0:00:00.787

Convert 2.0      24.7.4 r58773 Released Sep 19, 2016 LEG x86 64bit/Linux      

--- Using Option File
Reading parameter(s) from "/home/renigijus/gams/opt-mod-lib/gamslib/absmip/convert.opt"
>>  ampl absmip-scalar.mod
Finished reading from "/home/renigijus/gams/opt-mod-lib/gamslib/absmip/convert.opt"
--- Writing Ampl      : absmip-scalar.mod

--- Restarting execution
--- absmip.gms(120) 2 Mb
--- Reading solution for model minM
--- absmip.gms(113) 3 Mb
--- Generating MIP model maxM
--- absmip.gms(121) 3 Mb
--- LOOPS runs = 4
---   6 rows  8 columns  15 non-zeroes
---   1 discrete-columns
--- Executing CONVERT: elapsed 0:00:00.805

Convert 2.0      24.7.4 r58773 Released Sep 19, 2016 LEG x86 64bit/Linux      

--- Using Option File
Reading parameter(s) from "/home/renigijus/gams/opt-mod-lib/gamslib/absmip/convert.opt"
>>  ampl absmip-scalar.mod
Finished reading from "/home/renigijus/gams/opt-mod-lib/gamslib/absmip/convert.opt"
--- Writing Ampl      : absmip-scalar.mod

--- Restarting execution
--- absmip.gms(121) 2 Mb
--- Reading solution for model maxM
--- absmip.gms(113) 3 Mb
--- Generating MIP model minM
--- absmip.gms(122) 3 Mb
--- LOOPS runs = 4
---   6 rows  8 columns  15 non-zeroes
---   1 discrete-columns
--- Executing CONVERT: elapsed 0:00:00.821

Convert 2.0      24.7.4 r58773 Released Sep 19, 2016 LEG x86 64bit/Linux      

--- Using Option File
Reading parameter(s) from "/home/renigijus/gams/opt-mod-lib/gamslib/absmip/convert.opt"
>>  ampl absmip-scalar.mod
Finished reading from "/home/renigijus/gams/opt-mod-lib/gamslib/absmip/convert.opt"
--- Writing Ampl      : absmip-scalar.mod

--- Restarting execution
--- absmip.gms(122) 2 Mb
--- Reading solution for model minM
--- absmip.gms(113) 3 Mb
--- Generating MIP model maxM
--- absmip.gms(119) 3 Mb
--- LOOPS runs = 5
---   6 rows  8 columns  15 non-zeroes
---   1 discrete-columns
--- Executing CONVERT: elapsed 0:00:00.836

Convert 2.0      24.7.4 r58773 Released Sep 19, 2016 LEG x86 64bit/Linux      

--- Using Option File
Reading parameter(s) from "/home/renigijus/gams/opt-mod-lib/gamslib/absmip/convert.opt"
>>  ampl absmip-scalar.mod
Finished reading from "/home/renigijus/gams/opt-mod-lib/gamslib/absmip/convert.opt"
--- Writing Ampl      : absmip-scalar.mod

--- Restarting execution
--- absmip.gms(119) 2 Mb
--- Reading solution for model maxM
--- absmip.gms(113) 3 Mb
--- Generating MIP model minM
--- absmip.gms(120) 3 Mb
--- LOOPS runs = 5
---   6 rows  8 columns  15 non-zeroes
---   1 discrete-columns
--- Executing CONVERT: elapsed 0:00:00.851

Convert 2.0      24.7.4 r58773 Released Sep 19, 2016 LEG x86 64bit/Linux      

--- Using Option File
Reading parameter(s) from "/home/renigijus/gams/opt-mod-lib/gamslib/absmip/convert.opt"
>>  ampl absmip-scalar.mod
Finished reading from "/home/renigijus/gams/opt-mod-lib/gamslib/absmip/convert.opt"
--- Writing Ampl      : absmip-scalar.mod

--- Restarting execution
--- absmip.gms(120) 2 Mb
--- Reading solution for model minM
--- absmip.gms(113) 3 Mb
--- Generating MIP model maxM
--- absmip.gms(121) 3 Mb
--- LOOPS runs = 5
---   6 rows  8 columns  15 non-zeroes
---   1 discrete-columns
--- Executing CONVERT: elapsed 0:00:00.867

Convert 2.0      24.7.4 r58773 Released Sep 19, 2016 LEG x86 64bit/Linux      

--- Using Option File
Reading parameter(s) from "/home/renigijus/gams/opt-mod-lib/gamslib/absmip/convert.opt"
>>  ampl absmip-scalar.mod
Finished reading from "/home/renigijus/gams/opt-mod-lib/gamslib/absmip/convert.opt"
--- Writing Ampl      : absmip-scalar.mod

--- Restarting execution
--- absmip.gms(121) 2 Mb
--- Reading solution for model maxM
--- absmip.gms(113) 3 Mb
--- Generating MIP model minM
--- absmip.gms(122) 3 Mb
--- LOOPS runs = 5
---   6 rows  8 columns  15 non-zeroes
---   1 discrete-columns
--- Executing CONVERT: elapsed 0:00:00.880

Convert 2.0      24.7.4 r58773 Released Sep 19, 2016 LEG x86 64bit/Linux      

--- Using Option File
Reading parameter(s) from "/home/renigijus/gams/opt-mod-lib/gamslib/absmip/convert.opt"
>>  ampl absmip-scalar.mod
Finished reading from "/home/renigijus/gams/opt-mod-lib/gamslib/absmip/convert.opt"
--- Writing Ampl      : absmip-scalar.mod

--- Restarting execution
--- absmip.gms(122) 2 Mb
--- Reading solution for model minM
--- absmip.gms(125) 3 Mb
*** Status: Normal completion
--- Job absmip.gms Stop 12/13/18 10:32:25 elapsed 0:00:00.892
