--- Job bidsos.gms Start 12/13/18 10:30:51 24.7.4 r58773 LEX-LEG x86 64bit/Linux
GAMS 24.7.4   Copyright (C) 1987-2016 GAMS Development. All rights reserved
Licensee: Remigijus Paulavicius, Single User License     S170731:0859AO-LNX
          Imperial College London, Dept. of Chemical Engineering    DC13449
          License for teaching and research at degree granting institutions
          remigijus.paulavicius@imperial.ac.uk                             
--- Starting compilation
--- bidsos.gms(76) 3 Mb
--- Starting execution: elapsed 0:00:00.001
--- bidsos.gms(72) 4 Mb
--- Generating MIP model bideval
--- bidsos.gms(72) 4 Mb
---   7 rows  20 columns  42 non-zeroes
--- Executing CONVERT: elapsed 0:00:00.005

Convert 2.0      24.7.4 r58773 Released Sep 19, 2016 LEG x86 64bit/Linux      

--- Using Option File
Reading parameter(s) from "/home/renigijus/gams/opt-mod-lib/gamslib/bidsos/convert.opt"
>>  pyomo bidsos-scalar.py
Finished reading from "/home/renigijus/gams/opt-mod-lib/gamslib/bidsos/convert.opt"
--- Writing Pyomo     : bidsos-scalar.py

--- Restarting execution
--- bidsos.gms(72) 2 Mb
--- Reading solution for model bideval
--- bidsos.gms(75) 3 Mb
*** Status: Normal completion
--- Job bidsos.gms Stop 12/13/18 10:30:51 elapsed 0:00:00.017
