--- Job tforss.gms Start 12/13/18 10:24:40 24.7.4 r58773 LEX-LEG x86 64bit/Linux
GAMS 24.7.4   Copyright (C) 1987-2016 GAMS Development. All rights reserved
Licensee: Remigijus Paulavicius, Single User License     S170731:0859AO-LNX
          Imperial College London, Dept. of Chemical Engineering    DC13449
          License for teaching and research at degree granting institutions
          remigijus.paulavicius@imperial.ac.uk                             
--- Starting compilation
--- tforss.gms(164) 3 Mb
--- Starting execution: elapsed 0:00:00.002
--- tforss.gms(156) 4 Mb
--- Generating LP model forest
--- tforss.gms(158) 4 Mb
--- LOOPS rhoset = rho-03
---   21 rows  64 columns  215 non-zeroes
--- Executing CONVERT: elapsed 0:00:00.005

Convert 2.0      24.7.4 r58773 Released Sep 19, 2016 LEG x86 64bit/Linux      

--- Using Option File
Reading parameter(s) from "/home/renigijus/gams/opt-mod-lib/gamslib/tforss/convert.opt"
>>  gams tforss-scalar.gms
Finished reading from "/home/renigijus/gams/opt-mod-lib/gamslib/tforss/convert.opt"
--- Writing Gams      : tforss-scalar.gms

--- Restarting execution
--- tforss.gms(158) 2 Mb
--- Reading solution for model forest
--- tforss.gms(156) 3 Mb
--- Generating LP model forest
--- tforss.gms(158) 3 Mb
--- LOOPS rhoset = rho-05
---   21 rows  64 columns  215 non-zeroes
--- Executing CONVERT: elapsed 0:00:00.021

Convert 2.0      24.7.4 r58773 Released Sep 19, 2016 LEG x86 64bit/Linux      

--- Using Option File
Reading parameter(s) from "/home/renigijus/gams/opt-mod-lib/gamslib/tforss/convert.opt"
>>  gams tforss-scalar.gms
Finished reading from "/home/renigijus/gams/opt-mod-lib/gamslib/tforss/convert.opt"
--- Writing Gams      : tforss-scalar.gms

--- Restarting execution
--- tforss.gms(158) 2 Mb
--- Reading solution for model forest
--- tforss.gms(156) 3 Mb
--- Generating LP model forest
--- tforss.gms(158) 3 Mb
--- LOOPS rhoset = rho-07
---   21 rows  64 columns  215 non-zeroes
--- Executing CONVERT: elapsed 0:00:00.043

Convert 2.0      24.7.4 r58773 Released Sep 19, 2016 LEG x86 64bit/Linux      

--- Using Option File
Reading parameter(s) from "/home/renigijus/gams/opt-mod-lib/gamslib/tforss/convert.opt"
>>  gams tforss-scalar.gms
Finished reading from "/home/renigijus/gams/opt-mod-lib/gamslib/tforss/convert.opt"
--- Writing Gams      : tforss-scalar.gms

--- Restarting execution
--- tforss.gms(158) 2 Mb
--- Reading solution for model forest
--- tforss.gms(156) 3 Mb
--- Generating LP model forest
--- tforss.gms(158) 3 Mb
--- LOOPS rhoset = rho-10
---   21 rows  64 columns  215 non-zeroes
--- Executing CONVERT: elapsed 0:00:00.058

Convert 2.0      24.7.4 r58773 Released Sep 19, 2016 LEG x86 64bit/Linux      

--- Using Option File
Reading parameter(s) from "/home/renigijus/gams/opt-mod-lib/gamslib/tforss/convert.opt"
>>  gams tforss-scalar.gms
Finished reading from "/home/renigijus/gams/opt-mod-lib/gamslib/tforss/convert.opt"
--- Writing Gams      : tforss-scalar.gms

--- Restarting execution
--- tforss.gms(158) 2 Mb
--- Reading solution for model forest
--- tforss.gms(164) 3 Mb
*** Status: Normal completion
--- Job tforss.gms Stop 12/13/18 10:24:40 elapsed 0:00:00.074
