--- Job camshape.gms Start 12/13/18 11:22:32 24.7.4 r58773 LEX-LEG x86 64bit/Linux
GAMS 24.7.4   Copyright (C) 1987-2016 GAMS Development. All rights reserved
Licensee: Remigijus Paulavicius, Single User License     S170731:0859AO-LNX
          Imperial College London, Dept. of Chemical Engineering    DC13449
          License for teaching and research at degree granting institutions
          remigijus.paulavicius@imperial.ac.uk                             
--- Starting compilation
--- camshape.gms(94) 3 Mb
--- Starting execution: elapsed 0:00:00.002
--- camshape.gms(88) 4 Mb
--- Generating NLP model camshape
--- camshape.gms(94) 6 Mb
---   201 rows  200 columns  697 non-zeroes
---   1,201 nl-code  299 nl-non-zeroes
--- camshape.gms(94) 4 Mb
--- Executing CONVERT: elapsed 0:00:00.005

Convert 2.0      24.7.4 r58773 Released Sep 19, 2016 LEG x86 64bit/Linux      

--- Using Option File
Reading parameter(s) from "/home/renigijus/gams/opt-mod-lib/gamslib/camshape/convert.opt"
>>  gams camshape-scalar.gms
Finished reading from "/home/renigijus/gams/opt-mod-lib/gamslib/camshape/convert.opt"
--- Writing Gams      : camshape-scalar.gms

--- Restarting execution
--- camshape.gms(94) 2 Mb
--- Reading solution for model camshape
*** Status: Normal completion
--- Job camshape.gms Stop 12/13/18 11:22:32 elapsed 0:00:00.021
