--- Job gancns.gms Start 12/13/18 10:32:27 24.7.4 r58773 LEX-LEG x86 64bit/Linux
GAMS 24.7.4   Copyright (C) 1987-2016 GAMS Development. All rights reserved
Licensee: Remigijus Paulavicius, Single User License     S170731:0859AO-LNX
          Imperial College London, Dept. of Chemical Engineering    DC13449
          License for teaching and research at degree granting institutions
          remigijus.paulavicius@imperial.ac.uk                             
--- Starting compilation
--- gancns.gms(1384) 3 Mb
--- Starting execution: elapsed 0:00:00.008
--- gancns.gms(1356) 4 Mb
--- Generating CNS model ganges0
--- gancns.gms(1358) 6 Mb
---   274 rows  357 columns  1,405 non-zeroes
---   2,735 nl-code  817 nl-non-zeroes
--- gancns.gms(1358) 4 Mb
--- Executing CONVERT: elapsed 0:00:00.016

Convert 2.0      24.7.4 r58773 Released Sep 19, 2016 LEG x86 64bit/Linux      

--- Using Option File
Reading parameter(s) from "/home/renigijus/gams/opt-mod-lib/gamslib/gancns/convert.opt"
>>  ampl gancns-scalar.mod
Finished reading from "/home/renigijus/gams/opt-mod-lib/gamslib/gancns/convert.opt"
--- Writing Ampl      : gancns-scalar.mod

--- Restarting execution
--- gancns.gms(1358) 2 Mb
--- Reading solution for model ganges0
--- gancns.gms(1362) 3 Mb
*** Status: Normal completion
--- Job gancns.gms Stop 12/13/18 10:32:27 elapsed 0:00:00.032
