--- Job bid.gms Start 12/13/18 10:24:30 24.7.4 r58773 LEX-LEG x86 64bit/Linux
GAMS 24.7.4   Copyright (C) 1987-2016 GAMS Development. All rights reserved
Licensee: Remigijus Paulavicius, Single User License     S170731:0859AO-LNX
          Imperial College London, Dept. of Chemical Engineering    DC13449
          License for teaching and research at degree granting institutions
          remigijus.paulavicius@imperial.ac.uk                             
--- Starting compilation
--- bid.gms(71) 3 Mb
--- Starting execution: elapsed 0:00:00.001
--- bid.gms(70) 4 Mb
--- Generating MIP model bideval
--- bid.gms(70) 4 Mb
---   25 rows  19 columns  68 non-zeroes
---   9 discrete-columns
--- Executing CONVERT: elapsed 0:00:00.004

Convert 2.0      24.7.4 r58773 Released Sep 19, 2016 LEG x86 64bit/Linux      

--- Using Option File
Reading parameter(s) from "/home/renigijus/gams/opt-mod-lib/gamslib/bid/convert.opt"
>>  ampl bid-scalar.mod
Finished reading from "/home/renigijus/gams/opt-mod-lib/gamslib/bid/convert.opt"
--- Writing Ampl      : bid-scalar.mod

--- Restarting execution
--- bid.gms(70) 2 Mb
--- Reading solution for model bideval
*** Status: Normal completion
--- Job bid.gms Stop 12/13/18 10:24:30 elapsed 0:00:00.017
