--- Job jbearing.gms Start 12/13/18 11:22:34 24.7.4 r58773 LEX-LEG x86 64bit/Linux
GAMS 24.7.4   Copyright (C) 1987-2016 GAMS Development. All rights reserved
Licensee: Remigijus Paulavicius, Single User License     S170731:0859AO-LNX
          Imperial College London, Dept. of Chemical Engineering    DC13449
          License for teaching and research at degree granting institutions
          remigijus.paulavicius@imperial.ac.uk                             
--- Starting compilation
--- jbearing.gms(83) 3 Mb
--- Starting execution: elapsed 0:00:00.002
--- jbearing.gms(80) 4 Mb
--- Generating NLP model bearing
--- jbearing.gms(81) 6 Mb
---   1 rows  2,705 columns  2,705 non-zeroes
---   67,734 nl-code  2,704 nl-non-zeroes
--- jbearing.gms(81) 4 Mb
--- Executing CONVERT: elapsed 0:00:00.028

Convert 2.0      24.7.4 r58773 Released Sep 19, 2016 LEG x86 64bit/Linux      

--- Using Option File
Reading parameter(s) from "/home/renigijus/gams/opt-mod-lib/gamslib/jbearing/convert.opt"
>>  pyomo jbearing-scalar.py
Finished reading from "/home/renigijus/gams/opt-mod-lib/gamslib/jbearing/convert.opt"
--- Writing Pyomo     : jbearing-scalar.py

--- Restarting execution
--- jbearing.gms(81) 2 Mb
--- Reading solution for model bearing
*** Status: Normal completion
--- Job jbearing.gms Stop 12/13/18 11:22:35 elapsed 0:00:00.090
