--- Job mine.gms Start 12/13/18 10:24:36 24.7.4 r58773 LEX-LEG x86 64bit/Linux
GAMS 24.7.4   Copyright (C) 1987-2016 GAMS Development. All rights reserved
Licensee: Remigijus Paulavicius, Single User License     S170731:0859AO-LNX
          Imperial College London, Dept. of Chemical Engineering    DC13449
          License for teaching and research at degree granting institutions
          remigijus.paulavicius@imperial.ac.uk                             
--- Starting compilation
--- mine.gms(73) 3 Mb
--- Starting execution: elapsed 0:00:00.001
--- mine.gms(66) 4 Mb
--- Generating LP model mine
--- mine.gms(69) 4 Mb
---   57 rows  31 columns  135 non-zeroes
--- Executing CONVERT: elapsed 0:00:00.003

Convert 2.0      24.7.4 r58773 Released Sep 19, 2016 LEG x86 64bit/Linux      

--- Using Option File
Reading parameter(s) from "/home/renigijus/gams/opt-mod-lib/gamslib/mine/convert.opt"
>>  gams mine-scalar.gms
Finished reading from "/home/renigijus/gams/opt-mod-lib/gamslib/mine/convert.opt"
--- Writing Gams      : mine-scalar.gms

--- Restarting execution
--- mine.gms(69) 2 Mb
--- Reading solution for model mine
--- mine.gms(73) 3 Mb
*** Status: Normal completion
--- Job mine.gms Stop 12/13/18 10:24:36 elapsed 0:00:00.013
