--- Job ampl.gms Start 12/13/18 10:24:42 24.7.4 r58773 LEX-LEG x86 64bit/Linux
GAMS 24.7.4   Copyright (C) 1987-2016 GAMS Development. All rights reserved
Licensee: Remigijus Paulavicius, Single User License     S170731:0859AO-LNX
          Imperial College London, Dept. of Chemical Engineering    DC13449
          License for teaching and research at degree granting institutions
          remigijus.paulavicius@imperial.ac.uk                             
--- Starting compilation
--- ampl.gms(64) 3 Mb
--- Starting execution: elapsed 0:00:00.001
--- ampl.gms(59) 4 Mb
--- Generating LP model ampl
--- ampl.gms(63) 4 Mb
---   13 rows  23 columns  75 non-zeroes
--- Executing CONVERT: elapsed 0:00:00.003

Convert 2.0      24.7.4 r58773 Released Sep 19, 2016 LEG x86 64bit/Linux      

--- Using Option File
Reading parameter(s) from "/home/renigijus/gams/opt-mod-lib/gamslib/ampl/convert.opt"
>>  pyomo ampl-scalar.py
Finished reading from "/home/renigijus/gams/opt-mod-lib/gamslib/ampl/convert.opt"
--- Writing Pyomo     : ampl-scalar.py

--- Restarting execution
--- ampl.gms(63) 2 Mb
--- Reading solution for model ampl
*** Status: Normal completion
--- Job ampl.gms Stop 12/13/18 10:24:42 elapsed 0:00:00.010
