--- Job trigx.gms Start 12/13/18 11:43:35 24.7.4 r58773 LEX-LEG x86 64bit/Linux
GAMS 24.7.4   Copyright (C) 1987-2016 GAMS Development. All rights reserved
Licensee: Remigijus Paulavicius, Single User License     S170731:0859AO-LNX
          Imperial College London, Dept. of Chemical Engineering    DC13449
          License for teaching and research at degree granting institutions
          remigijus.paulavicius@imperial.ac.uk                             
--- Starting compilation
--- trigx.gms(56) 3 Mb
--- Starting execution: elapsed 0:00:00.001
--- trigx.gms(3) 4 Mb
--- Generating NLP model m
--- trigx.gms(34) 6 Mb
---   3 rows  3 columns  7 non-zeroes
---   37 nl-code  6 nl-non-zeroes
--- trigx.gms(34) 4 Mb
--- Executing CONVERT: elapsed 0:00:00.004

Convert 2.0      24.7.4 r58773 Released Sep 19, 2016 LEG x86 64bit/Linux      

--- Using Option File
Reading parameter(s) from "/home/renigijus/gams/opt-mod-lib/gamslib/trigx/convert.opt"
>>  pyomo trigx-scalar.py
Finished reading from "/home/renigijus/gams/opt-mod-lib/gamslib/trigx/convert.opt"
--- Writing Pyomo     : trigx-scalar.py

--- Restarting execution
--- trigx.gms(34) 2 Mb
--- Reading solution for model m
--- trigx.gms(56) 3 Mb
*** Status: Normal completion
--- Job trigx.gms Stop 12/13/18 11:43:35 elapsed 0:00:00.019
