--- Job twocge.gms Start 12/13/18 11:23:24 24.7.4 r58773 LEX-LEG x86 64bit/Linux
GAMS 24.7.4   Copyright (C) 1987-2016 GAMS Development. All rights reserved
Licensee: Remigijus Paulavicius, Single User License     S170731:0859AO-LNX
          Imperial College London, Dept. of Chemical Engineering    DC13449
          License for teaching and research at degree granting institutions
          remigijus.paulavicius@imperial.ac.uk                             
--- Starting compilation
--- twocge.gms(433) 3 Mb
--- Starting execution: elapsed 0:00:00.005
--- twocge.gms(380) 4 Mb
--- Generating NLP model twocge
--- twocge.gms(384) 6 Mb
---   107 rows  107 columns  393 non-zeroes
---   682 nl-code  212 nl-non-zeroes
--- twocge.gms(384) 4 Mb
--- Executing CONVERT: elapsed 0:00:00.011

Convert 2.0      24.7.4 r58773 Released Sep 19, 2016 LEG x86 64bit/Linux      

--- Using Option File
Reading parameter(s) from "/home/renigijus/gams/opt-mod-lib/gamslib/twocge/convert.opt"
>>  ampl twocge-scalar.mod
Finished reading from "/home/renigijus/gams/opt-mod-lib/gamslib/twocge/convert.opt"
--- Writing Ampl      : twocge-scalar.mod

--- Restarting execution
--- twocge.gms(384) 2 Mb
--- Reading solution for model twocge
--- twocge.gms(389) 3 Mb
--- Generating NLP model twocge
--- twocge.gms(390) 5 Mb
---   107 rows  107 columns  385 non-zeroes
---   654 nl-code  204 nl-non-zeroes
--- twocge.gms(390) 3 Mb
--- Executing CONVERT: elapsed 0:00:00.034

Convert 2.0      24.7.4 r58773 Released Sep 19, 2016 LEG x86 64bit/Linux      

--- Using Option File
Reading parameter(s) from "/home/renigijus/gams/opt-mod-lib/gamslib/twocge/convert.opt"
>>  ampl twocge-scalar.mod
Finished reading from "/home/renigijus/gams/opt-mod-lib/gamslib/twocge/convert.opt"
--- Writing Ampl      : twocge-scalar.mod

--- Restarting execution
--- twocge.gms(390) 2 Mb
--- Reading solution for model twocge
--- twocge.gms(428) 3 Mb
*** Status: Normal completion
--- Job twocge.gms Stop 12/13/18 11:23:24 elapsed 0:00:00.049
