--- Job twocge.gms Start 12/13/18 11:23:24 24.7.4 r58773 LEX-LEG x86 64bit/Linux
GAMS 24.7.4   Copyright (C) 1987-2016 GAMS Development. All rights reserved
Licensee: Remigijus Paulavicius, Single User License     S170731:0859AO-LNX
          Imperial College London, Dept. of Chemical Engineering    DC13449
          License for teaching and research at degree granting institutions
          remigijus.paulavicius@imperial.ac.uk                             
--- Starting compilation
--- twocge.gms(434) 3 Mb
--- Starting execution: elapsed 0:00:00.003
--- twocge.gms(381) 4 Mb
--- Generating NLP model twocge
--- twocge.gms(385) 6 Mb
---   107 rows  107 columns  393 non-zeroes
---   682 nl-code  212 nl-non-zeroes
--- twocge.gms(385) 4 Mb
--- Executing CONVERT: elapsed 0:00:00.008

Convert 2.0      24.7.4 r58773 Released Sep 19, 2016 LEG x86 64bit/Linux      

--- Using Option File
Reading parameter(s) from "/home/renigijus/gams/opt-mod-lib/gamslib/twocge/convert.opt"
>>  gams twocge-scalar.gms
Finished reading from "/home/renigijus/gams/opt-mod-lib/gamslib/twocge/convert.opt"
--- Writing Gams      : twocge-scalar.gms

--- Restarting execution
--- twocge.gms(385) 2 Mb
--- Reading solution for model twocge
--- twocge.gms(390) 3 Mb
--- Generating NLP model twocge
--- twocge.gms(391) 5 Mb
---   107 rows  107 columns  385 non-zeroes
---   654 nl-code  204 nl-non-zeroes
--- twocge.gms(391) 3 Mb
--- Executing CONVERT: elapsed 0:00:00.026

Convert 2.0      24.7.4 r58773 Released Sep 19, 2016 LEG x86 64bit/Linux      

--- Using Option File
Reading parameter(s) from "/home/renigijus/gams/opt-mod-lib/gamslib/twocge/convert.opt"
>>  gams twocge-scalar.gms
Finished reading from "/home/renigijus/gams/opt-mod-lib/gamslib/twocge/convert.opt"
--- Writing Gams      : twocge-scalar.gms

--- Restarting execution
--- twocge.gms(391) 2 Mb
--- Reading solution for model twocge
--- twocge.gms(429) 3 Mb
*** Status: Normal completion
--- Job twocge.gms Stop 12/13/18 11:23:24 elapsed 0:00:00.039
