--- Job twocge.gms Start 12/13/18 11:23:24 24.7.4 r58773 LEX-LEG x86 64bit/Linux
GAMS 24.7.4   Copyright (C) 1987-2016 GAMS Development. All rights reserved
Licensee: Remigijus Paulavicius, Single User License     S170731:0859AO-LNX
          Imperial College London, Dept. of Chemical Engineering    DC13449
          License for teaching and research at degree granting institutions
          remigijus.paulavicius@imperial.ac.uk                             
--- Starting compilation
--- twocge.gms(435) 3 Mb
--- Starting execution: elapsed 0:00:00.004
--- twocge.gms(382) 4 Mb
--- Generating NLP model twocge
--- twocge.gms(386) 6 Mb
---   107 rows  107 columns  393 non-zeroes
---   682 nl-code  212 nl-non-zeroes
--- twocge.gms(386) 4 Mb
--- Executing CONVERT: elapsed 0:00:00.009

Convert 2.0      24.7.4 r58773 Released Sep 19, 2016 LEG x86 64bit/Linux      

--- Using Option File
Reading parameter(s) from "/home/renigijus/gams/opt-mod-lib/gamslib/twocge/convert.opt"
>>  pyomo twocge-scalar.py
Finished reading from "/home/renigijus/gams/opt-mod-lib/gamslib/twocge/convert.opt"
--- Writing Pyomo     : twocge-scalar.py

--- Restarting execution
--- twocge.gms(386) 2 Mb
--- Reading solution for model twocge
--- twocge.gms(391) 3 Mb
--- Generating NLP model twocge
--- twocge.gms(392) 5 Mb
---   107 rows  107 columns  385 non-zeroes
---   654 nl-code  204 nl-non-zeroes
--- twocge.gms(392) 3 Mb
--- Executing CONVERT: elapsed 0:00:00.022

Convert 2.0      24.7.4 r58773 Released Sep 19, 2016 LEG x86 64bit/Linux      

--- Using Option File
Reading parameter(s) from "/home/renigijus/gams/opt-mod-lib/gamslib/twocge/convert.opt"
>>  pyomo twocge-scalar.py
Finished reading from "/home/renigijus/gams/opt-mod-lib/gamslib/twocge/convert.opt"
--- Writing Pyomo     : twocge-scalar.py

--- Restarting execution
--- twocge.gms(392) 2 Mb
--- Reading solution for model twocge
--- twocge.gms(430) 3 Mb
*** Status: Normal completion
--- Job twocge.gms Stop 12/13/18 11:23:24 elapsed 0:00:00.035
