--- Job stablem.gms Start 12/13/18 11:43:35 24.7.4 r58773 LEX-LEG x86 64bit/Linux
GAMS 24.7.4   Copyright (C) 1987-2016 GAMS Development. All rights reserved
Licensee: Remigijus Paulavicius, Single User License     S170731:0859AO-LNX
          Imperial College London, Dept. of Chemical Engineering    DC13449
          License for teaching and research at degree granting institutions
          remigijus.paulavicius@imperial.ac.uk                             
--- Starting compilation
--- stablem.gms(174) 3 Mb
--- Starting execution: elapsed 0:00:00.001
--- stablem.gms(3) 4 Mb
--- Generating MIP model sm
--- stablem.gms(82) 4 Mb
---   24 rows  17 columns  97 non-zeroes
---   16 discrete-columns
--- Executing CONVERT: elapsed 0:00:00.003

Convert 2.0      24.7.4 r58773 Released Sep 19, 2016 LEG x86 64bit/Linux      

--- Using Option File
Reading parameter(s) from "/home/renigijus/gams/opt-mod-lib/gamslib/stablem/convert.opt"
>>  pyomo stablem-scalar.py
Finished reading from "/home/renigijus/gams/opt-mod-lib/gamslib/stablem/convert.opt"
--- Writing Pyomo     : stablem-scalar.py

--- Restarting execution
--- stablem.gms(82) 2 Mb
--- Reading solution for model sm
--- stablem.gms(101) 3 Mb
*** Status: Normal completion
--- Job stablem.gms Stop 12/13/18 11:43:35 elapsed 0:00:00.018
