--- Job hhfair.gms Start 12/13/18 10:24:42 24.7.4 r58773 LEX-LEG x86 64bit/Linux
GAMS 24.7.4   Copyright (C) 1987-2016 GAMS Development. All rights reserved
Licensee: Remigijus Paulavicius, Single User License     S170731:0859AO-LNX
          Imperial College London, Dept. of Chemical Engineering    DC13449
          License for teaching and research at degree granting institutions
          remigijus.paulavicius@imperial.ac.uk                             
--- Starting compilation
--- hhfair.gms(93) 3 Mb
--- Starting execution: elapsed 0:00:00.001
--- hhfair.gms(90) 4 Mb
--- Generating NLP model hh
--- hhfair.gms(92) 6 Mb
---   26 rows  30 columns  81 non-zeroes
---   83 nl-code  21 nl-non-zeroes
--- hhfair.gms(92) 4 Mb
--- Executing CONVERT: elapsed 0:00:00.004

Convert 2.0      24.7.4 r58773 Released Sep 19, 2016 LEG x86 64bit/Linux      

--- Using Option File
Reading parameter(s) from "/home/renigijus/gams/opt-mod-lib/gamslib/hhfair/convert.opt"
>>  ampl hhfair-scalar.mod
Finished reading from "/home/renigijus/gams/opt-mod-lib/gamslib/hhfair/convert.opt"
--- Writing Ampl      : hhfair-scalar.mod

--- Restarting execution
--- hhfair.gms(92) 2 Mb
--- Reading solution for model hh
*** Status: Normal completion
--- Job hhfair.gms Stop 12/13/18 10:24:42 elapsed 0:00:00.013
