--- Job indus.gms Start 12/13/18 10:24:46 24.7.4 r58773 LEX-LEG x86 64bit/Linux
GAMS 24.7.4   Copyright (C) 1987-2016 GAMS Development. All rights reserved
Licensee: Remigijus Paulavicius, Single User License     S170731:0859AO-LNX
          Imperial College London, Dept. of Chemical Engineering    DC13449
          License for teaching and research at degree granting institutions
          remigijus.paulavicius@imperial.ac.uk                             
--- Starting compilation
--- indus.gms(1080) 3 Mb
--- Starting execution: elapsed 0:00:00.009
--- indus.gms(1063) 4 Mb
--- Generating LP model indus1
--- indus.gms(1077) 5 Mb
---   275 rows  404 columns  4,145 non-zeroes
--- Executing CONVERT: elapsed 0:00:00.025

Convert 2.0      24.7.4 r58773 Released Sep 19, 2016 LEG x86 64bit/Linux      

--- Using Option File
Reading parameter(s) from "/home/renigijus/gams/opt-mod-lib/gamslib/indus/convert.opt"
>>  pyomo indus-scalar.py
Finished reading from "/home/renigijus/gams/opt-mod-lib/gamslib/indus/convert.opt"
--- Writing Pyomo     : indus-scalar.py

--- Restarting execution
--- indus.gms(1077) 2 Mb
--- Reading solution for model indus1
*** Status: Normal completion
--- Job indus.gms Stop 12/13/18 10:24:46 elapsed 0:00:00.044
