--- Job tba.gms Start 12/13/18 10:24:52 24.7.4 r58773 LEX-LEG x86 64bit/Linux
GAMS 24.7.4   Copyright (C) 1987-2016 GAMS Development. All rights reserved
Licensee: Remigijus Paulavicius, Single User License     S170731:0859AO-LNX
          Imperial College London, Dept. of Chemical Engineering    DC13449
          License for teaching and research at degree granting institutions
          remigijus.paulavicius@imperial.ac.uk                             
--- Starting compilation
--- tba.gms(383) 3 Mb
--- Starting execution: elapsed 0:00:00.003
--- tba.gms(381) 4 Mb
--- Generating MIP model poolassign
--- tba.gms(383) 4 Mb
---   487 rows  255 columns  1,619 non-zeroes
---   199 discrete-columns
--- Executing CONVERT: elapsed 0:00:00.009

Convert 2.0      24.7.4 r58773 Released Sep 19, 2016 LEG x86 64bit/Linux      

--- Using Option File
Reading parameter(s) from "/home/renigijus/gams/opt-mod-lib/gamslib/tba/convert.opt"
>>  gams tba-scalar.gms
Finished reading from "/home/renigijus/gams/opt-mod-lib/gamslib/tba/convert.opt"
--- Writing Gams      : tba-scalar.gms

--- Restarting execution
--- tba.gms(383) 2 Mb
--- Reading solution for model poolassign
*** Status: Normal completion
--- Job tba.gms Stop 12/13/18 10:24:52 elapsed 0:00:00.024
