--- Job thai.gms Start 12/13/18 10:24:47 24.7.4 r58773 LEX-LEG x86 64bit/Linux
GAMS 24.7.4   Copyright (C) 1987-2016 GAMS Development. All rights reserved
Licensee: Remigijus Paulavicius, Single User License     S170731:0859AO-LNX
          Imperial College London, Dept. of Chemical Engineering    DC13449
          License for teaching and research at degree granting institutions
          remigijus.paulavicius@imperial.ac.uk                             
--- Starting compilation
--- thai.gms(87) 3 Mb
--- Starting execution: elapsed 0:00:00.002
--- thai.gms(83) 4 Mb
--- Generating MIP model thainavy
--- thai.gms(85) 4 Mb
---   31 rows  69 columns  205 non-zeroes
---   23 discrete-columns
--- Executing CONVERT: elapsed 0:00:00.004

Convert 2.0      24.7.4 r58773 Released Sep 19, 2016 LEG x86 64bit/Linux      

--- Using Option File
Reading parameter(s) from "/home/renigijus/gams/opt-mod-lib/gamslib/thai/convert.opt"
>>  ampl thai-scalar.mod
Finished reading from "/home/renigijus/gams/opt-mod-lib/gamslib/thai/convert.opt"
--- Writing Ampl      : thai-scalar.mod

--- Restarting execution
--- thai.gms(85) 2 Mb
--- Reading solution for model thainavy
--- thai.gms(87) 3 Mb
*** Status: Normal completion
--- Job thai.gms Stop 12/13/18 10:24:47 elapsed 0:00:00.012
