--- Job qp3.gms Start 12/13/18 10:31:10 24.7.4 r58773 LEX-LEG x86 64bit/Linux
GAMS 24.7.4   Copyright (C) 1987-2016 GAMS Development. All rights reserved
Licensee: Remigijus Paulavicius, Single User License     S170731:0859AO-LNX
          Imperial College London, Dept. of Chemical Engineering    DC13449
          License for teaching and research at degree granting institutions
          remigijus.paulavicius@imperial.ac.uk                             
--- Starting compilation
--- qp3.gms(17) 2 Mb
--- .qpdata.inc(16290) 4 Mb
--- qp3.gms(75) 4 Mb
--- Starting execution: elapsed 0:00:00.022
--- qp3.gms(16333) 6 Mb
--- Generating NLP model qp3a
--- qp3.gms(16359) 8 Mb
---   53 rows  101 columns  2,748 non-zeroes
---   152 nl-code  100 nl-non-zeroes
--- qp3.gms(16359) 6 Mb
--- Executing CONVERT: elapsed 0:00:00.038

Convert 2.0      24.7.4 r58773 Released Sep 19, 2016 LEG x86 64bit/Linux      

--- Using Option File
Reading parameter(s) from "/home/renigijus/gams/opt-mod-lib/gamslib/qp3/convert.opt"
>>  ampl qp3-scalar.mod
Finished reading from "/home/renigijus/gams/opt-mod-lib/gamslib/qp3/convert.opt"
--- Writing Ampl      : qp3-scalar.mod

--- Restarting execution
--- qp3.gms(16359) 4 Mb
--- Reading solution for model qp3a
--- qp3.gms(16362) 4 Mb
--- Generating NLP model qp3b
--- qp3.gms(16363) 7 Mb
---   53 rows  101 columns  1,523 non-zeroes
---   152 nl-code  100 nl-non-zeroes
--- qp3.gms(16363) 5 Mb
--- Executing CONVERT: elapsed 0:00:00.058

Convert 2.0      24.7.4 r58773 Released Sep 19, 2016 LEG x86 64bit/Linux      

--- Using Option File
Reading parameter(s) from "/home/renigijus/gams/opt-mod-lib/gamslib/qp3/convert.opt"
>>  ampl qp3-scalar.mod
Finished reading from "/home/renigijus/gams/opt-mod-lib/gamslib/qp3/convert.opt"
--- Writing Ampl      : qp3-scalar.mod

--- Restarting execution
--- qp3.gms(16363) 4 Mb
--- Reading solution for model qp3b
--- qp3.gms(16364) 4 Mb
*** Status: Normal completion
--- Job qp3.gms Stop 12/13/18 10:31:10 elapsed 0:00:00.074
