--- Job launch.gms Start 12/13/18 10:30:51 24.7.4 r58773 LEX-LEG x86 64bit/Linux
GAMS 24.7.4   Copyright (C) 1987-2016 GAMS Development. All rights reserved
Licensee: Remigijus Paulavicius, Single User License     S170731:0859AO-LNX
          Imperial College London, Dept. of Chemical Engineering    DC13449
          License for teaching and research at degree granting institutions
          remigijus.paulavicius@imperial.ac.uk                             
--- Starting compilation
--- launch.gms(193) 3 Mb
--- Starting execution: elapsed 0:00:00.001
--- launch.gms(190) 4 Mb
--- Generating NLP model launch
--- launch.gms(192) 6 Mb
---   29 rows  39 columns  108 non-zeroes
---   286 nl-code  52 nl-non-zeroes
--- launch.gms(192) 4 Mb
--- Executing CONVERT: elapsed 0:00:00.004

Convert 2.0      24.7.4 r58773 Released Sep 19, 2016 LEG x86 64bit/Linux      

--- Using Option File
Reading parameter(s) from "/home/renigijus/gams/opt-mod-lib/gamslib/launch/convert.opt"
>>  gams launch-scalar.gms
Finished reading from "/home/renigijus/gams/opt-mod-lib/gamslib/launch/convert.opt"
--- Writing Gams      : launch-scalar.gms

--- Restarting execution
--- launch.gms(192) 2 Mb
--- Reading solution for model launch
*** Status: Normal completion
--- Job launch.gms Stop 12/13/18 10:30:51 elapsed 0:00:00.015
