--- Job lnts.gms Start 12/13/18 11:22:33 24.7.4 r58773 LEX-LEG x86 64bit/Linux
GAMS 24.7.4   Copyright (C) 1987-2016 GAMS Development. All rights reserved
Licensee: Remigijus Paulavicius, Single User License     S170731:0859AO-LNX
          Imperial College London, Dept. of Chemical Engineering    DC13449
          License for teaching and research at degree granting institutions
          remigijus.paulavicius@imperial.ac.uk                             
--- Starting compilation
--- lnts.gms(88) 3 Mb
--- Starting execution: elapsed 0:00:00.002
--- lnts.gms(82) 4 Mb
--- Generating NLP model lnts
--- lnts.gms(88) 6 Mb
---   201 rows  257 columns  1,002 non-zeroes
---   2,001 nl-code  600 nl-non-zeroes
--- lnts.gms(88) 4 Mb
--- Executing CONVERT: elapsed 0:00:00.005

Convert 2.0      24.7.4 r58773 Released Sep 19, 2016 LEG x86 64bit/Linux      

--- Using Option File
Reading parameter(s) from "/home/renigijus/gams/opt-mod-lib/gamslib/lnts/convert.opt"
>>  gams lnts-scalar.gms
Finished reading from "/home/renigijus/gams/opt-mod-lib/gamslib/lnts/convert.opt"
--- Writing Gams      : lnts-scalar.gms

--- Restarting execution
--- lnts.gms(88) 2 Mb
--- Reading solution for model lnts
*** Status: Normal completion
--- Job lnts.gms Stop 12/13/18 11:22:33 elapsed 0:00:00.021
