--- Job qcp1.gms Start 12/13/18 11:23:25 24.7.4 r58773 LEX-LEG x86 64bit/Linux
GAMS 24.7.4   Copyright (C) 1987-2016 GAMS Development. All rights reserved
Licensee: Remigijus Paulavicius, Single User License     S170731:0859AO-LNX
          Imperial College London, Dept. of Chemical Engineering    DC13449
          License for teaching and research at degree granting institutions
          remigijus.paulavicius@imperial.ac.uk                             
--- Starting compilation
--- qcp1.gms(23) 2 Mb
--- .qpdata.inc(16290) 4 Mb
--- qcp1.gms(64) 4 Mb
--- Starting execution: elapsed 0:00:00.021
--- qcp1.gms(16353) 7 Mb
--- Generating QCP model qcp1
--- qcp1.gms(16354) 9 Mb
---   3 rows  161 columns  453 non-zeroes
---   86,438 nl-code  147 nl-non-zeroes
--- qcp1.gms(16354) 7 Mb
--- Executing CONVERT: elapsed 0:00:00.302

Convert 2.0      24.7.4 r58773 Released Sep 19, 2016 LEG x86 64bit/Linux      

--- Using Option File
Reading parameter(s) from "/home/renigijus/gams/opt-mod-lib/gamslib/qcp1/convert.opt"
>>  ampl qcp1-scalar.mod
Finished reading from "/home/renigijus/gams/opt-mod-lib/gamslib/qcp1/convert.opt"
--- Writing Ampl      : qcp1-scalar.mod

--- Restarting execution
--- qcp1.gms(16354) 5 Mb
--- Reading solution for model qcp1
*** Status: Normal completion
--- Job qcp1.gms Stop 12/13/18 11:23:25 elapsed 0:00:00.371
