--- Job maxmin.gms Start 12/13/18 11:23:05 24.7.4 r58773 LEX-LEG x86 64bit/Linux
GAMS 24.7.4   Copyright (C) 1987-2016 GAMS Development. All rights reserved
Licensee: Remigijus Paulavicius, Single User License     S170731:0859AO-LNX
          Imperial College London, Dept. of Chemical Engineering    DC13449
          License for teaching and research at degree granting institutions
          remigijus.paulavicius@imperial.ac.uk                             
--- Starting compilation
--- maxmin.gms(97) 3 Mb
--- Starting execution: elapsed 0:00:00.001
--- maxmin.gms(76) 4 Mb
--- Generating DNLP model maxmin1a
--- maxmin.gms(95) 6 Mb
---   78 rows  27 columns  390 non-zeroes
---   859 nl-code  312 nl-non-zeroes
--- maxmin.gms(95) 4 Mb
--- Executing CONVERT: elapsed 0:00:00.003

Convert 2.0      24.7.4 r58773 Released Sep 19, 2016 LEG x86 64bit/Linux      

--- Using Option File
Reading parameter(s) from "/home/renigijus/gams/opt-mod-lib/gamslib/maxmin/convert.opt"
>>  ampl maxmin-scalar.mod
Finished reading from "/home/renigijus/gams/opt-mod-lib/gamslib/maxmin/convert.opt"
--- Writing Ampl      : maxmin-scalar.mod

--- Restarting execution
--- maxmin.gms(95) 2 Mb
--- Reading solution for model maxmin1a
--- maxmin.gms(97) 3 Mb
*** Status: Normal completion
--- Job maxmin.gms Stop 12/13/18 11:23:05 elapsed 0:00:00.014
