--- Job minlphi.gms Start 12/13/18 10:24:52 24.7.4 r58773 LEX-LEG x86 64bit/Linux
GAMS 24.7.4   Copyright (C) 1987-2016 GAMS Development. All rights reserved
Licensee: Remigijus Paulavicius, Single User License     S170731:0859AO-LNX
          Imperial College London, Dept. of Chemical Engineering    DC13449
          License for teaching and research at degree granting institutions
          remigijus.paulavicius@imperial.ac.uk                             
--- Starting compilation
--- minlphi.gms(877) 3 Mb
--- Starting execution: elapsed 0:00:00.005
--- minlphi.gms(779) 4 Mb
--- Generating NLP model nlpsub
--- minlphi.gms(809) 6 Mb
--- LOOPS kloop = k-1
---   80 rows  65 columns  207 non-zeroes
---   178 nl-code  36 nl-non-zeroes
--- minlphi.gms(809) 4 Mb
--- Executing CONVERT: elapsed 0:00:00.008

Convert 2.0      24.7.4 r58773 Released Sep 19, 2016 LEG x86 64bit/Linux      

--- Using Option File
Reading parameter(s) from "/home/renigijus/gams/opt-mod-lib/gamslib/minlphi/convert.opt"
>>  ampl minlphi-scalar.mod
Finished reading from "/home/renigijus/gams/opt-mod-lib/gamslib/minlphi/convert.opt"
--- Writing Ampl      : minlphi-scalar.mod

--- Restarting execution
--- minlphi.gms(809) 2 Mb
--- Reading solution for model nlpsub
--- minlphi.gms(779) 3 Mb
--- Generating MIP model master
--- minlphi.gms(860) 3 Mb
--- LOOPS kloop = k-1
---   93 rows  88 columns  320 non-zeroes
---   20 discrete-columns
--- Executing CPLEX: elapsed 0:00:00.023

IBM ILOG CPLEX   24.7.4 r58773 Released Sep 19, 2016 LEG x86 64bit/Linux      
Cplex 12.6.3.0

*** Error Cannot open parameter file "/home/renigijus/gams/opt-mod-lib/gamslib/minlphi/cplex.opt"
*** Error Error code = 2; No such file or directory
Reading data...
Starting Cplex...
Space for names approximately 0.00 Mb
Use option 'names no' to turn use of names off
Row 'milpcon(k-1)' infeasible, all entries at implied bounds.
Presolve time = 0.00 sec. (0.04 ticks)

Root node processing (before b&c):
  Real time             =    0.01 sec. (0.05 ticks)
Sequential b&c:
  Real time             =    0.00 sec. (0.00 ticks)
                          ------------
Total (root+branch&cut) =    0.01 sec. (0.05 ticks)
MIP status(103): integer infeasible
Cplex Time: 0.04sec (det. 0.05 ticks)
CPLEX Error  1217: No solution exists.
Problem is integer infeasible.
--- Restarting execution
--- minlphi.gms(860) 2 Mb
--- Reading solution for model master
--- minlphi.gms(779) 3 Mb
*** Status: Normal completion
--- Job minlphi.gms Stop 12/13/18 10:24:52 elapsed 0:00:00.096
