--- Job ramsey.gms Start 12/13/18 10:24:40 24.7.4 r58773 LEX-LEG x86 64bit/Linux
GAMS 24.7.4   Copyright (C) 1987-2016 GAMS Development. All rights reserved
Licensee: Remigijus Paulavicius, Single User License     S170731:0859AO-LNX
          Imperial College London, Dept. of Chemical Engineering    DC13449
          License for teaching and research at degree granting institutions
          remigijus.paulavicius@imperial.ac.uk                             
--- Starting compilation
--- ramsey.gms(138) 3 Mb
--- Starting execution: elapsed 0:00:00.002
--- ramsey.gms(131) 4 Mb
--- Generating NLP model ramsey
--- ramsey.gms(136) 6 Mb
---   23 rows  34 columns  77 non-zeroes
---   103 nl-code  22 nl-non-zeroes
--- ramsey.gms(136) 4 Mb
--- Executing CONVERT: elapsed 0:00:00.004

Convert 2.0      24.7.4 r58773 Released Sep 19, 2016 LEG x86 64bit/Linux      

--- Using Option File
Reading parameter(s) from "/home/renigijus/gams/opt-mod-lib/gamslib/ramsey/convert.opt"
>>  ampl ramsey-scalar.mod
Finished reading from "/home/renigijus/gams/opt-mod-lib/gamslib/ramsey/convert.opt"
--- Writing Ampl      : ramsey-scalar.mod

--- Restarting execution
--- ramsey.gms(136) 2 Mb
--- Reading solution for model ramsey
*** Status: Normal completion
--- Job ramsey.gms Stop 12/13/18 10:24:40 elapsed 0:00:00.015
