--- Job harker.gms Start 12/13/18 10:24:44 24.7.4 r58773 LEX-LEG x86 64bit/Linux
GAMS 24.7.4   Copyright (C) 1987-2016 GAMS Development. All rights reserved
Licensee: Remigijus Paulavicius, Single User License     S170731:0859AO-LNX
          Imperial College London, Dept. of Chemical Engineering    DC13449
          License for teaching and research at degree granting institutions
          remigijus.paulavicius@imperial.ac.uk                             
--- Starting compilation
--- harker.gms(186) 3 Mb
--- Starting execution: elapsed 0:00:00.002
--- harker.gms(104) 4 Mb
--- Generating NLP model hark
--- harker.gms(104) 6 Mb
---   8 rows  21 columns  61 non-zeroes
---   133 nl-code  20 nl-non-zeroes
--- harker.gms(104) 4 Mb
--- Executing CONVERT: elapsed 0:00:00.006

Convert 2.0      24.7.4 r58773 Released Sep 19, 2016 LEG x86 64bit/Linux      

--- Using Option File
Reading parameter(s) from "/home/renigijus/gams/opt-mod-lib/gamslib/harker/convert.opt"
>>  gams harker-scalar.gms
Finished reading from "/home/renigijus/gams/opt-mod-lib/gamslib/harker/convert.opt"
--- Writing Gams      : harker-scalar.gms

--- Restarting execution
--- harker.gms(104) 2 Mb
--- Reading solution for model hark
--- harker.gms(114) 3 Mb
--- Generating NLP model hark
--- harker.gms(114) 5 Mb
---   8 rows  21 columns  61 non-zeroes
---   132 nl-code  20 nl-non-zeroes
--- harker.gms(114) 3 Mb
--- Executing CONVERT: elapsed 0:00:00.021

Convert 2.0      24.7.4 r58773 Released Sep 19, 2016 LEG x86 64bit/Linux      

--- Using Option File
Reading parameter(s) from "/home/renigijus/gams/opt-mod-lib/gamslib/harker/convert.opt"
>>  gams harker-scalar.gms
Finished reading from "/home/renigijus/gams/opt-mod-lib/gamslib/harker/convert.opt"
--- Writing Gams      : harker-scalar.gms

--- Restarting execution
--- harker.gms(114) 2 Mb
--- Reading solution for model hark
--- harker.gms(123) 3 Mb
--- Generating NLP model hark
--- harker.gms(123) 5 Mb
---   8 rows  21 columns  61 non-zeroes
---   133 nl-code  20 nl-non-zeroes
--- harker.gms(123) 3 Mb
--- Executing CONVERT: elapsed 0:00:00.038

Convert 2.0      24.7.4 r58773 Released Sep 19, 2016 LEG x86 64bit/Linux      

--- Using Option File
Reading parameter(s) from "/home/renigijus/gams/opt-mod-lib/gamslib/harker/convert.opt"
>>  gams harker-scalar.gms
Finished reading from "/home/renigijus/gams/opt-mod-lib/gamslib/harker/convert.opt"
--- Writing Gams      : harker-scalar.gms

--- Restarting execution
--- harker.gms(123) 2 Mb
--- Reading solution for model hark
--- harker.gms(173) 3 Mb
--- Generating NLP model harkoli
--- harker.gms(175) 5 Mb
--- LOOPS iter = iter1
---   16 rows  30 columns  98 non-zeroes
---   152 nl-code  26 nl-non-zeroes
--- harker.gms(175) 3 Mb
--- Executing CONVERT: elapsed 0:00:00.056

Convert 2.0      24.7.4 r58773 Released Sep 19, 2016 LEG x86 64bit/Linux      

--- Using Option File
Reading parameter(s) from "/home/renigijus/gams/opt-mod-lib/gamslib/harker/convert.opt"
>>  gams harker-scalar.gms
Finished reading from "/home/renigijus/gams/opt-mod-lib/gamslib/harker/convert.opt"
--- Writing Gams      : harker-scalar.gms

--- Restarting execution
--- harker.gms(175) 2 Mb
--- Reading solution for model harkoli
--- harker.gms(173) 3 Mb
--- Generating NLP model harkoli
--- harker.gms(175) 5 Mb
--- LOOPS iter = iter2
---   16 rows  30 columns  98 non-zeroes
---   152 nl-code  26 nl-non-zeroes
--- harker.gms(175) 3 Mb
--- Executing CONVERT: elapsed 0:00:00.075

Convert 2.0      24.7.4 r58773 Released Sep 19, 2016 LEG x86 64bit/Linux      

--- Using Option File
Reading parameter(s) from "/home/renigijus/gams/opt-mod-lib/gamslib/harker/convert.opt"
>>  gams harker-scalar.gms
Finished reading from "/home/renigijus/gams/opt-mod-lib/gamslib/harker/convert.opt"
--- Writing Gams      : harker-scalar.gms

--- Restarting execution
--- harker.gms(175) 2 Mb
--- Reading solution for model harkoli
--- harker.gms(186) 3 Mb
*** Status: Normal completion
--- Job harker.gms Stop 12/13/18 10:24:45 elapsed 0:00:00.091
