--- Job harker.gms Start 12/13/18 10:24:45 24.7.4 r58773 LEX-LEG x86 64bit/Linux
GAMS 24.7.4   Copyright (C) 1987-2016 GAMS Development. All rights reserved
Licensee: Remigijus Paulavicius, Single User License     S170731:0859AO-LNX
          Imperial College London, Dept. of Chemical Engineering    DC13449
          License for teaching and research at degree granting institutions
          remigijus.paulavicius@imperial.ac.uk                             
--- Starting compilation
--- harker.gms(187) 3 Mb
--- Starting execution: elapsed 0:00:00.003
--- harker.gms(105) 4 Mb
--- Generating NLP model hark
--- harker.gms(105) 6 Mb
---   8 rows  21 columns  61 non-zeroes
---   133 nl-code  20 nl-non-zeroes
--- harker.gms(105) 4 Mb
--- Executing CONVERT: elapsed 0:00:00.006

Convert 2.0      24.7.4 r58773 Released Sep 19, 2016 LEG x86 64bit/Linux      

--- Using Option File
Reading parameter(s) from "/home/renigijus/gams/opt-mod-lib/gamslib/harker/convert.opt"
>>  pyomo harker-scalar.py
Finished reading from "/home/renigijus/gams/opt-mod-lib/gamslib/harker/convert.opt"
--- Writing Pyomo     : harker-scalar.py

--- Restarting execution
--- harker.gms(105) 2 Mb
--- Reading solution for model hark
--- harker.gms(115) 3 Mb
--- Generating NLP model hark
--- harker.gms(115) 5 Mb
---   8 rows  21 columns  61 non-zeroes
---   132 nl-code  20 nl-non-zeroes
--- harker.gms(115) 3 Mb
--- Executing CONVERT: elapsed 0:00:00.025

Convert 2.0      24.7.4 r58773 Released Sep 19, 2016 LEG x86 64bit/Linux      

--- Using Option File
Reading parameter(s) from "/home/renigijus/gams/opt-mod-lib/gamslib/harker/convert.opt"
>>  pyomo harker-scalar.py
Finished reading from "/home/renigijus/gams/opt-mod-lib/gamslib/harker/convert.opt"
--- Writing Pyomo     : harker-scalar.py

--- Restarting execution
--- harker.gms(115) 2 Mb
--- Reading solution for model hark
--- harker.gms(124) 3 Mb
--- Generating NLP model hark
--- harker.gms(124) 5 Mb
---   8 rows  21 columns  61 non-zeroes
---   133 nl-code  20 nl-non-zeroes
--- harker.gms(124) 3 Mb
--- Executing CONVERT: elapsed 0:00:00.039

Convert 2.0      24.7.4 r58773 Released Sep 19, 2016 LEG x86 64bit/Linux      

--- Using Option File
Reading parameter(s) from "/home/renigijus/gams/opt-mod-lib/gamslib/harker/convert.opt"
>>  pyomo harker-scalar.py
Finished reading from "/home/renigijus/gams/opt-mod-lib/gamslib/harker/convert.opt"
--- Writing Pyomo     : harker-scalar.py

--- Restarting execution
--- harker.gms(124) 2 Mb
--- Reading solution for model hark
--- harker.gms(174) 3 Mb
--- Generating NLP model harkoli
--- harker.gms(176) 5 Mb
--- LOOPS iter = iter1
---   16 rows  30 columns  98 non-zeroes
---   152 nl-code  26 nl-non-zeroes
--- harker.gms(176) 3 Mb
--- Executing CONVERT: elapsed 0:00:00.057

Convert 2.0      24.7.4 r58773 Released Sep 19, 2016 LEG x86 64bit/Linux      

--- Using Option File
Reading parameter(s) from "/home/renigijus/gams/opt-mod-lib/gamslib/harker/convert.opt"
>>  pyomo harker-scalar.py
Finished reading from "/home/renigijus/gams/opt-mod-lib/gamslib/harker/convert.opt"
--- Writing Pyomo     : harker-scalar.py

--- Restarting execution
--- harker.gms(176) 2 Mb
--- Reading solution for model harkoli
--- harker.gms(174) 3 Mb
--- Generating NLP model harkoli
--- harker.gms(176) 5 Mb
--- LOOPS iter = iter2
---   16 rows  30 columns  98 non-zeroes
---   152 nl-code  26 nl-non-zeroes
--- harker.gms(176) 3 Mb
--- Executing CONVERT: elapsed 0:00:00.072

Convert 2.0      24.7.4 r58773 Released Sep 19, 2016 LEG x86 64bit/Linux      

--- Using Option File
Reading parameter(s) from "/home/renigijus/gams/opt-mod-lib/gamslib/harker/convert.opt"
>>  pyomo harker-scalar.py
Finished reading from "/home/renigijus/gams/opt-mod-lib/gamslib/harker/convert.opt"
--- Writing Pyomo     : harker-scalar.py

--- Restarting execution
--- harker.gms(176) 2 Mb
--- Reading solution for model harkoli
--- harker.gms(187) 3 Mb
*** Status: Normal completion
--- Job harker.gms Stop 12/13/18 10:24:45 elapsed 0:00:00.086
