--- Job bidpwl.gms Start 12/13/18 11:43:34 24.7.4 r58773 LEX-LEG x86 64bit/Linux
GAMS 24.7.4   Copyright (C) 1987-2016 GAMS Development. All rights reserved
Licensee: Remigijus Paulavicius, Single User License     S170731:0859AO-LNX
          Imperial College London, Dept. of Chemical Engineering    DC13449
          License for teaching and research at degree granting institutions
          remigijus.paulavicius@imperial.ac.uk                             
--- Starting compilation
--- bidpwl.gms(63) 3 Mb
--- .pwlfunc.inc(133) 3 Mb
--- bidpwl.gms(94) 3 Mb
--- Starting execution: elapsed 0:00:00.003
--- bidpwl.gms(202) 4 Mb
--- Generating MIP model bideval
--- bidpwl.gms(202) 4 Mb
---   31 rows  39 columns  89 non-zeroes
---   14 discrete-columns
--- Executing CONVERT: elapsed 0:00:00.005

Convert 2.0      24.7.4 r58773 Released Sep 19, 2016 LEG x86 64bit/Linux      

--- Using Option File
Reading parameter(s) from "/home/renigijus/gams/opt-mod-lib/gamslib/bidpwl/convert.opt"
>>  gams bidpwl-scalar.gms
Finished reading from "/home/renigijus/gams/opt-mod-lib/gamslib/bidpwl/convert.opt"
--- Writing Gams      : bidpwl-scalar.gms

--- Restarting execution
--- bidpwl.gms(202) 2 Mb
--- Reading solution for model bideval
--- bidpwl.gms(211) 3 Mb
*** Status: Normal completion
--- Job bidpwl.gms Stop 12/13/18 11:43:34 elapsed 0:00:00.017
