--- Job clad.gms Start 12/13/18 11:43:39 24.7.4 r58773 LEX-LEG x86 64bit/Linux
GAMS 24.7.4   Copyright (C) 1987-2016 GAMS Development. All rights reserved
Licensee: Remigijus Paulavicius, Single User License     S170731:0859AO-LNX
          Imperial College London, Dept. of Chemical Engineering    DC13449
          License for teaching and research at degree granting institutions
          remigijus.paulavicius@imperial.ac.uk                             
--- Starting compilation
--- clad.gms(38) 3 Mb
--- GDXin=/home/renigijus/gams/opt-mod-lib/gamslib/clad/claddat.gdx
--- clad.gms(159) 3 Mb
--- Starting execution: elapsed 0:00:00.004
--- clad.gms(111) 4 Mb
--- Generating MIP model CensoredLADPowell84
--- clad.gms(112) 5 Mb
---   3,006 rows  2,409 columns  11,420 non-zeroes
---   601 discrete-columns
--- Executing CONVERT: elapsed 0:00:00.022

Convert 2.0      24.7.4 r58773 Released Sep 19, 2016 LEG x86 64bit/Linux      

--- Using Option File
Reading parameter(s) from "/home/renigijus/gams/opt-mod-lib/gamslib/clad/convert.opt"
>>  gams clad-scalar.gms
Finished reading from "/home/renigijus/gams/opt-mod-lib/gamslib/clad/convert.opt"
--- Writing Gams      : clad-scalar.gms

--- Restarting execution
--- clad.gms(112) 2 Mb
--- Reading solution for model CensoredLADPowell84
--- clad.gms(158) 3 Mb
*** Status: Normal completion
--- Job clad.gms Stop 12/13/18 11:43:39 elapsed 0:00:00.054
