--- Job ajax.gms Start 12/13/18 10:24:40 24.7.4 r58773 LEX-LEG x86 64bit/Linux
GAMS 24.7.4   Copyright (C) 1987-2016 GAMS Development. All rights reserved
Licensee: Remigijus Paulavicius, Single User License     S170731:0859AO-LNX
          Imperial College London, Dept. of Chemical Engineering    DC13449
          License for teaching and research at degree granting institutions
          remigijus.paulavicius@imperial.ac.uk                             
--- Starting compilation
--- ajax.gms(79) 3 Mb
--- Starting execution: elapsed 0:00:00.001
--- ajax.gms(1) 4 Mb
--- Generating LP model ajax
--- ajax.gms(65) 4 Mb
---   8 rows  13 columns  37 non-zeroes
--- Executing CONVERT: elapsed 0:00:00.002

Convert 2.0      24.7.4 r58773 Released Sep 19, 2016 LEG x86 64bit/Linux      

--- Using Option File
Reading parameter(s) from "/home/renigijus/gams/opt-mod-lib/gamslib/ajax/convert.opt"
>>  ampl ajax-scalar.mod
Finished reading from "/home/renigijus/gams/opt-mod-lib/gamslib/ajax/convert.opt"
--- Writing Ampl      : ajax-scalar.mod

--- Restarting execution
--- ajax.gms(65) 2 Mb
--- Reading solution for model ajax
--- ajax.gms(78) 3 Mb
*** Status: Normal completion
--- Job ajax.gms Stop 12/13/18 10:24:40 elapsed 0:00:00.014
