--- Job knp.gms Start 12/13/18 11:24:26 24.7.4 r58773 LEX-LEG x86 64bit/Linux
GAMS 24.7.4   Copyright (C) 1987-2016 GAMS Development. All rights reserved
Licensee: Remigijus Paulavicius, Single User License     S170731:0859AO-LNX
          Imperial College London, Dept. of Chemical Engineering    DC13449
          License for teaching and research at degree granting institutions
          remigijus.paulavicius@imperial.ac.uk                             
--- Starting compilation
--- knp.gms(119) 3 Mb
--- Starting execution: elapsed 0:00:00.002
--- knp.gms(58) 4 Mb
--- Generating NLP model kissing
--- knp.gms(60) 6 Mb
---   300 rows  97 columns  2,580 non-zeroes
---   5,005 nl-code  2,304 nl-non-zeroes
--- knp.gms(60) 4 Mb
--- Executing CONVERT (Solvelink=1): elapsed 0:00:00.006

Convert 2.0      24.7.4 r58773 Released Sep 19, 2016 LEG x86 64bit/Linux      

--- Using Option File
Reading parameter(s) from "/home/renigijus/gams/opt-mod-lib/gamslib/knp/convert.opt"
>>  pyomo knp-scalar.py
Finished reading from "/home/renigijus/gams/opt-mod-lib/gamslib/knp/convert.opt"
--- Writing Pyomo     : knp-scalar.py

--- Reading solution for model kissing
--- knp.gms(109) 4 Mb
*** Status: Normal completion
--- Job knp.gms Stop 12/13/18 11:24:26 elapsed 0:00:00.017
