--- Job ps2_f_s.gms Start 12/13/18 11:30:38 24.7.4 r58773 LEX-LEG x86 64bit/Linux
GAMS 24.7.4   Copyright (C) 1987-2016 GAMS Development. All rights reserved
Licensee: Remigijus Paulavicius, Single User License     S170731:0859AO-LNX
          Imperial College London, Dept. of Chemical Engineering    DC13449
          License for teaching and research at degree granting institutions
          remigijus.paulavicius@imperial.ac.uk                             
--- Starting compilation
--- ps2_f_s.gms(55) 3 Mb
--- Starting execution: elapsed 0:00:00.002
--- ps2_f_s.gms(46) 4 Mb
--- Generating NLP model FB1
--- ps2_f_s.gms(50) 6 Mb
---   5 rows  7 columns  13 non-zeroes
---   12 nl-code  2 nl-non-zeroes
--- ps2_f_s.gms(50) 4 Mb
--- Executing CONVERT: elapsed 0:00:00.004

Convert 2.0      24.7.4 r58773 Released Sep 19, 2016 LEG x86 64bit/Linux      

--- Using Option File
Reading parameter(s) from "/home/renigijus/gams/opt-mod-lib/gamslib/ps2_f_s/convert.opt"
>>  gams ps2_f_s-scalar.gms
Finished reading from "/home/renigijus/gams/opt-mod-lib/gamslib/ps2_f_s/convert.opt"
--- Writing Gams      : ps2_f_s-scalar.gms

--- Restarting execution
--- ps2_f_s.gms(50) 2 Mb
--- Reading solution for model FB1
--- Generating NLP model SB1
--- ps2_f_s.gms(53) 5 Mb
---   7 rows  7 columns  21 non-zeroes
---   12 nl-code  2 nl-non-zeroes
--- ps2_f_s.gms(53) 3 Mb
--- Executing CONVERT: elapsed 0:00:00.016

Convert 2.0      24.7.4 r58773 Released Sep 19, 2016 LEG x86 64bit/Linux      

--- Using Option File
Reading parameter(s) from "/home/renigijus/gams/opt-mod-lib/gamslib/ps2_f_s/convert.opt"
>>  gams ps2_f_s-scalar.gms
Finished reading from "/home/renigijus/gams/opt-mod-lib/gamslib/ps2_f_s/convert.opt"
--- Writing Gams      : ps2_f_s-scalar.gms

--- Restarting execution
--- ps2_f_s.gms(53) 2 Mb
--- Reading solution for model SB1
*** Status: Normal completion
--- Job ps2_f_s.gms Stop 12/13/18 11:30:38 elapsed 0:00:00.030
