--- Job rocket.gms Start 12/13/18 11:22:33 24.7.4 r58773 LEX-LEG x86 64bit/Linux
GAMS 24.7.4   Copyright (C) 1987-2016 GAMS Development. All rights reserved
Licensee: Remigijus Paulavicius, Single User License     S170731:0859AO-LNX
          Imperial College London, Dept. of Chemical Engineering    DC13449
          License for teaching and research at degree granting institutions
          remigijus.paulavicius@imperial.ac.uk                             
--- Starting compilation
--- rocket.gms(109) 3 Mb
--- Starting execution: elapsed 0:00:00.002
--- rocket.gms(103) 4 Mb
--- Generating NLP model rocket
--- rocket.gms(109) 6 Mb
---   253 rows  308 columns  1,307 non-zeroes
---   2,769 nl-code  903 nl-non-zeroes
--- rocket.gms(109) 4 Mb
--- Executing CONVERT: elapsed 0:00:00.007

Convert 2.0      24.7.4 r58773 Released Sep 19, 2016 LEG x86 64bit/Linux      

--- Using Option File
Reading parameter(s) from "/home/renigijus/gams/opt-mod-lib/gamslib/rocket/convert.opt"
>>  ampl rocket-scalar.mod
Finished reading from "/home/renigijus/gams/opt-mod-lib/gamslib/rocket/convert.opt"
--- Writing Ampl      : rocket-scalar.mod

--- Restarting execution
--- rocket.gms(109) 2 Mb
--- Reading solution for model rocket
*** Status: Normal completion
--- Job rocket.gms Stop 12/13/18 11:22:33 elapsed 0:00:00.017
