--- Job hs62.gms Start 12/13/18 11:23:05 24.7.4 r58773 LEX-LEG x86 64bit/Linux
GAMS 24.7.4   Copyright (C) 1987-2016 GAMS Development. All rights reserved
Licensee: Remigijus Paulavicius, Single User License     S170731:0859AO-LNX
          Imperial College London, Dept. of Chemical Engineering    DC13449
          License for teaching and research at degree granting institutions
          remigijus.paulavicius@imperial.ac.uk                             
--- Starting compilation
--- hs62.gms(40) 2 Mb
--- Starting execution: elapsed 0:00:00.001
--- hs62.gms(3) 3 Mb
--- Generating NLP model m
--- hs62.gms(33) 5 Mb
---   2 rows  4 columns  7 non-zeroes
---   42 nl-code  6 nl-non-zeroes
--- hs62.gms(33) 3 Mb
--- Executing CONVERT: elapsed 0:00:00.004

Convert 2.0      24.7.4 r58773 Released Sep 19, 2016 LEG x86 64bit/Linux      

--- Using Option File
Reading parameter(s) from "/home/renigijus/gams/opt-mod-lib/gamslib/hs62/convert.opt"
>>  pyomo hs62-scalar.py
Finished reading from "/home/renigijus/gams/opt-mod-lib/gamslib/hs62/convert.opt"
--- Writing Pyomo     : hs62-scalar.py

--- Restarting execution
--- hs62.gms(33) 2 Mb
--- Reading solution for model m
--- hs62.gms(39) 2 Mb
*** Status: Normal completion
--- Job hs62.gms Stop 12/13/18 11:23:05 elapsed 0:00:00.015
