--- Job gastrans.gms Start 12/13/18 10:32:28 24.7.4 r58773 LEX-LEG x86 64bit/Linux
GAMS 24.7.4   Copyright (C) 1987-2016 GAMS Development. All rights reserved
Licensee: Remigijus Paulavicius, Single User License     S170731:0859AO-LNX
          Imperial College London, Dept. of Chemical Engineering    DC13449
          License for teaching and research at degree granting institutions
          remigijus.paulavicius@imperial.ac.uk                             
--- Starting compilation
--- gastrans.gms(161) 3 Mb
--- Starting execution: elapsed 0:00:00.002
--- gastrans.gms(142) 4 Mb
--- Generating NLP model gastrans
--- gastrans.gms(146) 6 Mb
---   45 rows  65 columns  146 non-zeroes
---   120 nl-code  24 nl-non-zeroes
--- gastrans.gms(146) 4 Mb
--- Executing CONVERT: elapsed 0:00:00.004

Convert 2.0      24.7.4 r58773 Released Sep 19, 2016 LEG x86 64bit/Linux      

--- Using Option File
Reading parameter(s) from "/home/renigijus/gams/opt-mod-lib/gamslib/gastrans/convert.opt"
>>  ampl gastrans-scalar.mod
Finished reading from "/home/renigijus/gams/opt-mod-lib/gamslib/gastrans/convert.opt"
--- Writing Ampl      : gastrans-scalar.mod

--- Restarting execution
--- gastrans.gms(146) 2 Mb
--- Reading solution for model gastrans
--- gastrans.gms(148) 3 Mb
*** Status: Normal completion
--- Job gastrans.gms Stop 12/13/18 10:32:28 elapsed 0:00:00.018
