--- Job chem.gms Start 12/13/18 10:24:31 24.7.4 r58773 LEX-LEG x86 64bit/Linux
GAMS 24.7.4   Copyright (C) 1987-2016 GAMS Development. All rights reserved
Licensee: Remigijus Paulavicius, Single User License     S170731:0859AO-LNX
          Imperial College London, Dept. of Chemical Engineering    DC13449
          License for teaching and research at degree granting institutions
          remigijus.paulavicius@imperial.ac.uk                             
--- Starting compilation
--- chem.gms(52) 3 Mb
--- Starting execution: elapsed 0:00:00.002
--- chem.gms(48) 4 Mb
--- Generating NLP model mixer
--- chem.gms(52) 6 Mb
---   5 rows  12 columns  37 non-zeroes
---   72 nl-code  11 nl-non-zeroes
--- chem.gms(52) 4 Mb
--- Executing CONVERT: elapsed 0:00:00.004

Convert 2.0      24.7.4 r58773 Released Sep 19, 2016 LEG x86 64bit/Linux      

--- Using Option File
Reading parameter(s) from "/home/renigijus/gams/opt-mod-lib/gamslib/chem/convert.opt"
>>  pyomo chem-scalar.py
Finished reading from "/home/renigijus/gams/opt-mod-lib/gamslib/chem/convert.opt"
--- Writing Pyomo     : chem-scalar.py

--- Restarting execution
--- chem.gms(52) 2 Mb
--- Reading solution for model mixer
*** Status: Normal completion
--- Job chem.gms Stop 12/13/18 10:24:31 elapsed 0:00:00.015
