--- Job carseq.gms Start 12/13/18 11:43:40 24.7.4 r58773 LEX-LEG x86 64bit/Linux
GAMS 24.7.4   Copyright (C) 1987-2016 GAMS Development. All rights reserved
Licensee: Remigijus Paulavicius, Single User License     S170731:0859AO-LNX
          Imperial College London, Dept. of Chemical Engineering    DC13449
          License for teaching and research at degree granting institutions
          remigijus.paulavicius@imperial.ac.uk                             
--- Starting compilation
--- carseq.gms(156) 3 Mb
--- Starting execution: elapsed 0:00:00.001
--- carseq.gms(109) 4 Mb
--- Generating MINLP model carseqLS
--- carseq.gms(112) 6 Mb
---   154 rows  198 columns  591 non-zeroes
---   848 nl-code  176 nl-non-zeroes
---   60 discrete-columns
--- carseq.gms(112) 4 Mb
--- Executing CONVERT: elapsed 0:00:00.004

Convert 2.0      24.7.4 r58773 Released Sep 19, 2016 LEG x86 64bit/Linux      

--- Using Option File
Reading parameter(s) from "/home/renigijus/gams/opt-mod-lib/gamslib/carseq/convert.opt"
>>  gams carseq-scalar.gms
Finished reading from "/home/renigijus/gams/opt-mod-lib/gamslib/carseq/convert.opt"
--- Writing Gams      : carseq-scalar.gms

--- Restarting execution
--- carseq.gms(112) 2 Mb
--- Reading solution for model carseqLS
--- carseq.gms(117) 3 Mb
*** Status: Normal completion
--- Job carseq.gms Stop 12/13/18 11:43:40 elapsed 0:00:00.019
