--- Job tanksize.gms Start 12/13/18 11:30:34 24.7.4 r58773 LEX-LEG x86 64bit/Linux
GAMS 24.7.4   Copyright (C) 1987-2016 GAMS Development. All rights reserved
Licensee: Remigijus Paulavicius, Single User License     S170731:0859AO-LNX
          Imperial College London, Dept. of Chemical Engineering    DC13449
          License for teaching and research at degree granting institutions
          remigijus.paulavicius@imperial.ac.uk                             
--- Starting compilation
--- tanksize.gms(56) 3 Mb
--- .assignpar.gms(4) 3 Mb
--- tanksize.gms(191) 3 Mb
--- Starting execution: elapsed 0:00:00.003
--- tanksize.gms(234) 4 Mb
--- Generating MINLP model Sequenz
--- tanksize.gms(235) 6 Mb
---   74 rows  47 columns  291 non-zeroes
---   227 nl-code  63 nl-non-zeroes
---   5 discrete-columns
--- tanksize.gms(235) 4 Mb
--- Executing CONVERT: elapsed 0:00:00.006

Convert 2.0      24.7.4 r58773 Released Sep 19, 2016 LEG x86 64bit/Linux      

--- Using Option File
Reading parameter(s) from "/home/renigijus/gams/opt-mod-lib/gamslib/tanksize/convert.opt"
>>  pyomo tanksize-scalar.py
Finished reading from "/home/renigijus/gams/opt-mod-lib/gamslib/tanksize/convert.opt"
--- Writing Pyomo     : tanksize-scalar.py

--- Restarting execution
--- tanksize.gms(235) 2 Mb
--- Reading solution for model Sequenz
*** Status: Normal completion
--- Job tanksize.gms Stop 12/13/18 11:30:34 elapsed 0:00:00.020
