--- Job qmeanvar.gms Start 12/13/18 11:23:27 24.7.4 r58773 LEX-LEG x86 64bit/Linux
GAMS 24.7.4   Copyright (C) 1987-2016 GAMS Development. All rights reserved
Licensee: Remigijus Paulavicius, Single User License     S170731:0859AO-LNX
          Imperial College London, Dept. of Chemical Engineering    DC13449
          License for teaching and research at degree granting institutions
          remigijus.paulavicius@imperial.ac.uk                             
--- Starting compilation
--- qmeanvar.gms(158) 3 Mb
--- Starting execution: elapsed 0:00:00.002
--- qmeanvar.gms(132) 4 Mb
--- Generating MIQCP model maxret
--- qmeanvar.gms(133) 6 Mb
---   45 rows  36 columns  111 non-zeroes
---   0 nl-code  0 nl-non-zeroes
---   14 discrete-columns
--- qmeanvar.gms(133) 4 Mb
--- Executing CONVERT: elapsed 0:00:00.005

Convert 2.0      24.7.4 r58773 Released Sep 19, 2016 LEG x86 64bit/Linux      

--- Using Option File
Reading parameter(s) from "/home/renigijus/gams/opt-mod-lib/gamslib/qmeanvar/convert.opt"
>>  gams qmeanvar-scalar.gms
Finished reading from "/home/renigijus/gams/opt-mod-lib/gamslib/qmeanvar/convert.opt"
--- Writing Gams      : qmeanvar-scalar.gms

--- Restarting execution
--- qmeanvar.gms(133) 2 Mb
--- Reading solution for model maxret
--- qmeanvar.gms(141) 3 Mb
--- Generating MIQCP model minvar
--- qmeanvar.gms(142) 5 Mb
---   46 rows  37 columns  119 non-zeroes
---   115 nl-code  7 nl-non-zeroes
---   14 discrete-columns
--- qmeanvar.gms(142) 3 Mb
--- Executing CONVERT: elapsed 0:00:00.020

Convert 2.0      24.7.4 r58773 Released Sep 19, 2016 LEG x86 64bit/Linux      

--- Using Option File
Reading parameter(s) from "/home/renigijus/gams/opt-mod-lib/gamslib/qmeanvar/convert.opt"
>>  gams qmeanvar-scalar.gms
Finished reading from "/home/renigijus/gams/opt-mod-lib/gamslib/qmeanvar/convert.opt"
--- Writing Gams      : qmeanvar-scalar.gms

--- Restarting execution
--- qmeanvar.gms(142) 2 Mb
--- Reading solution for model minvar
--- qmeanvar.gms(147) 3 Mb
--- Generating MIQCP model minvar
--- qmeanvar.gms(149) 5 Mb
--- LOOPS pp = p1
---   46 rows  37 columns  119 non-zeroes
---   115 nl-code  7 nl-non-zeroes
---   14 discrete-columns
--- qmeanvar.gms(149) 3 Mb
--- Executing CONVERT: elapsed 0:00:00.036

Convert 2.0      24.7.4 r58773 Released Sep 19, 2016 LEG x86 64bit/Linux      

--- Using Option File
Reading parameter(s) from "/home/renigijus/gams/opt-mod-lib/gamslib/qmeanvar/convert.opt"
>>  gams qmeanvar-scalar.gms
Finished reading from "/home/renigijus/gams/opt-mod-lib/gamslib/qmeanvar/convert.opt"
--- Writing Gams      : qmeanvar-scalar.gms

--- Restarting execution
--- qmeanvar.gms(149) 2 Mb
--- Reading solution for model minvar
--- qmeanvar.gms(147) 3 Mb
--- Generating MIQCP model minvar
--- qmeanvar.gms(149) 5 Mb
--- LOOPS pp = p2
---   46 rows  37 columns  119 non-zeroes
---   115 nl-code  7 nl-non-zeroes
---   14 discrete-columns
--- qmeanvar.gms(149) 3 Mb
--- Executing CONVERT: elapsed 0:00:00.054

Convert 2.0      24.7.4 r58773 Released Sep 19, 2016 LEG x86 64bit/Linux      

--- Using Option File
Reading parameter(s) from "/home/renigijus/gams/opt-mod-lib/gamslib/qmeanvar/convert.opt"
>>  gams qmeanvar-scalar.gms
Finished reading from "/home/renigijus/gams/opt-mod-lib/gamslib/qmeanvar/convert.opt"
--- Writing Gams      : qmeanvar-scalar.gms

--- Restarting execution
--- qmeanvar.gms(149) 2 Mb
--- Reading solution for model minvar
--- qmeanvar.gms(147) 3 Mb
--- Generating MIQCP model minvar
--- qmeanvar.gms(149) 5 Mb
--- LOOPS pp = p3
---   46 rows  37 columns  119 non-zeroes
---   115 nl-code  7 nl-non-zeroes
---   14 discrete-columns
--- qmeanvar.gms(149) 3 Mb
--- Executing CONVERT: elapsed 0:00:00.070

Convert 2.0      24.7.4 r58773 Released Sep 19, 2016 LEG x86 64bit/Linux      

--- Using Option File
Reading parameter(s) from "/home/renigijus/gams/opt-mod-lib/gamslib/qmeanvar/convert.opt"
>>  gams qmeanvar-scalar.gms
Finished reading from "/home/renigijus/gams/opt-mod-lib/gamslib/qmeanvar/convert.opt"
--- Writing Gams      : qmeanvar-scalar.gms

--- Restarting execution
--- qmeanvar.gms(149) 2 Mb
--- Reading solution for model minvar
--- qmeanvar.gms(147) 3 Mb
--- Generating MIQCP model minvar
--- qmeanvar.gms(149) 5 Mb
--- LOOPS pp = p4
---   46 rows  37 columns  119 non-zeroes
---   115 nl-code  7 nl-non-zeroes
---   14 discrete-columns
--- qmeanvar.gms(149) 3 Mb
--- Executing CONVERT: elapsed 0:00:00.083

Convert 2.0      24.7.4 r58773 Released Sep 19, 2016 LEG x86 64bit/Linux      

--- Using Option File
Reading parameter(s) from "/home/renigijus/gams/opt-mod-lib/gamslib/qmeanvar/convert.opt"
>>  gams qmeanvar-scalar.gms
Finished reading from "/home/renigijus/gams/opt-mod-lib/gamslib/qmeanvar/convert.opt"
--- Writing Gams      : qmeanvar-scalar.gms

--- Restarting execution
--- qmeanvar.gms(149) 2 Mb
--- Reading solution for model minvar
--- qmeanvar.gms(156) 3 Mb
*** Status: Normal completion
--- Job qmeanvar.gms Stop 12/13/18 11:23:27 elapsed 0:00:00.096
