--- Job stdcge.gms Start 12/13/18 11:23:23 24.7.4 r58773 LEX-LEG x86 64bit/Linux
GAMS 24.7.4   Copyright (C) 1987-2016 GAMS Development. All rights reserved
Licensee: Remigijus Paulavicius, Single User License     S170731:0859AO-LNX
          Imperial College London, Dept. of Chemical Engineering    DC13449
          License for teaching and research at degree granting institutions
          remigijus.paulavicius@imperial.ac.uk                             
--- Starting compilation
--- stdcge.gms(427) 3 Mb
--- Starting execution: elapsed 0:00:00.004
--- stdcge.gms(334) 4 Mb
--- Generating NLP model stdcge
--- stdcge.gms(338) 6 Mb
---   49 rows  49 columns  179 non-zeroes
---   309 nl-code  90 nl-non-zeroes
--- stdcge.gms(338) 4 Mb
--- Executing CONVERT: elapsed 0:00:00.009

Convert 2.0      24.7.4 r58773 Released Sep 19, 2016 LEG x86 64bit/Linux      

--- Using Option File
Reading parameter(s) from "/home/renigijus/gams/opt-mod-lib/gamslib/stdcge/convert.opt"
>>  pyomo stdcge-scalar.py
Finished reading from "/home/renigijus/gams/opt-mod-lib/gamslib/stdcge/convert.opt"
--- Writing Pyomo     : stdcge-scalar.py

--- Restarting execution
--- stdcge.gms(338) 2 Mb
--- Reading solution for model stdcge
--- stdcge.gms(342) 3 Mb
--- Generating NLP model stdcge
--- stdcge.gms(343) 5 Mb
---   49 rows  49 columns  175 non-zeroes
---   295 nl-code  86 nl-non-zeroes
--- stdcge.gms(343) 3 Mb
--- Executing CONVERT: elapsed 0:00:00.029

Convert 2.0      24.7.4 r58773 Released Sep 19, 2016 LEG x86 64bit/Linux      

--- Using Option File
Reading parameter(s) from "/home/renigijus/gams/opt-mod-lib/gamslib/stdcge/convert.opt"
>>  pyomo stdcge-scalar.py
Finished reading from "/home/renigijus/gams/opt-mod-lib/gamslib/stdcge/convert.opt"
--- Writing Pyomo     : stdcge-scalar.py

--- Restarting execution
--- stdcge.gms(343) 2 Mb
--- Reading solution for model stdcge
--- stdcge.gms(422) 3 Mb
--- Putfile listA1out /home/renigijus/gams/opt-mod-lib/gamslib/stdcge/listA1.csv
*** Status: Normal completion
--- Job stdcge.gms Stop 12/13/18 11:23:23 elapsed 0:00:00.041
