--- Job emfl.gms Start 12/13/18 11:23:23 24.7.4 r58773 LEX-LEG x86 64bit/Linux
GAMS 24.7.4   Copyright (C) 1987-2016 GAMS Development. All rights reserved
Licensee: Remigijus Paulavicius, Single User License     S170731:0859AO-LNX
          Imperial College London, Dept. of Chemical Engineering    DC13449
          License for teaching and research at degree granting institutions
          remigijus.paulavicius@imperial.ac.uk                             
--- Starting compilation
--- emfl.gms(119) 3 Mb
--- Starting execution: elapsed 0:00:00.002
--- emfl.gms(104) 4 Mb
--- Generating QCP model facility
--- emfl.gms(116) 11 Mb
---   16,876 rows  16,926 columns  41,472 non-zeroes
---   56,251 nl-code  16,875 nl-non-zeroes
--- emfl.gms(116) 9 Mb
--- Executing CONVERT: elapsed 0:00:00.040

Convert 2.0      24.7.4 r58773 Released Sep 19, 2016 LEG x86 64bit/Linux      

--- Using Option File
Reading parameter(s) from "/home/renigijus/gams/opt-mod-lib/gamslib/emfl/convert.opt"
>>  pyomo emfl-scalar.py
Finished reading from "/home/renigijus/gams/opt-mod-lib/gamslib/emfl/convert.opt"
--- Writing Pyomo     : emfl-scalar.py

--- Restarting execution
--- emfl.gms(116) 3 Mb
--- Reading solution for model facility
--- emfl.gms(118) 4 Mb
*** Status: Normal completion
--- Job emfl.gms Stop 12/13/18 11:23:23 elapsed 0:00:00.115
