--- Job cross.gms Start 12/13/18 10:32:17 24.7.4 r58773 LEX-LEG x86 64bit/Linux
GAMS 24.7.4   Copyright (C) 1987-2016 GAMS Development. All rights reserved
Licensee: Remigijus Paulavicius, Single User License     S170731:0859AO-LNX
          Imperial College London, Dept. of Chemical Engineering    DC13449
          License for teaching and research at degree granting institutions
          remigijus.paulavicius@imperial.ac.uk                             
--- Starting compilation
--- cross.gms(61) 3 Mb
--- Starting execution: elapsed 0:00:00.001
--- cross.gms(58) 4 Mb
--- Generating MIP model river
--- cross.gms(59) 4 Mb
---   87 rows  68 columns  239 non-zeroes
---   27 discrete-columns
--- Executing CONVERT: elapsed 0:00:00.004

Convert 2.0      24.7.4 r58773 Released Sep 19, 2016 LEG x86 64bit/Linux      

--- Using Option File
Reading parameter(s) from "/home/renigijus/gams/opt-mod-lib/gamslib/cross/convert.opt"
>>  ampl cross-scalar.mod
Finished reading from "/home/renigijus/gams/opt-mod-lib/gamslib/cross/convert.opt"
--- Writing Ampl      : cross-scalar.mod

--- Restarting execution
--- cross.gms(59) 2 Mb
--- Reading solution for model river
--- cross.gms(61) 3 Mb
*** Status: Normal completion
--- Job cross.gms Stop 12/13/18 10:32:17 elapsed 0:00:00.018
