--- Job latin.gms Start 12/13/18 10:30:51 24.7.4 r58773 LEX-LEG x86 64bit/Linux
GAMS 24.7.4   Copyright (C) 1987-2016 GAMS Development. All rights reserved
Licensee: Remigijus Paulavicius, Single User License     S170731:0859AO-LNX
          Imperial College London, Dept. of Chemical Engineering    DC13449
          License for teaching and research at degree granting institutions
          remigijus.paulavicius@imperial.ac.uk                             
--- Starting compilation
--- latin.gms(133) 3 Mb
--- Starting execution: elapsed 0:00:00.002
--- latin.gms(125) 4 Mb
--- Generating MIP model newlatin
--- latin.gms(127) 4 Mb
---   161 rows  129 columns  641 non-zeroes
---   127 discrete-columns
--- Executing CONVERT: elapsed 0:00:00.004

Convert 2.0      24.7.4 r58773 Released Sep 19, 2016 LEG x86 64bit/Linux      

--- Using Option File
Reading parameter(s) from "/home/renigijus/gams/opt-mod-lib/gamslib/latin/convert.opt"
>>  pyomo latin-scalar.py
Finished reading from "/home/renigijus/gams/opt-mod-lib/gamslib/latin/convert.opt"
--- Writing Pyomo     : latin-scalar.py

--- Restarting execution
--- latin.gms(127) 2 Mb
--- Reading solution for model newlatin
--- latin.gms(133) 3 Mb
*** Status: Normal completion
--- Job latin.gms Stop 12/13/18 10:30:51 elapsed 0:00:00.019
