--- Job gasnet.gms Start 12/13/18 10:32:29 24.7.4 r58773 LEX-LEG x86 64bit/Linux
GAMS 24.7.4   Copyright (C) 1987-2016 GAMS Development. All rights reserved
Licensee: Remigijus Paulavicius, Single User License     S170731:0859AO-LNX
          Imperial College London, Dept. of Chemical Engineering    DC13449
          License for teaching and research at degree granting institutions
          remigijus.paulavicius@imperial.ac.uk                             
--- Starting compilation
--- gasnet.gms(146) 3 Mb
--- Starting execution: elapsed 0:00:00.002
--- gasnet.gms(130) 4 Mb
--- Generating MINLP model gasnet
--- gasnet.gms(132) 6 Mb
---   70 rows  91 columns  267 non-zeroes
---   446 nl-code  130 nl-non-zeroes
---   10 discrete-columns
--- gasnet.gms(132) 4 Mb
--- Executing CONVERT: elapsed 0:00:00.006

Convert 2.0      24.7.4 r58773 Released Sep 19, 2016 LEG x86 64bit/Linux      

--- Using Option File
Reading parameter(s) from "/home/renigijus/gams/opt-mod-lib/gamslib/gasnet/convert.opt"
>>  gams gasnet-scalar.gms
Finished reading from "/home/renigijus/gams/opt-mod-lib/gamslib/gasnet/convert.opt"
--- Writing Gams      : gasnet-scalar.gms

--- Restarting execution
--- gasnet.gms(132) 2 Mb
--- Reading solution for model gasnet
--- gasnet.gms(146) 3 Mb
*** Status: Normal completion
--- Job gasnet.gms Stop 12/13/18 10:32:29 elapsed 0:00:00.022
