--- Job westmip.gms Start 12/13/18 10:24:39 24.7.4 r58773 LEX-LEG x86 64bit/Linux
GAMS 24.7.4   Copyright (C) 1987-2016 GAMS Development. All rights reserved
Licensee: Remigijus Paulavicius, Single User License     S170731:0859AO-LNX
          Imperial College London, Dept. of Chemical Engineering    DC13449
          License for teaching and research at degree granting institutions
          remigijus.paulavicius@imperial.ac.uk                             
--- Starting compilation
--- westmip.gms(208) 3 Mb
--- Starting execution: elapsed 0:00:00.002
--- westmip.gms(101) 4 Mb
--- Generating CNS model one
--- westmip.gms(110) 6 Mb
---   4 rows  4 columns  10 non-zeroes
---   0 nl-code  0 nl-non-zeroes
--- westmip.gms(110) 4 Mb
--- Executing CONOPT: elapsed 0:00:00.003
CONOPT 3         24.7.4 r58773 Released Sep 19, 2016 LEG x86 64bit/Linux      
*** Error Cannot open parameter file "/home/renigijus/gams/opt-mod-lib/gamslib/westmip/conopt.opt"
*** Error Error code = 2; No such file or directory
 
 
    C O N O P T 3   version 3.17A
    Copyright (C)   ARKI Consulting and Development A/S
                    Bagsvaerdvej 246 A
                    DK-2880 Bagsvaerd, Denmark
 
 
   Iter Phase Ninf   Infeasibility   RGmax    NSB   Step InItr MX OK
      0   0        1.0000000000E+00 (Input point)
 
                   Pre-triangular equations:   4
                   Post-triangular equations:  0
 
      1   0        0.0000000000E+00 (After pre-processing)
      2   0        0.0000000000E+00 (After scaling)
      2            0.0000000000E+00
 
 ** Feasible solution to a square system.
 
--- Restarting execution
--- westmip.gms(110) 2 Mb
--- Reading solution for model one
--- westmip.gms(196) 3 Mb
--- Generating MIP model westmip
--- westmip.gms(198) 3 Mb
---   234 rows  275 columns  963 non-zeroes
---   20 discrete-columns
--- Executing CONVERT: elapsed 0:00:00.027

Convert 2.0      24.7.4 r58773 Released Sep 19, 2016 LEG x86 64bit/Linux      

--- Using Option File
Reading parameter(s) from "/home/renigijus/gams/opt-mod-lib/gamslib/westmip/convert.opt"
>>  pyomo westmip-scalar.py
Finished reading from "/home/renigijus/gams/opt-mod-lib/gamslib/westmip/convert.opt"
--- Writing Pyomo     : westmip-scalar.py

--- Restarting execution
--- westmip.gms(198) 2 Mb
--- Reading solution for model westmip
--- westmip.gms(207) 3 Mb
*** Status: Normal completion
--- Job westmip.gms Stop 12/13/18 10:24:39 elapsed 0:00:00.040
