--- Job least.gms Start 12/13/18 10:24:33 24.7.4 r58773 LEX-LEG x86 64bit/Linux
GAMS 24.7.4   Copyright (C) 1987-2016 GAMS Development. All rights reserved
Licensee: Remigijus Paulavicius, Single User License     S170731:0859AO-LNX
          Imperial College London, Dept. of Chemical Engineering    DC13449
          License for teaching and research at degree granting institutions
          remigijus.paulavicius@imperial.ac.uk                             
--- Starting compilation
--- least.gms(52) 3 Mb
--- Starting execution: elapsed 0:00:00.001
--- least.gms(46) 4 Mb
--- Generating NLP model single
--- least.gms(48) 6 Mb
---   1 rows  4 columns  4 non-zeroes
---   55 nl-code  3 nl-non-zeroes
--- least.gms(48) 4 Mb
--- Executing CONVERT: elapsed 0:00:00.004

Convert 2.0      24.7.4 r58773 Released Sep 19, 2016 LEG x86 64bit/Linux      

--- Using Option File
Reading parameter(s) from "/home/renigijus/gams/opt-mod-lib/gamslib/least/convert.opt"
>>  pyomo least-scalar.py
Finished reading from "/home/renigijus/gams/opt-mod-lib/gamslib/least/convert.opt"
--- Writing Pyomo     : least-scalar.py

--- Restarting execution
--- least.gms(48) 2 Mb
--- Reading solution for model single
--- Generating NLP model least
--- least.gms(50) 5 Mb
---   7 rows  10 columns  31 non-zeroes
---   61 nl-code  18 nl-non-zeroes
--- least.gms(50) 3 Mb
--- Executing CONVERT: elapsed 0:00:00.018

Convert 2.0      24.7.4 r58773 Released Sep 19, 2016 LEG x86 64bit/Linux      

--- Using Option File
Reading parameter(s) from "/home/renigijus/gams/opt-mod-lib/gamslib/least/convert.opt"
>>  pyomo least-scalar.py
Finished reading from "/home/renigijus/gams/opt-mod-lib/gamslib/least/convert.opt"
--- Writing Pyomo     : least-scalar.py

--- Restarting execution
--- least.gms(50) 2 Mb
--- Reading solution for model least
*** Status: Normal completion
--- Job least.gms Stop 12/13/18 10:24:33 elapsed 0:00:00.032
