--- Job lands.gms Start 12/13/18 10:32:16 24.7.4 r58773 LEX-LEG x86 64bit/Linux
GAMS 24.7.4   Copyright (C) 1987-2016 GAMS Development. All rights reserved
Licensee: Remigijus Paulavicius, Single User License     S170731:0859AO-LNX
          Imperial College London, Dept. of Chemical Engineering    DC13449
          License for teaching and research at degree granting institutions
          remigijus.paulavicius@imperial.ac.uk                             
--- Starting compilation
--- lands.gms(105) 3 Mb
--- Starting execution: elapsed 0:00:00.002
--- lands.gms(70) 4 Mb
--- Generating LP model det
--- lands.gms(72) 4 Mb
--- LOOPS s = s-1
---   10 rows  17 columns  53 non-zeroes
--- Executing CONVERT: elapsed 0:00:00.004

Convert 2.0      24.7.4 r58773 Released Sep 19, 2016 LEG x86 64bit/Linux      

--- Using Option File
Reading parameter(s) from "/home/renigijus/gams/opt-mod-lib/gamslib/lands/convert.opt"
>>  gams lands-scalar.gms
Finished reading from "/home/renigijus/gams/opt-mod-lib/gamslib/lands/convert.opt"
--- Writing Gams      : lands-scalar.gms

--- Restarting execution
--- lands.gms(72) 2 Mb
--- Reading solution for model det
--- lands.gms(70) 3 Mb
--- Generating LP model det
--- lands.gms(72) 3 Mb
--- LOOPS s = s-2
---   10 rows  17 columns  53 non-zeroes
--- Executing CONVERT: elapsed 0:00:00.021

Convert 2.0      24.7.4 r58773 Released Sep 19, 2016 LEG x86 64bit/Linux      

--- Using Option File
Reading parameter(s) from "/home/renigijus/gams/opt-mod-lib/gamslib/lands/convert.opt"
>>  gams lands-scalar.gms
Finished reading from "/home/renigijus/gams/opt-mod-lib/gamslib/lands/convert.opt"
--- Writing Gams      : lands-scalar.gms

--- Restarting execution
--- lands.gms(72) 2 Mb
--- Reading solution for model det
--- lands.gms(70) 3 Mb
--- Generating LP model det
--- lands.gms(72) 3 Mb
--- LOOPS s = s-3
---   10 rows  17 columns  53 non-zeroes
--- Executing CONVERT: elapsed 0:00:00.039

Convert 2.0      24.7.4 r58773 Released Sep 19, 2016 LEG x86 64bit/Linux      

--- Using Option File
Reading parameter(s) from "/home/renigijus/gams/opt-mod-lib/gamslib/lands/convert.opt"
>>  gams lands-scalar.gms
Finished reading from "/home/renigijus/gams/opt-mod-lib/gamslib/lands/convert.opt"
--- Writing Gams      : lands-scalar.gms

--- Restarting execution
--- lands.gms(72) 2 Mb
--- Reading solution for model det
--- lands.gms(98) 3 Mb
--- Generating LP model stoc
--- lands.gms(100) 3 Mb
---   24 rows  41 columns  133 non-zeroes
--- Executing CONVERT: elapsed 0:00:00.052

Convert 2.0      24.7.4 r58773 Released Sep 19, 2016 LEG x86 64bit/Linux      

--- Using Option File
Reading parameter(s) from "/home/renigijus/gams/opt-mod-lib/gamslib/lands/convert.opt"
>>  gams lands-scalar.gms
Finished reading from "/home/renigijus/gams/opt-mod-lib/gamslib/lands/convert.opt"
--- Writing Gams      : lands-scalar.gms

--- Restarting execution
--- lands.gms(100) 2 Mb
--- Reading solution for model stoc
--- lands.gms(104) 3 Mb
*** Status: Normal completion
--- Job lands.gms Stop 12/13/18 10:32:16 elapsed 0:00:00.061
