--- Job lands.gms Start 12/13/18 10:32:16 24.7.4 r58773 LEX-LEG x86 64bit/Linux
GAMS 24.7.4   Copyright (C) 1987-2016 GAMS Development. All rights reserved
Licensee: Remigijus Paulavicius, Single User License     S170731:0859AO-LNX
          Imperial College London, Dept. of Chemical Engineering    DC13449
          License for teaching and research at degree granting institutions
          remigijus.paulavicius@imperial.ac.uk                             
--- Starting compilation
--- lands.gms(106) 3 Mb
--- Starting execution: elapsed 0:00:00.001
--- lands.gms(71) 4 Mb
--- Generating LP model det
--- lands.gms(73) 4 Mb
--- LOOPS s = s-1
---   10 rows  17 columns  53 non-zeroes
--- Executing CONVERT: elapsed 0:00:00.004

Convert 2.0      24.7.4 r58773 Released Sep 19, 2016 LEG x86 64bit/Linux      

--- Using Option File
Reading parameter(s) from "/home/renigijus/gams/opt-mod-lib/gamslib/lands/convert.opt"
>>  pyomo lands-scalar.py
Finished reading from "/home/renigijus/gams/opt-mod-lib/gamslib/lands/convert.opt"
--- Writing Pyomo     : lands-scalar.py

--- Restarting execution
--- lands.gms(73) 2 Mb
--- Reading solution for model det
--- lands.gms(71) 3 Mb
--- Generating LP model det
--- lands.gms(73) 3 Mb
--- LOOPS s = s-2
---   10 rows  17 columns  53 non-zeroes
--- Executing CONVERT: elapsed 0:00:00.019

Convert 2.0      24.7.4 r58773 Released Sep 19, 2016 LEG x86 64bit/Linux      

--- Using Option File
Reading parameter(s) from "/home/renigijus/gams/opt-mod-lib/gamslib/lands/convert.opt"
>>  pyomo lands-scalar.py
Finished reading from "/home/renigijus/gams/opt-mod-lib/gamslib/lands/convert.opt"
--- Writing Pyomo     : lands-scalar.py

--- Restarting execution
--- lands.gms(73) 2 Mb
--- Reading solution for model det
--- lands.gms(71) 3 Mb
--- Generating LP model det
--- lands.gms(73) 3 Mb
--- LOOPS s = s-3
---   10 rows  17 columns  53 non-zeroes
--- Executing CONVERT: elapsed 0:00:00.029

Convert 2.0      24.7.4 r58773 Released Sep 19, 2016 LEG x86 64bit/Linux      

--- Using Option File
Reading parameter(s) from "/home/renigijus/gams/opt-mod-lib/gamslib/lands/convert.opt"
>>  pyomo lands-scalar.py
Finished reading from "/home/renigijus/gams/opt-mod-lib/gamslib/lands/convert.opt"
--- Writing Pyomo     : lands-scalar.py

--- Restarting execution
--- lands.gms(73) 2 Mb
--- Reading solution for model det
--- lands.gms(99) 3 Mb
--- Generating LP model stoc
--- lands.gms(101) 3 Mb
---   24 rows  41 columns  133 non-zeroes
--- Executing CONVERT: elapsed 0:00:00.039

Convert 2.0      24.7.4 r58773 Released Sep 19, 2016 LEG x86 64bit/Linux      

--- Using Option File
Reading parameter(s) from "/home/renigijus/gams/opt-mod-lib/gamslib/lands/convert.opt"
>>  pyomo lands-scalar.py
Finished reading from "/home/renigijus/gams/opt-mod-lib/gamslib/lands/convert.opt"
--- Writing Pyomo     : lands-scalar.py

--- Restarting execution
--- lands.gms(101) 2 Mb
--- Reading solution for model stoc
--- lands.gms(105) 3 Mb
*** Status: Normal completion
--- Job lands.gms Stop 12/13/18 10:32:16 elapsed 0:00:00.048
