--- Job circpack.gms Start 12/13/18 11:43:40 24.7.4 r58773 LEX-LEG x86 64bit/Linux
GAMS 24.7.4   Copyright (C) 1987-2016 GAMS Development. All rights reserved
Licensee: Remigijus Paulavicius, Single User License     S170731:0859AO-LNX
          Imperial College London, Dept. of Chemical Engineering    DC13449
          License for teaching and research at degree granting institutions
          remigijus.paulavicius@imperial.ac.uk                             
--- Starting compilation
--- circpack.gms(98) 3 Mb
--- Starting execution: elapsed 0:00:00.002
--- circpack.gms(75) 4 Mb
--- Generating NLP model Circpack
--- circpack.gms(76) 6 Mb
---   29 rows  16 columns  89 non-zeroes
---   140 nl-code  62 nl-non-zeroes
--- circpack.gms(76) 4 Mb
--- Executing CONVERT: elapsed 0:00:00.004

Convert 2.0      24.7.4 r58773 Released Sep 19, 2016 LEG x86 64bit/Linux      

--- Using Option File
Reading parameter(s) from "/home/renigijus/gams/opt-mod-lib/gamslib/circpack/convert.opt"
>>  gams circpack-scalar.gms
Finished reading from "/home/renigijus/gams/opt-mod-lib/gamslib/circpack/convert.opt"
--- Writing Gams      : circpack-scalar.gms

--- Restarting execution
--- circpack.gms(76) 2 Mb
--- Reading solution for model Circpack
--- circpack.gms(78) 3 Mb
*** Status: Normal completion
--- Job circpack.gms Stop 12/13/18 11:43:40 elapsed 0:00:00.015
