--- Job ps3_s_gic.gms Start 12/13/18 11:30:39 24.7.4 r58773 LEX-LEG x86 64bit/Linux
GAMS 24.7.4   Copyright (C) 1987-2016 GAMS Development. All rights reserved
Licensee: Remigijus Paulavicius, Single User License     S170731:0859AO-LNX
          Imperial College London, Dept. of Chemical Engineering    DC13449
          License for teaching and research at degree granting institutions
          remigijus.paulavicius@imperial.ac.uk                             
--- Starting compilation
--- ps3_s_gic.gms(55) 3 Mb
--- Starting execution: elapsed 0:00:00.001
--- ps3_s_gic.gms(49) 4 Mb
--- Generating NLP model SB_gic
--- ps3_s_gic.gms(53) 6 Mb
---   13 rows  10 columns  43 non-zeroes
---   18 nl-code  3 nl-non-zeroes
--- ps3_s_gic.gms(53) 4 Mb
--- Executing CONVERT: elapsed 0:00:00.003

Convert 2.0      24.7.4 r58773 Released Sep 19, 2016 LEG x86 64bit/Linux      

--- Using Option File
Reading parameter(s) from "/home/renigijus/gams/opt-mod-lib/gamslib/ps3_s_gic/convert.opt"
>>  pyomo ps3_s_gic-scalar.py
Finished reading from "/home/renigijus/gams/opt-mod-lib/gamslib/ps3_s_gic/convert.opt"
--- Writing Pyomo     : ps3_s_gic-scalar.py

--- Restarting execution
--- ps3_s_gic.gms(53) 2 Mb
--- Reading solution for model SB_gic
*** Status: Normal completion
--- Job ps3_s_gic.gms Stop 12/13/18 11:30:39 elapsed 0:00:00.014
