--- Job phosdis.gms Start 12/13/18 10:24:43 24.7.4 r58773 LEX-LEG x86 64bit/Linux
GAMS 24.7.4   Copyright (C) 1987-2016 GAMS Development. All rights reserved
Licensee: Remigijus Paulavicius, Single User License     S170731:0859AO-LNX
          Imperial College London, Dept. of Chemical Engineering    DC13449
          License for teaching and research at degree granting institutions
          remigijus.paulavicius@imperial.ac.uk                             
--- Starting compilation
--- phosdis.gms(642) 3 Mb
--- Starting execution: elapsed 0:00:00.004
--- phosdis.gms(608) 4 Mb
--- Generating LP model route
--- phosdis.gms(609) 4 Mb
---   305 rows  2,977 columns  8,899 non-zeroes
--- Executing CONVERT: elapsed 0:00:00.020

Convert 2.0      24.7.4 r58773 Released Sep 19, 2016 LEG x86 64bit/Linux      

--- Using Option File
Reading parameter(s) from "/home/renigijus/gams/opt-mod-lib/gamslib/phosdis/convert.opt"
>>  pyomo phosdis-scalar.py
Finished reading from "/home/renigijus/gams/opt-mod-lib/gamslib/phosdis/convert.opt"
--- Writing Pyomo     : phosdis-scalar.py

--- Restarting execution
--- phosdis.gms(609) 2 Mb
--- Reading solution for model route
***
*** Reading with solveopt=REPLACE (0)
***
--- phosdis.gms(611) 3 Mb
--- Generating LP model route
--- phosdis.gms(612) 3 Mb
---   305 rows  2,977 columns  8,879 non-zeroes
--- Executing CONVERT: elapsed 0:00:00.045

Convert 2.0      24.7.4 r58773 Released Sep 19, 2016 LEG x86 64bit/Linux      

--- Using Option File
Reading parameter(s) from "/home/renigijus/gams/opt-mod-lib/gamslib/phosdis/convert.opt"
>>  pyomo phosdis-scalar.py
Finished reading from "/home/renigijus/gams/opt-mod-lib/gamslib/phosdis/convert.opt"
--- Writing Pyomo     : phosdis-scalar.py

--- Restarting execution
--- phosdis.gms(612) 2 Mb
--- Reading solution for model route
***
*** Reading with solveopt=REPLACE (0)
***
--- phosdis.gms(614) 3 Mb
--- Generating LP model route
--- phosdis.gms(615) 3 Mb
---   305 rows  2,977 columns  8,813 non-zeroes
--- Executing CONVERT: elapsed 0:00:00.069

Convert 2.0      24.7.4 r58773 Released Sep 19, 2016 LEG x86 64bit/Linux      

--- Using Option File
Reading parameter(s) from "/home/renigijus/gams/opt-mod-lib/gamslib/phosdis/convert.opt"
>>  pyomo phosdis-scalar.py
Finished reading from "/home/renigijus/gams/opt-mod-lib/gamslib/phosdis/convert.opt"
--- Writing Pyomo     : phosdis-scalar.py

--- Restarting execution
--- phosdis.gms(615) 2 Mb
--- Reading solution for model route
***
*** Reading with solveopt=REPLACE (0)
***
--- phosdis.gms(617) 3 Mb
--- Generating LP model route
--- phosdis.gms(618) 3 Mb
---   305 rows  2,977 columns  8,859 non-zeroes
--- Executing CONVERT: elapsed 0:00:00.100

Convert 2.0      24.7.4 r58773 Released Sep 19, 2016 LEG x86 64bit/Linux      

--- Using Option File
Reading parameter(s) from "/home/renigijus/gams/opt-mod-lib/gamslib/phosdis/convert.opt"
>>  pyomo phosdis-scalar.py
Finished reading from "/home/renigijus/gams/opt-mod-lib/gamslib/phosdis/convert.opt"
--- Writing Pyomo     : phosdis-scalar.py

--- Restarting execution
--- phosdis.gms(618) 2 Mb
--- Reading solution for model route
***
*** Reading with solveopt=REPLACE (0)
***
--- phosdis.gms(620) 3 Mb
--- Generating LP model route
--- phosdis.gms(621) 3 Mb
---   305 rows  2,977 columns  8,867 non-zeroes
--- Executing CONVERT: elapsed 0:00:00.131

Convert 2.0      24.7.4 r58773 Released Sep 19, 2016 LEG x86 64bit/Linux      

--- Using Option File
Reading parameter(s) from "/home/renigijus/gams/opt-mod-lib/gamslib/phosdis/convert.opt"
>>  pyomo phosdis-scalar.py
Finished reading from "/home/renigijus/gams/opt-mod-lib/gamslib/phosdis/convert.opt"
--- Writing Pyomo     : phosdis-scalar.py

--- Restarting execution
--- phosdis.gms(621) 2 Mb
--- Reading solution for model route
***
*** Reading with solveopt=REPLACE (0)
***
--- phosdis.gms(623) 3 Mb
--- Generating LP model route
--- phosdis.gms(624) 3 Mb
---   305 rows  2,977 columns  8,873 non-zeroes
--- Executing CONVERT: elapsed 0:00:00.169

Convert 2.0      24.7.4 r58773 Released Sep 19, 2016 LEG x86 64bit/Linux      

--- Using Option File
Reading parameter(s) from "/home/renigijus/gams/opt-mod-lib/gamslib/phosdis/convert.opt"
>>  pyomo phosdis-scalar.py
Finished reading from "/home/renigijus/gams/opt-mod-lib/gamslib/phosdis/convert.opt"
--- Writing Pyomo     : phosdis-scalar.py

--- Restarting execution
--- phosdis.gms(624) 2 Mb
--- Reading solution for model route
***
*** Reading with solveopt=REPLACE (0)
***
--- phosdis.gms(626) 3 Mb
--- Generating LP model route
--- phosdis.gms(627) 3 Mb
---   153 rows  1,489 columns  4,427 non-zeroes
--- Executing CONVERT: elapsed 0:00:00.201

Convert 2.0      24.7.4 r58773 Released Sep 19, 2016 LEG x86 64bit/Linux      

--- Using Option File
Reading parameter(s) from "/home/renigijus/gams/opt-mod-lib/gamslib/phosdis/convert.opt"
>>  pyomo phosdis-scalar.py
Finished reading from "/home/renigijus/gams/opt-mod-lib/gamslib/phosdis/convert.opt"
--- Writing Pyomo     : phosdis-scalar.py

--- Restarting execution
--- phosdis.gms(627) 2 Mb
--- Reading solution for model route
***
*** Reading with solveopt=REPLACE (0)
***
--- phosdis.gms(641) 3 Mb
*** Status: Normal completion
--- Job phosdis.gms Stop 12/13/18 10:24:43 elapsed 0:00:00.219
