--- Job water.gms Start 12/13/18 10:24:42 24.7.4 r58773 LEX-LEG x86 64bit/Linux
GAMS 24.7.4   Copyright (C) 1987-2016 GAMS Development. All rights reserved
Licensee: Remigijus Paulavicius, Single User License     S170731:0859AO-LNX
          Imperial College London, Dept. of Chemical Engineering    DC13449
          License for teaching and research at degree granting institutions
          remigijus.paulavicius@imperial.ac.uk                             
--- Starting compilation
--- water.gms(117) 3 Mb
--- Starting execution: elapsed 0:00:00.001
--- water.gms(112) 4 Mb
--- Generating DNLP model network
--- water.gms(115) 6 Mb
---   26 rows  42 columns  113 non-zeroes
---   228 nl-code  46 nl-non-zeroes
--- water.gms(115) 4 Mb
--- Executing CONVERT: elapsed 0:00:00.003

Convert 2.0      24.7.4 r58773 Released Sep 19, 2016 LEG x86 64bit/Linux      

--- Using Option File
Reading parameter(s) from "/home/renigijus/gams/opt-mod-lib/gamslib/water/convert.opt"
>>  pyomo water-scalar.py
Finished reading from "/home/renigijus/gams/opt-mod-lib/gamslib/water/convert.opt"
--- Writing Pyomo     : water-scalar.py

--- Restarting execution
--- water.gms(115) 2 Mb
--- Reading solution for model network
--- water.gms(116) 3 Mb
*** Status: Normal completion
--- Job water.gms Stop 12/13/18 10:24:42 elapsed 0:00:00.010
