--- Job china.gms Start 12/13/18 10:24:39 24.7.4 r58773 LEX-LEG x86 64bit/Linux
GAMS 24.7.4   Copyright (C) 1987-2016 GAMS Development. All rights reserved
Licensee: Remigijus Paulavicius, Single User License     S170731:0859AO-LNX
          Imperial College London, Dept. of Chemical Engineering    DC13449
          License for teaching and research at degree granting institutions
          remigijus.paulavicius@imperial.ac.uk                             
--- Starting compilation
--- china.gms(418) 3 Mb
--- Starting execution: elapsed 0:00:00.005
--- china.gms(405) 4 Mb
--- Generating LP model china
--- china.gms(407) 4 Mb
---   52 rows  67 columns  602 non-zeroes
--- Executing CONVERT: elapsed 0:00:00.009

Convert 2.0      24.7.4 r58773 Released Sep 19, 2016 LEG x86 64bit/Linux      

--- Using Option File
Reading parameter(s) from "/home/renigijus/gams/opt-mod-lib/gamslib/china/convert.opt"
>>  pyomo china-scalar.py
Finished reading from "/home/renigijus/gams/opt-mod-lib/gamslib/china/convert.opt"
--- Writing Pyomo     : china-scalar.py

--- Restarting execution
--- china.gms(407) 2 Mb
--- Reading solution for model china
--- china.gms(418) 3 Mb
*** Status: Normal completion
--- Job china.gms Stop 12/13/18 10:24:39 elapsed 0:00:00.023
