--- Job robert.gms Start 12/13/18 10:24:35 24.7.4 r58773 LEX-LEG x86 64bit/Linux
GAMS 24.7.4   Copyright (C) 1987-2016 GAMS Development. All rights reserved
Licensee: Remigijus Paulavicius, Single User License     S170731:0859AO-LNX
          Imperial College London, Dept. of Chemical Engineering    DC13449
          License for teaching and research at degree granting institutions
          remigijus.paulavicius@imperial.ac.uk                             
--- Starting compilation
--- robert.gms(69) 3 Mb
--- Starting execution: elapsed 0:00:00.001
--- robert.gms(65) 4 Mb
--- Generating LP model robert
--- robert.gms(69) 4 Mb
---   10 rows  18 columns  57 non-zeroes
--- Executing CONVERT: elapsed 0:00:00.003

Convert 2.0      24.7.4 r58773 Released Sep 19, 2016 LEG x86 64bit/Linux      

--- Using Option File
Reading parameter(s) from "/home/renigijus/gams/opt-mod-lib/gamslib/robert/convert.opt"
>>  ampl robert-scalar.mod
Finished reading from "/home/renigijus/gams/opt-mod-lib/gamslib/robert/convert.opt"
--- Writing Ampl      : robert-scalar.mod

--- Restarting execution
--- robert.gms(69) 2 Mb
--- Reading solution for model robert
*** Status: Normal completion
--- Job robert.gms Stop 12/13/18 10:24:35 elapsed 0:00:00.017
