--- Job diet.gms Start 12/13/18 10:24:29 24.7.4 r58773 LEX-LEG x86 64bit/Linux
GAMS 24.7.4   Copyright (C) 1987-2016 GAMS Development. All rights reserved
Licensee: Remigijus Paulavicius, Single User License     S170731:0859AO-LNX
          Imperial College London, Dept. of Chemical Engineering    DC13449
          License for teaching and research at degree granting institutions
          remigijus.paulavicius@imperial.ac.uk                             
--- Starting compilation
--- diet.gms(64) 3 Mb
--- Starting execution: elapsed 0:00:00.001
--- diet.gms(3) 4 Mb
--- Generating LP model diet
--- diet.gms(64) 4 Mb
---   10 rows  21 columns  180 non-zeroes
--- Executing CONVERT: elapsed 0:00:00.004

Convert 2.0      24.7.4 r58773 Released Sep 19, 2016 LEG x86 64bit/Linux      

--- Using Option File
Reading parameter(s) from "/home/renigijus/gams/opt-mod-lib/gamslib/diet/convert.opt"
>>  pyomo diet-scalar.py
Finished reading from "/home/renigijus/gams/opt-mod-lib/gamslib/diet/convert.opt"
--- Writing Pyomo     : diet-scalar.py

--- Restarting execution
--- diet.gms(64) 2 Mb
--- Reading solution for model diet
*** Status: Normal completion
--- Job diet.gms Stop 12/13/18 10:24:29 elapsed 0:00:00.017
