--- Job popdynm.gms Start 12/13/18 11:22:33 24.7.4 r58773 LEX-LEG x86 64bit/Linux
GAMS 24.7.4   Copyright (C) 1987-2016 GAMS Development. All rights reserved
Licensee: Remigijus Paulavicius, Single User License     S170731:0859AO-LNX
          Imperial College London, Dept. of Chemical Engineering    DC13449
          License for teaching and research at degree granting institutions
          remigijus.paulavicius@imperial.ac.uk                             
--- Starting compilation
--- popdynm.gms(71) 3 Mb
--- .copspart.inc(67) 3 Mb
--- popdynm.gms(98) 3 Mb
--- Starting execution: elapsed 0:00:00.002
--- popdynm.gms(161) 4 Mb
--- Generating NLP model popdynm
--- popdynm.gms(165) 7 Mb
---   1,393 rows  1,416 columns  6,243 non-zeroes
---   4,537 nl-code  2,274 nl-non-zeroes
--- popdynm.gms(165) 4 Mb
--- Executing CONVERT: elapsed 0:00:00.016

Convert 2.0      24.7.4 r58773 Released Sep 19, 2016 LEG x86 64bit/Linux      

--- Using Option File
Reading parameter(s) from "/home/renigijus/gams/opt-mod-lib/gamslib/popdynm/convert.opt"
>>  pyomo popdynm-scalar.py
Finished reading from "/home/renigijus/gams/opt-mod-lib/gamslib/popdynm/convert.opt"
--- Writing Pyomo     : popdynm-scalar.py

--- Restarting execution
--- popdynm.gms(165) 2 Mb
--- Reading solution for model popdynm
*** Status: Normal completion
--- Job popdynm.gms Stop 12/13/18 11:22:33 elapsed 0:00:00.035
