--- Job copper.gms Start 12/13/18 10:24:37 24.7.4 r58773 LEX-LEG x86 64bit/Linux
GAMS 24.7.4   Copyright (C) 1987-2016 GAMS Development. All rights reserved
Licensee: Remigijus Paulavicius, Single User License     S170731:0859AO-LNX
          Imperial College London, Dept. of Chemical Engineering    DC13449
          License for teaching and research at degree granting institutions
          remigijus.paulavicius@imperial.ac.uk                             
--- Starting compilation
--- copper.gms(957) 3 Mb
--- Starting execution: elapsed 0:00:00.005
--- copper.gms(842) 4 Mb
--- Generating MIP model copper
--- copper.gms(846) 4 Mb
---   476 rows  1,793 columns  5,920 non-zeroes
---   84 discrete-columns
--- Executing CONVERT: elapsed 0:00:00.025

Convert 2.0      24.7.4 r58773 Released Sep 19, 2016 LEG x86 64bit/Linux      

--- Using Option File
Reading parameter(s) from "/home/renigijus/gams/opt-mod-lib/gamslib/copper/convert.opt"
>>  ampl copper-scalar.mod
Finished reading from "/home/renigijus/gams/opt-mod-lib/gamslib/copper/convert.opt"
--- Writing Ampl      : copper-scalar.mod

--- Restarting execution
--- copper.gms(846) 2 Mb
--- Reading solution for model copper
--- copper.gms(956) 3 Mb
*** Status: Normal completion
--- Job copper.gms Stop 12/13/18 10:24:37 elapsed 0:00:00.044
