--- Job qabel.gms Start 12/13/18 11:23:27 24.7.4 r58773 LEX-LEG x86 64bit/Linux
GAMS 24.7.4   Copyright (C) 1987-2016 GAMS Development. All rights reserved
Licensee: Remigijus Paulavicius, Single User License     S170731:0859AO-LNX
          Imperial College London, Dept. of Chemical Engineering    DC13449
          License for teaching and research at degree granting institutions
          remigijus.paulavicius@imperial.ac.uk                             
--- Starting compilation
--- qabel.gms(99) 3 Mb
--- Starting execution: elapsed 0:00:00.001
--- qabel.gms(95) 4 Mb
--- Generating QCP model abel
--- qabel.gms(97) 6 Mb
---   149 rows  299 columns  1,039 non-zeroes
---   1,941 nl-code  298 nl-non-zeroes
--- qabel.gms(97) 4 Mb
--- Executing CONVERT: elapsed 0:00:00.005

Convert 2.0      24.7.4 r58773 Released Sep 19, 2016 LEG x86 64bit/Linux      

--- Using Option File
Reading parameter(s) from "/home/renigijus/gams/opt-mod-lib/gamslib/qabel/convert.opt"
>>  pyomo qabel-scalar.py
Finished reading from "/home/renigijus/gams/opt-mod-lib/gamslib/qabel/convert.opt"
--- Writing Pyomo     : qabel-scalar.py

--- Restarting execution
--- qabel.gms(97) 2 Mb
--- Reading solution for model abel
--- qabel.gms(99) 3 Mb
*** Status: Normal completion
--- Job qabel.gms Stop 12/13/18 11:23:27 elapsed 0:00:00.024
