--- Job cube.gms Start 12/13/18 10:24:36 24.7.4 r58773 LEX-LEG x86 64bit/Linux
GAMS 24.7.4   Copyright (C) 1987-2016 GAMS Development. All rights reserved
Licensee: Remigijus Paulavicius, Single User License     S170731:0859AO-LNX
          Imperial College London, Dept. of Chemical Engineering    DC13449
          License for teaching and research at degree granting institutions
          remigijus.paulavicius@imperial.ac.uk                             
--- Starting compilation
--- cube.gms(68) 3 Mb
--- Starting execution: elapsed 0:00:00.002
--- cube.gms(66) 4 Mb
--- Generating MIP model cube
--- cube.gms(67) 4 Mb
---   100 rows  77 columns  469 non-zeroes
---   27 discrete-columns
--- Executing CONVERT: elapsed 0:00:00.005

Convert 2.0      24.7.4 r58773 Released Sep 19, 2016 LEG x86 64bit/Linux      

--- Using Option File
Reading parameter(s) from "/home/renigijus/gams/opt-mod-lib/gamslib/cube/convert.opt"
>>  pyomo cube-scalar.py
Finished reading from "/home/renigijus/gams/opt-mod-lib/gamslib/cube/convert.opt"
--- Writing Pyomo     : cube-scalar.py

--- Restarting execution
--- cube.gms(67) 2 Mb
--- Reading solution for model cube
*** Status: Normal completion
--- Job cube.gms Stop 12/13/18 10:24:36 elapsed 0:00:00.015
