--- Job torsion.gms Start 12/13/18 11:22:34 24.7.4 r58773 LEX-LEG x86 64bit/Linux
GAMS 24.7.4   Copyright (C) 1987-2016 GAMS Development. All rights reserved
Licensee: Remigijus Paulavicius, Single User License     S170731:0859AO-LNX
          Imperial College London, Dept. of Chemical Engineering    DC13449
          License for teaching and research at degree granting institutions
          remigijus.paulavicius@imperial.ac.uk                             
--- Starting compilation
--- torsion.gms(86) 3 Mb
--- Starting execution: elapsed 0:00:00.002
--- torsion.gms(80) 4 Mb
--- Generating NLP model torsion
--- torsion.gms(84) 6 Mb
---   5 rows  1,409 columns  5,621 non-zeroes
---   31,828 nl-code  2,806 nl-non-zeroes
--- torsion.gms(84) 4 Mb
--- Executing CONVERT: elapsed 0:00:00.025

Convert 2.0      24.7.4 r58773 Released Sep 19, 2016 LEG x86 64bit/Linux      

--- Using Option File
Reading parameter(s) from "/home/renigijus/gams/opt-mod-lib/gamslib/torsion/convert.opt"
>>  gams torsion-scalar.gms
Finished reading from "/home/renigijus/gams/opt-mod-lib/gamslib/torsion/convert.opt"
--- Writing Gams      : torsion-scalar.gms

--- Restarting execution
--- torsion.gms(84) 2 Mb
--- Reading solution for model torsion
*** Status: Normal completion
--- Job torsion.gms Stop 12/13/18 11:22:34 elapsed 0:00:00.058
