--- Job csched.gms Start 12/13/18 10:32:29 24.7.4 r58773 LEX-LEG x86 64bit/Linux
GAMS 24.7.4   Copyright (C) 1987-2016 GAMS Development. All rights reserved
Licensee: Remigijus Paulavicius, Single User License     S170731:0859AO-LNX
          Imperial College London, Dept. of Chemical Engineering    DC13449
          License for teaching and research at degree granting institutions
          remigijus.paulavicius@imperial.ac.uk                             
--- Starting compilation
--- csched.gms(76) 2 Mb
--- .csched1.inc(42) 3 Mb
--- csched.gms(91) 3 Mb
--- Starting execution: elapsed 0:00:00.003
--- csched.gms(128) 4 Mb
--- Generating MINLP model csched
--- csched.gms(130) 6 Mb
---   23 rows  77 columns  174 non-zeroes
---   52 nl-code  8 nl-non-zeroes
---   63 discrete-columns
--- csched.gms(130) 4 Mb
--- Executing CONVERT: elapsed 0:00:00.007

Convert 2.0      24.7.4 r58773 Released Sep 19, 2016 LEG x86 64bit/Linux      

--- Using Option File
Reading parameter(s) from "/home/renigijus/gams/opt-mod-lib/gamslib/csched/convert.opt"
>>  ampl csched-scalar.mod
Finished reading from "/home/renigijus/gams/opt-mod-lib/gamslib/csched/convert.opt"
--- Writing Ampl      : csched-scalar.mod

--- Restarting execution
--- csched.gms(130) 2 Mb
--- Reading solution for model csched
*** Status: Normal completion
--- Job csched.gms Stop 12/13/18 10:32:29 elapsed 0:00:00.017
