--- Job ferts.gms Start 12/13/18 10:24:29 24.7.4 r58773 LEX-LEG x86 64bit/Linux
GAMS 24.7.4   Copyright (C) 1987-2016 GAMS Development. All rights reserved
Licensee: Remigijus Paulavicius, Single User License     S170731:0859AO-LNX
          Imperial College London, Dept. of Chemical Engineering    DC13449
          License for teaching and research at degree granting institutions
          remigijus.paulavicius@imperial.ac.uk                             
--- Starting compilation
--- ferts.gms(454) 3 Mb
--- Starting execution: elapsed 0:00:00.003
--- ferts.gms(435) 4 Mb
--- Generating LP model stat2
--- ferts.gms(437) 4 Mb
---   174 rows  361 columns  1,003 non-zeroes
--- Executing CONVERT: elapsed 0:00:00.008

Convert 2.0      24.7.4 r58773 Released Sep 19, 2016 LEG x86 64bit/Linux      

--- Using Option File
Reading parameter(s) from "/home/renigijus/gams/opt-mod-lib/gamslib/ferts/convert.opt"
>>  gams ferts-scalar.gms
Finished reading from "/home/renigijus/gams/opt-mod-lib/gamslib/ferts/convert.opt"
--- Writing Gams      : ferts-scalar.gms

--- Restarting execution
--- ferts.gms(437) 2 Mb
--- Reading solution for model stat2
--- ferts.gms(453) 3 Mb
*** Status: Normal completion
--- Job ferts.gms Stop 12/13/18 10:24:29 elapsed 0:00:00.022
