--- Job coex.gms Start 12/13/18 10:32:28 24.7.4 r58773 LEX-LEG x86 64bit/Linux
GAMS 24.7.4   Copyright (C) 1987-2016 GAMS Development. All rights reserved
Licensee: Remigijus Paulavicius, Single User License     S170731:0859AO-LNX
          Imperial College London, Dept. of Chemical Engineering    DC13449
          License for teaching and research at degree granting institutions
          remigijus.paulavicius@imperial.ac.uk                             
--- Starting compilation
--- coex.gms(57) 3 Mb
--- Starting execution: elapsed 0:00:00.001
--- coex.gms(41) 4 Mb
--- Generating MIP model armies
--- coex.gms(56) 4 Mb
---   1,522 rows  129 columns  3,170 non-zeroes
---   128 discrete-columns
--- Executing CONVERT: elapsed 0:00:00.007

Convert 2.0      24.7.4 r58773 Released Sep 19, 2016 LEG x86 64bit/Linux      

--- Using Option File
Reading parameter(s) from "/home/renigijus/gams/opt-mod-lib/gamslib/coex/convert.opt"
>>  ampl coex-scalar.mod
Finished reading from "/home/renigijus/gams/opt-mod-lib/gamslib/coex/convert.opt"
--- Writing Ampl      : coex-scalar.mod

--- Restarting execution
--- coex.gms(56) 2 Mb
--- Reading solution for model armies
*** Status: Normal completion
--- Job coex.gms Stop 12/13/18 10:32:28 elapsed 0:00:00.022
