--- Job cclinpts.gms Start 12/13/18 11:34:19 24.7.4 r58773 LEX-LEG x86 64bit/Linux
GAMS 24.7.4   Copyright (C) 1987-2016 GAMS Development. All rights reserved
Licensee: Remigijus Paulavicius, Single User License     S170731:0859AO-LNX
          Imperial College London, Dept. of Chemical Engineering    DC13449
          License for teaching and research at degree granting institutions
          remigijus.paulavicius@imperial.ac.uk                             
--- Starting compilation
--- cclinpts.gms(61) 3 Mb
--- Starting execution: elapsed 0:00:00.001
--- cclinpts.gms(58) 4 Mb
--- Generating NLP model OptimalLinearization
--- cclinpts.gms(61) 6 Mb
---   31 rows  61 columns  121 non-zeroes
---   559 nl-code  90 nl-non-zeroes
--- cclinpts.gms(61) 4 Mb
--- Executing CONVERT: elapsed 0:00:00.005

Convert 2.0      24.7.4 r58773 Released Sep 19, 2016 LEG x86 64bit/Linux      

--- Using Option File
Reading parameter(s) from "/home/renigijus/gams/opt-mod-lib/gamslib/cclinpts/convert.opt"
>>  ampl cclinpts-scalar.mod
Finished reading from "/home/renigijus/gams/opt-mod-lib/gamslib/cclinpts/convert.opt"
--- Writing Ampl      : cclinpts-scalar.mod

--- Restarting execution
--- cclinpts.gms(61) 2 Mb
--- Reading solution for model OptimalLinearization
*** Status: Normal completion
--- Job cclinpts.gms Stop 12/13/18 11:34:19 elapsed 0:00:00.021
