--- Job prolog.gms Start 12/13/18 10:24:36 24.7.4 r58773 LEX-LEG x86 64bit/Linux
GAMS 24.7.4   Copyright (C) 1987-2016 GAMS Development. All rights reserved
Licensee: Remigijus Paulavicius, Single User License     S170731:0859AO-LNX
          Imperial College London, Dept. of Chemical Engineering    DC13449
          License for teaching and research at degree granting institutions
          remigijus.paulavicius@imperial.ac.uk                             
--- Starting compilation
--- prolog.gms(186) 3 Mb
--- Starting execution: elapsed 0:00:00.003
--- prolog.gms(165) 4 Mb
--- Generating NLP model nortonl
--- prolog.gms(167) 6 Mb
---   23 rows  21 columns  129 non-zeroes
---   29 nl-code  14 nl-non-zeroes
--- prolog.gms(167) 4 Mb
--- Executing CONVERT: elapsed 0:00:00.007

Convert 2.0      24.7.4 r58773 Released Sep 19, 2016 LEG x86 64bit/Linux      

--- Using Option File
Reading parameter(s) from "/home/renigijus/gams/opt-mod-lib/gamslib/prolog/convert.opt"
>>  ampl prolog-scalar.mod
Finished reading from "/home/renigijus/gams/opt-mod-lib/gamslib/prolog/convert.opt"
--- Writing Ampl      : prolog-scalar.mod

--- Restarting execution
--- prolog.gms(167) 2 Mb
--- Reading solution for model nortonl
--- prolog.gms(172) 3 Mb
--- Generating NLP model nortone
--- prolog.gms(174) 5 Mb
---   23 rows  21 columns  129 non-zeroes
---   73 nl-code  26 nl-non-zeroes
--- prolog.gms(174) 3 Mb
--- Executing CONVERT: elapsed 0:00:00.021

Convert 2.0      24.7.4 r58773 Released Sep 19, 2016 LEG x86 64bit/Linux      

--- Using Option File
Reading parameter(s) from "/home/renigijus/gams/opt-mod-lib/gamslib/prolog/convert.opt"
>>  ampl prolog-scalar.mod
Finished reading from "/home/renigijus/gams/opt-mod-lib/gamslib/prolog/convert.opt"
--- Writing Ampl      : prolog-scalar.mod

--- Restarting execution
--- prolog.gms(174) 2 Mb
--- Reading solution for model nortone
--- prolog.gms(179) 3 Mb
--- Generating NLP model nortonn
--- prolog.gms(181) 5 Mb
---   23 rows  21 columns  129 non-zeroes
---   89 nl-code  26 nl-non-zeroes
--- prolog.gms(181) 3 Mb
--- Executing CONVERT: elapsed 0:00:00.038

Convert 2.0      24.7.4 r58773 Released Sep 19, 2016 LEG x86 64bit/Linux      

--- Using Option File
Reading parameter(s) from "/home/renigijus/gams/opt-mod-lib/gamslib/prolog/convert.opt"
>>  ampl prolog-scalar.mod
Finished reading from "/home/renigijus/gams/opt-mod-lib/gamslib/prolog/convert.opt"
--- Writing Ampl      : prolog-scalar.mod

--- Restarting execution
--- prolog.gms(181) 2 Mb
--- Reading solution for model nortonn
--- prolog.gms(186) 3 Mb
*** Status: Normal completion
--- Job prolog.gms Stop 12/13/18 10:24:36 elapsed 0:00:00.050
