--- Job rdata.gms Start 12/13/18 10:24:35 24.7.4 r58773 LEX-LEG x86 64bit/Linux
GAMS 24.7.4   Copyright (C) 1987-2016 GAMS Development. All rights reserved
Licensee: Remigijus Paulavicius, Single User License     S170731:0859AO-LNX
          Imperial College London, Dept. of Chemical Engineering    DC13449
          License for teaching and research at degree granting institutions
          remigijus.paulavicius@imperial.ac.uk                             
--- Starting compilation
--- rdata.gms(176) 3 Mb
--- Starting execution: elapsed 0:00:00.002
--- rdata.gms(144) 4 Mb
--- Generating MIP model david
--- rdata.gms(174) 4 Mb
---   51 rows  49 columns  178 non-zeroes
---   5 discrete-columns
--- Executing CONVERT: elapsed 0:00:00.005

Convert 2.0      24.7.4 r58773 Released Sep 19, 2016 LEG x86 64bit/Linux      

--- Using Option File
Reading parameter(s) from "/home/renigijus/gams/opt-mod-lib/gamslib/rdata/convert.opt"
>>  pyomo rdata-scalar.py
Finished reading from "/home/renigijus/gams/opt-mod-lib/gamslib/rdata/convert.opt"
--- Writing Pyomo     : rdata-scalar.py

--- Restarting execution
--- rdata.gms(174) 2 Mb
--- Reading solution for model david
--- rdata.gms(176) 3 Mb
*** Status: Normal completion
--- Job rdata.gms Stop 12/13/18 10:24:35 elapsed 0:00:00.020
