--- Job sarf.gms Start 12/13/18 10:24:38 24.7.4 r58773 LEX-LEG x86 64bit/Linux
GAMS 24.7.4   Copyright (C) 1987-2016 GAMS Development. All rights reserved
Licensee: Remigijus Paulavicius, Single User License     S170731:0859AO-LNX
          Imperial College London, Dept. of Chemical Engineering    DC13449
          License for teaching and research at degree granting institutions
          remigijus.paulavicius@imperial.ac.uk                             
--- Starting compilation
--- sarf.gms(515) 3 Mb
--- Starting execution: elapsed 0:00:00.004
--- sarf.gms(512) 4 Mb
--- Generating LP model iran
--- sarf.gms(513) 4 Mb
---   532 rows  542 columns  3,949 non-zeroes
--- Executing CONVERT: elapsed 0:00:00.019

Convert 2.0      24.7.4 r58773 Released Sep 19, 2016 LEG x86 64bit/Linux      

--- Using Option File
Reading parameter(s) from "/home/renigijus/gams/opt-mod-lib/gamslib/sarf/convert.opt"
>>  ampl sarf-scalar.mod
Finished reading from "/home/renigijus/gams/opt-mod-lib/gamslib/sarf/convert.opt"
--- Writing Ampl      : sarf-scalar.mod

--- Restarting execution
--- sarf.gms(513) 2 Mb
--- Reading solution for model iran
--- sarf.gms(515) 3 Mb
*** Status: Normal completion
--- Job sarf.gms Stop 12/13/18 10:24:38 elapsed 0:00:00.033
