--- Job windfac.gms Start 12/13/18 10:32:29 24.7.4 r58773 LEX-LEG x86 64bit/Linux
GAMS 24.7.4   Copyright (C) 1987-2016 GAMS Development. All rights reserved
Licensee: Remigijus Paulavicius, Single User License     S170731:0859AO-LNX
          Imperial College London, Dept. of Chemical Engineering    DC13449
          License for teaching and research at degree granting institutions
          remigijus.paulavicius@imperial.ac.uk                             
--- Starting compilation
--- windfac.gms(62) 2 Mb
--- Starting execution: elapsed 0:00:00.002
--- windfac.gms(39) 3 Mb
--- Generating MINLP model wind
--- windfac.gms(62) 5 Mb
---   14 rows  15 columns  38 non-zeroes
---   95 nl-code  24 nl-non-zeroes
---   3 discrete-columns
***
***   2 Integer +INF Bounds have been reset to 100 (see Option IntVarUp)
***
--- windfac.gms(62) 3 Mb
--- Executing CONVERT: elapsed 0:00:00.005

Convert 2.0      24.7.4 r58773 Released Sep 19, 2016 LEG x86 64bit/Linux      

--- Using Option File
Reading parameter(s) from "/home/renigijus/gams/opt-mod-lib/gamslib/windfac/convert.opt"
>>  ampl windfac-scalar.mod
Finished reading from "/home/renigijus/gams/opt-mod-lib/gamslib/windfac/convert.opt"
--- Writing Ampl      : windfac-scalar.mod

--- Restarting execution
--- windfac.gms(62) 2 Mb
--- Reading solution for model wind
*** Status: Normal completion
--- Job windfac.gms Stop 12/13/18 10:32:29 elapsed 0:00:00.019
