--- Job korpet.gms Start 12/13/18 10:24:38 24.7.4 r58773 LEX-LEG x86 64bit/Linux
GAMS 24.7.4   Copyright (C) 1987-2016 GAMS Development. All rights reserved
Licensee: Remigijus Paulavicius, Single User License     S170731:0859AO-LNX
          Imperial College London, Dept. of Chemical Engineering    DC13449
          License for teaching and research at degree granting institutions
          remigijus.paulavicius@imperial.ac.uk                             
--- Starting compilation
--- korpet.gms(516) 3 Mb
--- Starting execution: elapsed 0:00:00.004
--- korpet.gms(351) 4 Mb
--- Generating MIP model petro
--- korpet.gms(483) 4 Mb
---   1,051 rows  1,951 columns  6,844 non-zeroes
---   81 discrete-columns
--- Executing CONVERT: elapsed 0:00:00.017

Convert 2.0      24.7.4 r58773 Released Sep 19, 2016 LEG x86 64bit/Linux      

--- Using Option File
Reading parameter(s) from "/home/renigijus/gams/opt-mod-lib/gamslib/korpet/convert.opt"
>>  gams korpet-scalar.gms
Finished reading from "/home/renigijus/gams/opt-mod-lib/gamslib/korpet/convert.opt"
--- Writing Gams      : korpet-scalar.gms

--- Restarting execution
--- korpet.gms(483) 2 Mb
--- Reading solution for model petro
--- korpet.gms(516) 3 Mb
*** Status: Normal completion
--- Job korpet.gms Stop 12/13/18 10:24:38 elapsed 0:00:00.036
