--- Job chenery.gms Start 12/13/18 10:24:35 24.7.4 r58773 LEX-LEG x86 64bit/Linux
GAMS 24.7.4   Copyright (C) 1987-2016 GAMS Development. All rights reserved
Licensee: Remigijus Paulavicius, Single User License     S170731:0859AO-LNX
          Imperial College London, Dept. of Chemical Engineering    DC13449
          License for teaching and research at degree granting institutions
          remigijus.paulavicius@imperial.ac.uk                             
--- Starting compilation
--- chenery.gms(243) 3 Mb
--- Starting execution: elapsed 0:00:00.002
--- chenery.gms(226) 4 Mb
--- Generating NLP model chenrad
--- chenery.gms(229) 6 Mb
---   39 rows  44 columns  133 non-zeroes
---   194 nl-code  56 nl-non-zeroes
--- chenery.gms(229) 4 Mb
--- Executing CONVERT: elapsed 0:00:00.005

Convert 2.0      24.7.4 r58773 Released Sep 19, 2016 LEG x86 64bit/Linux      

--- Using Option File
Reading parameter(s) from "/home/renigijus/gams/opt-mod-lib/gamslib/chenery/convert.opt"
>>  gams chenery-scalar.gms
Finished reading from "/home/renigijus/gams/opt-mod-lib/gamslib/chenery/convert.opt"
--- Writing Gams      : chenery-scalar.gms

--- Restarting execution
--- chenery.gms(229) 2 Mb
--- Reading solution for model chenrad
--- chenery.gms(243) 3 Mb
*** Status: Normal completion
--- Job chenery.gms Stop 12/13/18 10:24:35 elapsed 0:00:00.019
