--- Job yemcem.gms Start 12/13/18 10:24:38 24.7.4 r58773 LEX-LEG x86 64bit/Linux
GAMS 24.7.4   Copyright (C) 1987-2016 GAMS Development. All rights reserved
Licensee: Remigijus Paulavicius, Single User License     S170731:0859AO-LNX
          Imperial College London, Dept. of Chemical Engineering    DC13449
          License for teaching and research at degree granting institutions
          remigijus.paulavicius@imperial.ac.uk                             
--- Starting compilation
--- yemcem.gms(338) 3 Mb
--- Starting execution: elapsed 0:00:00.003
--- yemcem.gms(321) 4 Mb
--- Generating MIP model yemen
--- yemcem.gms(323) 4 Mb
---   168 rows  258 columns  953 non-zeroes
---   53 discrete-columns
--- Executing CONVERT: elapsed 0:00:00.009

Convert 2.0      24.7.4 r58773 Released Sep 19, 2016 LEG x86 64bit/Linux      

--- Using Option File
Reading parameter(s) from "/home/renigijus/gams/opt-mod-lib/gamslib/yemcem/convert.opt"
>>  gams yemcem-scalar.gms
Finished reading from "/home/renigijus/gams/opt-mod-lib/gamslib/yemcem/convert.opt"
--- Writing Gams      : yemcem-scalar.gms

--- Restarting execution
--- yemcem.gms(323) 2 Mb
--- Reading solution for model yemen
--- yemcem.gms(338) 3 Mb
*** Status: Normal completion
--- Job yemcem.gms Stop 12/13/18 10:24:38 elapsed 0:00:00.023
