--- Job fertd.gms Start 12/13/18 10:24:30 24.7.4 r58773 LEX-LEG x86 64bit/Linux
GAMS 24.7.4   Copyright (C) 1987-2016 GAMS Development. All rights reserved
Licensee: Remigijus Paulavicius, Single User License     S170731:0859AO-LNX
          Imperial College London, Dept. of Chemical Engineering    DC13449
          License for teaching and research at degree granting institutions
          remigijus.paulavicius@imperial.ac.uk                             
--- Starting compilation
--- fertd.gms(721) 3 Mb
--- Starting execution: elapsed 0:00:00.005
--- fertd.gms(703) 4 Mb
--- Generating MIP model model1
--- fertd.gms(705) 4 Mb
---   458 rows  2,968 columns  7,252 non-zeroes
---   3 discrete-columns
--- Executing CONVERT: elapsed 0:00:00.022

Convert 2.0      24.7.4 r58773 Released Sep 19, 2016 LEG x86 64bit/Linux      

--- Using Option File
Reading parameter(s) from "/home/renigijus/gams/opt-mod-lib/gamslib/fertd/convert.opt"
>>  gams fertd-scalar.gms
Finished reading from "/home/renigijus/gams/opt-mod-lib/gamslib/fertd/convert.opt"
--- Writing Gams      : fertd-scalar.gms

--- Restarting execution
--- fertd.gms(705) 2 Mb
--- Reading solution for model model1
--- fertd.gms(720) 3 Mb
*** Status: Normal completion
--- Job fertd.gms Stop 12/13/18 10:24:30 elapsed 0:00:00.044
