--- Job partssupply.gms Start 12/13/18 11:43:40 24.7.4 r58773 LEX-LEG x86 64bit/Linux
GAMS 24.7.4   Copyright (C) 1987-2016 GAMS Development. All rights reserved
Licensee: Remigijus Paulavicius, Single User License     S170731:0859AO-LNX
          Imperial College London, Dept. of Chemical Engineering    DC13449
          License for teaching and research at degree granting institutions
          remigijus.paulavicius@imperial.ac.uk                             
--- Starting compilation
--- partssupply.gms(162) 3 Mb
--- Starting execution: elapsed 0:00:00.002
--- partssupply.gms(129) 4 Mb
--- Generating NLP model m
--- partssupply.gms(133) 6 Mb
--- LOOPS t = 1
---   5 rows  7 columns  13 non-zeroes
---   10 nl-code  2 nl-non-zeroes
--- partssupply.gms(133) 4 Mb
--- Executing CONVERT: elapsed 0:00:00.004

Convert 2.0      24.7.4 r58773 Released Sep 19, 2016 LEG x86 64bit/Linux      

--- Using Option File
Reading parameter(s) from "/home/renigijus/gams/opt-mod-lib/gamslib/partssupply/convert.opt"
>>  ampl partssupply-scalar.mod
Finished reading from "/home/renigijus/gams/opt-mod-lib/gamslib/partssupply/convert.opt"
--- Writing Ampl      : partssupply-scalar.mod

--- Restarting execution
--- partssupply.gms(133) 2 Mb
--- Reading solution for model m
--- partssupply.gms(129) 3 Mb
--- Generating NLP model m_mn
--- partssupply.gms(138) 5 Mb
--- LOOPS t = 1
---   6 rows  7 columns  15 non-zeroes
---   10 nl-code  2 nl-non-zeroes
--- partssupply.gms(138) 3 Mb
--- Executing CONVERT: elapsed 0:00:00.018

Convert 2.0      24.7.4 r58773 Released Sep 19, 2016 LEG x86 64bit/Linux      

--- Using Option File
Reading parameter(s) from "/home/renigijus/gams/opt-mod-lib/gamslib/partssupply/convert.opt"
>>  ampl partssupply-scalar.mod
Finished reading from "/home/renigijus/gams/opt-mod-lib/gamslib/partssupply/convert.opt"
--- Writing Ampl      : partssupply-scalar.mod

--- Restarting execution
--- partssupply.gms(138) 2 Mb
--- Reading solution for model m_mn
--- partssupply.gms(129) 3 Mb
*** Status: Normal completion
--- Job partssupply.gms Stop 12/13/18 11:43:40 elapsed 0:00:00.032
