--- Job kand.gms Start 12/13/18 10:32:16 24.7.4 r58773 LEX-LEG x86 64bit/Linux
GAMS 24.7.4   Copyright (C) 1987-2016 GAMS Development. All rights reserved
Licensee: Remigijus Paulavicius, Single User License     S170731:0859AO-LNX
          Imperial College London, Dept. of Chemical Engineering    DC13449
          License for teaching and research at degree granting institutions
          remigijus.paulavicius@imperial.ac.uk                             
--- Starting compilation
--- kand.gms(103) 3 Mb
--- Starting execution: elapsed 0:00:00.002
--- kand.gms(69) 4 Mb
--- Generating LP model kand
--- kand.gms(88) 4 Mb
---   26 rows  29 columns  105 non-zeroes
--- Executing CONVERT: elapsed 0:00:00.006

Convert 2.0      24.7.4 r58773 Released Sep 19, 2016 LEG x86 64bit/Linux      

--- Using Option File
Reading parameter(s) from "/home/renigijus/gams/opt-mod-lib/gamslib/kand/convert.opt"
>>  gams kand-scalar.gms
Finished reading from "/home/renigijus/gams/opt-mod-lib/gamslib/kand/convert.opt"
--- Writing Gams      : kand-scalar.gms

--- Restarting execution
--- kand.gms(88) 2 Mb
--- Reading solution for model kand
--- Generating LP model kandsp
--- kand.gms(103) 3 Mb
---   26 rows  29 columns  123 non-zeroes
--- Executing CONVERT: elapsed 0:00:00.022

Convert 2.0      24.7.4 r58773 Released Sep 19, 2016 LEG x86 64bit/Linux      

--- Using Option File
Reading parameter(s) from "/home/renigijus/gams/opt-mod-lib/gamslib/kand/convert.opt"
>>  gams kand-scalar.gms
Finished reading from "/home/renigijus/gams/opt-mod-lib/gamslib/kand/convert.opt"
--- Writing Gams      : kand-scalar.gms

--- Restarting execution
--- kand.gms(103) 2 Mb
--- Reading solution for model kandsp
*** Status: Normal completion
--- Job kand.gms Stop 12/13/18 10:32:16 elapsed 0:00:00.035
