--- Job pak.gms Start 12/13/18 10:24:35 24.7.4 r58773 LEX-LEG x86 64bit/Linux
GAMS 24.7.4   Copyright (C) 1987-2016 GAMS Development. All rights reserved
Licensee: Remigijus Paulavicius, Single User License     S170731:0859AO-LNX
          Imperial College London, Dept. of Chemical Engineering    DC13449
          License for teaching and research at degree granting institutions
          remigijus.paulavicius@imperial.ac.uk                             
--- Starting compilation
--- pak.gms(138) 3 Mb
--- Starting execution: elapsed 0:00:00.001
--- pak.gms(124) 4 Mb
--- Generating LP model pak1
--- pak.gms(128) 4 Mb
---   348 rows  284 columns  950 non-zeroes
--- Executing CONVERT: elapsed 0:00:00.004

Convert 2.0      24.7.4 r58773 Released Sep 19, 2016 LEG x86 64bit/Linux      

--- Using Option File
Reading parameter(s) from "/home/renigijus/gams/opt-mod-lib/gamslib/pak/convert.opt"
>>  gams pak-scalar.gms
Finished reading from "/home/renigijus/gams/opt-mod-lib/gamslib/pak/convert.opt"
--- Writing Gams      : pak-scalar.gms

--- Restarting execution
--- pak.gms(128) 2 Mb
--- Reading solution for model pak1
--- pak.gms(138) 3 Mb
*** Status: Normal completion
--- Job pak.gms Stop 12/13/18 10:24:35 elapsed 0:00:00.017
