--- Job imsl.gms Start 12/13/18 10:24:40 24.7.4 r58773 LEX-LEG x86 64bit/Linux
GAMS 24.7.4   Copyright (C) 1987-2016 GAMS Development. All rights reserved
Licensee: Remigijus Paulavicius, Single User License     S170731:0859AO-LNX
          Imperial College London, Dept. of Chemical Engineering    DC13449
          License for teaching and research at degree granting institutions
          remigijus.paulavicius@imperial.ac.uk                             
--- Starting compilation
--- imsl.gms(113) 3 Mb
--- Starting execution: elapsed 0:00:00.002
--- imsl.gms(62) 4 Mb
--- Generating LP model primal
--- imsl.gms(89) 4 Mb
---   62 rows  134 columns  359 non-zeroes
--- Executing CONVERT: elapsed 0:00:00.008

Convert 2.0      24.7.4 r58773 Released Sep 19, 2016 LEG x86 64bit/Linux      

--- Using Option File
Reading parameter(s) from "/home/renigijus/gams/opt-mod-lib/gamslib/imsl/convert.opt"
>>  pyomo imsl-scalar.py
Finished reading from "/home/renigijus/gams/opt-mod-lib/gamslib/imsl/convert.opt"
--- Writing Pyomo     : imsl-scalar.py

--- Restarting execution
--- imsl.gms(89) 2 Mb
--- Reading solution for model primal
--- imsl.gms(102) 3 Mb
--- Generating LP model dual
--- imsl.gms(103) 3 Mb
---   12 rows  62 columns  175 non-zeroes
--- Executing CONVERT: elapsed 0:00:00.027

Convert 2.0      24.7.4 r58773 Released Sep 19, 2016 LEG x86 64bit/Linux      

--- Using Option File
Reading parameter(s) from "/home/renigijus/gams/opt-mod-lib/gamslib/imsl/convert.opt"
>>  pyomo imsl-scalar.py
Finished reading from "/home/renigijus/gams/opt-mod-lib/gamslib/imsl/convert.opt"
--- Writing Pyomo     : imsl-scalar.py

--- Restarting execution
--- imsl.gms(103) 2 Mb
--- Reading solution for model dual
--- imsl.gms(113) 3 Mb
*** Status: Normal completion
--- Job imsl.gms Stop 12/13/18 10:24:40 elapsed 0:00:00.044
