--- Job camcns.gms Start 12/13/18 10:32:27 24.7.4 r58773 LEX-LEG x86 64bit/Linux
GAMS 24.7.4   Copyright (C) 1987-2016 GAMS Development. All rights reserved
Licensee: Remigijus Paulavicius, Single User License     S170731:0859AO-LNX
          Imperial College London, Dept. of Chemical Engineering    DC13449
          License for teaching and research at degree granting institutions
          remigijus.paulavicius@imperial.ac.uk                             
--- Starting compilation
--- camcns.gms(462) 3 Mb
--- Starting execution: elapsed 0:00:00.004
--- camcns.gms(452) 4 Mb
--- Generating CNS model camcns
--- camcns.gms(461) 6 Mb
---   243 rows  280 columns  1,356 non-zeroes
---   2,046 nl-code  850 nl-non-zeroes
--- camcns.gms(461) 4 Mb
--- Executing CONVERT: elapsed 0:00:00.010

Convert 2.0      24.7.4 r58773 Released Sep 19, 2016 LEG x86 64bit/Linux      

--- Using Option File
Reading parameter(s) from "/home/renigijus/gams/opt-mod-lib/gamslib/camcns/convert.opt"
>>  pyomo camcns-scalar.py
Finished reading from "/home/renigijus/gams/opt-mod-lib/gamslib/camcns/convert.opt"
--- Writing Pyomo     : camcns-scalar.py

--- Restarting execution
--- camcns.gms(461) 2 Mb
--- Reading solution for model camcns
*** Status: Normal completion
--- Job camcns.gms Stop 12/13/18 10:32:27 elapsed 0:00:00.025
