--- Job himmel16.gms Start 12/13/18 10:24:35 24.7.4 r58773 LEX-LEG x86 64bit/Linux
GAMS 24.7.4   Copyright (C) 1987-2016 GAMS Development. All rights reserved
Licensee: Remigijus Paulavicius, Single User License     S170731:0859AO-LNX
          Imperial College London, Dept. of Chemical Engineering    DC13449
          License for teaching and research at degree granting institutions
          remigijus.paulavicius@imperial.ac.uk                             
--- Starting compilation
--- himmel16.gms(64) 3 Mb
--- Starting execution: elapsed 0:00:00.001
--- himmel16.gms(61) 4 Mb
--- Generating NLP model large
--- himmel16.gms(63) 6 Mb
---   22 rows  19 columns  97 non-zeroes
---   190 nl-code  84 nl-non-zeroes
--- himmel16.gms(63) 4 Mb
--- Executing CONVERT: elapsed 0:00:00.004

Convert 2.0      24.7.4 r58773 Released Sep 19, 2016 LEG x86 64bit/Linux      

--- Using Option File
Reading parameter(s) from "/home/renigijus/gams/opt-mod-lib/gamslib/himmel16/convert.opt"
>>  ampl himmel16-scalar.mod
Finished reading from "/home/renigijus/gams/opt-mod-lib/gamslib/himmel16/convert.opt"
--- Writing Ampl      : himmel16-scalar.mod

--- Restarting execution
--- himmel16.gms(63) 2 Mb
--- Reading solution for model large
*** Status: Normal completion
--- Job himmel16.gms Stop 12/13/18 10:24:35 elapsed 0:00:00.015
