--- Job process.gms Start 12/13/18 10:24:31 24.7.4 r58773 LEX-LEG x86 64bit/Linux
GAMS 24.7.4   Copyright (C) 1987-2016 GAMS Development. All rights reserved
Licensee: Remigijus Paulavicius, Single User License     S170731:0859AO-LNX
          Imperial College London, Dept. of Chemical Engineering    DC13449
          License for teaching and research at degree granting institutions
          remigijus.paulavicius@imperial.ac.uk                             
--- Starting compilation
--- process.gms(84) 2 Mb
--- Starting execution: elapsed 0:00:00.002
--- process.gms(80) 3 Mb
--- Generating NLP model process
--- process.gms(82) 5 Mb
---   8 rows  11 columns  28 non-zeroes
---   44 nl-code  11 nl-non-zeroes
--- process.gms(82) 3 Mb
--- Executing CONVERT: elapsed 0:00:00.005

Convert 2.0      24.7.4 r58773 Released Sep 19, 2016 LEG x86 64bit/Linux      

--- Using Option File
Reading parameter(s) from "/home/renigijus/gams/opt-mod-lib/gamslib/process/convert.opt"
>>  pyomo process-scalar.py
Finished reading from "/home/renigijus/gams/opt-mod-lib/gamslib/process/convert.opt"
--- Writing Pyomo     : process-scalar.py

--- Restarting execution
--- process.gms(82) 2 Mb
--- Reading solution for model process
--- Generating NLP model rproc
--- process.gms(84) 4 Mb
---   8 rows  15 columns  32 non-zeroes
---   56 nl-code  19 nl-non-zeroes
--- process.gms(84) 2 Mb
--- Executing CONVERT: elapsed 0:00:00.020

Convert 2.0      24.7.4 r58773 Released Sep 19, 2016 LEG x86 64bit/Linux      

--- Using Option File
Reading parameter(s) from "/home/renigijus/gams/opt-mod-lib/gamslib/process/convert.opt"
>>  pyomo process-scalar.py
Finished reading from "/home/renigijus/gams/opt-mod-lib/gamslib/process/convert.opt"
--- Writing Pyomo     : process-scalar.py

--- Restarting execution
--- process.gms(84) 2 Mb
--- Reading solution for model rproc
*** Status: Normal completion
--- Job process.gms Stop 12/13/18 10:24:31 elapsed 0:00:00.034
