--- Job trnsgrid.gms Start 12/13/18 11:24:25 24.7.4 r58773 LEX-LEG x86 64bit/Linux
GAMS 24.7.4   Copyright (C) 1987-2016 GAMS Development. All rights reserved
Licensee: Remigijus Paulavicius, Single User License     S170731:0859AO-LNX
          Imperial College London, Dept. of Chemical Engineering    DC13449
          License for teaching and research at degree granting institutions
          remigijus.paulavicius@imperial.ac.uk                             
--- Starting compilation
--- trnsgrid.gms(103) 3 Mb
--- Starting execution: elapsed 0:00:00.002
--- trnsgrid.gms(77) 4 Mb
--- Generating LP model transport
--- trnsgrid.gms(79) 4 Mb
--- LOOPS s = 1
---   6 rows  7 columns  19 non-zeroes
--- Submitting model transport with handle grid145000001
--- trnsgrid.gms(77) 4 Mb
--- Generating LP model transport
--- trnsgrid.gms(79) 4 Mb
--- LOOPS s = 2
---   6 rows  7 columns  19 non-zeroes
--- Submitting model transport with handle grid145000002
--- trnsgrid.gms(77) 4 Mb
--- Generating LP model transport
--- trnsgrid.gms(79) 4 Mb
--- LOOPS s = 3
---   6 rows  7 columns  19 non-zeroes
--- Submitting model transport with handle grid145000003
--- trnsgrid.gms(77) 4 Mb
--- Generating LP model transport
--- trnsgrid.gms(79) 4 Mb
--- LOOPS s = 4
---   6 rows  7 columns  19 non-zeroes
--- Submitting model transport with handle grid145000004
--- trnsgrid.gms(77) 4 Mb
--- Generating LP model transport
--- trnsgrid.gms(79) 4 Mb
--- LOOPS s = 5
---   6 rows  7 columns  19 non-zeroes
--- Submitting model transport with handle grid145000005
--- trnsgrid.gms(90) 4 Mb
--- GDXin=/home/renigijus/gams/opt-mod-lib/gamslib/trnsgrid/225a/grid145000001/gmsgrid.gdx
--- Removed handle grid145000001
--- GDXin=/home/renigijus/gams/opt-mod-lib/gamslib/trnsgrid/225a/grid145000002/gmsgrid.gdx
--- Removed handle grid145000002
--- GDXin=/home/renigijus/gams/opt-mod-lib/gamslib/trnsgrid/225a/grid145000003/gmsgrid.gdx
--- Removed handle grid145000003
--- GDXin=/home/renigijus/gams/opt-mod-lib/gamslib/trnsgrid/225a/grid145000004/gmsgrid.gdx
--- Removed handle grid145000004
--- GDXin=/home/renigijus/gams/opt-mod-lib/gamslib/trnsgrid/225a/grid145000005/gmsgrid.gdx
--- Removed handle grid145000005
--- trnsgrid.gms(103) 4 Mb
*** Status: Normal completion
--- Job trnsgrid.gms Stop 12/13/18 11:24:25 elapsed 0:00:00.431
