--- Job alkyl.gms Start 12/13/18 10:30:52 24.7.4 r58773 LEX-LEG x86 64bit/Linux
GAMS 24.7.4   Copyright (C) 1987-2016 GAMS Development. All rights reserved
Licensee: Remigijus Paulavicius, Single User License     S170731:0859AO-LNX
          Imperial College London, Dept. of Chemical Engineering    DC13449
          License for teaching and research at degree granting institutions
          remigijus.paulavicius@imperial.ac.uk                             
--- Starting compilation
--- alkyl.gms(89) 2 Mb
--- Starting execution: elapsed 0:00:00.001
--- alkyl.gms(68) 3 Mb
--- Generating NLP model m
--- alkyl.gms(88) 5 Mb
---   8 rows  15 columns  32 non-zeroes
---   54 nl-code  19 nl-non-zeroes
--- alkyl.gms(88) 3 Mb
--- Executing CONVERT: elapsed 0:00:00.004

Convert 2.0      24.7.4 r58773 Released Sep 19, 2016 LEG x86 64bit/Linux      

--- Using Option File
Reading parameter(s) from "/home/renigijus/gams/opt-mod-lib/gamslib/alkyl/convert.opt"
>>  pyomo alkyl-scalar.py
Finished reading from "/home/renigijus/gams/opt-mod-lib/gamslib/alkyl/convert.opt"
--- Writing Pyomo     : alkyl-scalar.py

--- Restarting execution
--- alkyl.gms(88) 2 Mb
--- Reading solution for model m
*** Status: Normal completion
--- Job alkyl.gms Stop 12/13/18 10:30:52 elapsed 0:00:00.018
