--- Job qmeanvag.gms Start 12/13/18 11:24:35 24.7.4 r58773 LEX-LEG x86 64bit/Linux
GAMS 24.7.4   Copyright (C) 1987-2016 GAMS Development. All rights reserved
Licensee: Remigijus Paulavicius, Single User License     S170731:0859AO-LNX
          Imperial College London, Dept. of Chemical Engineering    DC13449
          License for teaching and research at degree granting institutions
          remigijus.paulavicius@imperial.ac.uk                             
--- Starting compilation
--- qmeanvag.gms(190) 3 Mb
--- Starting execution: elapsed 0:00:00.002
--- qmeanvag.gms(146) 4 Mb
--- Generating MIQCP model maxret
--- qmeanvag.gms(147) 6 Mb
---   45 rows  36 columns  111 non-zeroes
---   0 nl-code  0 nl-non-zeroes
---   14 discrete-columns
--- qmeanvag.gms(147) 4 Mb
--- Executing CONVERT (Solvelink=2): elapsed 0:00:00.004

Convert 2.0      24.7.4 r58773 Released Sep 19, 2016 LEG x86 64bit/Linux      

--- Using Option File
Reading parameter(s) from "/home/renigijus/gams/opt-mod-lib/gamslib/qmeanvag/convert.opt"
>>  pyomo qmeanvag-scalar.py
Finished reading from "/home/renigijus/gams/opt-mod-lib/gamslib/qmeanvag/convert.opt"
--- Writing Pyomo     : qmeanvag-scalar.py

--- Reading solution for model maxret
--- qmeanvag.gms(152) 4 Mb
--- Generating MIQCP model minvar
--- qmeanvag.gms(153) 6 Mb
---   46 rows  37 columns  119 non-zeroes
---   115 nl-code  7 nl-non-zeroes
---   14 discrete-columns
--- qmeanvag.gms(153) 4 Mb
--- Executing CONVERT (Solvelink=2): elapsed 0:00:00.050

Convert 2.0      24.7.4 r58773 Released Sep 19, 2016 LEG x86 64bit/Linux      

--- Using Option File
Reading parameter(s) from "/home/renigijus/gams/opt-mod-lib/gamslib/qmeanvag/convert.opt"
>>  pyomo qmeanvag-scalar.py
Finished reading from "/home/renigijus/gams/opt-mod-lib/gamslib/qmeanvag/convert.opt"
--- Writing Pyomo     : qmeanvag-scalar.py

--- Reading solution for model minvar
--- qmeanvag.gms(165) 4 Mb
--- Generating MIQCP model minvar
--- qmeanvag.gms(167) 6 Mb
--- LOOPS pp = p1
---   46 rows  37 columns  119 non-zeroes
---   115 nl-code  7 nl-non-zeroes
---   14 discrete-columns
--- qmeanvag.gms(167) 4 Mb
--- Submitting model minvar with handle grid159000002
--- qmeanvag.gms(165) 4 Mb
--- Generating MIQCP model minvar
--- qmeanvag.gms(167) 6 Mb
--- LOOPS pp = p2
---   46 rows  37 columns  119 non-zeroes
---   115 nl-code  7 nl-non-zeroes
---   14 discrete-columns
--- qmeanvag.gms(167) 4 Mb
--- Submitting model minvar with handle grid159000003
--- qmeanvag.gms(165) 4 Mb
--- Generating MIQCP model minvar
--- qmeanvag.gms(167) 6 Mb
--- LOOPS pp = p3
---   46 rows  37 columns  119 non-zeroes
---   115 nl-code  7 nl-non-zeroes
---   14 discrete-columns
--- qmeanvag.gms(167) 4 Mb
--- Submitting model minvar with handle grid159000004
--- qmeanvag.gms(165) 4 Mb
--- Generating MIQCP model minvar
--- qmeanvag.gms(167) 6 Mb
--- LOOPS pp = p4
---   46 rows  37 columns  119 non-zeroes
---   115 nl-code  7 nl-non-zeroes
---   14 discrete-columns
--- qmeanvag.gms(167) 4 Mb
--- Submitting model minvar with handle grid159000005
--- qmeanvag.gms(171) 4 Mb
--- GDXin=/home/renigijus/gams/opt-mod-lib/gamslib/qmeanvag/225a/grid159000002/gmsgrid.gdx
--- Removed handle grid159000002
--- GDXin=/home/renigijus/gams/opt-mod-lib/gamslib/qmeanvag/225a/grid159000003/gmsgrid.gdx
--- Removed handle grid159000003
--- GDXin=/home/renigijus/gams/opt-mod-lib/gamslib/qmeanvag/225a/grid159000004/gmsgrid.gdx
--- Removed handle grid159000004
--- GDXin=/home/renigijus/gams/opt-mod-lib/gamslib/qmeanvag/225a/grid159000005/gmsgrid.gdx
--- Removed handle grid159000005
--- qmeanvag.gms(190) 4 Mb
--- GDX File /home/renigijus/gams/opt-mod-lib/gamslib/qmeanvag/qmeanvarg.gdx
*** Status: Normal completion
--- Job qmeanvag.gms Stop 12/13/18 11:24:35 elapsed 0:00:00.279
