--- Job tsp42.gms Start 12/13/18 10:32:27 24.7.4 r58773 LEX-LEG x86 64bit/Linux
GAMS 24.7.4   Copyright (C) 1987-2016 GAMS Development. All rights reserved
Licensee: Remigijus Paulavicius, Single User License     S170731:0859AO-LNX
          Imperial College London, Dept. of Chemical Engineering    DC13449
          License for teaching and research at degree granting institutions
          remigijus.paulavicius@imperial.ac.uk                             
--- Starting compilation
--- tsp42.gms(323) 3 Mb
--- Starting execution: elapsed 0:00:00.002
--- tsp42.gms(147) 4 Mb
--- Generating MIP model match
--- tsp42.gms(159) 4 Mb
---   43 rows  862 columns  2,584 non-zeroes
---   861 discrete-columns
--- Executing CONVERT: elapsed 0:00:00.006

Convert 2.0      24.7.4 r58773 Released Sep 19, 2016 LEG x86 64bit/Linux      

--- Using Option File
Reading parameter(s) from "/home/renigijus/gams/opt-mod-lib/gamslib/tsp42/convert.opt"
>>  gams tsp42-scalar.gms
Finished reading from "/home/renigijus/gams/opt-mod-lib/gamslib/tsp42/convert.opt"
--- Writing Gams      : tsp42-scalar.gms

--- Restarting execution
--- tsp42.gms(159) 2 Mb
--- Reading solution for model match
--- tsp42.gms(322) 3 Mb
*** Status: Normal completion
--- Job tsp42.gms Stop 12/13/18 10:32:27 elapsed 0:00:00.041
