--- Job dicex.gms Start 12/13/18 11:23:22 24.7.4 r58773 LEX-LEG x86 64bit/Linux
GAMS 24.7.4   Copyright (C) 1987-2016 GAMS Development. All rights reserved
Licensee: Remigijus Paulavicius, Single User License     S170731:0859AO-LNX
          Imperial College London, Dept. of Chemical Engineering    DC13449
          License for teaching and research at degree granting institutions
          remigijus.paulavicius@imperial.ac.uk                             
--- Starting compilation
--- dicex.gms(101) 3 Mb
--- Starting execution: elapsed 0:00:00.002
--- dicex.gms(77) 4 Mb
--- Generating MIP model dice2
--- dicex.gms(79) 4 Mb
---   162 rows  451 columns  1,131 non-zeroes
---   432 discrete-columns
--- Executing CONVERT: elapsed 0:00:00.007

Convert 2.0      24.7.4 r58773 Released Sep 19, 2016 LEG x86 64bit/Linux      

--- Using Option File
Reading parameter(s) from "/home/renigijus/gams/opt-mod-lib/gamslib/dicex/convert.opt"
>>  pyomo dicex-scalar.py
Finished reading from "/home/renigijus/gams/opt-mod-lib/gamslib/dicex/convert.opt"
--- Writing Pyomo     : dicex-scalar.py

--- Restarting execution
--- dicex.gms(79) 2 Mb
--- Reading solution for model dice2
--- dicex.gms(89) 3 Mb
*** Status: Normal completion
--- Job dicex.gms Stop 12/13/18 11:23:22 elapsed 0:00:00.022
