--- Job pump.gms Start 12/13/18 10:32:23 24.7.4 r58773 LEX-LEG x86 64bit/Linux
GAMS 24.7.4   Copyright (C) 1987-2016 GAMS Development. All rights reserved
Licensee: Remigijus Paulavicius, Single User License     S170731:0859AO-LNX
          Imperial College London, Dept. of Chemical Engineering    DC13449
          License for teaching and research at degree granting institutions
          remigijus.paulavicius@imperial.ac.uk                             
--- Starting compilation
--- pump.gms(154) 3 Mb
--- Starting execution: elapsed 0:00:00.002
--- pump.gms(132) 4 Mb
--- Generating MINLP model pump
--- pump.gms(135) 6 Mb
---   35 rows  25 columns  94 non-zeroes
---   161 nl-code  36 nl-non-zeroes
---   9 discrete-columns
--- pump.gms(135) 4 Mb
--- Executing CONVERT: elapsed 0:00:00.005

Convert 2.0      24.7.4 r58773 Released Sep 19, 2016 LEG x86 64bit/Linux      

--- Using Option File
Reading parameter(s) from "/home/renigijus/gams/opt-mod-lib/gamslib/pump/convert.opt"
>>  ampl pump-scalar.mod
Finished reading from "/home/renigijus/gams/opt-mod-lib/gamslib/pump/convert.opt"
--- Writing Ampl      : pump-scalar.mod

--- Restarting execution
--- pump.gms(135) 2 Mb
--- Reading solution for model pump
--- pump.gms(154) 3 Mb
*** Status: Normal completion
--- Job pump.gms Stop 12/13/18 10:32:23 elapsed 0:00:00.020
