--- Job chain.gms Start 12/13/18 11:22:32 24.7.4 r58773 LEX-LEG x86 64bit/Linux
GAMS 24.7.4   Copyright (C) 1987-2016 GAMS Development. All rights reserved
Licensee: Remigijus Paulavicius, Single User License     S170731:0859AO-LNX
          Imperial College London, Dept. of Chemical Engineering    DC13449
          License for teaching and research at degree granting institutions
          remigijus.paulavicius@imperial.ac.uk                             
--- Starting compilation
--- chain.gms(72) 3 Mb
--- Starting execution: elapsed 0:00:00.002
--- chain.gms(66) 4 Mb
--- Generating NLP model chain
--- chain.gms(72) 6 Mb
---   52 rows  103 columns  354 non-zeroes
---   1,106 nl-code  153 nl-non-zeroes
--- chain.gms(72) 4 Mb
--- Executing CONVERT: elapsed 0:00:00.005

Convert 2.0      24.7.4 r58773 Released Sep 19, 2016 LEG x86 64bit/Linux      

--- Using Option File
Reading parameter(s) from "/home/renigijus/gams/opt-mod-lib/gamslib/chain/convert.opt"
>>  pyomo chain-scalar.py
Finished reading from "/home/renigijus/gams/opt-mod-lib/gamslib/chain/convert.opt"
--- Writing Pyomo     : chain-scalar.py

--- Restarting execution
--- chain.gms(72) 2 Mb
--- Reading solution for model chain
*** Status: Normal completion
--- Job chain.gms Stop 12/13/18 11:22:32 elapsed 0:00:00.017
