--- Job mingamma.gms Start 12/13/18 11:24:22 24.7.4 r58773 LEX-LEG x86 64bit/Linux
GAMS 24.7.4   Copyright (C) 1987-2016 GAMS Development. All rights reserved
Licensee: Remigijus Paulavicius, Single User License     S170731:0859AO-LNX
          Imperial College London, Dept. of Chemical Engineering    DC13449
          License for teaching and research at degree granting institutions
          remigijus.paulavicius@imperial.ac.uk                             
--- Starting compilation
--- mingamma.gms(48) 2 Mb
--- Starting execution: elapsed 0:00:00.001
--- mingamma.gms(17) 3 Mb
--- Generating DNLP model m1
--- mingamma.gms(25) 5 Mb
---   1 rows  2 columns  2 non-zeroes
---   6 nl-code  1 nl-non-zeroes
--- mingamma.gms(25) 3 Mb
--- Executing CONVERT: elapsed 0:00:00.003

Convert 2.0      24.7.4 r58773 Released Sep 19, 2016 LEG x86 64bit/Linux      

--- Using Option File
Reading parameter(s) from "/home/renigijus/gams/opt-mod-lib/gamslib/mingamma/convert.opt"
>>  gams mingamma-scalar.gms
Finished reading from "/home/renigijus/gams/opt-mod-lib/gamslib/mingamma/convert.opt"
--- Writing Gams      : mingamma-scalar.gms

--- Restarting execution
--- mingamma.gms(25) 2 Mb
--- Reading solution for model m1
--- Generating NLP model m2
--- mingamma.gms(27) 4 Mb
---   1 rows  2 columns  2 non-zeroes
---   6 nl-code  1 nl-non-zeroes
--- mingamma.gms(27) 2 Mb
--- Executing BARON: elapsed 0:00:00.015

GAMS/BARON       24.7.4 r58773 Released Sep 19, 2016 LEG x86 64bit/Linux      

--- Using Option File
*** Error Cannot open parameter file "/home/renigijus/gams/opt-mod-lib/gamslib/mingamma/baron.opt"
*** Error Error code = 2; No such file or directory
*** Cannot handle function 'LogGamma'
--- Restarting execution
--- mingamma.gms(27) 2 Mb
--- Reading solution for model m2
--- mingamma.gms(44) 2 Mb
*** Status: Normal completion
--- Job mingamma.gms Stop 12/13/18 11:24:22 elapsed 0:00:00.029
