--- Job gasoil.gms Start 12/13/18 11:22:33 24.7.4 r58773 LEX-LEG x86 64bit/Linux
GAMS 24.7.4   Copyright (C) 1987-2016 GAMS Development. All rights reserved
Licensee: Remigijus Paulavicius, Single User License     S170731:0859AO-LNX
          Imperial College London, Dept. of Chemical Engineering    DC13449
          License for teaching and research at degree granting institutions
          remigijus.paulavicius@imperial.ac.uk                             
--- Starting compilation
--- gasoil.gms(80) 3 Mb
--- .copspart.inc(67) 3 Mb
--- gasoil.gms(99) 3 Mb
--- Starting execution: elapsed 0:00:00.003
--- gasoil.gms(162) 4 Mb
--- Generating NLP model gasoil
--- gasoil.gms(166) 7 Mb
---   1,299 rows  1,304 columns  6,991 non-zeroes
---   3,690 nl-code  1,602 nl-non-zeroes
--- gasoil.gms(166) 4 Mb
--- Executing CONVERT: elapsed 0:00:00.015

Convert 2.0      24.7.4 r58773 Released Sep 19, 2016 LEG x86 64bit/Linux      

--- Using Option File
Reading parameter(s) from "/home/renigijus/gams/opt-mod-lib/gamslib/gasoil/convert.opt"
>>  ampl gasoil-scalar.mod
Finished reading from "/home/renigijus/gams/opt-mod-lib/gamslib/gasoil/convert.opt"
--- Writing Ampl      : gasoil-scalar.mod

--- Restarting execution
--- gasoil.gms(166) 2 Mb
--- Reading solution for model gasoil
*** Status: Normal completion
--- Job gasoil.gms Stop 12/13/18 11:22:33 elapsed 0:00:00.035
