--- Job aircraft.gms Start 12/13/18 10:24:29 24.7.4 r58773 LEX-LEG x86 64bit/Linux
GAMS 24.7.4   Copyright (C) 1987-2016 GAMS Development. All rights reserved
Licensee: Remigijus Paulavicius, Single User License     S170731:0859AO-LNX
          Imperial College London, Dept. of Chemical Engineering    DC13449
          License for teaching and research at degree granting institutions
          remigijus.paulavicius@imperial.ac.uk                             
--- Starting compilation
--- aircraft.gms(116) 3 Mb
--- Starting execution: elapsed 0:00:00.001
--- aircraft.gms(110) 4 Mb
--- Generating LP model alloc1
--- aircraft.gms(112) 4 Mb
---   12 rows  43 columns  99 non-zeroes
--- Executing CONVERT: elapsed 0:00:00.004

Convert 2.0      24.7.4 r58773 Released Sep 19, 2016 LEG x86 64bit/Linux      

--- Using Option File
Reading parameter(s) from "/home/renigijus/gams/opt-mod-lib/gamslib/aircraft/convert.opt"
>>  gams aircraft-scalar.gms
Finished reading from "/home/renigijus/gams/opt-mod-lib/gamslib/aircraft/convert.opt"
--- Writing Gams      : aircraft-scalar.gms

--- Restarting execution
--- aircraft.gms(112) 2 Mb
--- Reading solution for model alloc1
--- aircraft.gms(114) 3 Mb
--- Generating LP model alloc2
--- aircraft.gms(116) 3 Mb
---   57 rows  73 columns  222 non-zeroes
--- Executing CONVERT: elapsed 0:00:00.019

Convert 2.0      24.7.4 r58773 Released Sep 19, 2016 LEG x86 64bit/Linux      

--- Using Option File
Reading parameter(s) from "/home/renigijus/gams/opt-mod-lib/gamslib/aircraft/convert.opt"
>>  gams aircraft-scalar.gms
Finished reading from "/home/renigijus/gams/opt-mod-lib/gamslib/aircraft/convert.opt"
--- Writing Gams      : aircraft-scalar.gms

--- Restarting execution
--- aircraft.gms(116) 2 Mb
--- Reading solution for model alloc2
--- aircraft.gms(116) 3 Mb
*** Status: Normal completion
--- Job aircraft.gms Stop 12/13/18 10:24:29 elapsed 0:00:00.030
