--- Job aircraft.gms Start 12/13/18 10:24:29 24.7.4 r58773 LEX-LEG x86 64bit/Linux
GAMS 24.7.4   Copyright (C) 1987-2016 GAMS Development. All rights reserved
Licensee: Remigijus Paulavicius, Single User License     S170731:0859AO-LNX
          Imperial College London, Dept. of Chemical Engineering    DC13449
          License for teaching and research at degree granting institutions
          remigijus.paulavicius@imperial.ac.uk                             
--- Starting compilation
--- aircraft.gms(117) 3 Mb
--- Starting execution: elapsed 0:00:00.002
--- aircraft.gms(111) 4 Mb
--- Generating LP model alloc1
--- aircraft.gms(113) 4 Mb
---   12 rows  43 columns  99 non-zeroes
--- Executing CONVERT: elapsed 0:00:00.006

Convert 2.0      24.7.4 r58773 Released Sep 19, 2016 LEG x86 64bit/Linux      

--- Using Option File
Reading parameter(s) from "/home/renigijus/gams/opt-mod-lib/gamslib/aircraft/convert.opt"
>>  pyomo aircraft-scalar.py
Finished reading from "/home/renigijus/gams/opt-mod-lib/gamslib/aircraft/convert.opt"
--- Writing Pyomo     : aircraft-scalar.py

--- Restarting execution
--- aircraft.gms(113) 2 Mb
--- Reading solution for model alloc1
--- aircraft.gms(115) 3 Mb
--- Generating LP model alloc2
--- aircraft.gms(117) 3 Mb
---   57 rows  73 columns  222 non-zeroes
--- Executing CONVERT: elapsed 0:00:00.017

Convert 2.0      24.7.4 r58773 Released Sep 19, 2016 LEG x86 64bit/Linux      

--- Using Option File
Reading parameter(s) from "/home/renigijus/gams/opt-mod-lib/gamslib/aircraft/convert.opt"
>>  pyomo aircraft-scalar.py
Finished reading from "/home/renigijus/gams/opt-mod-lib/gamslib/aircraft/convert.opt"
--- Writing Pyomo     : aircraft-scalar.py

--- Restarting execution
--- aircraft.gms(117) 2 Mb
--- Reading solution for model alloc2
--- aircraft.gms(117) 3 Mb
*** Status: Normal completion
--- Job aircraft.gms Stop 12/13/18 10:24:29 elapsed 0:00:00.029
