--- Job dyncge.gms Start 12/13/18 11:43:44 24.7.4 r58773 LEX-LEG x86 64bit/Linux
GAMS 24.7.4   Copyright (C) 1987-2016 GAMS Development. All rights reserved
Licensee: Remigijus Paulavicius, Single User License     S170731:0859AO-LNX
          Imperial College London, Dept. of Chemical Engineering    DC13449
          License for teaching and research at degree granting institutions
          remigijus.paulavicius@imperial.ac.uk                             
--- Starting compilation
--- dyncge.gms(767) 3 Mb
--- Starting execution: elapsed 0:00:00.007
--- dyncge.gms(539) 4 Mb
--- Generating NLP model dyncge
--- dyncge.gms(544) 6 Mb
---   116 rows  117 columns  529 non-zeroes
---   823 nl-code  296 nl-non-zeroes
--- dyncge.gms(544) 4 Mb
--- Executing CONVERT: elapsed 0:00:00.011

Convert 2.0      24.7.4 r58773 Released Sep 19, 2016 LEG x86 64bit/Linux      

--- Using Option File
Reading parameter(s) from "/home/renigijus/gams/opt-mod-lib/gamslib/dyncge/convert.opt"
>>  gams dyncge-scalar.gms
Finished reading from "/home/renigijus/gams/opt-mod-lib/gamslib/dyncge/convert.opt"
--- Writing Gams      : dyncge-scalar.gms

--- Restarting execution
--- dyncge.gms(544) 2 Mb
--- Reading solution for model dyncge
--- dyncge.gms(555) 3 Mb
--- Generating NLP model dyncge
--- dyncge.gms(556) 5 Mb
--- Reset Solvelink = 2
--- LOOPS t = 0
---   116 rows  117 columns  521 non-zeroes
---   795 nl-code  288 nl-non-zeroes
--- dyncge.gms(556) 3 Mb
--- Executing CONVERT (Solvelink=2): elapsed 0:00:00.024

Convert 2.0      24.7.4 r58773 Released Sep 19, 2016 LEG x86 64bit/Linux      

--- Using Option File
Reading parameter(s) from "/home/renigijus/gams/opt-mod-lib/gamslib/dyncge/convert.opt"
>>  gams dyncge-scalar.gms
Finished reading from "/home/renigijus/gams/opt-mod-lib/gamslib/dyncge/convert.opt"
--- Writing Gams      : dyncge-scalar.gms

--- Reading solution for model dyncge
--- dyncge.gms(555) 3 Mb
--- Generating NLP model dyncge
--- dyncge.gms(556) 5 Mb
--- Reset Solvelink = 2
--- LOOPS t = 1
---   116 rows  117 columns  521 non-zeroes
---   795 nl-code  288 nl-non-zeroes
--- dyncge.gms(556) 3 Mb
--- Executing CONVERT (Solvelink=2): elapsed 0:00:00.031

Convert 2.0      24.7.4 r58773 Released Sep 19, 2016 LEG x86 64bit/Linux      

--- Using Option File
Reading parameter(s) from "/home/renigijus/gams/opt-mod-lib/gamslib/dyncge/convert.opt"
>>  gams dyncge-scalar.gms
Finished reading from "/home/renigijus/gams/opt-mod-lib/gamslib/dyncge/convert.opt"
--- Writing Gams      : dyncge-scalar.gms

--- Reading solution for model dyncge
--- dyncge.gms(555) 3 Mb
--- Generating NLP model dyncge
--- dyncge.gms(556) 5 Mb
--- Reset Solvelink = 2
--- LOOPS t = 2
---   116 rows  117 columns  521 non-zeroes
---   795 nl-code  288 nl-non-zeroes
--- dyncge.gms(556) 3 Mb
--- Executing CONVERT (Solvelink=2): elapsed 0:00:00.039

Convert 2.0      24.7.4 r58773 Released Sep 19, 2016 LEG x86 64bit/Linux      

--- Using Option File
Reading parameter(s) from "/home/renigijus/gams/opt-mod-lib/gamslib/dyncge/convert.opt"
>>  gams dyncge-scalar.gms
Finished reading from "/home/renigijus/gams/opt-mod-lib/gamslib/dyncge/convert.opt"
--- Writing Gams      : dyncge-scalar.gms

--- Reading solution for model dyncge
--- dyncge.gms(555) 3 Mb
--- Generating NLP model dyncge
--- dyncge.gms(556) 5 Mb
--- Reset Solvelink = 2
--- LOOPS t = 3
---   116 rows  117 columns  521 non-zeroes
---   795 nl-code  288 nl-non-zeroes
--- dyncge.gms(556) 3 Mb
--- Executing CONVERT (Solvelink=2): elapsed 0:00:00.043

Convert 2.0      24.7.4 r58773 Released Sep 19, 2016 LEG x86 64bit/Linux      

--- Using Option File
Reading parameter(s) from "/home/renigijus/gams/opt-mod-lib/gamslib/dyncge/convert.opt"
>>  gams dyncge-scalar.gms
Finished reading from "/home/renigijus/gams/opt-mod-lib/gamslib/dyncge/convert.opt"
--- Writing Gams      : dyncge-scalar.gms

--- Reading solution for model dyncge
--- dyncge.gms(555) 3 Mb
--- Generating NLP model dyncge
--- dyncge.gms(556) 5 Mb
--- Reset Solvelink = 2
--- LOOPS t = 4
---   116 rows  117 columns  521 non-zeroes
---   795 nl-code  288 nl-non-zeroes
--- dyncge.gms(556) 3 Mb
--- Executing CONVERT (Solvelink=2): elapsed 0:00:00.048

Convert 2.0      24.7.4 r58773 Released Sep 19, 2016 LEG x86 64bit/Linux      

--- Using Option File
Reading parameter(s) from "/home/renigijus/gams/opt-mod-lib/gamslib/dyncge/convert.opt"
>>  gams dyncge-scalar.gms
Finished reading from "/home/renigijus/gams/opt-mod-lib/gamslib/dyncge/convert.opt"
--- Writing Gams      : dyncge-scalar.gms

--- Reading solution for model dyncge
--- dyncge.gms(555) 3 Mb
--- Generating NLP model dyncge
--- dyncge.gms(556) 5 Mb
--- Reset Solvelink = 2
--- LOOPS t = 5
---   116 rows  117 columns  521 non-zeroes
---   795 nl-code  288 nl-non-zeroes
--- dyncge.gms(556) 3 Mb
--- Executing CONVERT (Solvelink=2): elapsed 0:00:00.053

Convert 2.0      24.7.4 r58773 Released Sep 19, 2016 LEG x86 64bit/Linux      

--- Using Option File
Reading parameter(s) from "/home/renigijus/gams/opt-mod-lib/gamslib/dyncge/convert.opt"
>>  gams dyncge-scalar.gms
Finished reading from "/home/renigijus/gams/opt-mod-lib/gamslib/dyncge/convert.opt"
--- Writing Gams      : dyncge-scalar.gms

--- Reading solution for model dyncge
--- dyncge.gms(555) 3 Mb
--- Generating NLP model dyncge
--- dyncge.gms(556) 5 Mb
--- Reset Solvelink = 2
--- LOOPS t = 6
---   116 rows  117 columns  521 non-zeroes
---   795 nl-code  288 nl-non-zeroes
--- dyncge.gms(556) 3 Mb
--- Executing CONVERT (Solvelink=2): elapsed 0:00:00.058

Convert 2.0      24.7.4 r58773 Released Sep 19, 2016 LEG x86 64bit/Linux      

--- Using Option File
Reading parameter(s) from "/home/renigijus/gams/opt-mod-lib/gamslib/dyncge/convert.opt"
>>  gams dyncge-scalar.gms
Finished reading from "/home/renigijus/gams/opt-mod-lib/gamslib/dyncge/convert.opt"
--- Writing Gams      : dyncge-scalar.gms

--- Reading solution for model dyncge
--- dyncge.gms(555) 3 Mb
--- Generating NLP model dyncge
--- dyncge.gms(556) 5 Mb
--- Reset Solvelink = 2
--- LOOPS t = 7
---   116 rows  117 columns  521 non-zeroes
---   795 nl-code  288 nl-non-zeroes
--- dyncge.gms(556) 3 Mb
--- Executing CONVERT (Solvelink=2): elapsed 0:00:00.063

Convert 2.0      24.7.4 r58773 Released Sep 19, 2016 LEG x86 64bit/Linux      

--- Using Option File
Reading parameter(s) from "/home/renigijus/gams/opt-mod-lib/gamslib/dyncge/convert.opt"
>>  gams dyncge-scalar.gms
Finished reading from "/home/renigijus/gams/opt-mod-lib/gamslib/dyncge/convert.opt"
--- Writing Gams      : dyncge-scalar.gms

--- Reading solution for model dyncge
--- dyncge.gms(555) 3 Mb
--- Generating NLP model dyncge
--- dyncge.gms(556) 5 Mb
--- Reset Solvelink = 2
--- LOOPS t = 8
---   116 rows  117 columns  521 non-zeroes
---   795 nl-code  288 nl-non-zeroes
--- dyncge.gms(556) 3 Mb
--- Executing CONVERT (Solvelink=2): elapsed 0:00:00.069

Convert 2.0      24.7.4 r58773 Released Sep 19, 2016 LEG x86 64bit/Linux      

--- Using Option File
Reading parameter(s) from "/home/renigijus/gams/opt-mod-lib/gamslib/dyncge/convert.opt"
>>  gams dyncge-scalar.gms
Finished reading from "/home/renigijus/gams/opt-mod-lib/gamslib/dyncge/convert.opt"
--- Writing Gams      : dyncge-scalar.gms

--- Reading solution for model dyncge
--- dyncge.gms(555) 3 Mb
--- Generating NLP model dyncge
--- dyncge.gms(556) 5 Mb
--- Reset Solvelink = 2
--- LOOPS t = 9
---   116 rows  117 columns  521 non-zeroes
---   795 nl-code  288 nl-non-zeroes
--- dyncge.gms(556) 3 Mb
--- Executing CONVERT (Solvelink=2): elapsed 0:00:00.075

Convert 2.0      24.7.4 r58773 Released Sep 19, 2016 LEG x86 64bit/Linux      

--- Using Option File
Reading parameter(s) from "/home/renigijus/gams/opt-mod-lib/gamslib/dyncge/convert.opt"
>>  gams dyncge-scalar.gms
Finished reading from "/home/renigijus/gams/opt-mod-lib/gamslib/dyncge/convert.opt"
--- Writing Gams      : dyncge-scalar.gms

--- Reading solution for model dyncge
--- dyncge.gms(555) 3 Mb
--- Generating NLP model dyncge
--- dyncge.gms(556) 5 Mb
--- Reset Solvelink = 2
--- LOOPS t = 10
---   116 rows  117 columns  521 non-zeroes
---   795 nl-code  288 nl-non-zeroes
--- dyncge.gms(556) 3 Mb
--- Executing CONVERT (Solvelink=2): elapsed 0:00:00.081

Convert 2.0      24.7.4 r58773 Released Sep 19, 2016 LEG x86 64bit/Linux      

--- Using Option File
Reading parameter(s) from "/home/renigijus/gams/opt-mod-lib/gamslib/dyncge/convert.opt"
>>  gams dyncge-scalar.gms
Finished reading from "/home/renigijus/gams/opt-mod-lib/gamslib/dyncge/convert.opt"
--- Writing Gams      : dyncge-scalar.gms

--- Reading solution for model dyncge
--- dyncge.gms(555) 3 Mb
--- Generating NLP model dyncge
--- dyncge.gms(556) 5 Mb
--- Reset Solvelink = 2
--- LOOPS t = 11
---   116 rows  117 columns  521 non-zeroes
---   795 nl-code  288 nl-non-zeroes
--- dyncge.gms(556) 3 Mb
--- Executing CONVERT (Solvelink=2): elapsed 0:00:00.088

Convert 2.0      24.7.4 r58773 Released Sep 19, 2016 LEG x86 64bit/Linux      

--- Using Option File
Reading parameter(s) from "/home/renigijus/gams/opt-mod-lib/gamslib/dyncge/convert.opt"
>>  gams dyncge-scalar.gms
Finished reading from "/home/renigijus/gams/opt-mod-lib/gamslib/dyncge/convert.opt"
--- Writing Gams      : dyncge-scalar.gms

--- Reading solution for model dyncge
--- dyncge.gms(555) 3 Mb
--- Generating NLP model dyncge
--- dyncge.gms(556) 5 Mb
--- Reset Solvelink = 2
--- LOOPS t = 12
---   116 rows  117 columns  521 non-zeroes
---   795 nl-code  288 nl-non-zeroes
--- dyncge.gms(556) 3 Mb
--- Executing CONVERT (Solvelink=2): elapsed 0:00:00.096

Convert 2.0      24.7.4 r58773 Released Sep 19, 2016 LEG x86 64bit/Linux      

--- Using Option File
Reading parameter(s) from "/home/renigijus/gams/opt-mod-lib/gamslib/dyncge/convert.opt"
>>  gams dyncge-scalar.gms
Finished reading from "/home/renigijus/gams/opt-mod-lib/gamslib/dyncge/convert.opt"
--- Writing Gams      : dyncge-scalar.gms

--- Reading solution for model dyncge
--- dyncge.gms(555) 3 Mb
--- Generating NLP model dyncge
--- dyncge.gms(556) 5 Mb
--- Reset Solvelink = 2
--- LOOPS t = 13
---   116 rows  117 columns  521 non-zeroes
---   795 nl-code  288 nl-non-zeroes
--- dyncge.gms(556) 3 Mb
--- Executing CONVERT (Solvelink=2): elapsed 0:00:00.104

Convert 2.0      24.7.4 r58773 Released Sep 19, 2016 LEG x86 64bit/Linux      

--- Using Option File
Reading parameter(s) from "/home/renigijus/gams/opt-mod-lib/gamslib/dyncge/convert.opt"
>>  gams dyncge-scalar.gms
Finished reading from "/home/renigijus/gams/opt-mod-lib/gamslib/dyncge/convert.opt"
--- Writing Gams      : dyncge-scalar.gms

--- Reading solution for model dyncge
--- dyncge.gms(555) 3 Mb
--- Generating NLP model dyncge
--- dyncge.gms(556) 5 Mb
--- Reset Solvelink = 2
--- LOOPS t = 14
---   116 rows  117 columns  521 non-zeroes
---   795 nl-code  288 nl-non-zeroes
--- dyncge.gms(556) 3 Mb
--- Executing CONVERT (Solvelink=2): elapsed 0:00:00.112

Convert 2.0      24.7.4 r58773 Released Sep 19, 2016 LEG x86 64bit/Linux      

--- Using Option File
Reading parameter(s) from "/home/renigijus/gams/opt-mod-lib/gamslib/dyncge/convert.opt"
>>  gams dyncge-scalar.gms
Finished reading from "/home/renigijus/gams/opt-mod-lib/gamslib/dyncge/convert.opt"
--- Writing Gams      : dyncge-scalar.gms

--- Reading solution for model dyncge
--- dyncge.gms(555) 3 Mb
--- Generating NLP model dyncge
--- dyncge.gms(556) 5 Mb
--- Reset Solvelink = 2
--- LOOPS t = 15
---   116 rows  117 columns  521 non-zeroes
---   795 nl-code  288 nl-non-zeroes
--- dyncge.gms(556) 3 Mb
--- Executing CONVERT (Solvelink=2): elapsed 0:00:00.120

Convert 2.0      24.7.4 r58773 Released Sep 19, 2016 LEG x86 64bit/Linux      

--- Using Option File
Reading parameter(s) from "/home/renigijus/gams/opt-mod-lib/gamslib/dyncge/convert.opt"
>>  gams dyncge-scalar.gms
Finished reading from "/home/renigijus/gams/opt-mod-lib/gamslib/dyncge/convert.opt"
--- Writing Gams      : dyncge-scalar.gms

--- Reading solution for model dyncge
--- dyncge.gms(555) 3 Mb
--- Generating NLP model dyncge
--- dyncge.gms(556) 5 Mb
--- Reset Solvelink = 2
--- LOOPS t = 16
---   116 rows  117 columns  521 non-zeroes
---   795 nl-code  288 nl-non-zeroes
--- dyncge.gms(556) 3 Mb
--- Executing CONVERT (Solvelink=2): elapsed 0:00:00.126

Convert 2.0      24.7.4 r58773 Released Sep 19, 2016 LEG x86 64bit/Linux      

--- Using Option File
Reading parameter(s) from "/home/renigijus/gams/opt-mod-lib/gamslib/dyncge/convert.opt"
>>  gams dyncge-scalar.gms
Finished reading from "/home/renigijus/gams/opt-mod-lib/gamslib/dyncge/convert.opt"
--- Writing Gams      : dyncge-scalar.gms

--- Reading solution for model dyncge
--- dyncge.gms(555) 3 Mb
--- Generating NLP model dyncge
--- dyncge.gms(556) 5 Mb
--- Reset Solvelink = 2
--- LOOPS t = 17
---   116 rows  117 columns  521 non-zeroes
---   795 nl-code  288 nl-non-zeroes
--- dyncge.gms(556) 3 Mb
--- Executing CONVERT (Solvelink=2): elapsed 0:00:00.131

Convert 2.0      24.7.4 r58773 Released Sep 19, 2016 LEG x86 64bit/Linux      

--- Using Option File
Reading parameter(s) from "/home/renigijus/gams/opt-mod-lib/gamslib/dyncge/convert.opt"
>>  gams dyncge-scalar.gms
Finished reading from "/home/renigijus/gams/opt-mod-lib/gamslib/dyncge/convert.opt"
--- Writing Gams      : dyncge-scalar.gms

--- Reading solution for model dyncge
--- dyncge.gms(555) 3 Mb
--- Generating NLP model dyncge
--- dyncge.gms(556) 5 Mb
--- Reset Solvelink = 2
--- LOOPS t = 18
---   116 rows  117 columns  521 non-zeroes
---   795 nl-code  288 nl-non-zeroes
--- dyncge.gms(556) 3 Mb
--- Executing CONVERT (Solvelink=2): elapsed 0:00:00.137

Convert 2.0      24.7.4 r58773 Released Sep 19, 2016 LEG x86 64bit/Linux      

--- Using Option File
Reading parameter(s) from "/home/renigijus/gams/opt-mod-lib/gamslib/dyncge/convert.opt"
>>  gams dyncge-scalar.gms
Finished reading from "/home/renigijus/gams/opt-mod-lib/gamslib/dyncge/convert.opt"
--- Writing Gams      : dyncge-scalar.gms

--- Reading solution for model dyncge
--- dyncge.gms(555) 3 Mb
--- Generating NLP model dyncge
--- dyncge.gms(556) 5 Mb
--- Reset Solvelink = 2
--- LOOPS t = 19
---   116 rows  117 columns  521 non-zeroes
---   795 nl-code  288 nl-non-zeroes
--- dyncge.gms(556) 3 Mb
--- Executing CONVERT (Solvelink=2): elapsed 0:00:00.143

Convert 2.0      24.7.4 r58773 Released Sep 19, 2016 LEG x86 64bit/Linux      

--- Using Option File
Reading parameter(s) from "/home/renigijus/gams/opt-mod-lib/gamslib/dyncge/convert.opt"
>>  gams dyncge-scalar.gms
Finished reading from "/home/renigijus/gams/opt-mod-lib/gamslib/dyncge/convert.opt"
--- Writing Gams      : dyncge-scalar.gms

--- Reading solution for model dyncge
--- dyncge.gms(555) 3 Mb
--- Generating NLP model dyncge
--- dyncge.gms(556) 5 Mb
--- Reset Solvelink = 2
--- LOOPS t = 20
---   116 rows  117 columns  521 non-zeroes
---   795 nl-code  288 nl-non-zeroes
--- dyncge.gms(556) 3 Mb
--- Executing CONVERT (Solvelink=2): elapsed 0:00:00.150

Convert 2.0      24.7.4 r58773 Released Sep 19, 2016 LEG x86 64bit/Linux      

--- Using Option File
Reading parameter(s) from "/home/renigijus/gams/opt-mod-lib/gamslib/dyncge/convert.opt"
>>  gams dyncge-scalar.gms
Finished reading from "/home/renigijus/gams/opt-mod-lib/gamslib/dyncge/convert.opt"
--- Writing Gams      : dyncge-scalar.gms

--- Reading solution for model dyncge
--- dyncge.gms(555) 3 Mb
--- Generating NLP model dyncge
--- dyncge.gms(556) 5 Mb
--- Reset Solvelink = 2
--- LOOPS t = 21
---   116 rows  117 columns  521 non-zeroes
---   795 nl-code  288 nl-non-zeroes
--- dyncge.gms(556) 3 Mb
--- Executing CONVERT (Solvelink=2): elapsed 0:00:00.156

Convert 2.0      24.7.4 r58773 Released Sep 19, 2016 LEG x86 64bit/Linux      

--- Using Option File
Reading parameter(s) from "/home/renigijus/gams/opt-mod-lib/gamslib/dyncge/convert.opt"
>>  gams dyncge-scalar.gms
Finished reading from "/home/renigijus/gams/opt-mod-lib/gamslib/dyncge/convert.opt"
--- Writing Gams      : dyncge-scalar.gms

--- Reading solution for model dyncge
--- dyncge.gms(555) 3 Mb
--- Generating NLP model dyncge
--- dyncge.gms(556) 5 Mb
--- Reset Solvelink = 2
--- LOOPS t = 22
---   116 rows  117 columns  521 non-zeroes
---   795 nl-code  288 nl-non-zeroes
--- dyncge.gms(556) 3 Mb
--- Executing CONVERT (Solvelink=2): elapsed 0:00:00.163

Convert 2.0      24.7.4 r58773 Released Sep 19, 2016 LEG x86 64bit/Linux      

--- Using Option File
Reading parameter(s) from "/home/renigijus/gams/opt-mod-lib/gamslib/dyncge/convert.opt"
>>  gams dyncge-scalar.gms
Finished reading from "/home/renigijus/gams/opt-mod-lib/gamslib/dyncge/convert.opt"
--- Writing Gams      : dyncge-scalar.gms

--- Reading solution for model dyncge
--- dyncge.gms(555) 3 Mb
--- Generating NLP model dyncge
--- dyncge.gms(556) 5 Mb
--- Reset Solvelink = 2
--- LOOPS t = 23
---   116 rows  117 columns  521 non-zeroes
---   795 nl-code  288 nl-non-zeroes
--- dyncge.gms(556) 3 Mb
--- Executing CONVERT (Solvelink=2): elapsed 0:00:00.169

Convert 2.0      24.7.4 r58773 Released Sep 19, 2016 LEG x86 64bit/Linux      

--- Using Option File
Reading parameter(s) from "/home/renigijus/gams/opt-mod-lib/gamslib/dyncge/convert.opt"
>>  gams dyncge-scalar.gms
Finished reading from "/home/renigijus/gams/opt-mod-lib/gamslib/dyncge/convert.opt"
--- Writing Gams      : dyncge-scalar.gms

--- Reading solution for model dyncge
--- dyncge.gms(555) 3 Mb
--- Generating NLP model dyncge
--- dyncge.gms(556) 5 Mb
--- Reset Solvelink = 2
--- LOOPS t = 24
---   116 rows  117 columns  521 non-zeroes
---   795 nl-code  288 nl-non-zeroes
--- dyncge.gms(556) 3 Mb
--- Executing CONVERT (Solvelink=2): elapsed 0:00:00.176

Convert 2.0      24.7.4 r58773 Released Sep 19, 2016 LEG x86 64bit/Linux      

--- Using Option File
Reading parameter(s) from "/home/renigijus/gams/opt-mod-lib/gamslib/dyncge/convert.opt"
>>  gams dyncge-scalar.gms
Finished reading from "/home/renigijus/gams/opt-mod-lib/gamslib/dyncge/convert.opt"
--- Writing Gams      : dyncge-scalar.gms

--- Reading solution for model dyncge
--- dyncge.gms(555) 3 Mb
--- Generating NLP model dyncge
--- dyncge.gms(556) 5 Mb
--- Reset Solvelink = 2
--- LOOPS t = 25
---   116 rows  117 columns  521 non-zeroes
---   795 nl-code  288 nl-non-zeroes
--- dyncge.gms(556) 3 Mb
--- Executing CONVERT (Solvelink=2): elapsed 0:00:00.182

Convert 2.0      24.7.4 r58773 Released Sep 19, 2016 LEG x86 64bit/Linux      

--- Using Option File
Reading parameter(s) from "/home/renigijus/gams/opt-mod-lib/gamslib/dyncge/convert.opt"
>>  gams dyncge-scalar.gms
Finished reading from "/home/renigijus/gams/opt-mod-lib/gamslib/dyncge/convert.opt"
--- Writing Gams      : dyncge-scalar.gms

--- Reading solution for model dyncge
--- dyncge.gms(555) 3 Mb
--- Generating NLP model dyncge
--- dyncge.gms(556) 5 Mb
--- Reset Solvelink = 2
--- LOOPS t = 26
---   116 rows  117 columns  521 non-zeroes
---   795 nl-code  288 nl-non-zeroes
--- dyncge.gms(556) 3 Mb
--- Executing CONVERT (Solvelink=2): elapsed 0:00:00.188

Convert 2.0      24.7.4 r58773 Released Sep 19, 2016 LEG x86 64bit/Linux      

--- Using Option File
Reading parameter(s) from "/home/renigijus/gams/opt-mod-lib/gamslib/dyncge/convert.opt"
>>  gams dyncge-scalar.gms
Finished reading from "/home/renigijus/gams/opt-mod-lib/gamslib/dyncge/convert.opt"
--- Writing Gams      : dyncge-scalar.gms

--- Reading solution for model dyncge
--- dyncge.gms(555) 3 Mb
--- Generating NLP model dyncge
--- dyncge.gms(556) 5 Mb
--- Reset Solvelink = 2
--- LOOPS t = 27
---   116 rows  117 columns  521 non-zeroes
---   795 nl-code  288 nl-non-zeroes
--- dyncge.gms(556) 3 Mb
--- Executing CONVERT (Solvelink=2): elapsed 0:00:00.195

Convert 2.0      24.7.4 r58773 Released Sep 19, 2016 LEG x86 64bit/Linux      

--- Using Option File
Reading parameter(s) from "/home/renigijus/gams/opt-mod-lib/gamslib/dyncge/convert.opt"
>>  gams dyncge-scalar.gms
Finished reading from "/home/renigijus/gams/opt-mod-lib/gamslib/dyncge/convert.opt"
--- Writing Gams      : dyncge-scalar.gms

--- Reading solution for model dyncge
--- dyncge.gms(555) 3 Mb
--- Generating NLP model dyncge
--- dyncge.gms(556) 5 Mb
--- Reset Solvelink = 2
--- LOOPS t = 28
---   116 rows  117 columns  521 non-zeroes
---   795 nl-code  288 nl-non-zeroes
--- dyncge.gms(556) 3 Mb
--- Executing CONVERT (Solvelink=2): elapsed 0:00:00.241

Convert 2.0      24.7.4 r58773 Released Sep 19, 2016 LEG x86 64bit/Linux      

--- Using Option File
Reading parameter(s) from "/home/renigijus/gams/opt-mod-lib/gamslib/dyncge/convert.opt"
>>  gams dyncge-scalar.gms
Finished reading from "/home/renigijus/gams/opt-mod-lib/gamslib/dyncge/convert.opt"
--- Writing Gams      : dyncge-scalar.gms

--- Reading solution for model dyncge
--- dyncge.gms(555) 3 Mb
--- Generating NLP model dyncge
--- dyncge.gms(556) 5 Mb
--- Reset Solvelink = 2
--- LOOPS t = 29
---   116 rows  117 columns  521 non-zeroes
---   795 nl-code  288 nl-non-zeroes
--- dyncge.gms(556) 3 Mb
--- Executing CONVERT (Solvelink=2): elapsed 0:00:00.292

Convert 2.0      24.7.4 r58773 Released Sep 19, 2016 LEG x86 64bit/Linux      

--- Using Option File
Reading parameter(s) from "/home/renigijus/gams/opt-mod-lib/gamslib/dyncge/convert.opt"
>>  gams dyncge-scalar.gms
Finished reading from "/home/renigijus/gams/opt-mod-lib/gamslib/dyncge/convert.opt"
--- Writing Gams      : dyncge-scalar.gms

--- Reading solution for model dyncge
--- dyncge.gms(555) 3 Mb
--- Generating NLP model dyncge
--- dyncge.gms(556) 5 Mb
--- Reset Solvelink = 2
--- LOOPS t = 30
---   116 rows  117 columns  521 non-zeroes
---   795 nl-code  288 nl-non-zeroes
--- dyncge.gms(556) 3 Mb
--- Executing CONVERT (Solvelink=2): elapsed 0:00:00.341

Convert 2.0      24.7.4 r58773 Released Sep 19, 2016 LEG x86 64bit/Linux      

--- Using Option File
Reading parameter(s) from "/home/renigijus/gams/opt-mod-lib/gamslib/dyncge/convert.opt"
>>  gams dyncge-scalar.gms
Finished reading from "/home/renigijus/gams/opt-mod-lib/gamslib/dyncge/convert.opt"
--- Writing Gams      : dyncge-scalar.gms

--- Reading solution for model dyncge
--- dyncge.gms(764) 3 Mb
--- GDX File /home/renigijus/gams/opt-mod-lib/gamslib/dyncge/result.gdx
*** Status: Normal completion
--- Job dyncge.gms Stop 12/13/18 11:43:44 elapsed 0:00:00.351
