--- Job dyncge.gms Start 12/13/18 11:43:44 24.7.4 r58773 LEX-LEG x86 64bit/Linux
GAMS 24.7.4   Copyright (C) 1987-2016 GAMS Development. All rights reserved
Licensee: Remigijus Paulavicius, Single User License     S170731:0859AO-LNX
          Imperial College London, Dept. of Chemical Engineering    DC13449
          License for teaching and research at degree granting institutions
          remigijus.paulavicius@imperial.ac.uk                             
--- Starting compilation
--- dyncge.gms(768) 3 Mb
--- Starting execution: elapsed 0:00:00.006
--- dyncge.gms(540) 4 Mb
--- Generating NLP model dyncge
--- dyncge.gms(545) 6 Mb
---   116 rows  117 columns  529 non-zeroes
---   823 nl-code  296 nl-non-zeroes
--- dyncge.gms(545) 4 Mb
--- Executing CONVERT: elapsed 0:00:00.011

Convert 2.0      24.7.4 r58773 Released Sep 19, 2016 LEG x86 64bit/Linux      

--- Using Option File
Reading parameter(s) from "/home/renigijus/gams/opt-mod-lib/gamslib/dyncge/convert.opt"
>>  pyomo dyncge-scalar.py
Finished reading from "/home/renigijus/gams/opt-mod-lib/gamslib/dyncge/convert.opt"
--- Writing Pyomo     : dyncge-scalar.py

--- Restarting execution
--- dyncge.gms(545) 2 Mb
--- Reading solution for model dyncge
--- dyncge.gms(556) 3 Mb
--- Generating NLP model dyncge
--- dyncge.gms(557) 5 Mb
--- Reset Solvelink = 2
--- LOOPS t = 0
---   116 rows  117 columns  521 non-zeroes
---   795 nl-code  288 nl-non-zeroes
--- dyncge.gms(557) 3 Mb
--- Executing CONVERT (Solvelink=2): elapsed 0:00:00.027

Convert 2.0      24.7.4 r58773 Released Sep 19, 2016 LEG x86 64bit/Linux      

--- Using Option File
Reading parameter(s) from "/home/renigijus/gams/opt-mod-lib/gamslib/dyncge/convert.opt"
>>  pyomo dyncge-scalar.py
Finished reading from "/home/renigijus/gams/opt-mod-lib/gamslib/dyncge/convert.opt"
--- Writing Pyomo     : dyncge-scalar.py

--- Reading solution for model dyncge
--- dyncge.gms(556) 3 Mb
--- Generating NLP model dyncge
--- dyncge.gms(557) 5 Mb
--- Reset Solvelink = 2
--- LOOPS t = 1
---   116 rows  117 columns  521 non-zeroes
---   795 nl-code  288 nl-non-zeroes
--- dyncge.gms(557) 3 Mb
--- Executing CONVERT (Solvelink=2): elapsed 0:00:00.086

Convert 2.0      24.7.4 r58773 Released Sep 19, 2016 LEG x86 64bit/Linux      

--- Using Option File
Reading parameter(s) from "/home/renigijus/gams/opt-mod-lib/gamslib/dyncge/convert.opt"
>>  pyomo dyncge-scalar.py
Finished reading from "/home/renigijus/gams/opt-mod-lib/gamslib/dyncge/convert.opt"
--- Writing Pyomo     : dyncge-scalar.py

--- Reading solution for model dyncge
--- dyncge.gms(556) 3 Mb
--- Generating NLP model dyncge
--- dyncge.gms(557) 5 Mb
--- Reset Solvelink = 2
--- LOOPS t = 2
---   116 rows  117 columns  521 non-zeroes
---   795 nl-code  288 nl-non-zeroes
--- dyncge.gms(557) 3 Mb
--- Executing CONVERT (Solvelink=2): elapsed 0:00:00.095

Convert 2.0      24.7.4 r58773 Released Sep 19, 2016 LEG x86 64bit/Linux      

--- Using Option File
Reading parameter(s) from "/home/renigijus/gams/opt-mod-lib/gamslib/dyncge/convert.opt"
>>  pyomo dyncge-scalar.py
Finished reading from "/home/renigijus/gams/opt-mod-lib/gamslib/dyncge/convert.opt"
--- Writing Pyomo     : dyncge-scalar.py

--- Reading solution for model dyncge
--- dyncge.gms(556) 3 Mb
--- Generating NLP model dyncge
--- dyncge.gms(557) 5 Mb
--- Reset Solvelink = 2
--- LOOPS t = 3
---   116 rows  117 columns  521 non-zeroes
---   795 nl-code  288 nl-non-zeroes
--- dyncge.gms(557) 3 Mb
--- Executing CONVERT (Solvelink=2): elapsed 0:00:00.103

Convert 2.0      24.7.4 r58773 Released Sep 19, 2016 LEG x86 64bit/Linux      

--- Using Option File
Reading parameter(s) from "/home/renigijus/gams/opt-mod-lib/gamslib/dyncge/convert.opt"
>>  pyomo dyncge-scalar.py
Finished reading from "/home/renigijus/gams/opt-mod-lib/gamslib/dyncge/convert.opt"
--- Writing Pyomo     : dyncge-scalar.py

--- Reading solution for model dyncge
--- dyncge.gms(556) 3 Mb
--- Generating NLP model dyncge
--- dyncge.gms(557) 5 Mb
--- Reset Solvelink = 2
--- LOOPS t = 4
---   116 rows  117 columns  521 non-zeroes
---   795 nl-code  288 nl-non-zeroes
--- dyncge.gms(557) 3 Mb
--- Executing CONVERT (Solvelink=2): elapsed 0:00:00.111

Convert 2.0      24.7.4 r58773 Released Sep 19, 2016 LEG x86 64bit/Linux      

--- Using Option File
Reading parameter(s) from "/home/renigijus/gams/opt-mod-lib/gamslib/dyncge/convert.opt"
>>  pyomo dyncge-scalar.py
Finished reading from "/home/renigijus/gams/opt-mod-lib/gamslib/dyncge/convert.opt"
--- Writing Pyomo     : dyncge-scalar.py

--- Reading solution for model dyncge
--- dyncge.gms(556) 3 Mb
--- Generating NLP model dyncge
--- dyncge.gms(557) 5 Mb
--- Reset Solvelink = 2
--- LOOPS t = 5
---   116 rows  117 columns  521 non-zeroes
---   795 nl-code  288 nl-non-zeroes
--- dyncge.gms(557) 3 Mb
--- Executing CONVERT (Solvelink=2): elapsed 0:00:00.119

Convert 2.0      24.7.4 r58773 Released Sep 19, 2016 LEG x86 64bit/Linux      

--- Using Option File
Reading parameter(s) from "/home/renigijus/gams/opt-mod-lib/gamslib/dyncge/convert.opt"
>>  pyomo dyncge-scalar.py
Finished reading from "/home/renigijus/gams/opt-mod-lib/gamslib/dyncge/convert.opt"
--- Writing Pyomo     : dyncge-scalar.py

--- Reading solution for model dyncge
--- dyncge.gms(556) 3 Mb
--- Generating NLP model dyncge
--- dyncge.gms(557) 5 Mb
--- Reset Solvelink = 2
--- LOOPS t = 6
---   116 rows  117 columns  521 non-zeroes
---   795 nl-code  288 nl-non-zeroes
--- dyncge.gms(557) 3 Mb
--- Executing CONVERT (Solvelink=2): elapsed 0:00:00.126

Convert 2.0      24.7.4 r58773 Released Sep 19, 2016 LEG x86 64bit/Linux      

--- Using Option File
Reading parameter(s) from "/home/renigijus/gams/opt-mod-lib/gamslib/dyncge/convert.opt"
>>  pyomo dyncge-scalar.py
Finished reading from "/home/renigijus/gams/opt-mod-lib/gamslib/dyncge/convert.opt"
--- Writing Pyomo     : dyncge-scalar.py

--- Reading solution for model dyncge
--- dyncge.gms(556) 3 Mb
--- Generating NLP model dyncge
--- dyncge.gms(557) 5 Mb
--- Reset Solvelink = 2
--- LOOPS t = 7
---   116 rows  117 columns  521 non-zeroes
---   795 nl-code  288 nl-non-zeroes
--- dyncge.gms(557) 3 Mb
--- Executing CONVERT (Solvelink=2): elapsed 0:00:00.132

Convert 2.0      24.7.4 r58773 Released Sep 19, 2016 LEG x86 64bit/Linux      

--- Using Option File
Reading parameter(s) from "/home/renigijus/gams/opt-mod-lib/gamslib/dyncge/convert.opt"
>>  pyomo dyncge-scalar.py
Finished reading from "/home/renigijus/gams/opt-mod-lib/gamslib/dyncge/convert.opt"
--- Writing Pyomo     : dyncge-scalar.py

--- Reading solution for model dyncge
--- dyncge.gms(556) 3 Mb
--- Generating NLP model dyncge
--- dyncge.gms(557) 5 Mb
--- Reset Solvelink = 2
--- LOOPS t = 8
---   116 rows  117 columns  521 non-zeroes
---   795 nl-code  288 nl-non-zeroes
--- dyncge.gms(557) 3 Mb
--- Executing CONVERT (Solvelink=2): elapsed 0:00:00.138

Convert 2.0      24.7.4 r58773 Released Sep 19, 2016 LEG x86 64bit/Linux      

--- Using Option File
Reading parameter(s) from "/home/renigijus/gams/opt-mod-lib/gamslib/dyncge/convert.opt"
>>  pyomo dyncge-scalar.py
Finished reading from "/home/renigijus/gams/opt-mod-lib/gamslib/dyncge/convert.opt"
--- Writing Pyomo     : dyncge-scalar.py

--- Reading solution for model dyncge
--- dyncge.gms(556) 3 Mb
--- Generating NLP model dyncge
--- dyncge.gms(557) 5 Mb
--- Reset Solvelink = 2
--- LOOPS t = 9
---   116 rows  117 columns  521 non-zeroes
---   795 nl-code  288 nl-non-zeroes
--- dyncge.gms(557) 3 Mb
--- Executing CONVERT (Solvelink=2): elapsed 0:00:00.144

Convert 2.0      24.7.4 r58773 Released Sep 19, 2016 LEG x86 64bit/Linux      

--- Using Option File
Reading parameter(s) from "/home/renigijus/gams/opt-mod-lib/gamslib/dyncge/convert.opt"
>>  pyomo dyncge-scalar.py
Finished reading from "/home/renigijus/gams/opt-mod-lib/gamslib/dyncge/convert.opt"
--- Writing Pyomo     : dyncge-scalar.py

--- Reading solution for model dyncge
--- dyncge.gms(556) 3 Mb
--- Generating NLP model dyncge
--- dyncge.gms(557) 5 Mb
--- Reset Solvelink = 2
--- LOOPS t = 10
---   116 rows  117 columns  521 non-zeroes
---   795 nl-code  288 nl-non-zeroes
--- dyncge.gms(557) 3 Mb
--- Executing CONVERT (Solvelink=2): elapsed 0:00:00.150

Convert 2.0      24.7.4 r58773 Released Sep 19, 2016 LEG x86 64bit/Linux      

--- Using Option File
Reading parameter(s) from "/home/renigijus/gams/opt-mod-lib/gamslib/dyncge/convert.opt"
>>  pyomo dyncge-scalar.py
Finished reading from "/home/renigijus/gams/opt-mod-lib/gamslib/dyncge/convert.opt"
--- Writing Pyomo     : dyncge-scalar.py

--- Reading solution for model dyncge
--- dyncge.gms(556) 3 Mb
--- Generating NLP model dyncge
--- dyncge.gms(557) 5 Mb
--- Reset Solvelink = 2
--- LOOPS t = 11
---   116 rows  117 columns  521 non-zeroes
---   795 nl-code  288 nl-non-zeroes
--- dyncge.gms(557) 3 Mb
--- Executing CONVERT (Solvelink=2): elapsed 0:00:00.157

Convert 2.0      24.7.4 r58773 Released Sep 19, 2016 LEG x86 64bit/Linux      

--- Using Option File
Reading parameter(s) from "/home/renigijus/gams/opt-mod-lib/gamslib/dyncge/convert.opt"
>>  pyomo dyncge-scalar.py
Finished reading from "/home/renigijus/gams/opt-mod-lib/gamslib/dyncge/convert.opt"
--- Writing Pyomo     : dyncge-scalar.py

--- Reading solution for model dyncge
--- dyncge.gms(556) 3 Mb
--- Generating NLP model dyncge
--- dyncge.gms(557) 5 Mb
--- Reset Solvelink = 2
--- LOOPS t = 12
---   116 rows  117 columns  521 non-zeroes
---   795 nl-code  288 nl-non-zeroes
--- dyncge.gms(557) 3 Mb
--- Executing CONVERT (Solvelink=2): elapsed 0:00:00.164

Convert 2.0      24.7.4 r58773 Released Sep 19, 2016 LEG x86 64bit/Linux      

--- Using Option File
Reading parameter(s) from "/home/renigijus/gams/opt-mod-lib/gamslib/dyncge/convert.opt"
>>  pyomo dyncge-scalar.py
Finished reading from "/home/renigijus/gams/opt-mod-lib/gamslib/dyncge/convert.opt"
--- Writing Pyomo     : dyncge-scalar.py

--- Reading solution for model dyncge
--- dyncge.gms(556) 3 Mb
--- Generating NLP model dyncge
--- dyncge.gms(557) 5 Mb
--- Reset Solvelink = 2
--- LOOPS t = 13
---   116 rows  117 columns  521 non-zeroes
---   795 nl-code  288 nl-non-zeroes
--- dyncge.gms(557) 3 Mb
--- Executing CONVERT (Solvelink=2): elapsed 0:00:00.171

Convert 2.0      24.7.4 r58773 Released Sep 19, 2016 LEG x86 64bit/Linux      

--- Using Option File
Reading parameter(s) from "/home/renigijus/gams/opt-mod-lib/gamslib/dyncge/convert.opt"
>>  pyomo dyncge-scalar.py
Finished reading from "/home/renigijus/gams/opt-mod-lib/gamslib/dyncge/convert.opt"
--- Writing Pyomo     : dyncge-scalar.py

--- Reading solution for model dyncge
--- dyncge.gms(556) 3 Mb
--- Generating NLP model dyncge
--- dyncge.gms(557) 5 Mb
--- Reset Solvelink = 2
--- LOOPS t = 14
---   116 rows  117 columns  521 non-zeroes
---   795 nl-code  288 nl-non-zeroes
--- dyncge.gms(557) 3 Mb
--- Executing CONVERT (Solvelink=2): elapsed 0:00:00.178

Convert 2.0      24.7.4 r58773 Released Sep 19, 2016 LEG x86 64bit/Linux      

--- Using Option File
Reading parameter(s) from "/home/renigijus/gams/opt-mod-lib/gamslib/dyncge/convert.opt"
>>  pyomo dyncge-scalar.py
Finished reading from "/home/renigijus/gams/opt-mod-lib/gamslib/dyncge/convert.opt"
--- Writing Pyomo     : dyncge-scalar.py

--- Reading solution for model dyncge
--- dyncge.gms(556) 3 Mb
--- Generating NLP model dyncge
--- dyncge.gms(557) 5 Mb
--- Reset Solvelink = 2
--- LOOPS t = 15
---   116 rows  117 columns  521 non-zeroes
---   795 nl-code  288 nl-non-zeroes
--- dyncge.gms(557) 3 Mb
--- Executing CONVERT (Solvelink=2): elapsed 0:00:00.185

Convert 2.0      24.7.4 r58773 Released Sep 19, 2016 LEG x86 64bit/Linux      

--- Using Option File
Reading parameter(s) from "/home/renigijus/gams/opt-mod-lib/gamslib/dyncge/convert.opt"
>>  pyomo dyncge-scalar.py
Finished reading from "/home/renigijus/gams/opt-mod-lib/gamslib/dyncge/convert.opt"
--- Writing Pyomo     : dyncge-scalar.py

--- Reading solution for model dyncge
--- dyncge.gms(556) 3 Mb
--- Generating NLP model dyncge
--- dyncge.gms(557) 5 Mb
--- Reset Solvelink = 2
--- LOOPS t = 16
---   116 rows  117 columns  521 non-zeroes
---   795 nl-code  288 nl-non-zeroes
--- dyncge.gms(557) 3 Mb
--- Executing CONVERT (Solvelink=2): elapsed 0:00:00.190

Convert 2.0      24.7.4 r58773 Released Sep 19, 2016 LEG x86 64bit/Linux      

--- Using Option File
Reading parameter(s) from "/home/renigijus/gams/opt-mod-lib/gamslib/dyncge/convert.opt"
>>  pyomo dyncge-scalar.py
Finished reading from "/home/renigijus/gams/opt-mod-lib/gamslib/dyncge/convert.opt"
--- Writing Pyomo     : dyncge-scalar.py

--- Reading solution for model dyncge
--- dyncge.gms(556) 3 Mb
--- Generating NLP model dyncge
--- dyncge.gms(557) 5 Mb
--- Reset Solvelink = 2
--- LOOPS t = 17
---   116 rows  117 columns  521 non-zeroes
---   795 nl-code  288 nl-non-zeroes
--- dyncge.gms(557) 3 Mb
--- Executing CONVERT (Solvelink=2): elapsed 0:00:00.196

Convert 2.0      24.7.4 r58773 Released Sep 19, 2016 LEG x86 64bit/Linux      

--- Using Option File
Reading parameter(s) from "/home/renigijus/gams/opt-mod-lib/gamslib/dyncge/convert.opt"
>>  pyomo dyncge-scalar.py
Finished reading from "/home/renigijus/gams/opt-mod-lib/gamslib/dyncge/convert.opt"
--- Writing Pyomo     : dyncge-scalar.py

--- Reading solution for model dyncge
--- dyncge.gms(556) 3 Mb
--- Generating NLP model dyncge
--- dyncge.gms(557) 5 Mb
--- Reset Solvelink = 2
--- LOOPS t = 18
---   116 rows  117 columns  521 non-zeroes
---   795 nl-code  288 nl-non-zeroes
--- dyncge.gms(557) 3 Mb
--- Executing CONVERT (Solvelink=2): elapsed 0:00:00.202

Convert 2.0      24.7.4 r58773 Released Sep 19, 2016 LEG x86 64bit/Linux      

--- Using Option File
Reading parameter(s) from "/home/renigijus/gams/opt-mod-lib/gamslib/dyncge/convert.opt"
>>  pyomo dyncge-scalar.py
Finished reading from "/home/renigijus/gams/opt-mod-lib/gamslib/dyncge/convert.opt"
--- Writing Pyomo     : dyncge-scalar.py

--- Reading solution for model dyncge
--- dyncge.gms(556) 3 Mb
--- Generating NLP model dyncge
--- dyncge.gms(557) 5 Mb
--- Reset Solvelink = 2
--- LOOPS t = 19
---   116 rows  117 columns  521 non-zeroes
---   795 nl-code  288 nl-non-zeroes
--- dyncge.gms(557) 3 Mb
--- Executing CONVERT (Solvelink=2): elapsed 0:00:00.208

Convert 2.0      24.7.4 r58773 Released Sep 19, 2016 LEG x86 64bit/Linux      

--- Using Option File
Reading parameter(s) from "/home/renigijus/gams/opt-mod-lib/gamslib/dyncge/convert.opt"
>>  pyomo dyncge-scalar.py
Finished reading from "/home/renigijus/gams/opt-mod-lib/gamslib/dyncge/convert.opt"
--- Writing Pyomo     : dyncge-scalar.py

--- Reading solution for model dyncge
--- dyncge.gms(556) 3 Mb
--- Generating NLP model dyncge
--- dyncge.gms(557) 5 Mb
--- Reset Solvelink = 2
--- LOOPS t = 20
---   116 rows  117 columns  521 non-zeroes
---   795 nl-code  288 nl-non-zeroes
--- dyncge.gms(557) 3 Mb
--- Executing CONVERT (Solvelink=2): elapsed 0:00:00.214

Convert 2.0      24.7.4 r58773 Released Sep 19, 2016 LEG x86 64bit/Linux      

--- Using Option File
Reading parameter(s) from "/home/renigijus/gams/opt-mod-lib/gamslib/dyncge/convert.opt"
>>  pyomo dyncge-scalar.py
Finished reading from "/home/renigijus/gams/opt-mod-lib/gamslib/dyncge/convert.opt"
--- Writing Pyomo     : dyncge-scalar.py

--- Reading solution for model dyncge
--- dyncge.gms(556) 3 Mb
--- Generating NLP model dyncge
--- dyncge.gms(557) 5 Mb
--- Reset Solvelink = 2
--- LOOPS t = 21
---   116 rows  117 columns  521 non-zeroes
---   795 nl-code  288 nl-non-zeroes
--- dyncge.gms(557) 3 Mb
--- Executing CONVERT (Solvelink=2): elapsed 0:00:00.221

Convert 2.0      24.7.4 r58773 Released Sep 19, 2016 LEG x86 64bit/Linux      

--- Using Option File
Reading parameter(s) from "/home/renigijus/gams/opt-mod-lib/gamslib/dyncge/convert.opt"
>>  pyomo dyncge-scalar.py
Finished reading from "/home/renigijus/gams/opt-mod-lib/gamslib/dyncge/convert.opt"
--- Writing Pyomo     : dyncge-scalar.py

--- Reading solution for model dyncge
--- dyncge.gms(556) 3 Mb
--- Generating NLP model dyncge
--- dyncge.gms(557) 5 Mb
--- Reset Solvelink = 2
--- LOOPS t = 22
---   116 rows  117 columns  521 non-zeroes
---   795 nl-code  288 nl-non-zeroes
--- dyncge.gms(557) 3 Mb
--- Executing CONVERT (Solvelink=2): elapsed 0:00:00.227

Convert 2.0      24.7.4 r58773 Released Sep 19, 2016 LEG x86 64bit/Linux      

--- Using Option File
Reading parameter(s) from "/home/renigijus/gams/opt-mod-lib/gamslib/dyncge/convert.opt"
>>  pyomo dyncge-scalar.py
Finished reading from "/home/renigijus/gams/opt-mod-lib/gamslib/dyncge/convert.opt"
--- Writing Pyomo     : dyncge-scalar.py

--- Reading solution for model dyncge
--- dyncge.gms(556) 3 Mb
--- Generating NLP model dyncge
--- dyncge.gms(557) 5 Mb
--- Reset Solvelink = 2
--- LOOPS t = 23
---   116 rows  117 columns  521 non-zeroes
---   795 nl-code  288 nl-non-zeroes
--- dyncge.gms(557) 3 Mb
--- Executing CONVERT (Solvelink=2): elapsed 0:00:00.234

Convert 2.0      24.7.4 r58773 Released Sep 19, 2016 LEG x86 64bit/Linux      

--- Using Option File
Reading parameter(s) from "/home/renigijus/gams/opt-mod-lib/gamslib/dyncge/convert.opt"
>>  pyomo dyncge-scalar.py
Finished reading from "/home/renigijus/gams/opt-mod-lib/gamslib/dyncge/convert.opt"
--- Writing Pyomo     : dyncge-scalar.py

--- Reading solution for model dyncge
--- dyncge.gms(556) 3 Mb
--- Generating NLP model dyncge
--- dyncge.gms(557) 5 Mb
--- Reset Solvelink = 2
--- LOOPS t = 24
---   116 rows  117 columns  521 non-zeroes
---   795 nl-code  288 nl-non-zeroes
--- dyncge.gms(557) 3 Mb
--- Executing CONVERT (Solvelink=2): elapsed 0:00:00.240

Convert 2.0      24.7.4 r58773 Released Sep 19, 2016 LEG x86 64bit/Linux      

--- Using Option File
Reading parameter(s) from "/home/renigijus/gams/opt-mod-lib/gamslib/dyncge/convert.opt"
>>  pyomo dyncge-scalar.py
Finished reading from "/home/renigijus/gams/opt-mod-lib/gamslib/dyncge/convert.opt"
--- Writing Pyomo     : dyncge-scalar.py

--- Reading solution for model dyncge
--- dyncge.gms(556) 3 Mb
--- Generating NLP model dyncge
--- dyncge.gms(557) 5 Mb
--- Reset Solvelink = 2
--- LOOPS t = 25
---   116 rows  117 columns  521 non-zeroes
---   795 nl-code  288 nl-non-zeroes
--- dyncge.gms(557) 3 Mb
--- Executing CONVERT (Solvelink=2): elapsed 0:00:00.246

Convert 2.0      24.7.4 r58773 Released Sep 19, 2016 LEG x86 64bit/Linux      

--- Using Option File
Reading parameter(s) from "/home/renigijus/gams/opt-mod-lib/gamslib/dyncge/convert.opt"
>>  pyomo dyncge-scalar.py
Finished reading from "/home/renigijus/gams/opt-mod-lib/gamslib/dyncge/convert.opt"
--- Writing Pyomo     : dyncge-scalar.py

--- Reading solution for model dyncge
--- dyncge.gms(556) 3 Mb
--- Generating NLP model dyncge
--- dyncge.gms(557) 5 Mb
--- Reset Solvelink = 2
--- LOOPS t = 26
---   116 rows  117 columns  521 non-zeroes
---   795 nl-code  288 nl-non-zeroes
--- dyncge.gms(557) 3 Mb
--- Executing CONVERT (Solvelink=2): elapsed 0:00:00.253

Convert 2.0      24.7.4 r58773 Released Sep 19, 2016 LEG x86 64bit/Linux      

--- Using Option File
Reading parameter(s) from "/home/renigijus/gams/opt-mod-lib/gamslib/dyncge/convert.opt"
>>  pyomo dyncge-scalar.py
Finished reading from "/home/renigijus/gams/opt-mod-lib/gamslib/dyncge/convert.opt"
--- Writing Pyomo     : dyncge-scalar.py

--- Reading solution for model dyncge
--- dyncge.gms(556) 3 Mb
--- Generating NLP model dyncge
--- dyncge.gms(557) 5 Mb
--- Reset Solvelink = 2
--- LOOPS t = 27
---   116 rows  117 columns  521 non-zeroes
---   795 nl-code  288 nl-non-zeroes
--- dyncge.gms(557) 3 Mb
--- Executing CONVERT (Solvelink=2): elapsed 0:00:00.259

Convert 2.0      24.7.4 r58773 Released Sep 19, 2016 LEG x86 64bit/Linux      

--- Using Option File
Reading parameter(s) from "/home/renigijus/gams/opt-mod-lib/gamslib/dyncge/convert.opt"
>>  pyomo dyncge-scalar.py
Finished reading from "/home/renigijus/gams/opt-mod-lib/gamslib/dyncge/convert.opt"
--- Writing Pyomo     : dyncge-scalar.py

--- Reading solution for model dyncge
--- dyncge.gms(556) 3 Mb
--- Generating NLP model dyncge
--- dyncge.gms(557) 5 Mb
--- Reset Solvelink = 2
--- LOOPS t = 28
---   116 rows  117 columns  521 non-zeroes
---   795 nl-code  288 nl-non-zeroes
--- dyncge.gms(557) 3 Mb
--- Executing CONVERT (Solvelink=2): elapsed 0:00:00.266

Convert 2.0      24.7.4 r58773 Released Sep 19, 2016 LEG x86 64bit/Linux      

--- Using Option File
Reading parameter(s) from "/home/renigijus/gams/opt-mod-lib/gamslib/dyncge/convert.opt"
>>  pyomo dyncge-scalar.py
Finished reading from "/home/renigijus/gams/opt-mod-lib/gamslib/dyncge/convert.opt"
--- Writing Pyomo     : dyncge-scalar.py

--- Reading solution for model dyncge
--- dyncge.gms(556) 3 Mb
--- Generating NLP model dyncge
--- dyncge.gms(557) 5 Mb
--- Reset Solvelink = 2
--- LOOPS t = 29
---   116 rows  117 columns  521 non-zeroes
---   795 nl-code  288 nl-non-zeroes
--- dyncge.gms(557) 3 Mb
--- Executing CONVERT (Solvelink=2): elapsed 0:00:00.274

Convert 2.0      24.7.4 r58773 Released Sep 19, 2016 LEG x86 64bit/Linux      

--- Using Option File
Reading parameter(s) from "/home/renigijus/gams/opt-mod-lib/gamslib/dyncge/convert.opt"
>>  pyomo dyncge-scalar.py
Finished reading from "/home/renigijus/gams/opt-mod-lib/gamslib/dyncge/convert.opt"
--- Writing Pyomo     : dyncge-scalar.py

--- Reading solution for model dyncge
--- dyncge.gms(556) 3 Mb
--- Generating NLP model dyncge
--- dyncge.gms(557) 5 Mb
--- Reset Solvelink = 2
--- LOOPS t = 30
---   116 rows  117 columns  521 non-zeroes
---   795 nl-code  288 nl-non-zeroes
--- dyncge.gms(557) 3 Mb
--- Executing CONVERT (Solvelink=2): elapsed 0:00:00.283

Convert 2.0      24.7.4 r58773 Released Sep 19, 2016 LEG x86 64bit/Linux      

--- Using Option File
Reading parameter(s) from "/home/renigijus/gams/opt-mod-lib/gamslib/dyncge/convert.opt"
>>  pyomo dyncge-scalar.py
Finished reading from "/home/renigijus/gams/opt-mod-lib/gamslib/dyncge/convert.opt"
--- Writing Pyomo     : dyncge-scalar.py

--- Reading solution for model dyncge
--- dyncge.gms(765) 3 Mb
--- GDX File /home/renigijus/gams/opt-mod-lib/gamslib/dyncge/result.gdx
*** Status: Normal completion
--- Job dyncge.gms Stop 12/13/18 11:43:45 elapsed 0:00:00.293
