--- Job batchdes.gms Start 12/13/18 10:24:52 24.7.4 r58773 LEX-LEG x86 64bit/Linux
GAMS 24.7.4   Copyright (C) 1987-2016 GAMS Development. All rights reserved
Licensee: Remigijus Paulavicius, Single User License     S170731:0859AO-LNX
          Imperial College London, Dept. of Chemical Engineering    DC13449
          License for teaching and research at degree granting institutions
          remigijus.paulavicius@imperial.ac.uk                             
--- Starting compilation
--- batchdes.gms(148) 3 Mb
--- Starting execution: elapsed 0:00:00.002
--- batchdes.gms(138) 4 Mb
--- Generating MINLP model batch
--- batchdes.gms(139) 6 Mb
---   20 rows  20 columns  53 non-zeroes
---   29 nl-code  10 nl-non-zeroes
---   9 discrete-columns
--- batchdes.gms(139) 4 Mb
--- Executing CONVERT: elapsed 0:00:00.005

Convert 2.0      24.7.4 r58773 Released Sep 19, 2016 LEG x86 64bit/Linux      

--- Using Option File
Reading parameter(s) from "/home/renigijus/gams/opt-mod-lib/gamslib/batchdes/convert.opt"
>>  gams batchdes-scalar.gms
Finished reading from "/home/renigijus/gams/opt-mod-lib/gamslib/batchdes/convert.opt"
--- Writing Gams      : batchdes-scalar.gms

--- Restarting execution
--- batchdes.gms(139) 2 Mb
--- Reading solution for model batch
--- batchdes.gms(148) 3 Mb
*** Status: Normal completion
--- Job batchdes.gms Stop 12/13/18 10:24:52 elapsed 0:00:00.020
