--- Job markov.gms Start 12/13/18 10:24:44 24.7.4 r58773 LEX-LEG x86 64bit/Linux
GAMS 24.7.4   Copyright (C) 1987-2016 GAMS Development. All rights reserved
Licensee: Remigijus Paulavicius, Single User License     S170731:0859AO-LNX
          Imperial College London, Dept. of Chemical Engineering    DC13449
          License for teaching and research at degree granting institutions
          remigijus.paulavicius@imperial.ac.uk                             
--- Starting compilation
--- markov.gms(78) 3 Mb
--- Starting execution: elapsed 0:00:00.002
--- markov.gms(59) 4 Mb
--- Generating LP model strategic
--- markov.gms(78) 4 Mb
---   73 rows  129 columns  553 non-zeroes
--- Executing CONVERT: elapsed 0:00:00.009

Convert 2.0      24.7.4 r58773 Released Sep 19, 2016 LEG x86 64bit/Linux      

--- Using Option File
Reading parameter(s) from "/home/renigijus/gams/opt-mod-lib/gamslib/markov/convert.opt"
>>  pyomo markov-scalar.py
Finished reading from "/home/renigijus/gams/opt-mod-lib/gamslib/markov/convert.opt"
--- Writing Pyomo     : markov-scalar.py

--- Restarting execution
--- markov.gms(78) 2 Mb
--- Reading solution for model strategic
*** Status: Normal completion
--- Job markov.gms Stop 12/13/18 10:24:44 elapsed 0:00:00.023
