--- Job like.gms Start 12/13/18 10:24:33 24.7.4 r58773 LEX-LEG x86 64bit/Linux
GAMS 24.7.4   Copyright (C) 1987-2016 GAMS Development. All rights reserved
Licensee: Remigijus Paulavicius, Single User License     S170731:0859AO-LNX
          Imperial College London, Dept. of Chemical Engineering    DC13449
          License for teaching and research at degree granting institutions
          remigijus.paulavicius@imperial.ac.uk                             
--- Starting compilation
--- like.gms(68) 3 Mb
--- Starting execution: elapsed 0:00:00.002
--- like.gms(66) 4 Mb
--- Generating NLP model ml1
--- like.gms(67) 6 Mb
---   4 rows  10 columns  17 non-zeroes
---   1,232 nl-code  9 nl-non-zeroes
--- like.gms(67) 4 Mb
--- Executing CONVERT: elapsed 0:00:00.005

Convert 2.0      24.7.4 r58773 Released Sep 19, 2016 LEG x86 64bit/Linux      

--- Using Option File
Reading parameter(s) from "/home/renigijus/gams/opt-mod-lib/gamslib/like/convert.opt"
>>  pyomo like-scalar.py
Finished reading from "/home/renigijus/gams/opt-mod-lib/gamslib/like/convert.opt"
--- Writing Pyomo     : like-scalar.py

--- Restarting execution
--- like.gms(67) 2 Mb
--- Reading solution for model ml1
*** Status: Normal completion
--- Job like.gms Stop 12/13/18 10:24:33 elapsed 0:00:00.022
