--- Job indus89.gms Start 12/13/18 10:32:05 24.7.4 r58773 LEX-LEG x86 64bit/Linux
GAMS 24.7.4   Copyright (C) 1987-2016 GAMS Development. All rights reserved
Licensee: Remigijus Paulavicius, Single User License     S170731:0859AO-LNX
          Imperial College London, Dept. of Chemical Engineering    DC13449
          License for teaching and research at degree granting institutions
          remigijus.paulavicius@imperial.ac.uk                             
--- Starting compilation
--- indus89.gms(3622) 4 Mb
--- Starting execution: elapsed 0:00:00.021
--- indus89.gms(3619) 6 Mb
--- Generating LP model wsisn
--- indus89.gms(3622) 9 Mb
---   2,726 rows  6,570 columns  39,489 non-zeroes
--- Executing CONVERT: elapsed 0:00:00.087

Convert 2.0      24.7.4 r58773 Released Sep 19, 2016 LEG x86 64bit/Linux      

--- Using Option File
Reading parameter(s) from "/home/renigijus/gams/opt-mod-lib/gamslib/indus89/convert.opt"
>>  ampl indus89-scalar.mod
Finished reading from "/home/renigijus/gams/opt-mod-lib/gamslib/indus89/convert.opt"
--- Writing Ampl      : indus89-scalar.mod

--- Restarting execution
--- indus89.gms(3622) 4 Mb
--- Reading solution for model wsisn
*** Status: Normal completion
--- Job indus89.gms Stop 12/13/18 10:32:05 elapsed 0:00:00.138
