--- Job hhmax.gms Start 12/13/18 11:23:23 24.7.4 r58773 LEX-LEG x86 64bit/Linux
GAMS 24.7.4   Copyright (C) 1987-2016 GAMS Development. All rights reserved
Licensee: Remigijus Paulavicius, Single User License     S170731:0859AO-LNX
          Imperial College London, Dept. of Chemical Engineering    DC13449
          License for teaching and research at degree granting institutions
          remigijus.paulavicius@imperial.ac.uk                             
--- Starting compilation
--- hhmax.gms(61) 3 Mb
--- Starting execution: elapsed 0:00:00.002
--- hhmax.gms(52) 4 Mb
--- Generating NLP model HHmax
--- hhmax.gms(58) 6 Mb
---   3 rows  3 columns  5 non-zeroes
---   11 nl-code  2 nl-non-zeroes
--- hhmax.gms(58) 4 Mb
--- Executing CONVERT: elapsed 0:00:00.004

Convert 2.0      24.7.4 r58773 Released Sep 19, 2016 LEG x86 64bit/Linux      

--- Using Option File
Reading parameter(s) from "/home/renigijus/gams/opt-mod-lib/gamslib/hhmax/convert.opt"
>>  gams hhmax-scalar.gms
Finished reading from "/home/renigijus/gams/opt-mod-lib/gamslib/hhmax/convert.opt"
--- Writing Gams      : hhmax-scalar.gms

--- Restarting execution
--- hhmax.gms(58) 2 Mb
--- Reading solution for model HHmax
*** Status: Normal completion
--- Job hhmax.gms Stop 12/13/18 11:23:23 elapsed 0:00:00.018
