--- Job nsharpx.gms Start 12/13/18 10:32:30 24.7.4 r58773 LEX-LEG x86 64bit/Linux
GAMS 24.7.4   Copyright (C) 1987-2016 GAMS Development. All rights reserved
Licensee: Remigijus Paulavicius, Single User License     S170731:0859AO-LNX
          Imperial College London, Dept. of Chemical Engineering    DC13449
          License for teaching and research at degree granting institutions
          remigijus.paulavicius@imperial.ac.uk                             
--- Starting compilation
--- nsharpx.gms(142) 3 Mb
--- Starting execution: elapsed 0:00:00.002
--- nsharpx.gms(140) 4 Mb
--- Generating MINLP model nonsharp
--- nsharpx.gms(142) 6 Mb
---   44 rows  51 columns  197 non-zeroes
---   232 nl-code  122 nl-non-zeroes
---   2 discrete-columns
--- nsharpx.gms(142) 4 Mb
--- Executing CONVERT: elapsed 0:00:00.007

Convert 2.0      24.7.4 r58773 Released Sep 19, 2016 LEG x86 64bit/Linux      

--- Using Option File
Reading parameter(s) from "/home/renigijus/gams/opt-mod-lib/gamslib/nsharpx/convert.opt"
>>  gams nsharpx-scalar.gms
Finished reading from "/home/renigijus/gams/opt-mod-lib/gamslib/nsharpx/convert.opt"
--- Writing Gams      : nsharpx-scalar.gms

--- Restarting execution
--- nsharpx.gms(142) 2 Mb
--- Reading solution for model nonsharp
*** Status: Normal completion
--- Job nsharpx.gms Stop 12/13/18 10:32:30 elapsed 0:00:00.022
