--- Job tsp2.gms Start 12/13/18 10:31:11 24.7.4 r58773 LEX-LEG x86 64bit/Linux
GAMS 24.7.4   Copyright (C) 1987-2016 GAMS Development. All rights reserved
Licensee: Remigijus Paulavicius, Single User License     S170731:0859AO-LNX
          Imperial College London, Dept. of Chemical Engineering    DC13449
          License for teaching and research at degree granting institutions
          remigijus.paulavicius@imperial.ac.uk                             
--- Starting compilation
--- tsp2.gms(23) 2 Mb
--- .br17.inc(54) 3 Mb
--- tsp2.gms(46) 3 Mb
--- Starting execution: elapsed 0:00:00.001
--- tsp2.gms(92) 4 Mb
--- Generating MIP model tsp
--- tsp2.gms(93) 4 Mb
---   38 rows  42 columns  166 non-zeroes
---   30 discrete-columns
--- Executing CONVERT: elapsed 0:00:00.003

Convert 2.0      24.7.4 r58773 Released Sep 19, 2016 LEG x86 64bit/Linux      

--- Using Option File
Reading parameter(s) from "/home/renigijus/gams/opt-mod-lib/gamslib/tsp2/convert.opt"
>>  gams tsp2-scalar.gms
Finished reading from "/home/renigijus/gams/opt-mod-lib/gamslib/tsp2/convert.opt"
--- Writing Gams      : tsp2-scalar.gms

--- Restarting execution
--- tsp2.gms(93) 2 Mb
--- Reading solution for model tsp
--- tsp2.gms(98) 3 Mb
--- Generating MIP model tsp
--- tsp2.gms(99) 3 Mb
---   102 rows  110 columns  508 non-zeroes
---   90 discrete-columns
--- Executing CONVERT: elapsed 0:00:00.013

Convert 2.0      24.7.4 r58773 Released Sep 19, 2016 LEG x86 64bit/Linux      

--- Using Option File
Reading parameter(s) from "/home/renigijus/gams/opt-mod-lib/gamslib/tsp2/convert.opt"
>>  gams tsp2-scalar.gms
Finished reading from "/home/renigijus/gams/opt-mod-lib/gamslib/tsp2/convert.opt"
--- Writing Gams      : tsp2-scalar.gms

--- Restarting execution
--- tsp2.gms(99) 2 Mb
--- Reading solution for model tsp
*** Status: Normal completion
--- Job tsp2.gms Stop 12/13/18 10:31:11 elapsed 0:00:00.021
