--- Job tsp2.gms Start 12/13/18 10:31:11 24.7.4 r58773 LEX-LEG x86 64bit/Linux
GAMS 24.7.4   Copyright (C) 1987-2016 GAMS Development. All rights reserved
Licensee: Remigijus Paulavicius, Single User License     S170731:0859AO-LNX
          Imperial College London, Dept. of Chemical Engineering    DC13449
          License for teaching and research at degree granting institutions
          remigijus.paulavicius@imperial.ac.uk                             
--- Starting compilation
--- tsp2.gms(24) 2 Mb
--- .br17.inc(54) 3 Mb
--- tsp2.gms(47) 3 Mb
--- Starting execution: elapsed 0:00:00.002
--- tsp2.gms(93) 4 Mb
--- Generating MIP model tsp
--- tsp2.gms(94) 4 Mb
---   38 rows  42 columns  166 non-zeroes
---   30 discrete-columns
--- Executing CONVERT: elapsed 0:00:00.004

Convert 2.0      24.7.4 r58773 Released Sep 19, 2016 LEG x86 64bit/Linux      

--- Using Option File
Reading parameter(s) from "/home/renigijus/gams/opt-mod-lib/gamslib/tsp2/convert.opt"
>>  pyomo tsp2-scalar.py
Finished reading from "/home/renigijus/gams/opt-mod-lib/gamslib/tsp2/convert.opt"
--- Writing Pyomo     : tsp2-scalar.py

--- Restarting execution
--- tsp2.gms(94) 2 Mb
--- Reading solution for model tsp
--- tsp2.gms(99) 3 Mb
--- Generating MIP model tsp
--- tsp2.gms(100) 3 Mb
---   102 rows  110 columns  508 non-zeroes
---   90 discrete-columns
--- Executing CONVERT: elapsed 0:00:00.017

Convert 2.0      24.7.4 r58773 Released Sep 19, 2016 LEG x86 64bit/Linux      

--- Using Option File
Reading parameter(s) from "/home/renigijus/gams/opt-mod-lib/gamslib/tsp2/convert.opt"
>>  pyomo tsp2-scalar.py
Finished reading from "/home/renigijus/gams/opt-mod-lib/gamslib/tsp2/convert.opt"
--- Writing Pyomo     : tsp2-scalar.py

--- Restarting execution
--- tsp2.gms(100) 2 Mb
--- Reading solution for model tsp
*** Status: Normal completion
--- Job tsp2.gms Stop 12/13/18 10:31:11 elapsed 0:00:00.027
