--- Job relief.gms Start 12/13/18 11:30:34 24.7.4 r58773 LEX-LEG x86 64bit/Linux
GAMS 24.7.4   Copyright (C) 1987-2016 GAMS Development. All rights reserved
Licensee: Remigijus Paulavicius, Single User License     S170731:0859AO-LNX
          Imperial College London, Dept. of Chemical Engineering    DC13449
          License for teaching and research at degree granting institutions
          remigijus.paulavicius@imperial.ac.uk                             
--- Starting compilation
--- relief.gms(149) 3 Mb
--- Starting execution: elapsed 0:00:00.002
--- relief.gms(76) 4 Mb
--- Generating MIP model m
--- relief.gms(77) 4 Mb
---   122 rows  2,101 columns  6,181 non-zeroes
---   100 discrete-columns
--- Executing CONVERT (Solvelink=2): elapsed 0:00:00.009

Convert 2.0      24.7.4 r58773 Released Sep 19, 2016 LEG x86 64bit/Linux      

--- Using Option File
Reading parameter(s) from "/home/renigijus/gams/opt-mod-lib/gamslib/relief/convert.opt"
>>  ampl relief-scalar.mod
Finished reading from "/home/renigijus/gams/opt-mod-lib/gamslib/relief/convert.opt"
--- Writing Ampl      : relief-scalar.mod

--- Reading solution for model m
--- relief.gms(87) 4 Mb
--- Generating MIP model m
--- relief.gms(89) 4 Mb
--- LOOPS d = d1
---   122 rows  2,101 columns  6,181 non-zeroes
---   100 discrete-columns
--- Executing CONVERT (Solvelink=2): elapsed 0:00:00.025

Convert 2.0      24.7.4 r58773 Released Sep 19, 2016 LEG x86 64bit/Linux      

--- Using Option File
Reading parameter(s) from "/home/renigijus/gams/opt-mod-lib/gamslib/relief/convert.opt"
>>  ampl relief-scalar.mod
Finished reading from "/home/renigijus/gams/opt-mod-lib/gamslib/relief/convert.opt"
--- Writing Ampl      : relief-scalar.mod

--- Reading solution for model m
--- relief.gms(87) 4 Mb
--- Generating MIP model m
--- relief.gms(89) 4 Mb
--- LOOPS d = d2
---   122 rows  2,101 columns  6,181 non-zeroes
---   100 discrete-columns
--- Executing CONVERT (Solvelink=2): elapsed 0:00:00.036

Convert 2.0      24.7.4 r58773 Released Sep 19, 2016 LEG x86 64bit/Linux      

--- Using Option File
Reading parameter(s) from "/home/renigijus/gams/opt-mod-lib/gamslib/relief/convert.opt"
>>  ampl relief-scalar.mod
Finished reading from "/home/renigijus/gams/opt-mod-lib/gamslib/relief/convert.opt"
--- Writing Ampl      : relief-scalar.mod

--- Reading solution for model m
--- relief.gms(87) 4 Mb
--- Generating MIP model m
--- relief.gms(89) 4 Mb
--- LOOPS d = d3
---   122 rows  2,101 columns  6,181 non-zeroes
---   100 discrete-columns
--- Executing CONVERT (Solvelink=2): elapsed 0:00:00.048

Convert 2.0      24.7.4 r58773 Released Sep 19, 2016 LEG x86 64bit/Linux      

--- Using Option File
Reading parameter(s) from "/home/renigijus/gams/opt-mod-lib/gamslib/relief/convert.opt"
>>  ampl relief-scalar.mod
Finished reading from "/home/renigijus/gams/opt-mod-lib/gamslib/relief/convert.opt"
--- Writing Ampl      : relief-scalar.mod

--- Reading solution for model m
--- relief.gms(87) 4 Mb
--- Generating MIP model m
--- relief.gms(89) 4 Mb
--- LOOPS d = d4
---   122 rows  2,101 columns  6,181 non-zeroes
---   100 discrete-columns
--- Executing CONVERT (Solvelink=2): elapsed 0:00:00.061

Convert 2.0      24.7.4 r58773 Released Sep 19, 2016 LEG x86 64bit/Linux      

--- Using Option File
Reading parameter(s) from "/home/renigijus/gams/opt-mod-lib/gamslib/relief/convert.opt"
>>  ampl relief-scalar.mod
Finished reading from "/home/renigijus/gams/opt-mod-lib/gamslib/relief/convert.opt"
--- Writing Ampl      : relief-scalar.mod

--- Reading solution for model m
--- relief.gms(87) 4 Mb
--- Generating MIP model m
--- relief.gms(89) 4 Mb
--- LOOPS d = d5
---   122 rows  2,101 columns  6,181 non-zeroes
---   100 discrete-columns
--- Executing CONVERT (Solvelink=2): elapsed 0:00:00.076

Convert 2.0      24.7.4 r58773 Released Sep 19, 2016 LEG x86 64bit/Linux      

--- Using Option File
Reading parameter(s) from "/home/renigijus/gams/opt-mod-lib/gamslib/relief/convert.opt"
>>  ampl relief-scalar.mod
Finished reading from "/home/renigijus/gams/opt-mod-lib/gamslib/relief/convert.opt"
--- Writing Ampl      : relief-scalar.mod

--- Reading solution for model m
--- relief.gms(87) 4 Mb
--- Generating MIP model m
--- relief.gms(89) 4 Mb
--- LOOPS d = d6
---   122 rows  2,101 columns  6,181 non-zeroes
---   100 discrete-columns
--- Executing CONVERT (Solvelink=2): elapsed 0:00:00.092

Convert 2.0      24.7.4 r58773 Released Sep 19, 2016 LEG x86 64bit/Linux      

--- Using Option File
Reading parameter(s) from "/home/renigijus/gams/opt-mod-lib/gamslib/relief/convert.opt"
>>  ampl relief-scalar.mod
Finished reading from "/home/renigijus/gams/opt-mod-lib/gamslib/relief/convert.opt"
--- Writing Ampl      : relief-scalar.mod

--- Reading solution for model m
--- relief.gms(87) 4 Mb
--- Generating MIP model m
--- relief.gms(89) 4 Mb
--- LOOPS d = d7
---   122 rows  2,101 columns  6,181 non-zeroes
---   100 discrete-columns
--- Executing CONVERT (Solvelink=2): elapsed 0:00:00.107

Convert 2.0      24.7.4 r58773 Released Sep 19, 2016 LEG x86 64bit/Linux      

--- Using Option File
Reading parameter(s) from "/home/renigijus/gams/opt-mod-lib/gamslib/relief/convert.opt"
>>  ampl relief-scalar.mod
Finished reading from "/home/renigijus/gams/opt-mod-lib/gamslib/relief/convert.opt"
--- Writing Ampl      : relief-scalar.mod

--- Reading solution for model m
--- relief.gms(87) 4 Mb
--- Generating MIP model m
--- relief.gms(89) 4 Mb
--- LOOPS d = d8
---   122 rows  2,101 columns  6,181 non-zeroes
---   100 discrete-columns
--- Executing CONVERT (Solvelink=2): elapsed 0:00:00.125

Convert 2.0      24.7.4 r58773 Released Sep 19, 2016 LEG x86 64bit/Linux      

--- Using Option File
Reading parameter(s) from "/home/renigijus/gams/opt-mod-lib/gamslib/relief/convert.opt"
>>  ampl relief-scalar.mod
Finished reading from "/home/renigijus/gams/opt-mod-lib/gamslib/relief/convert.opt"
--- Writing Ampl      : relief-scalar.mod

--- Reading solution for model m
--- relief.gms(87) 4 Mb
--- Generating MIP model m
--- relief.gms(89) 4 Mb
--- LOOPS d = d9
---   122 rows  2,101 columns  6,181 non-zeroes
---   100 discrete-columns
--- Executing CONVERT (Solvelink=2): elapsed 0:00:00.141

Convert 2.0      24.7.4 r58773 Released Sep 19, 2016 LEG x86 64bit/Linux      

--- Using Option File
Reading parameter(s) from "/home/renigijus/gams/opt-mod-lib/gamslib/relief/convert.opt"
>>  ampl relief-scalar.mod
Finished reading from "/home/renigijus/gams/opt-mod-lib/gamslib/relief/convert.opt"
--- Writing Ampl      : relief-scalar.mod

--- Reading solution for model m
--- relief.gms(87) 4 Mb
--- Generating MIP model m
--- relief.gms(89) 4 Mb
--- LOOPS d = d10
---   122 rows  2,101 columns  6,181 non-zeroes
---   100 discrete-columns
--- Executing CONVERT (Solvelink=2): elapsed 0:00:00.151

Convert 2.0      24.7.4 r58773 Released Sep 19, 2016 LEG x86 64bit/Linux      

--- Using Option File
Reading parameter(s) from "/home/renigijus/gams/opt-mod-lib/gamslib/relief/convert.opt"
>>  ampl relief-scalar.mod
Finished reading from "/home/renigijus/gams/opt-mod-lib/gamslib/relief/convert.opt"
--- Writing Ampl      : relief-scalar.mod

--- Reading solution for model m
--- relief.gms(87) 4 Mb
--- Generating MIP model m
--- relief.gms(89) 4 Mb
--- LOOPS d = d11
---   122 rows  2,101 columns  6,181 non-zeroes
---   100 discrete-columns
--- Executing CONVERT (Solvelink=2): elapsed 0:00:00.164

Convert 2.0      24.7.4 r58773 Released Sep 19, 2016 LEG x86 64bit/Linux      

--- Using Option File
Reading parameter(s) from "/home/renigijus/gams/opt-mod-lib/gamslib/relief/convert.opt"
>>  ampl relief-scalar.mod
Finished reading from "/home/renigijus/gams/opt-mod-lib/gamslib/relief/convert.opt"
--- Writing Ampl      : relief-scalar.mod

--- Reading solution for model m
--- relief.gms(87) 4 Mb
--- Generating MIP model m
--- relief.gms(89) 4 Mb
--- LOOPS d = d12
---   122 rows  2,101 columns  6,181 non-zeroes
---   100 discrete-columns
--- Executing CONVERT (Solvelink=2): elapsed 0:00:00.180

Convert 2.0      24.7.4 r58773 Released Sep 19, 2016 LEG x86 64bit/Linux      

--- Using Option File
Reading parameter(s) from "/home/renigijus/gams/opt-mod-lib/gamslib/relief/convert.opt"
>>  ampl relief-scalar.mod
Finished reading from "/home/renigijus/gams/opt-mod-lib/gamslib/relief/convert.opt"
--- Writing Ampl      : relief-scalar.mod

--- Reading solution for model m
--- relief.gms(87) 4 Mb
--- Generating MIP model m
--- relief.gms(89) 4 Mb
--- LOOPS d = d13
---   122 rows  2,101 columns  6,181 non-zeroes
---   100 discrete-columns
--- Executing CONVERT (Solvelink=2): elapsed 0:00:00.195

Convert 2.0      24.7.4 r58773 Released Sep 19, 2016 LEG x86 64bit/Linux      

--- Using Option File
Reading parameter(s) from "/home/renigijus/gams/opt-mod-lib/gamslib/relief/convert.opt"
>>  ampl relief-scalar.mod
Finished reading from "/home/renigijus/gams/opt-mod-lib/gamslib/relief/convert.opt"
--- Writing Ampl      : relief-scalar.mod

--- Reading solution for model m
--- relief.gms(87) 4 Mb
--- Generating MIP model m
--- relief.gms(89) 4 Mb
--- LOOPS d = d14
---   122 rows  2,101 columns  6,181 non-zeroes
---   100 discrete-columns
--- Executing CONVERT (Solvelink=2): elapsed 0:00:00.207

Convert 2.0      24.7.4 r58773 Released Sep 19, 2016 LEG x86 64bit/Linux      

--- Using Option File
Reading parameter(s) from "/home/renigijus/gams/opt-mod-lib/gamslib/relief/convert.opt"
>>  ampl relief-scalar.mod
Finished reading from "/home/renigijus/gams/opt-mod-lib/gamslib/relief/convert.opt"
--- Writing Ampl      : relief-scalar.mod

--- Reading solution for model m
--- relief.gms(87) 4 Mb
--- Generating MIP model m
--- relief.gms(89) 4 Mb
--- LOOPS d = d15
---   122 rows  2,101 columns  6,181 non-zeroes
---   100 discrete-columns
--- Executing CONVERT (Solvelink=2): elapsed 0:00:00.220

Convert 2.0      24.7.4 r58773 Released Sep 19, 2016 LEG x86 64bit/Linux      

--- Using Option File
Reading parameter(s) from "/home/renigijus/gams/opt-mod-lib/gamslib/relief/convert.opt"
>>  ampl relief-scalar.mod
Finished reading from "/home/renigijus/gams/opt-mod-lib/gamslib/relief/convert.opt"
--- Writing Ampl      : relief-scalar.mod

--- Reading solution for model m
--- relief.gms(87) 4 Mb
--- Generating MIP model m
--- relief.gms(89) 4 Mb
--- LOOPS d = d16
---   122 rows  2,101 columns  6,181 non-zeroes
---   100 discrete-columns
--- Executing CONVERT (Solvelink=2): elapsed 0:00:00.233

Convert 2.0      24.7.4 r58773 Released Sep 19, 2016 LEG x86 64bit/Linux      

--- Using Option File
Reading parameter(s) from "/home/renigijus/gams/opt-mod-lib/gamslib/relief/convert.opt"
>>  ampl relief-scalar.mod
Finished reading from "/home/renigijus/gams/opt-mod-lib/gamslib/relief/convert.opt"
--- Writing Ampl      : relief-scalar.mod

--- Reading solution for model m
--- relief.gms(87) 4 Mb
--- Generating MIP model m
--- relief.gms(89) 4 Mb
--- LOOPS d = d17
---   122 rows  2,101 columns  6,181 non-zeroes
---   100 discrete-columns
--- Executing CONVERT (Solvelink=2): elapsed 0:00:00.246

Convert 2.0      24.7.4 r58773 Released Sep 19, 2016 LEG x86 64bit/Linux      

--- Using Option File
Reading parameter(s) from "/home/renigijus/gams/opt-mod-lib/gamslib/relief/convert.opt"
>>  ampl relief-scalar.mod
Finished reading from "/home/renigijus/gams/opt-mod-lib/gamslib/relief/convert.opt"
--- Writing Ampl      : relief-scalar.mod

--- Reading solution for model m
--- relief.gms(87) 4 Mb
--- Generating MIP model m
--- relief.gms(89) 4 Mb
--- LOOPS d = d18
---   122 rows  2,101 columns  6,181 non-zeroes
---   100 discrete-columns
--- Executing CONVERT (Solvelink=2): elapsed 0:00:00.261

Convert 2.0      24.7.4 r58773 Released Sep 19, 2016 LEG x86 64bit/Linux      

--- Using Option File
Reading parameter(s) from "/home/renigijus/gams/opt-mod-lib/gamslib/relief/convert.opt"
>>  ampl relief-scalar.mod
Finished reading from "/home/renigijus/gams/opt-mod-lib/gamslib/relief/convert.opt"
--- Writing Ampl      : relief-scalar.mod

--- Reading solution for model m
--- relief.gms(87) 4 Mb
--- Generating MIP model m
--- relief.gms(89) 4 Mb
--- LOOPS d = d19
---   122 rows  2,101 columns  6,181 non-zeroes
---   100 discrete-columns
--- Executing CONVERT (Solvelink=2): elapsed 0:00:00.277

Convert 2.0      24.7.4 r58773 Released Sep 19, 2016 LEG x86 64bit/Linux      

--- Using Option File
Reading parameter(s) from "/home/renigijus/gams/opt-mod-lib/gamslib/relief/convert.opt"
>>  ampl relief-scalar.mod
Finished reading from "/home/renigijus/gams/opt-mod-lib/gamslib/relief/convert.opt"
--- Writing Ampl      : relief-scalar.mod

--- Reading solution for model m
--- relief.gms(87) 4 Mb
--- Generating MIP model m
--- relief.gms(89) 4 Mb
--- LOOPS d = d20
---   122 rows  2,101 columns  6,181 non-zeroes
---   100 discrete-columns
--- Executing CONVERT (Solvelink=2): elapsed 0:00:00.292

Convert 2.0      24.7.4 r58773 Released Sep 19, 2016 LEG x86 64bit/Linux      

--- Using Option File
Reading parameter(s) from "/home/renigijus/gams/opt-mod-lib/gamslib/relief/convert.opt"
>>  ampl relief-scalar.mod
Finished reading from "/home/renigijus/gams/opt-mod-lib/gamslib/relief/convert.opt"
--- Writing Ampl      : relief-scalar.mod

--- Reading solution for model m
--- relief.gms(117) 4 Mb
--- Generating MIP model m
--- relief.gms(117) 4 Mb
---   122 rows  2,101 columns  6,181 non-zeroes
---   100 discrete-columns
--- Executing CONVERT (Solvelink=2): elapsed 0:00:00.307

Convert 2.0      24.7.4 r58773 Released Sep 19, 2016 LEG x86 64bit/Linux      

--- Using Option File
Reading parameter(s) from "/home/renigijus/gams/opt-mod-lib/gamslib/relief/convert.opt"
>>  ampl relief-scalar.mod
Finished reading from "/home/renigijus/gams/opt-mod-lib/gamslib/relief/convert.opt"
--- Writing Ampl      : relief-scalar.mod

--- Reading solution for model m
--- relief.gms(143) 4 Mb
*** Status: Normal completion
--- Job relief.gms Stop 12/13/18 11:30:35 elapsed 0:00:00.315
