--- Job relief.gms Start 12/13/18 11:30:35 24.7.4 r58773 LEX-LEG x86 64bit/Linux
GAMS 24.7.4   Copyright (C) 1987-2016 GAMS Development. All rights reserved
Licensee: Remigijus Paulavicius, Single User License     S170731:0859AO-LNX
          Imperial College London, Dept. of Chemical Engineering    DC13449
          License for teaching and research at degree granting institutions
          remigijus.paulavicius@imperial.ac.uk                             
--- Starting compilation
--- relief.gms(150) 3 Mb
--- Starting execution: elapsed 0:00:00.002
--- relief.gms(77) 4 Mb
--- Generating MIP model m
--- relief.gms(78) 4 Mb
---   122 rows  2,101 columns  6,181 non-zeroes
---   100 discrete-columns
--- Executing CONVERT (Solvelink=2): elapsed 0:00:00.008

Convert 2.0      24.7.4 r58773 Released Sep 19, 2016 LEG x86 64bit/Linux      

--- Using Option File
Reading parameter(s) from "/home/renigijus/gams/opt-mod-lib/gamslib/relief/convert.opt"
>>  gams relief-scalar.gms
Finished reading from "/home/renigijus/gams/opt-mod-lib/gamslib/relief/convert.opt"
--- Writing Gams      : relief-scalar.gms

--- Reading solution for model m
--- relief.gms(88) 4 Mb
--- Generating MIP model m
--- relief.gms(90) 4 Mb
--- LOOPS d = d1
---   122 rows  2,101 columns  6,181 non-zeroes
---   100 discrete-columns
--- Executing CONVERT (Solvelink=2): elapsed 0:00:00.024

Convert 2.0      24.7.4 r58773 Released Sep 19, 2016 LEG x86 64bit/Linux      

--- Using Option File
Reading parameter(s) from "/home/renigijus/gams/opt-mod-lib/gamslib/relief/convert.opt"
>>  gams relief-scalar.gms
Finished reading from "/home/renigijus/gams/opt-mod-lib/gamslib/relief/convert.opt"
--- Writing Gams      : relief-scalar.gms

--- Reading solution for model m
--- relief.gms(88) 4 Mb
--- Generating MIP model m
--- relief.gms(90) 4 Mb
--- LOOPS d = d2
---   122 rows  2,101 columns  6,181 non-zeroes
---   100 discrete-columns
--- Executing CONVERT (Solvelink=2): elapsed 0:00:00.038

Convert 2.0      24.7.4 r58773 Released Sep 19, 2016 LEG x86 64bit/Linux      

--- Using Option File
Reading parameter(s) from "/home/renigijus/gams/opt-mod-lib/gamslib/relief/convert.opt"
>>  gams relief-scalar.gms
Finished reading from "/home/renigijus/gams/opt-mod-lib/gamslib/relief/convert.opt"
--- Writing Gams      : relief-scalar.gms

--- Reading solution for model m
--- relief.gms(88) 4 Mb
--- Generating MIP model m
--- relief.gms(90) 4 Mb
--- LOOPS d = d3
---   122 rows  2,101 columns  6,181 non-zeroes
---   100 discrete-columns
--- Executing CONVERT (Solvelink=2): elapsed 0:00:00.052

Convert 2.0      24.7.4 r58773 Released Sep 19, 2016 LEG x86 64bit/Linux      

--- Using Option File
Reading parameter(s) from "/home/renigijus/gams/opt-mod-lib/gamslib/relief/convert.opt"
>>  gams relief-scalar.gms
Finished reading from "/home/renigijus/gams/opt-mod-lib/gamslib/relief/convert.opt"
--- Writing Gams      : relief-scalar.gms

--- Reading solution for model m
--- relief.gms(88) 4 Mb
--- Generating MIP model m
--- relief.gms(90) 4 Mb
--- LOOPS d = d4
---   122 rows  2,101 columns  6,181 non-zeroes
---   100 discrete-columns
--- Executing CONVERT (Solvelink=2): elapsed 0:00:00.065

Convert 2.0      24.7.4 r58773 Released Sep 19, 2016 LEG x86 64bit/Linux      

--- Using Option File
Reading parameter(s) from "/home/renigijus/gams/opt-mod-lib/gamslib/relief/convert.opt"
>>  gams relief-scalar.gms
Finished reading from "/home/renigijus/gams/opt-mod-lib/gamslib/relief/convert.opt"
--- Writing Gams      : relief-scalar.gms

--- Reading solution for model m
--- relief.gms(88) 4 Mb
--- Generating MIP model m
--- relief.gms(90) 4 Mb
--- LOOPS d = d5
---   122 rows  2,101 columns  6,181 non-zeroes
---   100 discrete-columns
--- Executing CONVERT (Solvelink=2): elapsed 0:00:00.080

Convert 2.0      24.7.4 r58773 Released Sep 19, 2016 LEG x86 64bit/Linux      

--- Using Option File
Reading parameter(s) from "/home/renigijus/gams/opt-mod-lib/gamslib/relief/convert.opt"
>>  gams relief-scalar.gms
Finished reading from "/home/renigijus/gams/opt-mod-lib/gamslib/relief/convert.opt"
--- Writing Gams      : relief-scalar.gms

--- Reading solution for model m
--- relief.gms(88) 4 Mb
--- Generating MIP model m
--- relief.gms(90) 4 Mb
--- LOOPS d = d6
---   122 rows  2,101 columns  6,181 non-zeroes
---   100 discrete-columns
--- Executing CONVERT (Solvelink=2): elapsed 0:00:00.093

Convert 2.0      24.7.4 r58773 Released Sep 19, 2016 LEG x86 64bit/Linux      

--- Using Option File
Reading parameter(s) from "/home/renigijus/gams/opt-mod-lib/gamslib/relief/convert.opt"
>>  gams relief-scalar.gms
Finished reading from "/home/renigijus/gams/opt-mod-lib/gamslib/relief/convert.opt"
--- Writing Gams      : relief-scalar.gms

--- Reading solution for model m
--- relief.gms(88) 4 Mb
--- Generating MIP model m
--- relief.gms(90) 4 Mb
--- LOOPS d = d7
---   122 rows  2,101 columns  6,181 non-zeroes
---   100 discrete-columns
--- Executing CONVERT (Solvelink=2): elapsed 0:00:00.108

Convert 2.0      24.7.4 r58773 Released Sep 19, 2016 LEG x86 64bit/Linux      

--- Using Option File
Reading parameter(s) from "/home/renigijus/gams/opt-mod-lib/gamslib/relief/convert.opt"
>>  gams relief-scalar.gms
Finished reading from "/home/renigijus/gams/opt-mod-lib/gamslib/relief/convert.opt"
--- Writing Gams      : relief-scalar.gms

--- Reading solution for model m
--- relief.gms(88) 4 Mb
--- Generating MIP model m
--- relief.gms(90) 4 Mb
--- LOOPS d = d8
---   122 rows  2,101 columns  6,181 non-zeroes
---   100 discrete-columns
--- Executing CONVERT (Solvelink=2): elapsed 0:00:00.125

Convert 2.0      24.7.4 r58773 Released Sep 19, 2016 LEG x86 64bit/Linux      

--- Using Option File
Reading parameter(s) from "/home/renigijus/gams/opt-mod-lib/gamslib/relief/convert.opt"
>>  gams relief-scalar.gms
Finished reading from "/home/renigijus/gams/opt-mod-lib/gamslib/relief/convert.opt"
--- Writing Gams      : relief-scalar.gms

--- Reading solution for model m
--- relief.gms(88) 4 Mb
--- Generating MIP model m
--- relief.gms(90) 4 Mb
--- LOOPS d = d9
---   122 rows  2,101 columns  6,181 non-zeroes
---   100 discrete-columns
--- Executing CONVERT (Solvelink=2): elapsed 0:00:00.144

Convert 2.0      24.7.4 r58773 Released Sep 19, 2016 LEG x86 64bit/Linux      

--- Using Option File
Reading parameter(s) from "/home/renigijus/gams/opt-mod-lib/gamslib/relief/convert.opt"
>>  gams relief-scalar.gms
Finished reading from "/home/renigijus/gams/opt-mod-lib/gamslib/relief/convert.opt"
--- Writing Gams      : relief-scalar.gms

--- Reading solution for model m
--- relief.gms(88) 4 Mb
--- Generating MIP model m
--- relief.gms(90) 4 Mb
--- LOOPS d = d10
---   122 rows  2,101 columns  6,181 non-zeroes
---   100 discrete-columns
--- Executing CONVERT (Solvelink=2): elapsed 0:00:00.154

Convert 2.0      24.7.4 r58773 Released Sep 19, 2016 LEG x86 64bit/Linux      

--- Using Option File
Reading parameter(s) from "/home/renigijus/gams/opt-mod-lib/gamslib/relief/convert.opt"
>>  gams relief-scalar.gms
Finished reading from "/home/renigijus/gams/opt-mod-lib/gamslib/relief/convert.opt"
--- Writing Gams      : relief-scalar.gms

--- Reading solution for model m
--- relief.gms(88) 4 Mb
--- Generating MIP model m
--- relief.gms(90) 4 Mb
--- LOOPS d = d11
---   122 rows  2,101 columns  6,181 non-zeroes
---   100 discrete-columns
--- Executing CONVERT (Solvelink=2): elapsed 0:00:00.167

Convert 2.0      24.7.4 r58773 Released Sep 19, 2016 LEG x86 64bit/Linux      

--- Using Option File
Reading parameter(s) from "/home/renigijus/gams/opt-mod-lib/gamslib/relief/convert.opt"
>>  gams relief-scalar.gms
Finished reading from "/home/renigijus/gams/opt-mod-lib/gamslib/relief/convert.opt"
--- Writing Gams      : relief-scalar.gms

--- Reading solution for model m
--- relief.gms(88) 4 Mb
--- Generating MIP model m
--- relief.gms(90) 4 Mb
--- LOOPS d = d12
---   122 rows  2,101 columns  6,181 non-zeroes
---   100 discrete-columns
--- Executing CONVERT (Solvelink=2): elapsed 0:00:00.180

Convert 2.0      24.7.4 r58773 Released Sep 19, 2016 LEG x86 64bit/Linux      

--- Using Option File
Reading parameter(s) from "/home/renigijus/gams/opt-mod-lib/gamslib/relief/convert.opt"
>>  gams relief-scalar.gms
Finished reading from "/home/renigijus/gams/opt-mod-lib/gamslib/relief/convert.opt"
--- Writing Gams      : relief-scalar.gms

--- Reading solution for model m
--- relief.gms(88) 4 Mb
--- Generating MIP model m
--- relief.gms(90) 4 Mb
--- LOOPS d = d13
---   122 rows  2,101 columns  6,181 non-zeroes
---   100 discrete-columns
--- Executing CONVERT (Solvelink=2): elapsed 0:00:00.195

Convert 2.0      24.7.4 r58773 Released Sep 19, 2016 LEG x86 64bit/Linux      

--- Using Option File
Reading parameter(s) from "/home/renigijus/gams/opt-mod-lib/gamslib/relief/convert.opt"
>>  gams relief-scalar.gms
Finished reading from "/home/renigijus/gams/opt-mod-lib/gamslib/relief/convert.opt"
--- Writing Gams      : relief-scalar.gms

--- Reading solution for model m
--- relief.gms(88) 4 Mb
--- Generating MIP model m
--- relief.gms(90) 4 Mb
--- LOOPS d = d14
---   122 rows  2,101 columns  6,181 non-zeroes
---   100 discrete-columns
--- Executing CONVERT (Solvelink=2): elapsed 0:00:00.209

Convert 2.0      24.7.4 r58773 Released Sep 19, 2016 LEG x86 64bit/Linux      

--- Using Option File
Reading parameter(s) from "/home/renigijus/gams/opt-mod-lib/gamslib/relief/convert.opt"
>>  gams relief-scalar.gms
Finished reading from "/home/renigijus/gams/opt-mod-lib/gamslib/relief/convert.opt"
--- Writing Gams      : relief-scalar.gms

--- Reading solution for model m
--- relief.gms(88) 4 Mb
--- Generating MIP model m
--- relief.gms(90) 4 Mb
--- LOOPS d = d15
---   122 rows  2,101 columns  6,181 non-zeroes
---   100 discrete-columns
--- Executing CONVERT (Solvelink=2): elapsed 0:00:00.224

Convert 2.0      24.7.4 r58773 Released Sep 19, 2016 LEG x86 64bit/Linux      

--- Using Option File
Reading parameter(s) from "/home/renigijus/gams/opt-mod-lib/gamslib/relief/convert.opt"
>>  gams relief-scalar.gms
Finished reading from "/home/renigijus/gams/opt-mod-lib/gamslib/relief/convert.opt"
--- Writing Gams      : relief-scalar.gms

--- Reading solution for model m
--- relief.gms(88) 4 Mb
--- Generating MIP model m
--- relief.gms(90) 4 Mb
--- LOOPS d = d16
---   122 rows  2,101 columns  6,181 non-zeroes
---   100 discrete-columns
--- Executing CONVERT (Solvelink=2): elapsed 0:00:00.241

Convert 2.0      24.7.4 r58773 Released Sep 19, 2016 LEG x86 64bit/Linux      

--- Using Option File
Reading parameter(s) from "/home/renigijus/gams/opt-mod-lib/gamslib/relief/convert.opt"
>>  gams relief-scalar.gms
Finished reading from "/home/renigijus/gams/opt-mod-lib/gamslib/relief/convert.opt"
--- Writing Gams      : relief-scalar.gms

--- Reading solution for model m
--- relief.gms(88) 4 Mb
--- Generating MIP model m
--- relief.gms(90) 4 Mb
--- LOOPS d = d17
---   122 rows  2,101 columns  6,181 non-zeroes
---   100 discrete-columns
--- Executing CONVERT (Solvelink=2): elapsed 0:00:00.251

Convert 2.0      24.7.4 r58773 Released Sep 19, 2016 LEG x86 64bit/Linux      

--- Using Option File
Reading parameter(s) from "/home/renigijus/gams/opt-mod-lib/gamslib/relief/convert.opt"
>>  gams relief-scalar.gms
Finished reading from "/home/renigijus/gams/opt-mod-lib/gamslib/relief/convert.opt"
--- Writing Gams      : relief-scalar.gms

--- Reading solution for model m
--- relief.gms(88) 4 Mb
--- Generating MIP model m
--- relief.gms(90) 4 Mb
--- LOOPS d = d18
---   122 rows  2,101 columns  6,181 non-zeroes
---   100 discrete-columns
--- Executing CONVERT (Solvelink=2): elapsed 0:00:00.263

Convert 2.0      24.7.4 r58773 Released Sep 19, 2016 LEG x86 64bit/Linux      

--- Using Option File
Reading parameter(s) from "/home/renigijus/gams/opt-mod-lib/gamslib/relief/convert.opt"
>>  gams relief-scalar.gms
Finished reading from "/home/renigijus/gams/opt-mod-lib/gamslib/relief/convert.opt"
--- Writing Gams      : relief-scalar.gms

--- Reading solution for model m
--- relief.gms(88) 4 Mb
--- Generating MIP model m
--- relief.gms(90) 4 Mb
--- LOOPS d = d19
---   122 rows  2,101 columns  6,181 non-zeroes
---   100 discrete-columns
--- Executing CONVERT (Solvelink=2): elapsed 0:00:00.276

Convert 2.0      24.7.4 r58773 Released Sep 19, 2016 LEG x86 64bit/Linux      

--- Using Option File
Reading parameter(s) from "/home/renigijus/gams/opt-mod-lib/gamslib/relief/convert.opt"
>>  gams relief-scalar.gms
Finished reading from "/home/renigijus/gams/opt-mod-lib/gamslib/relief/convert.opt"
--- Writing Gams      : relief-scalar.gms

--- Reading solution for model m
--- relief.gms(88) 4 Mb
--- Generating MIP model m
--- relief.gms(90) 4 Mb
--- LOOPS d = d20
---   122 rows  2,101 columns  6,181 non-zeroes
---   100 discrete-columns
--- Executing CONVERT (Solvelink=2): elapsed 0:00:00.289

Convert 2.0      24.7.4 r58773 Released Sep 19, 2016 LEG x86 64bit/Linux      

--- Using Option File
Reading parameter(s) from "/home/renigijus/gams/opt-mod-lib/gamslib/relief/convert.opt"
>>  gams relief-scalar.gms
Finished reading from "/home/renigijus/gams/opt-mod-lib/gamslib/relief/convert.opt"
--- Writing Gams      : relief-scalar.gms

--- Reading solution for model m
--- relief.gms(118) 4 Mb
--- Generating MIP model m
--- relief.gms(118) 4 Mb
---   122 rows  2,101 columns  6,181 non-zeroes
---   100 discrete-columns
--- Executing CONVERT (Solvelink=2): elapsed 0:00:00.303

Convert 2.0      24.7.4 r58773 Released Sep 19, 2016 LEG x86 64bit/Linux      

--- Using Option File
Reading parameter(s) from "/home/renigijus/gams/opt-mod-lib/gamslib/relief/convert.opt"
>>  gams relief-scalar.gms
Finished reading from "/home/renigijus/gams/opt-mod-lib/gamslib/relief/convert.opt"
--- Writing Gams      : relief-scalar.gms

--- Reading solution for model m
--- relief.gms(144) 4 Mb
*** Status: Normal completion
--- Job relief.gms Stop 12/13/18 11:30:35 elapsed 0:00:00.311
