--- Job relief.gms Start 12/13/18 11:30:35 24.7.4 r58773 LEX-LEG x86 64bit/Linux
GAMS 24.7.4   Copyright (C) 1987-2016 GAMS Development. All rights reserved
Licensee: Remigijus Paulavicius, Single User License     S170731:0859AO-LNX
          Imperial College London, Dept. of Chemical Engineering    DC13449
          License for teaching and research at degree granting institutions
          remigijus.paulavicius@imperial.ac.uk                             
--- Starting compilation
--- relief.gms(151) 3 Mb
--- Starting execution: elapsed 0:00:00.002
--- relief.gms(78) 4 Mb
--- Generating MIP model m
--- relief.gms(79) 4 Mb
---   122 rows  2,101 columns  6,181 non-zeroes
---   100 discrete-columns
--- Executing CONVERT (Solvelink=2): elapsed 0:00:00.010

Convert 2.0      24.7.4 r58773 Released Sep 19, 2016 LEG x86 64bit/Linux      

--- Using Option File
Reading parameter(s) from "/home/renigijus/gams/opt-mod-lib/gamslib/relief/convert.opt"
>>  pyomo relief-scalar.py
Finished reading from "/home/renigijus/gams/opt-mod-lib/gamslib/relief/convert.opt"
--- Writing Pyomo     : relief-scalar.py

--- Reading solution for model m
--- relief.gms(89) 4 Mb
--- Generating MIP model m
--- relief.gms(91) 4 Mb
--- LOOPS d = d1
---   122 rows  2,101 columns  6,181 non-zeroes
---   100 discrete-columns
--- Executing CONVERT (Solvelink=2): elapsed 0:00:00.028

Convert 2.0      24.7.4 r58773 Released Sep 19, 2016 LEG x86 64bit/Linux      

--- Using Option File
Reading parameter(s) from "/home/renigijus/gams/opt-mod-lib/gamslib/relief/convert.opt"
>>  pyomo relief-scalar.py
Finished reading from "/home/renigijus/gams/opt-mod-lib/gamslib/relief/convert.opt"
--- Writing Pyomo     : relief-scalar.py

--- Reading solution for model m
--- relief.gms(89) 4 Mb
--- Generating MIP model m
--- relief.gms(91) 4 Mb
--- LOOPS d = d2
---   122 rows  2,101 columns  6,181 non-zeroes
---   100 discrete-columns
--- Executing CONVERT (Solvelink=2): elapsed 0:00:00.039

Convert 2.0      24.7.4 r58773 Released Sep 19, 2016 LEG x86 64bit/Linux      

--- Using Option File
Reading parameter(s) from "/home/renigijus/gams/opt-mod-lib/gamslib/relief/convert.opt"
>>  pyomo relief-scalar.py
Finished reading from "/home/renigijus/gams/opt-mod-lib/gamslib/relief/convert.opt"
--- Writing Pyomo     : relief-scalar.py

--- Reading solution for model m
--- relief.gms(89) 4 Mb
--- Generating MIP model m
--- relief.gms(91) 4 Mb
--- LOOPS d = d3
---   122 rows  2,101 columns  6,181 non-zeroes
---   100 discrete-columns
--- Executing CONVERT (Solvelink=2): elapsed 0:00:00.052

Convert 2.0      24.7.4 r58773 Released Sep 19, 2016 LEG x86 64bit/Linux      

--- Using Option File
Reading parameter(s) from "/home/renigijus/gams/opt-mod-lib/gamslib/relief/convert.opt"
>>  pyomo relief-scalar.py
Finished reading from "/home/renigijus/gams/opt-mod-lib/gamslib/relief/convert.opt"
--- Writing Pyomo     : relief-scalar.py

--- Reading solution for model m
--- relief.gms(89) 4 Mb
--- Generating MIP model m
--- relief.gms(91) 4 Mb
--- LOOPS d = d4
---   122 rows  2,101 columns  6,181 non-zeroes
---   100 discrete-columns
--- Executing CONVERT (Solvelink=2): elapsed 0:00:00.066

Convert 2.0      24.7.4 r58773 Released Sep 19, 2016 LEG x86 64bit/Linux      

--- Using Option File
Reading parameter(s) from "/home/renigijus/gams/opt-mod-lib/gamslib/relief/convert.opt"
>>  pyomo relief-scalar.py
Finished reading from "/home/renigijus/gams/opt-mod-lib/gamslib/relief/convert.opt"
--- Writing Pyomo     : relief-scalar.py

--- Reading solution for model m
--- relief.gms(89) 4 Mb
--- Generating MIP model m
--- relief.gms(91) 4 Mb
--- LOOPS d = d5
---   122 rows  2,101 columns  6,181 non-zeroes
---   100 discrete-columns
--- Executing CONVERT (Solvelink=2): elapsed 0:00:00.081

Convert 2.0      24.7.4 r58773 Released Sep 19, 2016 LEG x86 64bit/Linux      

--- Using Option File
Reading parameter(s) from "/home/renigijus/gams/opt-mod-lib/gamslib/relief/convert.opt"
>>  pyomo relief-scalar.py
Finished reading from "/home/renigijus/gams/opt-mod-lib/gamslib/relief/convert.opt"
--- Writing Pyomo     : relief-scalar.py

--- Reading solution for model m
--- relief.gms(89) 4 Mb
--- Generating MIP model m
--- relief.gms(91) 4 Mb
--- LOOPS d = d6
---   122 rows  2,101 columns  6,181 non-zeroes
---   100 discrete-columns
--- Executing CONVERT (Solvelink=2): elapsed 0:00:00.096

Convert 2.0      24.7.4 r58773 Released Sep 19, 2016 LEG x86 64bit/Linux      

--- Using Option File
Reading parameter(s) from "/home/renigijus/gams/opt-mod-lib/gamslib/relief/convert.opt"
>>  pyomo relief-scalar.py
Finished reading from "/home/renigijus/gams/opt-mod-lib/gamslib/relief/convert.opt"
--- Writing Pyomo     : relief-scalar.py

--- Reading solution for model m
--- relief.gms(89) 4 Mb
--- Generating MIP model m
--- relief.gms(91) 4 Mb
--- LOOPS d = d7
---   122 rows  2,101 columns  6,181 non-zeroes
---   100 discrete-columns
--- Executing CONVERT (Solvelink=2): elapsed 0:00:00.114

Convert 2.0      24.7.4 r58773 Released Sep 19, 2016 LEG x86 64bit/Linux      

--- Using Option File
Reading parameter(s) from "/home/renigijus/gams/opt-mod-lib/gamslib/relief/convert.opt"
>>  pyomo relief-scalar.py
Finished reading from "/home/renigijus/gams/opt-mod-lib/gamslib/relief/convert.opt"
--- Writing Pyomo     : relief-scalar.py

--- Reading solution for model m
--- relief.gms(89) 4 Mb
--- Generating MIP model m
--- relief.gms(91) 4 Mb
--- LOOPS d = d8
---   122 rows  2,101 columns  6,181 non-zeroes
---   100 discrete-columns
--- Executing CONVERT (Solvelink=2): elapsed 0:00:00.130

Convert 2.0      24.7.4 r58773 Released Sep 19, 2016 LEG x86 64bit/Linux      

--- Using Option File
Reading parameter(s) from "/home/renigijus/gams/opt-mod-lib/gamslib/relief/convert.opt"
>>  pyomo relief-scalar.py
Finished reading from "/home/renigijus/gams/opt-mod-lib/gamslib/relief/convert.opt"
--- Writing Pyomo     : relief-scalar.py

--- Reading solution for model m
--- relief.gms(89) 4 Mb
--- Generating MIP model m
--- relief.gms(91) 4 Mb
--- LOOPS d = d9
---   122 rows  2,101 columns  6,181 non-zeroes
---   100 discrete-columns
--- Executing CONVERT (Solvelink=2): elapsed 0:00:00.144

Convert 2.0      24.7.4 r58773 Released Sep 19, 2016 LEG x86 64bit/Linux      

--- Using Option File
Reading parameter(s) from "/home/renigijus/gams/opt-mod-lib/gamslib/relief/convert.opt"
>>  pyomo relief-scalar.py
Finished reading from "/home/renigijus/gams/opt-mod-lib/gamslib/relief/convert.opt"
--- Writing Pyomo     : relief-scalar.py

--- Reading solution for model m
--- relief.gms(89) 4 Mb
--- Generating MIP model m
--- relief.gms(91) 4 Mb
--- LOOPS d = d10
---   122 rows  2,101 columns  6,181 non-zeroes
---   100 discrete-columns
--- Executing CONVERT (Solvelink=2): elapsed 0:00:00.155

Convert 2.0      24.7.4 r58773 Released Sep 19, 2016 LEG x86 64bit/Linux      

--- Using Option File
Reading parameter(s) from "/home/renigijus/gams/opt-mod-lib/gamslib/relief/convert.opt"
>>  pyomo relief-scalar.py
Finished reading from "/home/renigijus/gams/opt-mod-lib/gamslib/relief/convert.opt"
--- Writing Pyomo     : relief-scalar.py

--- Reading solution for model m
--- relief.gms(89) 4 Mb
--- Generating MIP model m
--- relief.gms(91) 4 Mb
--- LOOPS d = d11
---   122 rows  2,101 columns  6,181 non-zeroes
---   100 discrete-columns
--- Executing CONVERT (Solvelink=2): elapsed 0:00:00.168

Convert 2.0      24.7.4 r58773 Released Sep 19, 2016 LEG x86 64bit/Linux      

--- Using Option File
Reading parameter(s) from "/home/renigijus/gams/opt-mod-lib/gamslib/relief/convert.opt"
>>  pyomo relief-scalar.py
Finished reading from "/home/renigijus/gams/opt-mod-lib/gamslib/relief/convert.opt"
--- Writing Pyomo     : relief-scalar.py

--- Reading solution for model m
--- relief.gms(89) 4 Mb
--- Generating MIP model m
--- relief.gms(91) 4 Mb
--- LOOPS d = d12
---   122 rows  2,101 columns  6,181 non-zeroes
---   100 discrete-columns
--- Executing CONVERT (Solvelink=2): elapsed 0:00:00.184

Convert 2.0      24.7.4 r58773 Released Sep 19, 2016 LEG x86 64bit/Linux      

--- Using Option File
Reading parameter(s) from "/home/renigijus/gams/opt-mod-lib/gamslib/relief/convert.opt"
>>  pyomo relief-scalar.py
Finished reading from "/home/renigijus/gams/opt-mod-lib/gamslib/relief/convert.opt"
--- Writing Pyomo     : relief-scalar.py

--- Reading solution for model m
--- relief.gms(89) 4 Mb
--- Generating MIP model m
--- relief.gms(91) 4 Mb
--- LOOPS d = d13
---   122 rows  2,101 columns  6,181 non-zeroes
---   100 discrete-columns
--- Executing CONVERT (Solvelink=2): elapsed 0:00:00.199

Convert 2.0      24.7.4 r58773 Released Sep 19, 2016 LEG x86 64bit/Linux      

--- Using Option File
Reading parameter(s) from "/home/renigijus/gams/opt-mod-lib/gamslib/relief/convert.opt"
>>  pyomo relief-scalar.py
Finished reading from "/home/renigijus/gams/opt-mod-lib/gamslib/relief/convert.opt"
--- Writing Pyomo     : relief-scalar.py

--- Reading solution for model m
--- relief.gms(89) 4 Mb
--- Generating MIP model m
--- relief.gms(91) 4 Mb
--- LOOPS d = d14
---   122 rows  2,101 columns  6,181 non-zeroes
---   100 discrete-columns
--- Executing CONVERT (Solvelink=2): elapsed 0:00:00.218

Convert 2.0      24.7.4 r58773 Released Sep 19, 2016 LEG x86 64bit/Linux      

--- Using Option File
Reading parameter(s) from "/home/renigijus/gams/opt-mod-lib/gamslib/relief/convert.opt"
>>  pyomo relief-scalar.py
Finished reading from "/home/renigijus/gams/opt-mod-lib/gamslib/relief/convert.opt"
--- Writing Pyomo     : relief-scalar.py

--- Reading solution for model m
--- relief.gms(89) 4 Mb
--- Generating MIP model m
--- relief.gms(91) 4 Mb
--- LOOPS d = d15
---   122 rows  2,101 columns  6,181 non-zeroes
---   100 discrete-columns
--- Executing CONVERT (Solvelink=2): elapsed 0:00:00.228

Convert 2.0      24.7.4 r58773 Released Sep 19, 2016 LEG x86 64bit/Linux      

--- Using Option File
Reading parameter(s) from "/home/renigijus/gams/opt-mod-lib/gamslib/relief/convert.opt"
>>  pyomo relief-scalar.py
Finished reading from "/home/renigijus/gams/opt-mod-lib/gamslib/relief/convert.opt"
--- Writing Pyomo     : relief-scalar.py

--- Reading solution for model m
--- relief.gms(89) 4 Mb
--- Generating MIP model m
--- relief.gms(91) 4 Mb
--- LOOPS d = d16
---   122 rows  2,101 columns  6,181 non-zeroes
---   100 discrete-columns
--- Executing CONVERT (Solvelink=2): elapsed 0:00:00.241

Convert 2.0      24.7.4 r58773 Released Sep 19, 2016 LEG x86 64bit/Linux      

--- Using Option File
Reading parameter(s) from "/home/renigijus/gams/opt-mod-lib/gamslib/relief/convert.opt"
>>  pyomo relief-scalar.py
Finished reading from "/home/renigijus/gams/opt-mod-lib/gamslib/relief/convert.opt"
--- Writing Pyomo     : relief-scalar.py

--- Reading solution for model m
--- relief.gms(89) 4 Mb
--- Generating MIP model m
--- relief.gms(91) 4 Mb
--- LOOPS d = d17
---   122 rows  2,101 columns  6,181 non-zeroes
---   100 discrete-columns
--- Executing CONVERT (Solvelink=2): elapsed 0:00:00.255

Convert 2.0      24.7.4 r58773 Released Sep 19, 2016 LEG x86 64bit/Linux      

--- Using Option File
Reading parameter(s) from "/home/renigijus/gams/opt-mod-lib/gamslib/relief/convert.opt"
>>  pyomo relief-scalar.py
Finished reading from "/home/renigijus/gams/opt-mod-lib/gamslib/relief/convert.opt"
--- Writing Pyomo     : relief-scalar.py

--- Reading solution for model m
--- relief.gms(89) 4 Mb
--- Generating MIP model m
--- relief.gms(91) 4 Mb
--- LOOPS d = d18
---   122 rows  2,101 columns  6,181 non-zeroes
---   100 discrete-columns
--- Executing CONVERT (Solvelink=2): elapsed 0:00:00.269

Convert 2.0      24.7.4 r58773 Released Sep 19, 2016 LEG x86 64bit/Linux      

--- Using Option File
Reading parameter(s) from "/home/renigijus/gams/opt-mod-lib/gamslib/relief/convert.opt"
>>  pyomo relief-scalar.py
Finished reading from "/home/renigijus/gams/opt-mod-lib/gamslib/relief/convert.opt"
--- Writing Pyomo     : relief-scalar.py

--- Reading solution for model m
--- relief.gms(89) 4 Mb
--- Generating MIP model m
--- relief.gms(91) 4 Mb
--- LOOPS d = d19
---   122 rows  2,101 columns  6,181 non-zeroes
---   100 discrete-columns
--- Executing CONVERT (Solvelink=2): elapsed 0:00:00.285

Convert 2.0      24.7.4 r58773 Released Sep 19, 2016 LEG x86 64bit/Linux      

--- Using Option File
Reading parameter(s) from "/home/renigijus/gams/opt-mod-lib/gamslib/relief/convert.opt"
>>  pyomo relief-scalar.py
Finished reading from "/home/renigijus/gams/opt-mod-lib/gamslib/relief/convert.opt"
--- Writing Pyomo     : relief-scalar.py

--- Reading solution for model m
--- relief.gms(89) 4 Mb
--- Generating MIP model m
--- relief.gms(91) 4 Mb
--- LOOPS d = d20
---   122 rows  2,101 columns  6,181 non-zeroes
---   100 discrete-columns
--- Executing CONVERT (Solvelink=2): elapsed 0:00:00.302

Convert 2.0      24.7.4 r58773 Released Sep 19, 2016 LEG x86 64bit/Linux      

--- Using Option File
Reading parameter(s) from "/home/renigijus/gams/opt-mod-lib/gamslib/relief/convert.opt"
>>  pyomo relief-scalar.py
Finished reading from "/home/renigijus/gams/opt-mod-lib/gamslib/relief/convert.opt"
--- Writing Pyomo     : relief-scalar.py

--- Reading solution for model m
--- relief.gms(119) 4 Mb
--- Generating MIP model m
--- relief.gms(119) 4 Mb
---   122 rows  2,101 columns  6,181 non-zeroes
---   100 discrete-columns
--- Executing CONVERT (Solvelink=2): elapsed 0:00:00.316

Convert 2.0      24.7.4 r58773 Released Sep 19, 2016 LEG x86 64bit/Linux      

--- Using Option File
Reading parameter(s) from "/home/renigijus/gams/opt-mod-lib/gamslib/relief/convert.opt"
>>  pyomo relief-scalar.py
Finished reading from "/home/renigijus/gams/opt-mod-lib/gamslib/relief/convert.opt"
--- Writing Pyomo     : relief-scalar.py

--- Reading solution for model m
--- relief.gms(145) 4 Mb
*** Status: Normal completion
--- Job relief.gms Stop 12/13/18 11:30:35 elapsed 0:00:00.325
