--- Job mathopt1.gms Start 12/13/18 11:22:59 24.7.4 r58773 LEX-LEG x86 64bit/Linux
GAMS 24.7.4   Copyright (C) 1987-2016 GAMS Development. All rights reserved
Licensee: Remigijus Paulavicius, Single User License     S170731:0859AO-LNX
          Imperial College London, Dept. of Chemical Engineering    DC13449
          License for teaching and research at degree granting institutions
          remigijus.paulavicius@imperial.ac.uk                             
--- Starting compilation
--- mathopt1.gms(52) 3 Mb
--- Starting execution: elapsed 0:00:00.001
--- mathopt1.gms(25) 4 Mb
--- Generating NLP model m
--- mathopt1.gms(41) 6 Mb
---   3 rows  3 columns  7 non-zeroes
---   18 nl-code  4 nl-non-zeroes
--- mathopt1.gms(41) 4 Mb
--- Executing CONVERT: elapsed 0:00:00.004

Convert 2.0      24.7.4 r58773 Released Sep 19, 2016 LEG x86 64bit/Linux      

--- Using Option File
Reading parameter(s) from "/home/renigijus/gams/opt-mod-lib/gamslib/mathopt1/convert.opt"
>>  gams mathopt1-scalar.gms
Finished reading from "/home/renigijus/gams/opt-mod-lib/gamslib/mathopt1/convert.opt"
--- Writing Gams      : mathopt1-scalar.gms

--- Restarting execution
--- mathopt1.gms(41) 2 Mb
--- Reading solution for model m
--- mathopt1.gms(52) 3 Mb
*** Status: Normal completion
--- Job mathopt1.gms Stop 12/13/18 11:22:59 elapsed 0:00:00.016
