--- Job otpop.gms Start 12/13/18 10:24:37 24.7.4 r58773 LEX-LEG x86 64bit/Linux
GAMS 24.7.4   Copyright (C) 1987-2016 GAMS Development. All rights reserved
Licensee: Remigijus Paulavicius, Single User License     S170731:0859AO-LNX
          Imperial College London, Dept. of Chemical Engineering    DC13449
          License for teaching and research at degree granting institutions
          remigijus.paulavicius@imperial.ac.uk                             
--- Starting compilation
--- otpop.gms(123) 3 Mb
--- Starting execution: elapsed 0:00:00.003
--- otpop.gms(115) 4 Mb
--- Generating NLP model otpop2
--- otpop.gms(117) 6 Mb
---   77 rows  104 columns  285 non-zeroes
---   420 nl-code  100 nl-non-zeroes
--- otpop.gms(117) 4 Mb
--- Executing CONVERT: elapsed 0:00:00.007

Convert 2.0      24.7.4 r58773 Released Sep 19, 2016 LEG x86 64bit/Linux      

--- Using Option File
Reading parameter(s) from "/home/renigijus/gams/opt-mod-lib/gamslib/otpop/convert.opt"
>>  ampl otpop-scalar.mod
Finished reading from "/home/renigijus/gams/opt-mod-lib/gamslib/otpop/convert.opt"
--- Writing Ampl      : otpop-scalar.mod

--- Restarting execution
--- otpop.gms(117) 2 Mb
--- Reading solution for model otpop2
--- Generating NLP model otpop3
--- otpop.gms(119) 5 Mb
---   77 rows  104 columns  302 non-zeroes
---   506 nl-code  117 nl-non-zeroes
--- otpop.gms(119) 3 Mb
--- Executing CONVERT: elapsed 0:00:00.021

Convert 2.0      24.7.4 r58773 Released Sep 19, 2016 LEG x86 64bit/Linux      

--- Using Option File
Reading parameter(s) from "/home/renigijus/gams/opt-mod-lib/gamslib/otpop/convert.opt"
>>  ampl otpop-scalar.mod
Finished reading from "/home/renigijus/gams/opt-mod-lib/gamslib/otpop/convert.opt"
--- Writing Ampl      : otpop-scalar.mod

--- Restarting execution
--- otpop.gms(119) 2 Mb
--- Reading solution for model otpop3
--- otpop.gms(121) 3 Mb
--- Generating NLP model otpop1
--- otpop.gms(123) 5 Mb
---   79 rows  106 columns  324 non-zeroes
---   508 nl-code  135 nl-non-zeroes
--- otpop.gms(123) 3 Mb
--- Executing CONVERT: elapsed 0:00:00.038

Convert 2.0      24.7.4 r58773 Released Sep 19, 2016 LEG x86 64bit/Linux      

--- Using Option File
Reading parameter(s) from "/home/renigijus/gams/opt-mod-lib/gamslib/otpop/convert.opt"
>>  ampl otpop-scalar.mod
Finished reading from "/home/renigijus/gams/opt-mod-lib/gamslib/otpop/convert.opt"
--- Writing Ampl      : otpop-scalar.mod

--- Restarting execution
--- otpop.gms(123) 2 Mb
--- Reading solution for model otpop1
*** Status: Normal completion
--- Job otpop.gms Stop 12/13/18 10:24:37 elapsed 0:00:00.052
