--- Job reaction.gms Start 12/13/18 10:30:47 24.7.4 r58773 LEX-LEG x86 64bit/Linux
GAMS 24.7.4   Copyright (C) 1987-2016 GAMS Development. All rights reserved
Licensee: Remigijus Paulavicius, Single User License     S170731:0859AO-LNX
          Imperial College London, Dept. of Chemical Engineering    DC13449
          License for teaching and research at degree granting institutions
          remigijus.paulavicius@imperial.ac.uk                             
--- Starting compilation
--- reaction.gms(116) 3 Mb
--- Starting execution: elapsed 0:00:00.001
--- reaction.gms(111) 4 Mb
--- Generating MIP model rulebase
--- reaction.gms(115) 4 Mb
---   23 rows  35 columns  79 non-zeroes
---   19 discrete-columns
--- Executing CONVERT: elapsed 0:00:00.003

Convert 2.0      24.7.4 r58773 Released Sep 19, 2016 LEG x86 64bit/Linux      

--- Using Option File
Reading parameter(s) from "/home/renigijus/gams/opt-mod-lib/gamslib/reaction/convert.opt"
>>  pyomo reaction-scalar.py
Finished reading from "/home/renigijus/gams/opt-mod-lib/gamslib/reaction/convert.opt"
--- Writing Pyomo     : reaction-scalar.py

--- Restarting execution
--- reaction.gms(115) 2 Mb
--- Reading solution for model rulebase
*** Status: Normal completion
--- Job reaction.gms Stop 12/13/18 10:30:47 elapsed 0:00:00.019
