--- Job lrs.gms Start 12/13/18 11:24:23 24.7.4 r58773 LEX-LEG x86 64bit/Linux
GAMS 24.7.4   Copyright (C) 1987-2016 GAMS Development. All rights reserved
Licensee: Remigijus Paulavicius, Single User License     S170731:0859AO-LNX
          Imperial College London, Dept. of Chemical Engineering    DC13449
          License for teaching and research at degree granting institutions
          remigijus.paulavicius@imperial.ac.uk                             
--- Starting compilation
--- lrs.gms(88) 3 Mb
--- Starting execution: elapsed 0:00:00.001
--- lrs.gms(80) 4 Mb
--- Generating MIP model lrssub
--- lrs.gms(84) 4 Mb
--- LOOPS FOR/WHILE = 1
---   1,209 rows  351 columns  3,669 non-zeroes
---   48 discrete-columns
***   302 relaxed-columns WARNING
--- Executing CONVERT: elapsed 0:00:00.006

Convert 2.0      24.7.4 r58773 Released Sep 19, 2016 LEG x86 64bit/Linux      

--- Using Option File
Reading parameter(s) from "/home/renigijus/gams/opt-mod-lib/gamslib/lrs/convert.opt"
>>  gams lrs-scalar.gms
Finished reading from "/home/renigijus/gams/opt-mod-lib/gamslib/lrs/convert.opt"
--- Writing Gams      : lrs-scalar.gms

--- Restarting execution
--- lrs.gms(84) 2 Mb
--- Reading solution for model lrssub
--- lrs.gms(80) 3 Mb
--- Generating MIP model lrssub
--- lrs.gms(84) 3 Mb
--- LOOPS FOR/WHILE = 2
---   1,209 rows  351 columns  3,669 non-zeroes
---   42 discrete-columns
***   264 relaxed-columns WARNING
--- Executing CONVERT: elapsed 0:00:00.026

Convert 2.0      24.7.4 r58773 Released Sep 19, 2016 LEG x86 64bit/Linux      

--- Using Option File
Reading parameter(s) from "/home/renigijus/gams/opt-mod-lib/gamslib/lrs/convert.opt"
>>  gams lrs-scalar.gms
Finished reading from "/home/renigijus/gams/opt-mod-lib/gamslib/lrs/convert.opt"
--- Writing Gams      : lrs-scalar.gms

--- Restarting execution
--- lrs.gms(84) 2 Mb
--- Reading solution for model lrssub
--- lrs.gms(80) 3 Mb
--- Generating MIP model lrssub
--- lrs.gms(84) 3 Mb
--- LOOPS FOR/WHILE = 3
---   1,209 rows  351 columns  3,669 non-zeroes
---   36 discrete-columns
***   226 relaxed-columns WARNING
--- Executing CONVERT: elapsed 0:00:00.044

Convert 2.0      24.7.4 r58773 Released Sep 19, 2016 LEG x86 64bit/Linux      

--- Using Option File
Reading parameter(s) from "/home/renigijus/gams/opt-mod-lib/gamslib/lrs/convert.opt"
>>  gams lrs-scalar.gms
Finished reading from "/home/renigijus/gams/opt-mod-lib/gamslib/lrs/convert.opt"
--- Writing Gams      : lrs-scalar.gms

--- Restarting execution
--- lrs.gms(84) 2 Mb
--- Reading solution for model lrssub
--- lrs.gms(80) 3 Mb
--- Generating MIP model lrssub
--- lrs.gms(84) 3 Mb
--- LOOPS FOR/WHILE = 4
---   1,209 rows  351 columns  3,669 non-zeroes
---   30 discrete-columns
***   188 relaxed-columns WARNING
--- Executing CONVERT: elapsed 0:00:00.066

Convert 2.0      24.7.4 r58773 Released Sep 19, 2016 LEG x86 64bit/Linux      

--- Using Option File
Reading parameter(s) from "/home/renigijus/gams/opt-mod-lib/gamslib/lrs/convert.opt"
>>  gams lrs-scalar.gms
Finished reading from "/home/renigijus/gams/opt-mod-lib/gamslib/lrs/convert.opt"
--- Writing Gams      : lrs-scalar.gms

--- Restarting execution
--- lrs.gms(84) 2 Mb
--- Reading solution for model lrssub
--- lrs.gms(80) 3 Mb
--- Generating MIP model lrssub
--- lrs.gms(84) 3 Mb
--- LOOPS FOR/WHILE = 5
---   1,209 rows  351 columns  3,669 non-zeroes
---   24 discrete-columns
***   150 relaxed-columns WARNING
--- Executing CONVERT: elapsed 0:00:00.085

Convert 2.0      24.7.4 r58773 Released Sep 19, 2016 LEG x86 64bit/Linux      

--- Using Option File
Reading parameter(s) from "/home/renigijus/gams/opt-mod-lib/gamslib/lrs/convert.opt"
>>  gams lrs-scalar.gms
Finished reading from "/home/renigijus/gams/opt-mod-lib/gamslib/lrs/convert.opt"
--- Writing Gams      : lrs-scalar.gms

--- Restarting execution
--- lrs.gms(84) 2 Mb
--- Reading solution for model lrssub
--- lrs.gms(80) 3 Mb
--- Generating MIP model lrssub
--- lrs.gms(84) 3 Mb
--- LOOPS FOR/WHILE = 6
---   1,209 rows  351 columns  3,669 non-zeroes
---   18 discrete-columns
***   112 relaxed-columns WARNING
--- Executing CONVERT: elapsed 0:00:00.103

Convert 2.0      24.7.4 r58773 Released Sep 19, 2016 LEG x86 64bit/Linux      

--- Using Option File
Reading parameter(s) from "/home/renigijus/gams/opt-mod-lib/gamslib/lrs/convert.opt"
>>  gams lrs-scalar.gms
Finished reading from "/home/renigijus/gams/opt-mod-lib/gamslib/lrs/convert.opt"
--- Writing Gams      : lrs-scalar.gms

--- Restarting execution
--- lrs.gms(84) 2 Mb
--- Reading solution for model lrssub
--- lrs.gms(80) 3 Mb
--- Generating MIP model lrssub
--- lrs.gms(84) 3 Mb
--- LOOPS FOR/WHILE = 7
---   1,209 rows  351 columns  3,668 non-zeroes
---   12 discrete-columns
***   74 relaxed-columns WARNING
--- Executing CONVERT: elapsed 0:00:00.122

Convert 2.0      24.7.4 r58773 Released Sep 19, 2016 LEG x86 64bit/Linux      

--- Using Option File
Reading parameter(s) from "/home/renigijus/gams/opt-mod-lib/gamslib/lrs/convert.opt"
>>  gams lrs-scalar.gms
Finished reading from "/home/renigijus/gams/opt-mod-lib/gamslib/lrs/convert.opt"
--- Writing Gams      : lrs-scalar.gms

--- Restarting execution
--- lrs.gms(84) 2 Mb
--- Reading solution for model lrssub
--- lrs.gms(80) 3 Mb
--- Generating MIP model lrssub
--- lrs.gms(84) 3 Mb
--- LOOPS FOR/WHILE = 8
---   1,209 rows  351 columns  3,668 non-zeroes
---   6 discrete-columns
***   37 relaxed-columns WARNING
--- Executing CONVERT: elapsed 0:00:00.142

Convert 2.0      24.7.4 r58773 Released Sep 19, 2016 LEG x86 64bit/Linux      

--- Using Option File
Reading parameter(s) from "/home/renigijus/gams/opt-mod-lib/gamslib/lrs/convert.opt"
>>  gams lrs-scalar.gms
Finished reading from "/home/renigijus/gams/opt-mod-lib/gamslib/lrs/convert.opt"
--- Writing Gams      : lrs-scalar.gms

--- Restarting execution
--- lrs.gms(84) 2 Mb
--- Reading solution for model lrssub
--- lrs.gms(80) 3 Mb
--- Generating MIP model lrs
--- lrs.gms(87) 3 Mb
---   1,209 rows  351 columns  3,975 non-zeroes
--- Executing CONVERT: elapsed 0:00:00.161

Convert 2.0      24.7.4 r58773 Released Sep 19, 2016 LEG x86 64bit/Linux      

--- Using Option File
Reading parameter(s) from "/home/renigijus/gams/opt-mod-lib/gamslib/lrs/convert.opt"
>>  gams lrs-scalar.gms
Finished reading from "/home/renigijus/gams/opt-mod-lib/gamslib/lrs/convert.opt"
--- Writing Gams      : lrs-scalar.gms

--- Restarting execution
--- lrs.gms(87) 2 Mb
--- Reading solution for model lrs
--- lrs.gms(80) 3 Mb
*** Status: Normal completion
--- Job lrs.gms Stop 12/13/18 11:24:23 elapsed 0:00:00.177
