--- Job railcirc.gms Start 12/13/18 10:32:28 24.7.4 r58773 LEX-LEG x86 64bit/Linux
GAMS 24.7.4   Copyright (C) 1987-2016 GAMS Development. All rights reserved
Licensee: Remigijus Paulavicius, Single User License     S170731:0859AO-LNX
          Imperial College London, Dept. of Chemical Engineering    DC13449
          License for teaching and research at degree granting institutions
          remigijus.paulavicius@imperial.ac.uk                             
--- Starting compilation
--- railcirc.gms(252) 3 Mb
--- Starting execution: elapsed 0:00:00.003
--- railcirc.gms(216) 4 Mb
--- Generating MIP model nscirc
--- railcirc.gms(217) 4 Mb
---   496 rows  298 columns  896 non-zeroes
---   297 discrete-columns
***
***   297 Integer +INF Bounds have been reset to 100 (see Option IntVarUp)
***
--- Executing CONVERT: elapsed 0:00:00.010

Convert 2.0      24.7.4 r58773 Released Sep 19, 2016 LEG x86 64bit/Linux      

--- Using Option File
Reading parameter(s) from "/home/renigijus/gams/opt-mod-lib/gamslib/railcirc/convert.opt"
>>  pyomo railcirc-scalar.py
Finished reading from "/home/renigijus/gams/opt-mod-lib/gamslib/railcirc/convert.opt"
--- Writing Pyomo     : railcirc-scalar.py

--- Restarting execution
--- railcirc.gms(217) 2 Mb
--- Reading solution for model nscirc
--- railcirc.gms(228) 3 Mb
--- Generating MIP model nscirc
--- railcirc.gms(229) 3 Mb
---   496 rows  298 columns  896 non-zeroes
---   297 discrete-columns
***
***   297 Integer +INF Bounds have been reset to 100 (see Option IntVarUp)
***
--- Executing CONVERT: elapsed 0:00:00.024

Convert 2.0      24.7.4 r58773 Released Sep 19, 2016 LEG x86 64bit/Linux      

--- Using Option File
Reading parameter(s) from "/home/renigijus/gams/opt-mod-lib/gamslib/railcirc/convert.opt"
>>  pyomo railcirc-scalar.py
Finished reading from "/home/renigijus/gams/opt-mod-lib/gamslib/railcirc/convert.opt"
--- Writing Pyomo     : railcirc-scalar.py

--- Restarting execution
--- railcirc.gms(229) 2 Mb
--- Reading solution for model nscirc
--- railcirc.gms(244) 3 Mb
--- Generating MIP model nscirc
--- railcirc.gms(246) 3 Mb
---   694 rows  595 columns  1,791 non-zeroes
---   594 discrete-columns
***
***   594 Integer +INF Bounds have been reset to 100 (see Option IntVarUp)
***
--- Executing CONVERT: elapsed 0:00:00.039

Convert 2.0      24.7.4 r58773 Released Sep 19, 2016 LEG x86 64bit/Linux      

--- Using Option File
Reading parameter(s) from "/home/renigijus/gams/opt-mod-lib/gamslib/railcirc/convert.opt"
>>  pyomo railcirc-scalar.py
Finished reading from "/home/renigijus/gams/opt-mod-lib/gamslib/railcirc/convert.opt"
--- Writing Pyomo     : railcirc-scalar.py

--- Restarting execution
--- railcirc.gms(246) 2 Mb
--- Reading solution for model nscirc
--- railcirc.gms(252) 3 Mb
*** Status: Normal completion
--- Job railcirc.gms Stop 12/13/18 10:32:28 elapsed 0:00:00.054
