--- Job qp4.gms Start 12/13/18 10:31:11 24.7.4 r58773 LEX-LEG x86 64bit/Linux
GAMS 24.7.4   Copyright (C) 1987-2016 GAMS Development. All rights reserved
Licensee: Remigijus Paulavicius, Single User License     S170731:0859AO-LNX
          Imperial College London, Dept. of Chemical Engineering    DC13449
          License for teaching and research at degree granting institutions
          remigijus.paulavicius@imperial.ac.uk                             
--- Starting compilation
--- qp4.gms(18) 2 Mb
--- .qpdata.inc(16290) 4 Mb
--- qp4.gms(59) 4 Mb
--- Starting execution: elapsed 0:00:00.022
--- qp4.gms(16324) 6 Mb
--- Generating NLP model qp4
--- qp4.gms(16346) 8 Mb
---   32 rows  80 columns  1,581 non-zeroes
---   90 nl-code  29 nl-non-zeroes
--- qp4.gms(16346) 6 Mb
--- Executing CONVERT: elapsed 0:00:00.031

Convert 2.0      24.7.4 r58773 Released Sep 19, 2016 LEG x86 64bit/Linux      

--- Using Option File
Reading parameter(s) from "/home/renigijus/gams/opt-mod-lib/gamslib/qp4/convert.opt"
>>  pyomo qp4-scalar.py
Finished reading from "/home/renigijus/gams/opt-mod-lib/gamslib/qp4/convert.opt"
--- Writing Pyomo     : qp4-scalar.py

--- Restarting execution
--- qp4.gms(16346) 4 Mb
--- Reading solution for model qp4
--- qp4.gms(16347) 4 Mb
*** Status: Normal completion
--- Job qp4.gms Stop 12/13/18 10:31:11 elapsed 0:00:00.053
