--- Job awkqap.gms Start 12/13/18 11:23:27 24.7.4 r58773 LEX-LEG x86 64bit/Linux
GAMS 24.7.4   Copyright (C) 1987-2016 GAMS Development. All rights reserved
Licensee: Remigijus Paulavicius, Single User License     S170731:0859AO-LNX
          Imperial College London, Dept. of Chemical Engineering    DC13449
          License for teaching and research at degree granting institutions
          remigijus.paulavicius@imperial.ac.uk                             
--- Starting compilation
--- awkqap.gms(22) 2 Mb
--- call head -n1 tai7a.inc   >> "/home/renigijus/gams/opt-mod-lib/gamslib/awkqap/225a/n.dat"
--- awkqap.gms(23) 2 Mb
--- .n.dat(1) 2 Mb
--- awkqap.gms(34) 2 Mb
--- call awk -f "/home/renigijus/gams/opt-mod-lib/gamslib/awkqap/225a/awkscript.dat" tai7a.inc > "/home/renigijus/gams/opt-mod-lib/gamslib/awkqap/225a/data.dat"
--- awkqap.gms(37) 3 Mb
--- .data.dat(22) 3 Mb
--- awkqap.gms(59) 3 Mb
--- Starting execution: elapsed 0:00:00.006
--- awkqap.gms(81) 4 Mb
--- Generating MIQCP model qap
--- awkqap.gms(82) 6 Mb
---   15 rows  50 columns  148 non-zeroes
---   7,050 nl-code  49 nl-non-zeroes
---   49 discrete-columns
--- awkqap.gms(82) 4 Mb
--- Executing CONVERT: elapsed 0:00:00.011

Convert 2.0      24.7.4 r58773 Released Sep 19, 2016 LEG x86 64bit/Linux      

--- Using Option File
Reading parameter(s) from "/home/renigijus/gams/opt-mod-lib/gamslib/awkqap/convert.opt"
>>  gams awkqap-scalar.gms
Finished reading from "/home/renigijus/gams/opt-mod-lib/gamslib/awkqap/convert.opt"
--- Writing Gams      : awkqap-scalar.gms

--- Restarting execution
--- awkqap.gms(82) 2 Mb
--- Reading solution for model qap
*** Status: Normal completion
--- Job awkqap.gms Stop 12/13/18 11:23:28 elapsed 0:00:00.028
