--- Job mws.gms Start 12/13/18 11:30:16 24.7.4 r58773 LEX-LEG x86 64bit/Linux
GAMS 24.7.4   Copyright (C) 1987-2016 GAMS Development. All rights reserved
Licensee: Remigijus Paulavicius, Single User License     S170731:0859AO-LNX
          Imperial College London, Dept. of Chemical Engineering    DC13449
          License for teaching and research at degree granting institutions
          remigijus.paulavicius@imperial.ac.uk                             
--- Starting compilation
--- mws.gms(35) 3 Mb
--- .worktrip.inc(843) 3 Mb
--- mws.gms(92) 3 Mb
--- Starting execution: elapsed 0:00:00.004
--- mws.gms(917) 4 Mb
--- Generating MIP model MaxWeightedScore
--- mws.gms(918) 4 Mb
---   843 rows  848 columns  5,895 non-zeroes
---   842 discrete-columns
--- Executing CONVERT: elapsed 0:00:00.020

Convert 2.0      24.7.4 r58773 Released Sep 19, 2016 LEG x86 64bit/Linux      

--- Using Option File
Reading parameter(s) from "/home/renigijus/gams/opt-mod-lib/gamslib/mws/convert.opt"
>>  ampl mws-scalar.mod
Finished reading from "/home/renigijus/gams/opt-mod-lib/gamslib/mws/convert.opt"
--- Writing Ampl      : mws-scalar.mod

--- Restarting execution
--- mws.gms(918) 2 Mb
--- Reading solution for model MaxWeightedScore
--- mws.gms(935) 3 Mb
*** Status: Normal completion
--- Job mws.gms Stop 12/13/18 11:30:16 elapsed 0:00:00.048
