--- Job abel.gms Start 12/13/18 10:24:41 24.7.4 r58773 LEX-LEG x86 64bit/Linux
GAMS 24.7.4   Copyright (C) 1987-2016 GAMS Development. All rights reserved
Licensee: Remigijus Paulavicius, Single User License     S170731:0859AO-LNX
          Imperial College London, Dept. of Chemical Engineering    DC13449
          License for teaching and research at degree granting institutions
          remigijus.paulavicius@imperial.ac.uk                             
--- Starting compilation
--- abel.gms(96) 3 Mb
--- Starting execution: elapsed 0:00:00.001
--- abel.gms(92) 4 Mb
--- Generating NLP model abel
--- abel.gms(94) 6 Mb
---   15 rows  31 columns  101 non-zeroes
---   199 nl-code  30 nl-non-zeroes
--- abel.gms(94) 4 Mb
--- Executing CONVERT: elapsed 0:00:00.004

Convert 2.0      24.7.4 r58773 Released Sep 19, 2016 LEG x86 64bit/Linux      

--- Using Option File
Reading parameter(s) from "/home/renigijus/gams/opt-mod-lib/gamslib/abel/convert.opt"
>>  gams abel-scalar.gms
Finished reading from "/home/renigijus/gams/opt-mod-lib/gamslib/abel/convert.opt"
--- Writing Gams      : abel-scalar.gms

--- Restarting execution
--- abel.gms(94) 2 Mb
--- Reading solution for model abel
--- abel.gms(96) 3 Mb
*** Status: Normal completion
--- Job abel.gms Stop 12/13/18 10:24:41 elapsed 0:00:00.019
