--- Job dispatch.gms Start 12/13/18 10:30:52 24.7.4 r58773 LEX-LEG x86 64bit/Linux
GAMS 24.7.4   Copyright (C) 1987-2016 GAMS Development. All rights reserved
Licensee: Remigijus Paulavicius, Single User License     S170731:0859AO-LNX
          Imperial College London, Dept. of Chemical Engineering    DC13449
          License for teaching and research at degree granting institutions
          remigijus.paulavicius@imperial.ac.uk                             
--- Starting compilation
--- dispatch.gms(104) 3 Mb
--- Starting execution: elapsed 0:00:00.001
--- dispatch.gms(59) 4 Mb
--- Generating NLP model edc
--- dispatch.gms(76) 6 Mb
---   3 rows  5 columns  12 non-zeroes
---   81 nl-code  6 nl-non-zeroes
--- dispatch.gms(76) 4 Mb
--- Executing CONVERT: elapsed 0:00:00.003

Convert 2.0      24.7.4 r58773 Released Sep 19, 2016 LEG x86 64bit/Linux      

--- Using Option File
Reading parameter(s) from "/home/renigijus/gams/opt-mod-lib/gamslib/dispatch/convert.opt"
>>  pyomo dispatch-scalar.py
Finished reading from "/home/renigijus/gams/opt-mod-lib/gamslib/dispatch/convert.opt"
--- Writing Pyomo     : dispatch-scalar.py

--- Restarting execution
--- dispatch.gms(76) 2 Mb
--- Reading solution for model edc
--- dispatch.gms(88) 3 Mb
--- Generating NLP model edc
--- dispatch.gms(89) 5 Mb
---   3 rows  5 columns  12 non-zeroes
---   81 nl-code  6 nl-non-zeroes
--- dispatch.gms(89) 3 Mb
--- Executing CONVERT: elapsed 0:00:00.013

Convert 2.0      24.7.4 r58773 Released Sep 19, 2016 LEG x86 64bit/Linux      

--- Using Option File
Reading parameter(s) from "/home/renigijus/gams/opt-mod-lib/gamslib/dispatch/convert.opt"
>>  pyomo dispatch-scalar.py
Finished reading from "/home/renigijus/gams/opt-mod-lib/gamslib/dispatch/convert.opt"
--- Writing Pyomo     : dispatch-scalar.py

--- Restarting execution
--- dispatch.gms(89) 2 Mb
--- Reading solution for model edc
--- dispatch.gms(96) 3 Mb
--- Generating NLP model edc
--- dispatch.gms(100) 5 Mb
--- LOOPS st = s1
---   3 rows  5 columns  12 non-zeroes
---   81 nl-code  6 nl-non-zeroes
--- dispatch.gms(100) 3 Mb
--- Executing CONVERT: elapsed 0:00:00.027

Convert 2.0      24.7.4 r58773 Released Sep 19, 2016 LEG x86 64bit/Linux      

--- Using Option File
Reading parameter(s) from "/home/renigijus/gams/opt-mod-lib/gamslib/dispatch/convert.opt"
>>  pyomo dispatch-scalar.py
Finished reading from "/home/renigijus/gams/opt-mod-lib/gamslib/dispatch/convert.opt"
--- Writing Pyomo     : dispatch-scalar.py

--- Restarting execution
--- dispatch.gms(100) 2 Mb
--- Reading solution for model edc
--- dispatch.gms(96) 3 Mb
--- Generating NLP model edc
--- dispatch.gms(100) 5 Mb
--- LOOPS st = s2
---   3 rows  5 columns  12 non-zeroes
---   81 nl-code  6 nl-non-zeroes
--- dispatch.gms(100) 3 Mb
--- Executing CONVERT: elapsed 0:00:00.037

Convert 2.0      24.7.4 r58773 Released Sep 19, 2016 LEG x86 64bit/Linux      

--- Using Option File
Reading parameter(s) from "/home/renigijus/gams/opt-mod-lib/gamslib/dispatch/convert.opt"
>>  pyomo dispatch-scalar.py
Finished reading from "/home/renigijus/gams/opt-mod-lib/gamslib/dispatch/convert.opt"
--- Writing Pyomo     : dispatch-scalar.py

--- Restarting execution
--- dispatch.gms(100) 2 Mb
--- Reading solution for model edc
--- dispatch.gms(96) 3 Mb
--- Generating NLP model edc
--- dispatch.gms(100) 5 Mb
--- LOOPS st = s3
---   3 rows  5 columns  12 non-zeroes
---   81 nl-code  6 nl-non-zeroes
--- dispatch.gms(100) 3 Mb
--- Executing CONVERT: elapsed 0:00:00.051

Convert 2.0      24.7.4 r58773 Released Sep 19, 2016 LEG x86 64bit/Linux      

--- Using Option File
Reading parameter(s) from "/home/renigijus/gams/opt-mod-lib/gamslib/dispatch/convert.opt"
>>  pyomo dispatch-scalar.py
Finished reading from "/home/renigijus/gams/opt-mod-lib/gamslib/dispatch/convert.opt"
--- Writing Pyomo     : dispatch-scalar.py

--- Restarting execution
--- dispatch.gms(100) 2 Mb
--- Reading solution for model edc
--- dispatch.gms(96) 3 Mb
--- Generating NLP model edc
--- dispatch.gms(100) 5 Mb
--- LOOPS st = s4
---   3 rows  5 columns  12 non-zeroes
---   81 nl-code  6 nl-non-zeroes
--- dispatch.gms(100) 3 Mb
--- Executing CONVERT: elapsed 0:00:00.062

Convert 2.0      24.7.4 r58773 Released Sep 19, 2016 LEG x86 64bit/Linux      

--- Using Option File
Reading parameter(s) from "/home/renigijus/gams/opt-mod-lib/gamslib/dispatch/convert.opt"
>>  pyomo dispatch-scalar.py
Finished reading from "/home/renigijus/gams/opt-mod-lib/gamslib/dispatch/convert.opt"
--- Writing Pyomo     : dispatch-scalar.py

--- Restarting execution
--- dispatch.gms(100) 2 Mb
--- Reading solution for model edc
--- dispatch.gms(104) 3 Mb
*** Status: Normal completion
--- Job dispatch.gms Stop 12/13/18 10:30:52 elapsed 0:00:00.075
