--- Job mexss.gms Start 12/13/18 10:24:30 24.7.4 r58773 LEX-LEG x86 64bit/Linux
GAMS 24.7.4   Copyright (C) 1987-2016 GAMS Development. All rights reserved
Licensee: Remigijus Paulavicius, Single User License     S170731:0859AO-LNX
          Imperial College London, Dept. of Chemical Engineering    DC13449
          License for teaching and research at degree granting institutions
          remigijus.paulavicius@imperial.ac.uk                             
--- Starting compilation
--- mexss.gms(209) 3 Mb
--- Starting execution: elapsed 0:00:00.003
--- mexss.gms(153) 4 Mb
--- Generating LP model mexss
--- mexss.gms(208) 4 Mb
---   74 rows  78 columns  230 non-zeroes
--- Executing CONVERT: elapsed 0:00:00.006

Convert 2.0      24.7.4 r58773 Released Sep 19, 2016 LEG x86 64bit/Linux      

--- Using Option File
Reading parameter(s) from "/home/renigijus/gams/opt-mod-lib/gamslib/mexss/convert.opt"
>>  pyomo mexss-scalar.py
Finished reading from "/home/renigijus/gams/opt-mod-lib/gamslib/mexss/convert.opt"
--- Writing Pyomo     : mexss-scalar.py

--- Restarting execution
--- mexss.gms(208) 2 Mb
--- Reading solution for model mexss
*** Status: Normal completion
--- Job mexss.gms Stop 12/13/18 10:24:30 elapsed 0:00:00.016
