--- Job tsp1.gms Start 12/13/18 10:31:11 24.7.4 r58773 LEX-LEG x86 64bit/Linux
GAMS 24.7.4   Copyright (C) 1987-2016 GAMS Development. All rights reserved
Licensee: Remigijus Paulavicius, Single User License     S170731:0859AO-LNX
          Imperial College London, Dept. of Chemical Engineering    DC13449
          License for teaching and research at degree granting institutions
          remigijus.paulavicius@imperial.ac.uk                             
--- Starting compilation
--- tsp1.gms(28) 2 Mb
--- .br17.inc(54) 3 Mb
--- tsp1.gms(129) 3 Mb
--- Starting execution: elapsed 0:00:00.001
--- tsp1.gms(90) 4 Mb
--- Generating MIP model assign
--- tsp1.gms(95) 4 Mb
---   13 rows  37 columns  101 non-zeroes
---   30 discrete-columns
--- Executing CONVERT: elapsed 0:00:00.002

Convert 2.0      24.7.4 r58773 Released Sep 19, 2016 LEG x86 64bit/Linux      

--- Using Option File
Reading parameter(s) from "/home/renigijus/gams/opt-mod-lib/gamslib/tsp1/convert.opt"
>>  gams tsp1-scalar.gms
Finished reading from "/home/renigijus/gams/opt-mod-lib/gamslib/tsp1/convert.opt"
--- Writing Gams      : tsp1-scalar.gms

--- Restarting execution
--- tsp1.gms(95) 2 Mb
--- Reading solution for model assign
--- tsp1.gms(183) 3 Mb
*** Status: Normal completion
--- Job tsp1.gms Stop 12/13/18 10:31:11 elapsed 0:00:00.011
