--- Job lrgcge.gms Start 12/13/18 11:23:23 24.7.4 r58773 LEX-LEG x86 64bit/Linux
GAMS 24.7.4   Copyright (C) 1987-2016 GAMS Development. All rights reserved
Licensee: Remigijus Paulavicius, Single User License     S170731:0859AO-LNX
          Imperial College London, Dept. of Chemical Engineering    DC13449
          License for teaching and research at degree granting institutions
          remigijus.paulavicius@imperial.ac.uk                             
--- Starting compilation
--- lrgcge.gms(404) 3 Mb
--- Starting execution: elapsed 0:00:00.004
--- lrgcge.gms(343) 4 Mb
--- Generating NLP model lrgcge
--- lrgcge.gms(347) 6 Mb
---   53 rows  53 columns  195 non-zeroes
---   366 nl-code  110 nl-non-zeroes
--- lrgcge.gms(347) 4 Mb
--- Executing CONVERT: elapsed 0:00:00.007

Convert 2.0      24.7.4 r58773 Released Sep 19, 2016 LEG x86 64bit/Linux      

--- Using Option File
Reading parameter(s) from "/home/renigijus/gams/opt-mod-lib/gamslib/lrgcge/convert.opt"
>>  gams lrgcge-scalar.gms
Finished reading from "/home/renigijus/gams/opt-mod-lib/gamslib/lrgcge/convert.opt"
--- Writing Gams      : lrgcge-scalar.gms

--- Restarting execution
--- lrgcge.gms(347) 2 Mb
--- Reading solution for model lrgcge
--- lrgcge.gms(351) 3 Mb
--- Generating NLP model lrgcge
--- lrgcge.gms(352) 5 Mb
---   53 rows  53 columns  191 non-zeroes
---   352 nl-code  106 nl-non-zeroes
--- lrgcge.gms(352) 3 Mb
--- Executing CONVERT: elapsed 0:00:00.025

Convert 2.0      24.7.4 r58773 Released Sep 19, 2016 LEG x86 64bit/Linux      

--- Using Option File
Reading parameter(s) from "/home/renigijus/gams/opt-mod-lib/gamslib/lrgcge/convert.opt"
>>  gams lrgcge-scalar.gms
Finished reading from "/home/renigijus/gams/opt-mod-lib/gamslib/lrgcge/convert.opt"
--- Writing Gams      : lrgcge-scalar.gms

--- Restarting execution
--- lrgcge.gms(352) 2 Mb
--- Reading solution for model lrgcge
--- lrgcge.gms(401) 3 Mb
*** Status: Normal completion
--- Job lrgcge.gms Stop 12/13/18 11:23:24 elapsed 0:00:00.037
