--- Job lrgcge.gms Start 12/13/18 11:23:24 24.7.4 r58773 LEX-LEG x86 64bit/Linux
GAMS 24.7.4   Copyright (C) 1987-2016 GAMS Development. All rights reserved
Licensee: Remigijus Paulavicius, Single User License     S170731:0859AO-LNX
          Imperial College London, Dept. of Chemical Engineering    DC13449
          License for teaching and research at degree granting institutions
          remigijus.paulavicius@imperial.ac.uk                             
--- Starting compilation
--- lrgcge.gms(405) 3 Mb
--- Starting execution: elapsed 0:00:00.004
--- lrgcge.gms(344) 4 Mb
--- Generating NLP model lrgcge
--- lrgcge.gms(348) 6 Mb
---   53 rows  53 columns  195 non-zeroes
---   366 nl-code  110 nl-non-zeroes
--- lrgcge.gms(348) 4 Mb
--- Executing CONVERT: elapsed 0:00:00.009

Convert 2.0      24.7.4 r58773 Released Sep 19, 2016 LEG x86 64bit/Linux      

--- Using Option File
Reading parameter(s) from "/home/renigijus/gams/opt-mod-lib/gamslib/lrgcge/convert.opt"
>>  pyomo lrgcge-scalar.py
Finished reading from "/home/renigijus/gams/opt-mod-lib/gamslib/lrgcge/convert.opt"
--- Writing Pyomo     : lrgcge-scalar.py

--- Restarting execution
--- lrgcge.gms(348) 2 Mb
--- Reading solution for model lrgcge
--- lrgcge.gms(352) 3 Mb
--- Generating NLP model lrgcge
--- lrgcge.gms(353) 5 Mb
---   53 rows  53 columns  191 non-zeroes
---   352 nl-code  106 nl-non-zeroes
--- lrgcge.gms(353) 3 Mb
--- Executing CONVERT: elapsed 0:00:00.029

Convert 2.0      24.7.4 r58773 Released Sep 19, 2016 LEG x86 64bit/Linux      

--- Using Option File
Reading parameter(s) from "/home/renigijus/gams/opt-mod-lib/gamslib/lrgcge/convert.opt"
>>  pyomo lrgcge-scalar.py
Finished reading from "/home/renigijus/gams/opt-mod-lib/gamslib/lrgcge/convert.opt"
--- Writing Pyomo     : lrgcge-scalar.py

--- Restarting execution
--- lrgcge.gms(353) 2 Mb
--- Reading solution for model lrgcge
--- lrgcge.gms(402) 3 Mb
*** Status: Normal completion
--- Job lrgcge.gms Stop 12/13/18 11:23:24 elapsed 0:00:00.043
