--- Job feedtray.gms Start 12/13/18 10:30:47 24.7.4 r58773 LEX-LEG x86 64bit/Linux
GAMS 24.7.4   Copyright (C) 1987-2016 GAMS Development. All rights reserved
Licensee: Remigijus Paulavicius, Single User License     S170731:0859AO-LNX
          Imperial College London, Dept. of Chemical Engineering    DC13449
          License for teaching and research at degree granting institutions
          remigijus.paulavicius@imperial.ac.uk                             
--- Starting compilation
--- feedtray.gms(584) 3 Mb
--- Starting execution: elapsed 0:00:00.004
--- feedtray.gms(578) 4 Mb
--- Generating MINLP model column
--- feedtray.gms(582) 6 Mb
---   92 rows  98 columns  451 non-zeroes
---   2,168 nl-code  282 nl-non-zeroes
---   7 discrete-columns
--- feedtray.gms(582) 4 Mb
--- Executing CONVERT: elapsed 0:00:00.010

Convert 2.0      24.7.4 r58773 Released Sep 19, 2016 LEG x86 64bit/Linux      

--- Using Option File
Reading parameter(s) from "/home/renigijus/gams/opt-mod-lib/gamslib/feedtray/convert.opt"
>>  pyomo feedtray-scalar.py
Finished reading from "/home/renigijus/gams/opt-mod-lib/gamslib/feedtray/convert.opt"
--- Writing Pyomo     : feedtray-scalar.py

--- Restarting execution
--- feedtray.gms(582) 2 Mb
--- Reading solution for model column
*** Status: Normal completion
--- Job feedtray.gms Stop 12/13/18 10:30:47 elapsed 0:00:00.027
