--- Job pmedian.gms Start 12/13/18 11:43:41 24.7.4 r58773 LEX-LEG x86 64bit/Linux
GAMS 24.7.4   Copyright (C) 1987-2016 GAMS Development. All rights reserved
Licensee: Remigijus Paulavicius, Single User License     S170731:0859AO-LNX
          Imperial College London, Dept. of Chemical Engineering    DC13449
          License for teaching and research at degree granting institutions
          remigijus.paulavicius@imperial.ac.uk                             
--- Starting compilation
--- pmedian.gms(44) 2 Mb
--- call awk -f pm.awk pmed15.inc > "/home/renigijus/gams/opt-mod-lib/gamslib/pmedian/225a/tlinst.dat"
--- pmedian.gms(48) 2 Mb
--- .tlinst.dat(306) 6 Mb
--- pmedian.gms(97) 6 Mb
--- Starting execution: elapsed 0:00:00.016
--- pmedian.gms(386) 12 Mb
--- Generating MINLP model pmedian
--- pmedian.gms(388) 50 Mb
---   90,302 rows  90,601 columns  270,901 non-zeroes
---   1,081,200 nl-code  180,000 nl-non-zeroes
---   300 discrete-columns
--- pmedian.gms(388) 42 Mb
--- Executing CONVERT: elapsed 0:00:00.401

Convert 2.0      24.7.4 r58773 Released Sep 19, 2016 LEG x86 64bit/Linux      

--- Using Option File
Reading parameter(s) from "/home/renigijus/gams/opt-mod-lib/gamslib/pmedian/convert.opt"
>>  gams pmedian-scalar.gms
Finished reading from "/home/renigijus/gams/opt-mod-lib/gamslib/pmedian/convert.opt"
--- Writing Gams      : pmedian-scalar.gms

--- Restarting execution
--- pmedian.gms(388) 16 Mb
--- Reading solution for model pmedian
*** Status: Normal completion
--- Job pmedian.gms Stop 12/13/18 11:43:42 elapsed 0:00:00.844
