--- Job hydro.gms Start 12/13/18 10:30:52 24.7.4 r58773 LEX-LEG x86 64bit/Linux
GAMS 24.7.4   Copyright (C) 1987-2016 GAMS Development. All rights reserved
Licensee: Remigijus Paulavicius, Single User License     S170731:0859AO-LNX
          Imperial College London, Dept. of Chemical Engineering    DC13449
          License for teaching and research at degree granting institutions
          remigijus.paulavicius@imperial.ac.uk                             
--- Starting compilation
--- hydro.gms(66) 3 Mb
--- Starting execution: elapsed 0:00:00.001
--- hydro.gms(42) 4 Mb
--- Generating NLP model hydther
--- hydro.gms(65) 6 Mb
---   25 rows  32 columns  67 non-zeroes
---   75 nl-code  12 nl-non-zeroes
--- hydro.gms(65) 4 Mb
--- Executing CONVERT: elapsed 0:00:00.004

Convert 2.0      24.7.4 r58773 Released Sep 19, 2016 LEG x86 64bit/Linux      

--- Using Option File
Reading parameter(s) from "/home/renigijus/gams/opt-mod-lib/gamslib/hydro/convert.opt"
>>  pyomo hydro-scalar.py
Finished reading from "/home/renigijus/gams/opt-mod-lib/gamslib/hydro/convert.opt"
--- Writing Pyomo     : hydro-scalar.py

--- Restarting execution
--- hydro.gms(65) 2 Mb
--- Reading solution for model hydther
*** Status: Normal completion
--- Job hydro.gms Stop 12/13/18 10:30:52 elapsed 0:00:00.016
