--- Job trnspwlx.gms Start 12/13/18 11:43:35 24.7.4 r58773 LEX-LEG x86 64bit/Linux
GAMS 24.7.4   Copyright (C) 1987-2016 GAMS Development. All rights reserved
Licensee: Remigijus Paulavicius, Single User License     S170731:0859AO-LNX
          Imperial College London, Dept. of Chemical Engineering    DC13449
          License for teaching and research at degree granting institutions
          remigijus.paulavicius@imperial.ac.uk                             
--- Starting compilation
--- trnspwlx.gms(131) 3 Mb
--- .pwlfunc.inc(133) 3 Mb
--- trnspwlx.gms(142) 3 Mb
--- Starting execution: elapsed 0:00:00.002
--- trnspwlx.gms(92) 4 Mb
--- Generating NLP model transport
--- trnspwlx.gms(93) 6 Mb
---   6 rows  7 columns  19 non-zeroes
---   21 nl-code  6 nl-non-zeroes
--- trnspwlx.gms(93) 4 Mb
--- Executing CONOPT: elapsed 0:00:00.004
CONOPT 3         24.7.4 r58773 Released Sep 19, 2016 LEG x86 64bit/Linux      
*** Error Cannot open parameter file "/home/renigijus/gams/opt-mod-lib/gamslib/trnspwlx/conopt.opt"
*** Error Error code = 2; No such file or directory
 
 
    C O N O P T 3   version 3.17A
    Copyright (C)   ARKI Consulting and Development A/S
                    Bagsvaerdvej 246 A
                    DK-2880 Bagsvaerd, Denmark
 
 
   Iter Phase Ninf   Infeasibility   RGmax    NSB   Step InItr MX OK
      0   0        1.0194177345E+01 (Input point)
 
                   Pre-triangular equations:   0
                   Post-triangular equations:  1
 
      1   0        0.0000000000E+00 (After pre-processing)
      2   0        0.0000000000E+00 (After scaling)
 
 ** Feasible solution. Value of objective =    10.1941773453
 
   Iter Phase Ninf     Objective     RGmax    NSB   Step InItr MX OK
      4   3        1.0194177345E+01 0.0E+00     0
 
 ** Optimal solution. There are no superbasic variables.
 
--- Restarting execution
--- trnspwlx.gms(93) 2 Mb
--- Reading solution for model transport
--- trnspwlx.gms(258) 3 Mb
--- Generating MIP model trnspwl
--- trnspwlx.gms(259) 3 Mb
---   72 rows  115 columns  337 non-zeroes
---   42 discrete-columns
--- Executing CONVERT: elapsed 0:00:00.030

Convert 2.0      24.7.4 r58773 Released Sep 19, 2016 LEG x86 64bit/Linux      

--- Using Option File
Reading parameter(s) from "/home/renigijus/gams/opt-mod-lib/gamslib/trnspwlx/convert.opt"
>>  pyomo trnspwlx-scalar.py
Finished reading from "/home/renigijus/gams/opt-mod-lib/gamslib/trnspwlx/convert.opt"
--- Writing Pyomo     : trnspwlx-scalar.py

--- Restarting execution
--- trnspwlx.gms(259) 2 Mb
--- Reading solution for model trnspwl
--- Generating NLP model transport
--- trnspwlx.gms(261) 5 Mb
---   6 rows  7 columns  19 non-zeroes
---   21 nl-code  6 nl-non-zeroes
--- trnspwlx.gms(261) 3 Mb
--- Executing CONOPT: elapsed 0:00:00.043
CONOPT 3         24.7.4 r58773 Released Sep 19, 2016 LEG x86 64bit/Linux      
*** Error Cannot open parameter file "/home/renigijus/gams/opt-mod-lib/gamslib/trnspwlx/conopt.opt"
*** Error Error code = 2; No such file or directory
 
 
    C O N O P T 3   version 3.17A
    Copyright (C)   ARKI Consulting and Development A/S
                    Bagsvaerdvej 246 A
                    DK-2880 Bagsvaerd, Denmark
 
 
   Iter Phase Ninf   Infeasibility   RGmax    NSB   Step InItr MX OK
      0   0        0.0000000000E+00 (Input point)
 
                   Pre-triangular equations:   0
                   Post-triangular equations:  1
 
      1   0        0.0000000000E+00 (After pre-processing)
      2   0        0.0000000000E+00 (After scaling)
 
 ** Feasible solution. Value of objective =    10.1941773453
 
   Iter Phase Ninf     Objective     RGmax    NSB   Step InItr MX OK
      4   3        1.0194177345E+01 0.0E+00     0
 
 ** Optimal solution. There are no superbasic variables.
 
--- Restarting execution
--- trnspwlx.gms(261) 2 Mb
--- Reading solution for model transport
*** Status: Normal completion
--- Job trnspwlx.gms Stop 12/13/18 11:43:35 elapsed 0:00:00.063
