--- Job ps3_f.gms Start 12/13/18 11:30:38 24.7.4 r58773 LEX-LEG x86 64bit/Linux
GAMS 24.7.4   Copyright (C) 1987-2016 GAMS Development. All rights reserved
Licensee: Remigijus Paulavicius, Single User License     S170731:0859AO-LNX
          Imperial College London, Dept. of Chemical Engineering    DC13449
          License for teaching and research at degree granting institutions
          remigijus.paulavicius@imperial.ac.uk                             
--- Starting compilation
--- ps3_f.gms(53) 3 Mb
--- Starting execution: elapsed 0:00:00.002
--- ps3_f.gms(47) 4 Mb
--- Generating NLP model FB3
--- ps3_f.gms(51) 6 Mb
---   7 rows  10 columns  19 non-zeroes
---   18 nl-code  3 nl-non-zeroes
--- ps3_f.gms(51) 4 Mb
--- Executing CONVERT: elapsed 0:00:00.004

Convert 2.0      24.7.4 r58773 Released Sep 19, 2016 LEG x86 64bit/Linux      

--- Using Option File
Reading parameter(s) from "/home/renigijus/gams/opt-mod-lib/gamslib/ps3_f/convert.opt"
>>  pyomo ps3_f-scalar.py
Finished reading from "/home/renigijus/gams/opt-mod-lib/gamslib/ps3_f/convert.opt"
--- Writing Pyomo     : ps3_f-scalar.py

--- Restarting execution
--- ps3_f.gms(51) 2 Mb
--- Reading solution for model FB3
*** Status: Normal completion
--- Job ps3_f.gms Stop 12/13/18 11:30:38 elapsed 0:00:00.019
