--- Job korcge.gms Start 12/13/18 10:24:47 24.7.4 r58773 LEX-LEG x86 64bit/Linux
GAMS 24.7.4   Copyright (C) 1987-2016 GAMS Development. All rights reserved
Licensee: Remigijus Paulavicius, Single User License     S170731:0859AO-LNX
          Imperial College London, Dept. of Chemical Engineering    DC13449
          License for teaching and research at degree granting institutions
          remigijus.paulavicius@imperial.ac.uk                             
--- Starting compilation
--- korcge.gms(485) 3 Mb
--- Starting execution: elapsed 0:00:00.003
--- korcge.gms(480) 4 Mb
--- Generating NLP model model1
--- korcge.gms(484) 6 Mb
---   78 rows  96 columns  346 non-zeroes
---   526 nl-code  200 nl-non-zeroes
--- korcge.gms(484) 4 Mb
--- Executing CONVERT: elapsed 0:00:00.010

Convert 2.0      24.7.4 r58773 Released Sep 19, 2016 LEG x86 64bit/Linux      

--- Using Option File
Reading parameter(s) from "/home/renigijus/gams/opt-mod-lib/gamslib/korcge/convert.opt"
>>  ampl korcge-scalar.mod
Finished reading from "/home/renigijus/gams/opt-mod-lib/gamslib/korcge/convert.opt"
--- Writing Ampl      : korcge-scalar.mod

--- Restarting execution
--- korcge.gms(484) 2 Mb
--- Reading solution for model model1
*** Status: Normal completion
--- Job korcge.gms Stop 12/13/18 10:24:47 elapsed 0:00:00.020
