--- Job nonsharp.gms Start 12/13/18 10:28:44 24.7.4 r58773 LEX-LEG x86 64bit/Linux
GAMS 24.7.4   Copyright (C) 1987-2016 GAMS Development. All rights reserved
Licensee: Remigijus Paulavicius, Single User License     S170731:0859AO-LNX
          Imperial College London, Dept. of Chemical Engineering    DC13449
          License for teaching and research at degree granting institutions
          remigijus.paulavicius@imperial.ac.uk                             
--- Starting compilation
--- nonsharp.gms(643) 3 Mb
--- Starting execution: elapsed 0:00:00.005
--- nonsharp.gms(510) 4 Mb
--- Generating NLP model relax
--- nonsharp.gms(537) 6 Mb
--- LOOPS kloop = 1
---   41 rows  51 columns  160 non-zeroes
---   163 nl-code  88 nl-non-zeroes
--- nonsharp.gms(537) 4 Mb
--- Executing BARON: elapsed 0:00:00.009

GAMS/BARON       24.7.4 r58773 Released Sep 19, 2016 LEG x86 64bit/Linux      

--- Using Option File
*** Error Cannot open parameter file "/home/renigijus/gams/opt-mod-lib/gamslib/nonsharp/baron.opt"
*** Error Error code = 2; No such file or directory
===========================================================================
 BARON version 16.8.24. Built: LNX-64 Wed Aug 24 08:52:24 EDT 2016

 If you use this software, please cite:
 Tawarmalani, M. and N. V. Sahinidis, A polyhedral
 branch-and-cut approach to global optimization,
 Mathematical Programming, 103(2), 225-249, 2005.

 BARON is a product of The Optimization Firm, LLC. http://www.minlp.com/
 Parts of the BARON software were created at the
 University of Illinois at Urbana-Champaign.
===========================================================================
 This BARON run may utilize the following subsolver(s)
 For LP/MIP: ILOG CPLEX                                      
 For NLP: MINOS, SNOPT, GAMS external NLP, IPOPT, FILTERSD
===========================================================================
 Doing local search
 Preprocessing found feasible solution with value  0.00000000000     
 Problem solved during preprocessing
 Lower bound is -.100000000000E-008

 Cleaning up

                         *** Normal completion ***            

 Wall clock time:                     0.01
 Total CPU time used:                 0.01

 Total no. of BaR iterations:      -1
 Best solution found at node:      -1
 Max. no. of nodes in memory:       0
 
 All done
===========================================================================

Solution      = 0  best solution found during preprocessing
Best possible = -1E-9
Absolute gap  = 1E-9  optca = 1E-9
Relative gap  = 1.00000  optcr = 0.1
  (Note that BARON uses a different formula to compute the relative gap as
   was used for the above reported value.)

--- Restarting execution
--- nonsharp.gms(537) 2 Mb
--- Reading solution for model relax
--- nonsharp.gms(510) 3 Mb
--- Generating NLP model primal
--- nonsharp.gms(572) 5 Mb
--- LOOPS kloop = 1
---   41 rows  49 columns  166 non-zeroes
---   187 nl-code  98 nl-non-zeroes
--- nonsharp.gms(572) 3 Mb
--- Executing BARON: elapsed 0:00:00.051

GAMS/BARON       24.7.4 r58773 Released Sep 19, 2016 LEG x86 64bit/Linux      

--- Using Option File
*** Error Cannot open parameter file "/home/renigijus/gams/opt-mod-lib/gamslib/nonsharp/baron.opt"
*** Error Error code = 2; No such file or directory
===========================================================================
 BARON version 16.8.24. Built: LNX-64 Wed Aug 24 08:52:24 EDT 2016

 If you use this software, please cite:
 Tawarmalani, M. and N. V. Sahinidis, A polyhedral
 branch-and-cut approach to global optimization,
 Mathematical Programming, 103(2), 225-249, 2005.

 BARON is a product of The Optimization Firm, LLC. http://www.minlp.com/
 Parts of the BARON software were created at the
 University of Illinois at Urbana-Champaign.
===========================================================================
 This BARON run may utilize the following subsolver(s)
 For LP/MIP: ILOG CPLEX                                      
 For NLP: MINOS, SNOPT, GAMS external NLP, IPOPT, FILTERSD
===========================================================================
 Starting solution is feasible with a value of     1.65211013100     
 Doing local search
 Solving bounding LP
 Starting multi-start local search
 Preprocessing found feasible solution with value  1.56707200000     
 Done with local search
===========================================================================
  Iteration    Open nodes         Time (s)    Lower bound      Upper bound
          1             1             0.06    -0.349221         1.56707    
      18846          3424            30.06     0.960580         1.56707    
      30435+         4049            60.06     1.03657          1.56707    
      32722+         2483            90.06     1.07777          1.56707    
      35393+          511           120.07     1.23003          1.56707    
      36061             0           123.04     1.41040          1.56707    

 Cleaning up

                         *** Normal completion ***            

 Wall clock time:                   123.04
 Total CPU time used:               123.04

 Total no. of BaR iterations:   36061
 Best solution found at node:   36061
 Max. no. of nodes in memory:    4535
 
 All done
===========================================================================

Solution      = 1.56707199988892  found at node 36061
Best possible = 1.4104030785
Absolute gap  = 0.156668921388921  optca = 1E-9
Relative gap  = 0.09998  optcr = 0.1
  (Note that BARON uses a different formula to compute the relative gap as
   was used for the above reported value.)

--- Restarting execution
--- nonsharp.gms(572) 2 Mb
--- Reading solution for model primal
--- nonsharp.gms(510) 3 Mb
--- Generating MIP model master
--- nonsharp.gms(609) 3 Mb
--- LOOPS kloop = 1
---   3 rows  3 columns  6 non-zeroes
---   2 discrete-columns
--- Executing CONVERT: elapsed 0:02:03.123

Convert 2.0      24.7.4 r58773 Released Sep 19, 2016 LEG x86 64bit/Linux      

--- Using Option File
Reading parameter(s) from "/home/renigijus/gams/opt-mod-lib/gamslib/nonsharp/convert.opt"
>>  pyomo nonsharp-scalar.py
Finished reading from "/home/renigijus/gams/opt-mod-lib/gamslib/nonsharp/convert.opt"
--- Writing Pyomo     : nonsharp-scalar.py

--- Restarting execution
--- nonsharp.gms(609) 2 Mb
--- Reading solution for model master
--- nonsharp.gms(510) 3 Mb
--- Generating NLP model relax
--- nonsharp.gms(537) 5 Mb
--- LOOPS kloop = 2
---   7 rows  7 columns  12 non-zeroes
---   0 nl-code  0 nl-non-zeroes
--- nonsharp.gms(537) 3 Mb
--- Executing BARON: elapsed 0:02:03.137

GAMS/BARON       24.7.4 r58773 Released Sep 19, 2016 LEG x86 64bit/Linux      

--- Using Option File
*** Error Cannot open parameter file "/home/renigijus/gams/opt-mod-lib/gamslib/nonsharp/baron.opt"
*** Error Error code = 2; No such file or directory
===========================================================================
 BARON version 16.8.24. Built: LNX-64 Wed Aug 24 08:52:24 EDT 2016

 If you use this software, please cite:
 Tawarmalani, M. and N. V. Sahinidis, A polyhedral
 branch-and-cut approach to global optimization,
 Mathematical Programming, 103(2), 225-249, 2005.

 BARON is a product of The Optimization Firm, LLC. http://www.minlp.com/
 Parts of the BARON software were created at the
 University of Illinois at Urbana-Champaign.
===========================================================================
 This BARON run may utilize the following subsolver(s)
 For LP/MIP: ILOG CPLEX                                      
 For NLP: MINOS, SNOPT, GAMS external NLP, IPOPT, FILTERSD
===========================================================================
 Problem solved during preprocessing
 Lower bound is 0.100000000000E+052
 Problem is infeasible

 Cleaning up

                         *** Normal completion ***            

                       *** Problem is infeasible ***

 Wall clock time:                     0.01
 Total CPU time used:                 0.01

 Total no. of BaR iterations:      -1
 Best solution found at node:      -3
 Max. no. of nodes in memory:       0
 
 All done
===========================================================================
*** Could not extract solution on /home/renigijus/gams/opt-mod-lib/gamslib/nonsharp/225a/res.dat file
--- Restarting execution
--- nonsharp.gms(537) 2 Mb
--- Reading solution for model relax
--- nonsharp.gms(510) 3 Mb
--- Generating NLP model primal
--- nonsharp.gms(572) 5 Mb
--- LOOPS kloop = 2
---   7 rows  5 columns  8 non-zeroes
---   0 nl-code  0 nl-non-zeroes
--- nonsharp.gms(572) 3 Mb
--- Executing BARON: elapsed 0:02:03.171

GAMS/BARON       24.7.4 r58773 Released Sep 19, 2016 LEG x86 64bit/Linux      

--- Using Option File
*** Error Cannot open parameter file "/home/renigijus/gams/opt-mod-lib/gamslib/nonsharp/baron.opt"
*** Error Error code = 2; No such file or directory
===========================================================================
 BARON version 16.8.24. Built: LNX-64 Wed Aug 24 08:52:24 EDT 2016

 If you use this software, please cite:
 Tawarmalani, M. and N. V. Sahinidis, A polyhedral
 branch-and-cut approach to global optimization,
 Mathematical Programming, 103(2), 225-249, 2005.

 BARON is a product of The Optimization Firm, LLC. http://www.minlp.com/
 Parts of the BARON software were created at the
 University of Illinois at Urbana-Champaign.
===========================================================================
 This BARON run may utilize the following subsolver(s)
 For LP/MIP: ILOG CPLEX                                      
 For NLP: MINOS, SNOPT, GAMS external NLP, IPOPT, FILTERSD
===========================================================================
 Problem solved during preprocessing
 Lower bound is 0.100000000000E+052
 Problem is infeasible

 Cleaning up

                         *** Normal completion ***            

                       *** Problem is infeasible ***

 Wall clock time:                     0.01
 Total CPU time used:                 0.01

 Total no. of BaR iterations:      -1
 Best solution found at node:      -3
 Max. no. of nodes in memory:       0
 
 All done
===========================================================================
*** Could not extract solution on /home/renigijus/gams/opt-mod-lib/gamslib/nonsharp/225a/res.dat file
--- Restarting execution
--- nonsharp.gms(572) 2 Mb
--- Reading solution for model primal
--- nonsharp.gms(510) 3 Mb
--- Generating MIP model master
--- nonsharp.gms(609) 3 Mb
--- LOOPS kloop = 2
---   4 rows  3 columns  8 non-zeroes
---   2 discrete-columns
--- Executing CONVERT: elapsed 0:02:03.204

Convert 2.0      24.7.4 r58773 Released Sep 19, 2016 LEG x86 64bit/Linux      

--- Using Option File
Reading parameter(s) from "/home/renigijus/gams/opt-mod-lib/gamslib/nonsharp/convert.opt"
>>  pyomo nonsharp-scalar.py
Finished reading from "/home/renigijus/gams/opt-mod-lib/gamslib/nonsharp/convert.opt"
--- Writing Pyomo     : nonsharp-scalar.py

--- Restarting execution
--- nonsharp.gms(609) 2 Mb
--- Reading solution for model master
--- nonsharp.gms(510) 3 Mb
*** Status: Normal completion
--- Job nonsharp.gms Stop 12/13/18 10:30:47 elapsed 0:02:03.213
