--- Job procmean.gms Start 12/13/18 11:24:22 24.7.4 r58773 LEX-LEG x86 64bit/Linux
GAMS 24.7.4   Copyright (C) 1987-2016 GAMS Development. All rights reserved
Licensee: Remigijus Paulavicius, Single User License     S170731:0859AO-LNX
          Imperial College London, Dept. of Chemical Engineering    DC13449
          License for teaching and research at degree granting institutions
          remigijus.paulavicius@imperial.ac.uk                             
--- Starting compilation
--- procmean.gms(67) 2 Mb
--- Starting execution: elapsed 0:00:00.001
--- procmean.gms(64) 3 Mb
--- Generating NLP model m
--- procmean.gms(67) 5 Mb
---   2 rows  3 columns  5 non-zeroes
---   53 nl-code  2 nl-non-zeroes
--- procmean.gms(67) 3 Mb
--- Executing CONVERT: elapsed 0:00:00.004

Convert 2.0      24.7.4 r58773 Released Sep 19, 2016 LEG x86 64bit/Linux      

--- Using Option File
Reading parameter(s) from "/home/renigijus/gams/opt-mod-lib/gamslib/procmean/convert.opt"
>>  pyomo procmean-scalar.py
Finished reading from "/home/renigijus/gams/opt-mod-lib/gamslib/procmean/convert.opt"
--- Writing Pyomo     : procmean-scalar.py

--- Restarting execution
--- procmean.gms(67) 2 Mb
--- Reading solution for model m
*** Status: Normal completion
--- Job procmean.gms Stop 12/13/18 11:24:22 elapsed 0:00:00.015
