--- Job qsambal.gms Start 12/13/18 11:23:26 24.7.4 r58773 LEX-LEG x86 64bit/Linux
GAMS 24.7.4   Copyright (C) 1987-2016 GAMS Development. All rights reserved
Licensee: Remigijus Paulavicius, Single User License     S170731:0859AO-LNX
          Imperial College London, Dept. of Chemical Engineering    DC13449
          License for teaching and research at degree granting institutions
          remigijus.paulavicius@imperial.ac.uk                             
--- Starting compilation
--- qsambal.gms(65) 3 Mb
--- Starting execution: elapsed 0:00:00.001
--- qsambal.gms(56) 4 Mb
--- Generating QCP model bal
--- qsambal.gms(58) 6 Mb
---   11 rows  18 columns  48 non-zeroes
---   68 nl-code  13 nl-non-zeroes
--- qsambal.gms(58) 4 Mb
--- Executing CONVERT: elapsed 0:00:00.003

Convert 2.0      24.7.4 r58773 Released Sep 19, 2016 LEG x86 64bit/Linux      

--- Using Option File
Reading parameter(s) from "/home/renigijus/gams/opt-mod-lib/gamslib/qsambal/convert.opt"
>>  gams qsambal-scalar.gms
Finished reading from "/home/renigijus/gams/opt-mod-lib/gamslib/qsambal/convert.opt"
--- Writing Gams      : qsambal-scalar.gms

--- Restarting execution
--- qsambal.gms(58) 2 Mb
--- Reading solution for model bal
--- qsambal.gms(64) 3 Mb
*** Status: Normal completion
--- Job qsambal.gms Stop 12/13/18 11:23:26 elapsed 0:00:00.013
