--- Job lmp1.gms Start 12/13/18 11:22:40 24.7.4 r58773 LEX-LEG x86 64bit/Linux
GAMS 24.7.4   Copyright (C) 1987-2016 GAMS Development. All rights reserved
Licensee: Remigijus Paulavicius, Single User License     S170731:0859AO-LNX
          Imperial College London, Dept. of Chemical Engineering    DC13449
          License for teaching and research at degree granting institutions
          remigijus.paulavicius@imperial.ac.uk                             
--- Starting compilation
--- lmp1.gms(130) 3 Mb
--- Starting execution: elapsed 0:00:00.001
--- lmp1.gms(83) 4 Mb
--- Generating NLP model lmp1
--- lmp1.gms(103) 6 Mb
--- LOOPS c = c1
---       i = i1
---   23 rows  33 columns  665 non-zeroes
---   5 nl-code  2 nl-non-zeroes
--- lmp1.gms(103) 4 Mb
--- Executing CONVERT: elapsed 0:00:00.003

Convert 2.0      24.7.4 r58773 Released Sep 19, 2016 LEG x86 64bit/Linux      

--- Using Option File
Reading parameter(s) from "/home/renigijus/gams/opt-mod-lib/gamslib/lmp1/convert.opt"
>>  ampl lmp1-scalar.mod
Finished reading from "/home/renigijus/gams/opt-mod-lib/gamslib/lmp1/convert.opt"
--- Writing Ampl      : lmp1-scalar.mod

--- Restarting execution
--- lmp1.gms(103) 2 Mb
--- Reading solution for model lmp1
--- lmp1.gms(83) 3 Mb
--- Generating NLP model lmp1
--- lmp1.gms(103) 5 Mb
--- LOOPS c = c1
---       i = i2
---   23 rows  33 columns  665 non-zeroes
---   5 nl-code  2 nl-non-zeroes
--- lmp1.gms(103) 3 Mb
--- Executing CONVERT: elapsed 0:00:00.013

Convert 2.0      24.7.4 r58773 Released Sep 19, 2016 LEG x86 64bit/Linux      

--- Using Option File
Reading parameter(s) from "/home/renigijus/gams/opt-mod-lib/gamslib/lmp1/convert.opt"
>>  ampl lmp1-scalar.mod
Finished reading from "/home/renigijus/gams/opt-mod-lib/gamslib/lmp1/convert.opt"
--- Writing Ampl      : lmp1-scalar.mod

--- Restarting execution
--- lmp1.gms(103) 2 Mb
--- Reading solution for model lmp1
--- lmp1.gms(83) 3 Mb
--- Generating NLP model lmp1
--- lmp1.gms(103) 5 Mb
--- LOOPS c = c1
---       i = i3
---   23 rows  33 columns  665 non-zeroes
---   5 nl-code  2 nl-non-zeroes
--- lmp1.gms(103) 3 Mb
--- Executing CONVERT: elapsed 0:00:00.024

Convert 2.0      24.7.4 r58773 Released Sep 19, 2016 LEG x86 64bit/Linux      

--- Using Option File
Reading parameter(s) from "/home/renigijus/gams/opt-mod-lib/gamslib/lmp1/convert.opt"
>>  ampl lmp1-scalar.mod
Finished reading from "/home/renigijus/gams/opt-mod-lib/gamslib/lmp1/convert.opt"
--- Writing Ampl      : lmp1-scalar.mod

--- Restarting execution
--- lmp1.gms(103) 2 Mb
--- Reading solution for model lmp1
--- lmp1.gms(83) 3 Mb
--- Generating NLP model lmp1
--- lmp1.gms(103) 5 Mb
--- LOOPS c = c1
---       i = i4
---   23 rows  33 columns  665 non-zeroes
---   5 nl-code  2 nl-non-zeroes
--- lmp1.gms(103) 3 Mb
--- Executing CONVERT: elapsed 0:00:00.035

Convert 2.0      24.7.4 r58773 Released Sep 19, 2016 LEG x86 64bit/Linux      

--- Using Option File
Reading parameter(s) from "/home/renigijus/gams/opt-mod-lib/gamslib/lmp1/convert.opt"
>>  ampl lmp1-scalar.mod
Finished reading from "/home/renigijus/gams/opt-mod-lib/gamslib/lmp1/convert.opt"
--- Writing Ampl      : lmp1-scalar.mod

--- Restarting execution
--- lmp1.gms(103) 2 Mb
--- Reading solution for model lmp1
--- lmp1.gms(83) 3 Mb
--- Generating NLP model lmp1
--- lmp1.gms(103) 5 Mb
--- LOOPS c = c1
---       i = i5
---   23 rows  33 columns  665 non-zeroes
---   5 nl-code  2 nl-non-zeroes
--- lmp1.gms(103) 3 Mb
--- Executing CONVERT: elapsed 0:00:00.046

Convert 2.0      24.7.4 r58773 Released Sep 19, 2016 LEG x86 64bit/Linux      

--- Using Option File
Reading parameter(s) from "/home/renigijus/gams/opt-mod-lib/gamslib/lmp1/convert.opt"
>>  ampl lmp1-scalar.mod
Finished reading from "/home/renigijus/gams/opt-mod-lib/gamslib/lmp1/convert.opt"
--- Writing Ampl      : lmp1-scalar.mod

--- Restarting execution
--- lmp1.gms(103) 2 Mb
--- Reading solution for model lmp1
--- lmp1.gms(83) 3 Mb
--- Generating NLP model lmp1
--- lmp1.gms(103) 6 Mb
--- LOOPS c = c2
---       i = i1
---   123 rows  103 columns  12,205 non-zeroes
---   5 nl-code  2 nl-non-zeroes
--- lmp1.gms(103) 4 Mb
--- Executing CONVERT: elapsed 0:00:00.062

Convert 2.0      24.7.4 r58773 Released Sep 19, 2016 LEG x86 64bit/Linux      

--- Using Option File
Reading parameter(s) from "/home/renigijus/gams/opt-mod-lib/gamslib/lmp1/convert.opt"
>>  ampl lmp1-scalar.mod
Finished reading from "/home/renigijus/gams/opt-mod-lib/gamslib/lmp1/convert.opt"
--- Writing Ampl      : lmp1-scalar.mod

--- Restarting execution
--- lmp1.gms(103) 2 Mb
--- Reading solution for model lmp1
--- lmp1.gms(83) 3 Mb
--- Generating NLP model lmp1
--- lmp1.gms(103) 6 Mb
--- LOOPS c = c2
---       i = i2
---   123 rows  103 columns  12,205 non-zeroes
---   5 nl-code  2 nl-non-zeroes
--- lmp1.gms(103) 4 Mb
--- Executing CONVERT: elapsed 0:00:00.089

Convert 2.0      24.7.4 r58773 Released Sep 19, 2016 LEG x86 64bit/Linux      

--- Using Option File
Reading parameter(s) from "/home/renigijus/gams/opt-mod-lib/gamslib/lmp1/convert.opt"
>>  ampl lmp1-scalar.mod
Finished reading from "/home/renigijus/gams/opt-mod-lib/gamslib/lmp1/convert.opt"
--- Writing Ampl      : lmp1-scalar.mod

--- Restarting execution
--- lmp1.gms(103) 2 Mb
--- Reading solution for model lmp1
--- lmp1.gms(83) 3 Mb
--- Generating NLP model lmp1
--- lmp1.gms(103) 6 Mb
--- LOOPS c = c2
---       i = i3
---   123 rows  103 columns  12,205 non-zeroes
---   5 nl-code  2 nl-non-zeroes
--- lmp1.gms(103) 4 Mb
--- Executing CONVERT: elapsed 0:00:00.119

Convert 2.0      24.7.4 r58773 Released Sep 19, 2016 LEG x86 64bit/Linux      

--- Using Option File
Reading parameter(s) from "/home/renigijus/gams/opt-mod-lib/gamslib/lmp1/convert.opt"
>>  ampl lmp1-scalar.mod
Finished reading from "/home/renigijus/gams/opt-mod-lib/gamslib/lmp1/convert.opt"
--- Writing Ampl      : lmp1-scalar.mod

--- Restarting execution
--- lmp1.gms(103) 2 Mb
--- Reading solution for model lmp1
--- lmp1.gms(83) 3 Mb
--- Generating NLP model lmp1
--- lmp1.gms(103) 6 Mb
--- LOOPS c = c2
---       i = i4
---   123 rows  103 columns  12,205 non-zeroes
---   5 nl-code  2 nl-non-zeroes
--- lmp1.gms(103) 4 Mb
--- Executing CONVERT: elapsed 0:00:00.153

Convert 2.0      24.7.4 r58773 Released Sep 19, 2016 LEG x86 64bit/Linux      

--- Using Option File
Reading parameter(s) from "/home/renigijus/gams/opt-mod-lib/gamslib/lmp1/convert.opt"
>>  ampl lmp1-scalar.mod
Finished reading from "/home/renigijus/gams/opt-mod-lib/gamslib/lmp1/convert.opt"
--- Writing Ampl      : lmp1-scalar.mod

--- Restarting execution
--- lmp1.gms(103) 2 Mb
--- Reading solution for model lmp1
--- lmp1.gms(83) 3 Mb
--- Generating NLP model lmp1
--- lmp1.gms(103) 6 Mb
--- LOOPS c = c2
---       i = i5
---   123 rows  103 columns  12,205 non-zeroes
---   5 nl-code  2 nl-non-zeroes
--- lmp1.gms(103) 4 Mb
--- Executing CONVERT: elapsed 0:00:00.193

Convert 2.0      24.7.4 r58773 Released Sep 19, 2016 LEG x86 64bit/Linux      

--- Using Option File
Reading parameter(s) from "/home/renigijus/gams/opt-mod-lib/gamslib/lmp1/convert.opt"
>>  ampl lmp1-scalar.mod
Finished reading from "/home/renigijus/gams/opt-mod-lib/gamslib/lmp1/convert.opt"
--- Writing Ampl      : lmp1-scalar.mod

--- Restarting execution
--- lmp1.gms(103) 2 Mb
--- Reading solution for model lmp1
--- lmp1.gms(83) 4 Mb
--- Generating NLP model lmp1
--- lmp1.gms(103) 9 Mb
--- LOOPS c = c3
---       i = i1
---   223 rows  203 columns  44,405 non-zeroes
---   5 nl-code  2 nl-non-zeroes
--- lmp1.gms(103) 7 Mb
--- Executing CONVERT: elapsed 0:00:00.251

Convert 2.0      24.7.4 r58773 Released Sep 19, 2016 LEG x86 64bit/Linux      

--- Using Option File
Reading parameter(s) from "/home/renigijus/gams/opt-mod-lib/gamslib/lmp1/convert.opt"
>>  ampl lmp1-scalar.mod
Finished reading from "/home/renigijus/gams/opt-mod-lib/gamslib/lmp1/convert.opt"
--- Writing Ampl      : lmp1-scalar.mod

--- Restarting execution
--- lmp1.gms(103) 3 Mb
--- Reading solution for model lmp1
--- lmp1.gms(83) 4 Mb
--- Generating NLP model lmp1
--- lmp1.gms(103) 9 Mb
--- LOOPS c = c3
---       i = i2
---   223 rows  203 columns  44,405 non-zeroes
---   5 nl-code  2 nl-non-zeroes
--- lmp1.gms(103) 7 Mb
--- Executing CONVERT: elapsed 0:00:00.330

Convert 2.0      24.7.4 r58773 Released Sep 19, 2016 LEG x86 64bit/Linux      

--- Using Option File
Reading parameter(s) from "/home/renigijus/gams/opt-mod-lib/gamslib/lmp1/convert.opt"
>>  ampl lmp1-scalar.mod
Finished reading from "/home/renigijus/gams/opt-mod-lib/gamslib/lmp1/convert.opt"
--- Writing Ampl      : lmp1-scalar.mod

--- Restarting execution
--- lmp1.gms(103) 3 Mb
--- Reading solution for model lmp1
--- lmp1.gms(83) 4 Mb
--- Generating NLP model lmp1
--- lmp1.gms(103) 9 Mb
--- LOOPS c = c3
---       i = i3
---   223 rows  203 columns  44,405 non-zeroes
---   5 nl-code  2 nl-non-zeroes
--- lmp1.gms(103) 7 Mb
--- Executing CONVERT: elapsed 0:00:00.418

Convert 2.0      24.7.4 r58773 Released Sep 19, 2016 LEG x86 64bit/Linux      

--- Using Option File
Reading parameter(s) from "/home/renigijus/gams/opt-mod-lib/gamslib/lmp1/convert.opt"
>>  ampl lmp1-scalar.mod
Finished reading from "/home/renigijus/gams/opt-mod-lib/gamslib/lmp1/convert.opt"
--- Writing Ampl      : lmp1-scalar.mod

--- Restarting execution
--- lmp1.gms(103) 3 Mb
--- Reading solution for model lmp1
--- lmp1.gms(83) 4 Mb
--- Generating NLP model lmp1
--- lmp1.gms(103) 9 Mb
--- LOOPS c = c3
---       i = i4
---   223 rows  203 columns  44,405 non-zeroes
---   5 nl-code  2 nl-non-zeroes
--- lmp1.gms(103) 7 Mb
--- Executing CONVERT: elapsed 0:00:00.525

Convert 2.0      24.7.4 r58773 Released Sep 19, 2016 LEG x86 64bit/Linux      

--- Using Option File
Reading parameter(s) from "/home/renigijus/gams/opt-mod-lib/gamslib/lmp1/convert.opt"
>>  ampl lmp1-scalar.mod
Finished reading from "/home/renigijus/gams/opt-mod-lib/gamslib/lmp1/convert.opt"
--- Writing Ampl      : lmp1-scalar.mod

--- Restarting execution
--- lmp1.gms(103) 3 Mb
--- Reading solution for model lmp1
--- lmp1.gms(83) 4 Mb
--- Generating NLP model lmp1
--- lmp1.gms(103) 9 Mb
--- LOOPS c = c3
---       i = i5
---   223 rows  203 columns  44,405 non-zeroes
---   5 nl-code  2 nl-non-zeroes
--- lmp1.gms(103) 7 Mb
--- Executing CONVERT: elapsed 0:00:00.659

Convert 2.0      24.7.4 r58773 Released Sep 19, 2016 LEG x86 64bit/Linux      

--- Using Option File
Reading parameter(s) from "/home/renigijus/gams/opt-mod-lib/gamslib/lmp1/convert.opt"
>>  ampl lmp1-scalar.mod
Finished reading from "/home/renigijus/gams/opt-mod-lib/gamslib/lmp1/convert.opt"
--- Writing Ampl      : lmp1-scalar.mod

--- Restarting execution
--- lmp1.gms(103) 3 Mb
--- Reading solution for model lmp1
--- lmp1.gms(83) 4 Mb
--- Generating NLP model lmp1
--- lmp1.gms(103) 6 Mb
--- LOOPS c = c4
---       i = i1
---   24 rows  34 columns  697 non-zeroes
---   6 nl-code  3 nl-non-zeroes
--- lmp1.gms(103) 4 Mb
--- Executing CONVERT: elapsed 0:00:00.725

Convert 2.0      24.7.4 r58773 Released Sep 19, 2016 LEG x86 64bit/Linux      

--- Using Option File
Reading parameter(s) from "/home/renigijus/gams/opt-mod-lib/gamslib/lmp1/convert.opt"
>>  ampl lmp1-scalar.mod
Finished reading from "/home/renigijus/gams/opt-mod-lib/gamslib/lmp1/convert.opt"
--- Writing Ampl      : lmp1-scalar.mod

--- Restarting execution
--- lmp1.gms(103) 3 Mb
--- Reading solution for model lmp1
--- lmp1.gms(83) 4 Mb
--- Generating NLP model lmp1
--- lmp1.gms(103) 6 Mb
--- LOOPS c = c4
---       i = i2
---   24 rows  34 columns  697 non-zeroes
---   6 nl-code  3 nl-non-zeroes
--- lmp1.gms(103) 4 Mb
--- Executing CONVERT: elapsed 0:00:00.748

Convert 2.0      24.7.4 r58773 Released Sep 19, 2016 LEG x86 64bit/Linux      

--- Using Option File
Reading parameter(s) from "/home/renigijus/gams/opt-mod-lib/gamslib/lmp1/convert.opt"
>>  ampl lmp1-scalar.mod
Finished reading from "/home/renigijus/gams/opt-mod-lib/gamslib/lmp1/convert.opt"
--- Writing Ampl      : lmp1-scalar.mod

--- Restarting execution
--- lmp1.gms(103) 3 Mb
--- Reading solution for model lmp1
--- lmp1.gms(83) 4 Mb
--- Generating NLP model lmp1
--- lmp1.gms(103) 6 Mb
--- LOOPS c = c4
---       i = i3
---   24 rows  34 columns  697 non-zeroes
---   6 nl-code  3 nl-non-zeroes
--- lmp1.gms(103) 4 Mb
--- Executing CONVERT: elapsed 0:00:00.769

Convert 2.0      24.7.4 r58773 Released Sep 19, 2016 LEG x86 64bit/Linux      

--- Using Option File
Reading parameter(s) from "/home/renigijus/gams/opt-mod-lib/gamslib/lmp1/convert.opt"
>>  ampl lmp1-scalar.mod
Finished reading from "/home/renigijus/gams/opt-mod-lib/gamslib/lmp1/convert.opt"
--- Writing Ampl      : lmp1-scalar.mod

--- Restarting execution
--- lmp1.gms(103) 3 Mb
--- Reading solution for model lmp1
--- lmp1.gms(83) 4 Mb
--- Generating NLP model lmp1
--- lmp1.gms(103) 6 Mb
--- LOOPS c = c4
---       i = i4
---   24 rows  34 columns  697 non-zeroes
---   6 nl-code  3 nl-non-zeroes
--- lmp1.gms(103) 4 Mb
--- Executing CONVERT: elapsed 0:00:00.796

Convert 2.0      24.7.4 r58773 Released Sep 19, 2016 LEG x86 64bit/Linux      

--- Using Option File
Reading parameter(s) from "/home/renigijus/gams/opt-mod-lib/gamslib/lmp1/convert.opt"
>>  ampl lmp1-scalar.mod
Finished reading from "/home/renigijus/gams/opt-mod-lib/gamslib/lmp1/convert.opt"
--- Writing Ampl      : lmp1-scalar.mod

--- Restarting execution
--- lmp1.gms(103) 3 Mb
--- Reading solution for model lmp1
--- lmp1.gms(83) 4 Mb
--- Generating NLP model lmp1
--- lmp1.gms(103) 6 Mb
--- LOOPS c = c4
---       i = i5
---   24 rows  34 columns  697 non-zeroes
---   6 nl-code  3 nl-non-zeroes
--- lmp1.gms(103) 4 Mb
--- Executing CONVERT: elapsed 0:00:00.822

Convert 2.0      24.7.4 r58773 Released Sep 19, 2016 LEG x86 64bit/Linux      

--- Using Option File
Reading parameter(s) from "/home/renigijus/gams/opt-mod-lib/gamslib/lmp1/convert.opt"
>>  ampl lmp1-scalar.mod
Finished reading from "/home/renigijus/gams/opt-mod-lib/gamslib/lmp1/convert.opt"
--- Writing Ampl      : lmp1-scalar.mod

--- Restarting execution
--- lmp1.gms(103) 3 Mb
--- Reading solution for model lmp1
--- lmp1.gms(83) 4 Mb
--- Generating NLP model lmp1
--- lmp1.gms(103) 7 Mb
--- LOOPS c = c5
---       i = i1
---   124 rows  124 columns  14,767 non-zeroes
---   6 nl-code  3 nl-non-zeroes
--- lmp1.gms(103) 5 Mb
--- Executing CONVERT: elapsed 0:00:00.847

Convert 2.0      24.7.4 r58773 Released Sep 19, 2016 LEG x86 64bit/Linux      

--- Using Option File
Reading parameter(s) from "/home/renigijus/gams/opt-mod-lib/gamslib/lmp1/convert.opt"
>>  ampl lmp1-scalar.mod
Finished reading from "/home/renigijus/gams/opt-mod-lib/gamslib/lmp1/convert.opt"
--- Writing Ampl      : lmp1-scalar.mod

--- Restarting execution
--- lmp1.gms(103) 3 Mb
--- Reading solution for model lmp1
--- lmp1.gms(83) 4 Mb
--- Generating NLP model lmp1
--- lmp1.gms(103) 7 Mb
--- LOOPS c = c5
---       i = i2
---   124 rows  124 columns  14,767 non-zeroes
---   6 nl-code  3 nl-non-zeroes
--- lmp1.gms(103) 5 Mb
--- Executing CONVERT: elapsed 0:00:00.891

Convert 2.0      24.7.4 r58773 Released Sep 19, 2016 LEG x86 64bit/Linux      

--- Using Option File
Reading parameter(s) from "/home/renigijus/gams/opt-mod-lib/gamslib/lmp1/convert.opt"
>>  ampl lmp1-scalar.mod
Finished reading from "/home/renigijus/gams/opt-mod-lib/gamslib/lmp1/convert.opt"
--- Writing Ampl      : lmp1-scalar.mod

--- Restarting execution
--- lmp1.gms(103) 3 Mb
--- Reading solution for model lmp1
--- lmp1.gms(83) 4 Mb
--- Generating NLP model lmp1
--- lmp1.gms(103) 7 Mb
--- LOOPS c = c5
---       i = i3
---   124 rows  124 columns  14,767 non-zeroes
---   6 nl-code  3 nl-non-zeroes
--- lmp1.gms(103) 5 Mb
--- Executing CONVERT: elapsed 0:00:00.934

Convert 2.0      24.7.4 r58773 Released Sep 19, 2016 LEG x86 64bit/Linux      

--- Using Option File
Reading parameter(s) from "/home/renigijus/gams/opt-mod-lib/gamslib/lmp1/convert.opt"
>>  ampl lmp1-scalar.mod
Finished reading from "/home/renigijus/gams/opt-mod-lib/gamslib/lmp1/convert.opt"
--- Writing Ampl      : lmp1-scalar.mod

--- Restarting execution
--- lmp1.gms(103) 3 Mb
--- Reading solution for model lmp1
--- lmp1.gms(83) 4 Mb
--- Generating NLP model lmp1
--- lmp1.gms(103) 7 Mb
--- LOOPS c = c5
---       i = i4
---   124 rows  124 columns  14,767 non-zeroes
---   6 nl-code  3 nl-non-zeroes
--- lmp1.gms(103) 5 Mb
--- Executing CONVERT: elapsed 0:00:00.970

Convert 2.0      24.7.4 r58773 Released Sep 19, 2016 LEG x86 64bit/Linux      

--- Using Option File
Reading parameter(s) from "/home/renigijus/gams/opt-mod-lib/gamslib/lmp1/convert.opt"
>>  ampl lmp1-scalar.mod
Finished reading from "/home/renigijus/gams/opt-mod-lib/gamslib/lmp1/convert.opt"
--- Writing Ampl      : lmp1-scalar.mod

--- Restarting execution
--- lmp1.gms(103) 3 Mb
--- Reading solution for model lmp1
--- lmp1.gms(83) 4 Mb
--- Generating NLP model lmp1
--- lmp1.gms(103) 7 Mb
--- LOOPS c = c5
---       i = i5
---   124 rows  124 columns  14,767 non-zeroes
---   6 nl-code  3 nl-non-zeroes
--- lmp1.gms(103) 5 Mb
--- Executing CONVERT: elapsed 0:00:01.006

Convert 2.0      24.7.4 r58773 Released Sep 19, 2016 LEG x86 64bit/Linux      

--- Using Option File
Reading parameter(s) from "/home/renigijus/gams/opt-mod-lib/gamslib/lmp1/convert.opt"
>>  ampl lmp1-scalar.mod
Finished reading from "/home/renigijus/gams/opt-mod-lib/gamslib/lmp1/convert.opt"
--- Writing Ampl      : lmp1-scalar.mod

--- Restarting execution
--- lmp1.gms(103) 3 Mb
--- Reading solution for model lmp1
--- lmp1.gms(83) 4 Mb
--- Generating NLP model lmp1
--- lmp1.gms(103) 9 Mb
--- LOOPS c = c6
---       i = i1
---   204 rows  184 columns  36,547 non-zeroes
---   6 nl-code  3 nl-non-zeroes
--- lmp1.gms(103) 7 Mb
--- Executing CONVERT: elapsed 0:00:01.085

Convert 2.0      24.7.4 r58773 Released Sep 19, 2016 LEG x86 64bit/Linux      

--- Using Option File
Reading parameter(s) from "/home/renigijus/gams/opt-mod-lib/gamslib/lmp1/convert.opt"
>>  ampl lmp1-scalar.mod
Finished reading from "/home/renigijus/gams/opt-mod-lib/gamslib/lmp1/convert.opt"
--- Writing Ampl      : lmp1-scalar.mod

--- Restarting execution
--- lmp1.gms(103) 3 Mb
--- Reading solution for model lmp1
--- lmp1.gms(83) 4 Mb
--- Generating NLP model lmp1
--- lmp1.gms(103) 9 Mb
--- LOOPS c = c6
---       i = i2
---   204 rows  184 columns  36,547 non-zeroes
---   6 nl-code  3 nl-non-zeroes
--- lmp1.gms(103) 7 Mb
--- Executing CONVERT: elapsed 0:00:01.158

Convert 2.0      24.7.4 r58773 Released Sep 19, 2016 LEG x86 64bit/Linux      

--- Using Option File
Reading parameter(s) from "/home/renigijus/gams/opt-mod-lib/gamslib/lmp1/convert.opt"
>>  ampl lmp1-scalar.mod
Finished reading from "/home/renigijus/gams/opt-mod-lib/gamslib/lmp1/convert.opt"
--- Writing Ampl      : lmp1-scalar.mod

--- Restarting execution
--- lmp1.gms(103) 3 Mb
--- Reading solution for model lmp1
--- lmp1.gms(83) 4 Mb
--- Generating NLP model lmp1
--- lmp1.gms(103) 9 Mb
--- LOOPS c = c6
---       i = i3
---   204 rows  184 columns  36,547 non-zeroes
---   6 nl-code  3 nl-non-zeroes
--- lmp1.gms(103) 7 Mb
--- Executing CONVERT: elapsed 0:00:01.234

Convert 2.0      24.7.4 r58773 Released Sep 19, 2016 LEG x86 64bit/Linux      

--- Using Option File
Reading parameter(s) from "/home/renigijus/gams/opt-mod-lib/gamslib/lmp1/convert.opt"
>>  ampl lmp1-scalar.mod
Finished reading from "/home/renigijus/gams/opt-mod-lib/gamslib/lmp1/convert.opt"
--- Writing Ampl      : lmp1-scalar.mod

--- Restarting execution
--- lmp1.gms(103) 3 Mb
--- Reading solution for model lmp1
--- lmp1.gms(83) 4 Mb
--- Generating NLP model lmp1
--- lmp1.gms(103) 9 Mb
--- LOOPS c = c6
---       i = i4
---   204 rows  184 columns  36,547 non-zeroes
---   6 nl-code  3 nl-non-zeroes
--- lmp1.gms(103) 7 Mb
--- Executing CONVERT: elapsed 0:00:01.310

Convert 2.0      24.7.4 r58773 Released Sep 19, 2016 LEG x86 64bit/Linux      

--- Using Option File
Reading parameter(s) from "/home/renigijus/gams/opt-mod-lib/gamslib/lmp1/convert.opt"
>>  ampl lmp1-scalar.mod
Finished reading from "/home/renigijus/gams/opt-mod-lib/gamslib/lmp1/convert.opt"
--- Writing Ampl      : lmp1-scalar.mod

--- Restarting execution
--- lmp1.gms(103) 3 Mb
--- Reading solution for model lmp1
--- lmp1.gms(83) 4 Mb
--- Generating NLP model lmp1
--- lmp1.gms(103) 9 Mb
--- LOOPS c = c6
---       i = i5
---   204 rows  184 columns  36,547 non-zeroes
---   6 nl-code  3 nl-non-zeroes
--- lmp1.gms(103) 7 Mb
--- Executing CONVERT: elapsed 0:00:01.510

Convert 2.0      24.7.4 r58773 Released Sep 19, 2016 LEG x86 64bit/Linux      

--- Using Option File
Reading parameter(s) from "/home/renigijus/gams/opt-mod-lib/gamslib/lmp1/convert.opt"
>>  ampl lmp1-scalar.mod
Finished reading from "/home/renigijus/gams/opt-mod-lib/gamslib/lmp1/convert.opt"
--- Writing Ampl      : lmp1-scalar.mod

--- Restarting execution
--- lmp1.gms(103) 3 Mb
--- Reading solution for model lmp1
--- lmp1.gms(83) 4 Mb
--- Generating NLP model lmp1
--- lmp1.gms(103) 6 Mb
--- LOOPS c = c7
---       i = i1
---   25 rows  35 columns  729 non-zeroes
---   7 nl-code  4 nl-non-zeroes
--- lmp1.gms(103) 4 Mb
--- Executing CONVERT: elapsed 0:00:02.364

Convert 2.0      24.7.4 r58773 Released Sep 19, 2016 LEG x86 64bit/Linux      

--- Using Option File
Reading parameter(s) from "/home/renigijus/gams/opt-mod-lib/gamslib/lmp1/convert.opt"
>>  ampl lmp1-scalar.mod
Finished reading from "/home/renigijus/gams/opt-mod-lib/gamslib/lmp1/convert.opt"
--- Writing Ampl      : lmp1-scalar.mod

--- Restarting execution
--- lmp1.gms(103) 3 Mb
--- Reading solution for model lmp1
--- lmp1.gms(83) 4 Mb
--- Generating NLP model lmp1
--- lmp1.gms(103) 6 Mb
--- LOOPS c = c7
---       i = i2
---   25 rows  35 columns  729 non-zeroes
---   7 nl-code  4 nl-non-zeroes
--- lmp1.gms(103) 4 Mb
--- Executing CONVERT: elapsed 0:00:02.449

Convert 2.0      24.7.4 r58773 Released Sep 19, 2016 LEG x86 64bit/Linux      

--- Using Option File
Reading parameter(s) from "/home/renigijus/gams/opt-mod-lib/gamslib/lmp1/convert.opt"
>>  ampl lmp1-scalar.mod
Finished reading from "/home/renigijus/gams/opt-mod-lib/gamslib/lmp1/convert.opt"
--- Writing Ampl      : lmp1-scalar.mod

--- Restarting execution
--- lmp1.gms(103) 3 Mb
--- Reading solution for model lmp1
--- lmp1.gms(83) 4 Mb
--- Generating NLP model lmp1
--- lmp1.gms(103) 6 Mb
--- LOOPS c = c7
---       i = i3
---   25 rows  35 columns  729 non-zeroes
---   7 nl-code  4 nl-non-zeroes
--- lmp1.gms(103) 4 Mb
--- Executing CONVERT: elapsed 0:00:02.565

Convert 2.0      24.7.4 r58773 Released Sep 19, 2016 LEG x86 64bit/Linux      

--- Using Option File
Reading parameter(s) from "/home/renigijus/gams/opt-mod-lib/gamslib/lmp1/convert.opt"
>>  ampl lmp1-scalar.mod
Finished reading from "/home/renigijus/gams/opt-mod-lib/gamslib/lmp1/convert.opt"
--- Writing Ampl      : lmp1-scalar.mod

--- Restarting execution
--- lmp1.gms(103) 3 Mb
--- Reading solution for model lmp1
--- lmp1.gms(83) 4 Mb
--- Generating NLP model lmp1
--- lmp1.gms(103) 6 Mb
--- LOOPS c = c7
---       i = i4
---   25 rows  35 columns  729 non-zeroes
---   7 nl-code  4 nl-non-zeroes
--- lmp1.gms(103) 4 Mb
--- Executing CONVERT: elapsed 0:00:02.587

Convert 2.0      24.7.4 r58773 Released Sep 19, 2016 LEG x86 64bit/Linux      

--- Using Option File
Reading parameter(s) from "/home/renigijus/gams/opt-mod-lib/gamslib/lmp1/convert.opt"
>>  ampl lmp1-scalar.mod
Finished reading from "/home/renigijus/gams/opt-mod-lib/gamslib/lmp1/convert.opt"
--- Writing Ampl      : lmp1-scalar.mod

--- Restarting execution
--- lmp1.gms(103) 3 Mb
--- Reading solution for model lmp1
--- lmp1.gms(83) 4 Mb
--- Generating NLP model lmp1
--- lmp1.gms(103) 6 Mb
--- LOOPS c = c7
---       i = i5
---   25 rows  35 columns  729 non-zeroes
---   7 nl-code  4 nl-non-zeroes
--- lmp1.gms(103) 4 Mb
--- Executing CONVERT: elapsed 0:00:02.606

Convert 2.0      24.7.4 r58773 Released Sep 19, 2016 LEG x86 64bit/Linux      

--- Using Option File
Reading parameter(s) from "/home/renigijus/gams/opt-mod-lib/gamslib/lmp1/convert.opt"
>>  ampl lmp1-scalar.mod
Finished reading from "/home/renigijus/gams/opt-mod-lib/gamslib/lmp1/convert.opt"
--- Writing Ampl      : lmp1-scalar.mod

--- Restarting execution
--- lmp1.gms(103) 3 Mb
--- Reading solution for model lmp1
--- lmp1.gms(83) 4 Mb
--- Generating NLP model lmp1
--- lmp1.gms(103) 7 Mb
--- LOOPS c = c8
---       i = i1
---   105 rows  105 columns  10,409 non-zeroes
---   7 nl-code  4 nl-non-zeroes
--- lmp1.gms(103) 5 Mb
--- Executing CONVERT: elapsed 0:00:02.634

Convert 2.0      24.7.4 r58773 Released Sep 19, 2016 LEG x86 64bit/Linux      

--- Using Option File
Reading parameter(s) from "/home/renigijus/gams/opt-mod-lib/gamslib/lmp1/convert.opt"
>>  ampl lmp1-scalar.mod
Finished reading from "/home/renigijus/gams/opt-mod-lib/gamslib/lmp1/convert.opt"
--- Writing Ampl      : lmp1-scalar.mod

--- Restarting execution
--- lmp1.gms(103) 3 Mb
--- Reading solution for model lmp1
--- lmp1.gms(83) 4 Mb
--- Generating NLP model lmp1
--- lmp1.gms(103) 7 Mb
--- LOOPS c = c8
---       i = i2
---   105 rows  105 columns  10,409 non-zeroes
---   7 nl-code  4 nl-non-zeroes
--- lmp1.gms(103) 5 Mb
--- Executing CONVERT: elapsed 0:00:02.670

Convert 2.0      24.7.4 r58773 Released Sep 19, 2016 LEG x86 64bit/Linux      

--- Using Option File
Reading parameter(s) from "/home/renigijus/gams/opt-mod-lib/gamslib/lmp1/convert.opt"
>>  ampl lmp1-scalar.mod
Finished reading from "/home/renigijus/gams/opt-mod-lib/gamslib/lmp1/convert.opt"
--- Writing Ampl      : lmp1-scalar.mod

--- Restarting execution
--- lmp1.gms(103) 3 Mb
--- Reading solution for model lmp1
--- lmp1.gms(83) 4 Mb
--- Generating NLP model lmp1
--- lmp1.gms(103) 7 Mb
--- LOOPS c = c8
---       i = i3
---   105 rows  105 columns  10,409 non-zeroes
---   7 nl-code  4 nl-non-zeroes
--- lmp1.gms(103) 5 Mb
--- Executing CONVERT: elapsed 0:00:02.705

Convert 2.0      24.7.4 r58773 Released Sep 19, 2016 LEG x86 64bit/Linux      

--- Using Option File
Reading parameter(s) from "/home/renigijus/gams/opt-mod-lib/gamslib/lmp1/convert.opt"
>>  ampl lmp1-scalar.mod
Finished reading from "/home/renigijus/gams/opt-mod-lib/gamslib/lmp1/convert.opt"
--- Writing Ampl      : lmp1-scalar.mod

--- Restarting execution
--- lmp1.gms(103) 3 Mb
--- Reading solution for model lmp1
--- lmp1.gms(83) 4 Mb
--- Generating NLP model lmp1
--- lmp1.gms(103) 7 Mb
--- LOOPS c = c8
---       i = i4
---   105 rows  105 columns  10,409 non-zeroes
---   7 nl-code  4 nl-non-zeroes
--- lmp1.gms(103) 5 Mb
--- Executing CONVERT: elapsed 0:00:02.743

Convert 2.0      24.7.4 r58773 Released Sep 19, 2016 LEG x86 64bit/Linux      

--- Using Option File
Reading parameter(s) from "/home/renigijus/gams/opt-mod-lib/gamslib/lmp1/convert.opt"
>>  ampl lmp1-scalar.mod
Finished reading from "/home/renigijus/gams/opt-mod-lib/gamslib/lmp1/convert.opt"
--- Writing Ampl      : lmp1-scalar.mod

--- Restarting execution
--- lmp1.gms(103) 3 Mb
--- Reading solution for model lmp1
--- lmp1.gms(83) 4 Mb
--- Generating NLP model lmp1
--- lmp1.gms(103) 7 Mb
--- LOOPS c = c8
---       i = i5
---   105 rows  105 columns  10,409 non-zeroes
---   7 nl-code  4 nl-non-zeroes
--- lmp1.gms(103) 5 Mb
--- Executing CONVERT: elapsed 0:00:02.780

Convert 2.0      24.7.4 r58773 Released Sep 19, 2016 LEG x86 64bit/Linux      

--- Using Option File
Reading parameter(s) from "/home/renigijus/gams/opt-mod-lib/gamslib/lmp1/convert.opt"
>>  ampl lmp1-scalar.mod
Finished reading from "/home/renigijus/gams/opt-mod-lib/gamslib/lmp1/convert.opt"
--- Writing Ampl      : lmp1-scalar.mod

--- Restarting execution
--- lmp1.gms(103) 3 Mb
--- Reading solution for model lmp1
--- lmp1.gms(83) 4 Mb
--- Generating NLP model lmp1
--- lmp1.gms(103) 9 Mb
--- LOOPS c = c9
---       i = i1
---   205 rows  205 columns  40,809 non-zeroes
---   7 nl-code  4 nl-non-zeroes
--- lmp1.gms(103) 7 Mb
--- Executing CONVERT: elapsed 0:00:02.828

Convert 2.0      24.7.4 r58773 Released Sep 19, 2016 LEG x86 64bit/Linux      

--- Using Option File
Reading parameter(s) from "/home/renigijus/gams/opt-mod-lib/gamslib/lmp1/convert.opt"
>>  ampl lmp1-scalar.mod
Finished reading from "/home/renigijus/gams/opt-mod-lib/gamslib/lmp1/convert.opt"
--- Writing Ampl      : lmp1-scalar.mod

--- Restarting execution
--- lmp1.gms(103) 3 Mb
--- Reading solution for model lmp1
--- lmp1.gms(83) 4 Mb
--- Generating NLP model lmp1
--- lmp1.gms(103) 9 Mb
--- LOOPS c = c9
---       i = i2
---   205 rows  205 columns  40,809 non-zeroes
---   7 nl-code  4 nl-non-zeroes
--- lmp1.gms(103) 7 Mb
--- Executing CONVERT: elapsed 0:00:02.914

Convert 2.0      24.7.4 r58773 Released Sep 19, 2016 LEG x86 64bit/Linux      

--- Using Option File
Reading parameter(s) from "/home/renigijus/gams/opt-mod-lib/gamslib/lmp1/convert.opt"
>>  ampl lmp1-scalar.mod
Finished reading from "/home/renigijus/gams/opt-mod-lib/gamslib/lmp1/convert.opt"
--- Writing Ampl      : lmp1-scalar.mod

--- Restarting execution
--- lmp1.gms(103) 3 Mb
--- Reading solution for model lmp1
--- lmp1.gms(83) 4 Mb
--- Generating NLP model lmp1
--- lmp1.gms(103) 9 Mb
--- LOOPS c = c9
---       i = i3
---   205 rows  205 columns  40,809 non-zeroes
---   7 nl-code  4 nl-non-zeroes
--- lmp1.gms(103) 7 Mb
--- Executing CONVERT: elapsed 0:00:02.996

Convert 2.0      24.7.4 r58773 Released Sep 19, 2016 LEG x86 64bit/Linux      

--- Using Option File
Reading parameter(s) from "/home/renigijus/gams/opt-mod-lib/gamslib/lmp1/convert.opt"
>>  ampl lmp1-scalar.mod
Finished reading from "/home/renigijus/gams/opt-mod-lib/gamslib/lmp1/convert.opt"
--- Writing Ampl      : lmp1-scalar.mod

--- Restarting execution
--- lmp1.gms(103) 3 Mb
--- Reading solution for model lmp1
--- lmp1.gms(83) 4 Mb
--- Generating NLP model lmp1
--- lmp1.gms(103) 9 Mb
--- LOOPS c = c9
---       i = i4
---   205 rows  205 columns  40,809 non-zeroes
---   7 nl-code  4 nl-non-zeroes
--- lmp1.gms(103) 7 Mb
--- Executing CONVERT: elapsed 0:00:03.074

Convert 2.0      24.7.4 r58773 Released Sep 19, 2016 LEG x86 64bit/Linux      

--- Using Option File
Reading parameter(s) from "/home/renigijus/gams/opt-mod-lib/gamslib/lmp1/convert.opt"
>>  ampl lmp1-scalar.mod
Finished reading from "/home/renigijus/gams/opt-mod-lib/gamslib/lmp1/convert.opt"
--- Writing Ampl      : lmp1-scalar.mod

--- Restarting execution
--- lmp1.gms(103) 3 Mb
--- Reading solution for model lmp1
--- lmp1.gms(83) 4 Mb
--- Generating NLP model lmp1
--- lmp1.gms(103) 9 Mb
--- LOOPS c = c9
---       i = i5
---   205 rows  205 columns  40,809 non-zeroes
---   7 nl-code  4 nl-non-zeroes
--- lmp1.gms(103) 7 Mb
--- Executing CONVERT: elapsed 0:00:03.154

Convert 2.0      24.7.4 r58773 Released Sep 19, 2016 LEG x86 64bit/Linux      

--- Using Option File
Reading parameter(s) from "/home/renigijus/gams/opt-mod-lib/gamslib/lmp1/convert.opt"
>>  ampl lmp1-scalar.mod
Finished reading from "/home/renigijus/gams/opt-mod-lib/gamslib/lmp1/convert.opt"
--- Writing Ampl      : lmp1-scalar.mod

--- Restarting execution
--- lmp1.gms(103) 3 Mb
--- Reading solution for model lmp1
--- lmp1.gms(83) 4 Mb
--- Generating NLP model lmp1
--- lmp1.gms(103) 9 Mb
--- LOOPS c = c10
---       i = i1
---   206 rows  206 columns  41,011 non-zeroes
---   8 nl-code  5 nl-non-zeroes
--- lmp1.gms(103) 7 Mb
--- Executing CONVERT: elapsed 0:00:03.234

Convert 2.0      24.7.4 r58773 Released Sep 19, 2016 LEG x86 64bit/Linux      

--- Using Option File
Reading parameter(s) from "/home/renigijus/gams/opt-mod-lib/gamslib/lmp1/convert.opt"
>>  ampl lmp1-scalar.mod
Finished reading from "/home/renigijus/gams/opt-mod-lib/gamslib/lmp1/convert.opt"
--- Writing Ampl      : lmp1-scalar.mod

--- Restarting execution
--- lmp1.gms(103) 3 Mb
--- Reading solution for model lmp1
--- lmp1.gms(83) 4 Mb
--- Generating NLP model lmp1
--- lmp1.gms(103) 9 Mb
--- LOOPS c = c10
---       i = i2
---   206 rows  206 columns  41,011 non-zeroes
---   8 nl-code  5 nl-non-zeroes
--- lmp1.gms(103) 7 Mb
--- Executing CONVERT: elapsed 0:00:03.318

Convert 2.0      24.7.4 r58773 Released Sep 19, 2016 LEG x86 64bit/Linux      

--- Using Option File
Reading parameter(s) from "/home/renigijus/gams/opt-mod-lib/gamslib/lmp1/convert.opt"
>>  ampl lmp1-scalar.mod
Finished reading from "/home/renigijus/gams/opt-mod-lib/gamslib/lmp1/convert.opt"
--- Writing Ampl      : lmp1-scalar.mod

--- Restarting execution
--- lmp1.gms(103) 3 Mb
--- Reading solution for model lmp1
--- lmp1.gms(83) 4 Mb
--- Generating NLP model lmp1
--- lmp1.gms(103) 9 Mb
--- LOOPS c = c10
---       i = i3
---   206 rows  206 columns  41,011 non-zeroes
---   8 nl-code  5 nl-non-zeroes
--- lmp1.gms(103) 7 Mb
--- Executing CONVERT: elapsed 0:00:03.393

Convert 2.0      24.7.4 r58773 Released Sep 19, 2016 LEG x86 64bit/Linux      

--- Using Option File
Reading parameter(s) from "/home/renigijus/gams/opt-mod-lib/gamslib/lmp1/convert.opt"
>>  ampl lmp1-scalar.mod
Finished reading from "/home/renigijus/gams/opt-mod-lib/gamslib/lmp1/convert.opt"
--- Writing Ampl      : lmp1-scalar.mod

--- Restarting execution
--- lmp1.gms(103) 3 Mb
--- Reading solution for model lmp1
--- lmp1.gms(83) 4 Mb
--- Generating NLP model lmp1
--- lmp1.gms(103) 9 Mb
--- LOOPS c = c10
---       i = i4
---   206 rows  206 columns  41,011 non-zeroes
---   8 nl-code  5 nl-non-zeroes
--- lmp1.gms(103) 7 Mb
--- Executing CONVERT: elapsed 0:00:03.473

Convert 2.0      24.7.4 r58773 Released Sep 19, 2016 LEG x86 64bit/Linux      

--- Using Option File
Reading parameter(s) from "/home/renigijus/gams/opt-mod-lib/gamslib/lmp1/convert.opt"
>>  ampl lmp1-scalar.mod
Finished reading from "/home/renigijus/gams/opt-mod-lib/gamslib/lmp1/convert.opt"
--- Writing Ampl      : lmp1-scalar.mod

--- Restarting execution
--- lmp1.gms(103) 3 Mb
--- Reading solution for model lmp1
--- lmp1.gms(83) 4 Mb
--- Generating NLP model lmp1
--- lmp1.gms(103) 9 Mb
--- LOOPS c = c10
---       i = i5
---   206 rows  206 columns  41,011 non-zeroes
---   8 nl-code  5 nl-non-zeroes
--- lmp1.gms(103) 7 Mb
--- Executing CONVERT: elapsed 0:00:03.551

Convert 2.0      24.7.4 r58773 Released Sep 19, 2016 LEG x86 64bit/Linux      

--- Using Option File
Reading parameter(s) from "/home/renigijus/gams/opt-mod-lib/gamslib/lmp1/convert.opt"
>>  ampl lmp1-scalar.mod
Finished reading from "/home/renigijus/gams/opt-mod-lib/gamslib/lmp1/convert.opt"
--- Writing Ampl      : lmp1-scalar.mod

--- Restarting execution
--- lmp1.gms(103) 3 Mb
--- Reading solution for model lmp1
--- lmp1.gms(126) 4 Mb
*** Status: Normal completion
--- Job lmp1.gms Stop 12/13/18 11:22:44 elapsed 0:00:03.604
