--- Job lmp1.gms Start 12/13/18 11:22:46 24.7.4 r58773 LEX-LEG x86 64bit/Linux
GAMS 24.7.4   Copyright (C) 1987-2016 GAMS Development. All rights reserved
Licensee: Remigijus Paulavicius, Single User License     S170731:0859AO-LNX
          Imperial College London, Dept. of Chemical Engineering    DC13449
          License for teaching and research at degree granting institutions
          remigijus.paulavicius@imperial.ac.uk                             
--- Starting compilation
--- lmp1.gms(132) 3 Mb
--- Starting execution: elapsed 0:00:00.002
--- lmp1.gms(85) 4 Mb
--- Generating NLP model lmp1
--- lmp1.gms(105) 6 Mb
--- LOOPS c = c1
---       i = i1
---   23 rows  33 columns  665 non-zeroes
---   5 nl-code  2 nl-non-zeroes
--- lmp1.gms(105) 4 Mb
--- Executing CONVERT: elapsed 0:00:00.005

Convert 2.0      24.7.4 r58773 Released Sep 19, 2016 LEG x86 64bit/Linux      

--- Using Option File
Reading parameter(s) from "/home/renigijus/gams/opt-mod-lib/gamslib/lmp1/convert.opt"
>>  pyomo lmp1-scalar.py
Finished reading from "/home/renigijus/gams/opt-mod-lib/gamslib/lmp1/convert.opt"
--- Writing Pyomo     : lmp1-scalar.py

--- Restarting execution
--- lmp1.gms(105) 2 Mb
--- Reading solution for model lmp1
--- lmp1.gms(85) 3 Mb
--- Generating NLP model lmp1
--- lmp1.gms(105) 5 Mb
--- LOOPS c = c1
---       i = i2
---   23 rows  33 columns  665 non-zeroes
---   5 nl-code  2 nl-non-zeroes
--- lmp1.gms(105) 3 Mb
--- Executing CONVERT: elapsed 0:00:00.023

Convert 2.0      24.7.4 r58773 Released Sep 19, 2016 LEG x86 64bit/Linux      

--- Using Option File
Reading parameter(s) from "/home/renigijus/gams/opt-mod-lib/gamslib/lmp1/convert.opt"
>>  pyomo lmp1-scalar.py
Finished reading from "/home/renigijus/gams/opt-mod-lib/gamslib/lmp1/convert.opt"
--- Writing Pyomo     : lmp1-scalar.py

--- Restarting execution
--- lmp1.gms(105) 2 Mb
--- Reading solution for model lmp1
--- lmp1.gms(85) 3 Mb
--- Generating NLP model lmp1
--- lmp1.gms(105) 5 Mb
--- LOOPS c = c1
---       i = i3
---   23 rows  33 columns  665 non-zeroes
---   5 nl-code  2 nl-non-zeroes
--- lmp1.gms(105) 3 Mb
--- Executing CONVERT: elapsed 0:00:00.039

Convert 2.0      24.7.4 r58773 Released Sep 19, 2016 LEG x86 64bit/Linux      

--- Using Option File
Reading parameter(s) from "/home/renigijus/gams/opt-mod-lib/gamslib/lmp1/convert.opt"
>>  pyomo lmp1-scalar.py
Finished reading from "/home/renigijus/gams/opt-mod-lib/gamslib/lmp1/convert.opt"
--- Writing Pyomo     : lmp1-scalar.py

--- Restarting execution
--- lmp1.gms(105) 2 Mb
--- Reading solution for model lmp1
--- lmp1.gms(85) 3 Mb
--- Generating NLP model lmp1
--- lmp1.gms(105) 5 Mb
--- LOOPS c = c1
---       i = i4
---   23 rows  33 columns  665 non-zeroes
---   5 nl-code  2 nl-non-zeroes
--- lmp1.gms(105) 3 Mb
--- Executing CONVERT: elapsed 0:00:00.056

Convert 2.0      24.7.4 r58773 Released Sep 19, 2016 LEG x86 64bit/Linux      

--- Using Option File
Reading parameter(s) from "/home/renigijus/gams/opt-mod-lib/gamslib/lmp1/convert.opt"
>>  pyomo lmp1-scalar.py
Finished reading from "/home/renigijus/gams/opt-mod-lib/gamslib/lmp1/convert.opt"
--- Writing Pyomo     : lmp1-scalar.py

--- Restarting execution
--- lmp1.gms(105) 2 Mb
--- Reading solution for model lmp1
--- lmp1.gms(85) 3 Mb
--- Generating NLP model lmp1
--- lmp1.gms(105) 5 Mb
--- LOOPS c = c1
---       i = i5
---   23 rows  33 columns  665 non-zeroes
---   5 nl-code  2 nl-non-zeroes
--- lmp1.gms(105) 3 Mb
--- Executing CONVERT: elapsed 0:00:00.073

Convert 2.0      24.7.4 r58773 Released Sep 19, 2016 LEG x86 64bit/Linux      

--- Using Option File
Reading parameter(s) from "/home/renigijus/gams/opt-mod-lib/gamslib/lmp1/convert.opt"
>>  pyomo lmp1-scalar.py
Finished reading from "/home/renigijus/gams/opt-mod-lib/gamslib/lmp1/convert.opt"
--- Writing Pyomo     : lmp1-scalar.py

--- Restarting execution
--- lmp1.gms(105) 2 Mb
--- Reading solution for model lmp1
--- lmp1.gms(85) 3 Mb
--- Generating NLP model lmp1
--- lmp1.gms(105) 6 Mb
--- LOOPS c = c2
---       i = i1
---   123 rows  103 columns  12,205 non-zeroes
---   5 nl-code  2 nl-non-zeroes
--- lmp1.gms(105) 4 Mb
--- Executing CONVERT: elapsed 0:00:00.097

Convert 2.0      24.7.4 r58773 Released Sep 19, 2016 LEG x86 64bit/Linux      

--- Using Option File
Reading parameter(s) from "/home/renigijus/gams/opt-mod-lib/gamslib/lmp1/convert.opt"
>>  pyomo lmp1-scalar.py
Finished reading from "/home/renigijus/gams/opt-mod-lib/gamslib/lmp1/convert.opt"
--- Writing Pyomo     : lmp1-scalar.py

--- Restarting execution
--- lmp1.gms(105) 2 Mb
--- Reading solution for model lmp1
--- lmp1.gms(85) 3 Mb
--- Generating NLP model lmp1
--- lmp1.gms(105) 6 Mb
--- LOOPS c = c2
---       i = i2
---   123 rows  103 columns  12,205 non-zeroes
---   5 nl-code  2 nl-non-zeroes
--- lmp1.gms(105) 4 Mb
--- Executing CONVERT: elapsed 0:00:00.125

Convert 2.0      24.7.4 r58773 Released Sep 19, 2016 LEG x86 64bit/Linux      

--- Using Option File
Reading parameter(s) from "/home/renigijus/gams/opt-mod-lib/gamslib/lmp1/convert.opt"
>>  pyomo lmp1-scalar.py
Finished reading from "/home/renigijus/gams/opt-mod-lib/gamslib/lmp1/convert.opt"
--- Writing Pyomo     : lmp1-scalar.py

--- Restarting execution
--- lmp1.gms(105) 2 Mb
--- Reading solution for model lmp1
--- lmp1.gms(85) 3 Mb
--- Generating NLP model lmp1
--- lmp1.gms(105) 6 Mb
--- LOOPS c = c2
---       i = i3
---   123 rows  103 columns  12,205 non-zeroes
---   5 nl-code  2 nl-non-zeroes
--- lmp1.gms(105) 4 Mb
--- Executing CONVERT: elapsed 0:00:00.153

Convert 2.0      24.7.4 r58773 Released Sep 19, 2016 LEG x86 64bit/Linux      

--- Using Option File
Reading parameter(s) from "/home/renigijus/gams/opt-mod-lib/gamslib/lmp1/convert.opt"
>>  pyomo lmp1-scalar.py
Finished reading from "/home/renigijus/gams/opt-mod-lib/gamslib/lmp1/convert.opt"
--- Writing Pyomo     : lmp1-scalar.py

--- Restarting execution
--- lmp1.gms(105) 2 Mb
--- Reading solution for model lmp1
--- lmp1.gms(85) 3 Mb
--- Generating NLP model lmp1
--- lmp1.gms(105) 6 Mb
--- LOOPS c = c2
---       i = i4
---   123 rows  103 columns  12,205 non-zeroes
---   5 nl-code  2 nl-non-zeroes
--- lmp1.gms(105) 4 Mb
--- Executing CONVERT: elapsed 0:00:00.180

Convert 2.0      24.7.4 r58773 Released Sep 19, 2016 LEG x86 64bit/Linux      

--- Using Option File
Reading parameter(s) from "/home/renigijus/gams/opt-mod-lib/gamslib/lmp1/convert.opt"
>>  pyomo lmp1-scalar.py
Finished reading from "/home/renigijus/gams/opt-mod-lib/gamslib/lmp1/convert.opt"
--- Writing Pyomo     : lmp1-scalar.py

--- Restarting execution
--- lmp1.gms(105) 2 Mb
--- Reading solution for model lmp1
--- lmp1.gms(85) 3 Mb
--- Generating NLP model lmp1
--- lmp1.gms(105) 6 Mb
--- LOOPS c = c2
---       i = i5
---   123 rows  103 columns  12,205 non-zeroes
---   5 nl-code  2 nl-non-zeroes
--- lmp1.gms(105) 4 Mb
--- Executing CONVERT: elapsed 0:00:00.208

Convert 2.0      24.7.4 r58773 Released Sep 19, 2016 LEG x86 64bit/Linux      

--- Using Option File
Reading parameter(s) from "/home/renigijus/gams/opt-mod-lib/gamslib/lmp1/convert.opt"
>>  pyomo lmp1-scalar.py
Finished reading from "/home/renigijus/gams/opt-mod-lib/gamslib/lmp1/convert.opt"
--- Writing Pyomo     : lmp1-scalar.py

--- Restarting execution
--- lmp1.gms(105) 2 Mb
--- Reading solution for model lmp1
--- lmp1.gms(85) 4 Mb
--- Generating NLP model lmp1
--- lmp1.gms(105) 9 Mb
--- LOOPS c = c3
---       i = i1
---   223 rows  203 columns  44,405 non-zeroes
---   5 nl-code  2 nl-non-zeroes
--- lmp1.gms(105) 7 Mb
--- Executing CONVERT: elapsed 0:00:00.265

Convert 2.0      24.7.4 r58773 Released Sep 19, 2016 LEG x86 64bit/Linux      

--- Using Option File
Reading parameter(s) from "/home/renigijus/gams/opt-mod-lib/gamslib/lmp1/convert.opt"
>>  pyomo lmp1-scalar.py
Finished reading from "/home/renigijus/gams/opt-mod-lib/gamslib/lmp1/convert.opt"
--- Writing Pyomo     : lmp1-scalar.py

--- Restarting execution
--- lmp1.gms(105) 3 Mb
--- Reading solution for model lmp1
--- lmp1.gms(85) 4 Mb
--- Generating NLP model lmp1
--- lmp1.gms(105) 9 Mb
--- LOOPS c = c3
---       i = i2
---   223 rows  203 columns  44,405 non-zeroes
---   5 nl-code  2 nl-non-zeroes
--- lmp1.gms(105) 7 Mb
--- Executing CONVERT: elapsed 0:00:00.352

Convert 2.0      24.7.4 r58773 Released Sep 19, 2016 LEG x86 64bit/Linux      

--- Using Option File
Reading parameter(s) from "/home/renigijus/gams/opt-mod-lib/gamslib/lmp1/convert.opt"
>>  pyomo lmp1-scalar.py
Finished reading from "/home/renigijus/gams/opt-mod-lib/gamslib/lmp1/convert.opt"
--- Writing Pyomo     : lmp1-scalar.py

--- Restarting execution
--- lmp1.gms(105) 3 Mb
--- Reading solution for model lmp1
--- lmp1.gms(85) 4 Mb
--- Generating NLP model lmp1
--- lmp1.gms(105) 9 Mb
--- LOOPS c = c3
---       i = i3
---   223 rows  203 columns  44,405 non-zeroes
---   5 nl-code  2 nl-non-zeroes
--- lmp1.gms(105) 7 Mb
--- Executing CONVERT: elapsed 0:00:00.430

Convert 2.0      24.7.4 r58773 Released Sep 19, 2016 LEG x86 64bit/Linux      

--- Using Option File
Reading parameter(s) from "/home/renigijus/gams/opt-mod-lib/gamslib/lmp1/convert.opt"
>>  pyomo lmp1-scalar.py
Finished reading from "/home/renigijus/gams/opt-mod-lib/gamslib/lmp1/convert.opt"
--- Writing Pyomo     : lmp1-scalar.py

--- Restarting execution
--- lmp1.gms(105) 3 Mb
--- Reading solution for model lmp1
--- lmp1.gms(85) 4 Mb
--- Generating NLP model lmp1
--- lmp1.gms(105) 9 Mb
--- LOOPS c = c3
---       i = i4
---   223 rows  203 columns  44,405 non-zeroes
---   5 nl-code  2 nl-non-zeroes
--- lmp1.gms(105) 7 Mb
--- Executing CONVERT: elapsed 0:00:00.510

Convert 2.0      24.7.4 r58773 Released Sep 19, 2016 LEG x86 64bit/Linux      

--- Using Option File
Reading parameter(s) from "/home/renigijus/gams/opt-mod-lib/gamslib/lmp1/convert.opt"
>>  pyomo lmp1-scalar.py
Finished reading from "/home/renigijus/gams/opt-mod-lib/gamslib/lmp1/convert.opt"
--- Writing Pyomo     : lmp1-scalar.py

--- Restarting execution
--- lmp1.gms(105) 3 Mb
--- Reading solution for model lmp1
--- lmp1.gms(85) 4 Mb
--- Generating NLP model lmp1
--- lmp1.gms(105) 9 Mb
--- LOOPS c = c3
---       i = i5
---   223 rows  203 columns  44,405 non-zeroes
---   5 nl-code  2 nl-non-zeroes
--- lmp1.gms(105) 7 Mb
--- Executing CONVERT: elapsed 0:00:00.589

Convert 2.0      24.7.4 r58773 Released Sep 19, 2016 LEG x86 64bit/Linux      

--- Using Option File
Reading parameter(s) from "/home/renigijus/gams/opt-mod-lib/gamslib/lmp1/convert.opt"
>>  pyomo lmp1-scalar.py
Finished reading from "/home/renigijus/gams/opt-mod-lib/gamslib/lmp1/convert.opt"
--- Writing Pyomo     : lmp1-scalar.py

--- Restarting execution
--- lmp1.gms(105) 3 Mb
--- Reading solution for model lmp1
--- lmp1.gms(85) 4 Mb
--- Generating NLP model lmp1
--- lmp1.gms(105) 6 Mb
--- LOOPS c = c4
---       i = i1
---   24 rows  34 columns  697 non-zeroes
---   6 nl-code  3 nl-non-zeroes
--- lmp1.gms(105) 4 Mb
--- Executing CONVERT: elapsed 0:00:00.652

Convert 2.0      24.7.4 r58773 Released Sep 19, 2016 LEG x86 64bit/Linux      

--- Using Option File
Reading parameter(s) from "/home/renigijus/gams/opt-mod-lib/gamslib/lmp1/convert.opt"
>>  pyomo lmp1-scalar.py
Finished reading from "/home/renigijus/gams/opt-mod-lib/gamslib/lmp1/convert.opt"
--- Writing Pyomo     : lmp1-scalar.py

--- Restarting execution
--- lmp1.gms(105) 3 Mb
--- Reading solution for model lmp1
--- lmp1.gms(85) 4 Mb
--- Generating NLP model lmp1
--- lmp1.gms(105) 6 Mb
--- LOOPS c = c4
---       i = i2
---   24 rows  34 columns  697 non-zeroes
---   6 nl-code  3 nl-non-zeroes
--- lmp1.gms(105) 4 Mb
--- Executing CONVERT: elapsed 0:00:00.677

Convert 2.0      24.7.4 r58773 Released Sep 19, 2016 LEG x86 64bit/Linux      

--- Using Option File
Reading parameter(s) from "/home/renigijus/gams/opt-mod-lib/gamslib/lmp1/convert.opt"
>>  pyomo lmp1-scalar.py
Finished reading from "/home/renigijus/gams/opt-mod-lib/gamslib/lmp1/convert.opt"
--- Writing Pyomo     : lmp1-scalar.py

--- Restarting execution
--- lmp1.gms(105) 3 Mb
--- Reading solution for model lmp1
--- lmp1.gms(85) 4 Mb
--- Generating NLP model lmp1
--- lmp1.gms(105) 6 Mb
--- LOOPS c = c4
---       i = i3
---   24 rows  34 columns  697 non-zeroes
---   6 nl-code  3 nl-non-zeroes
--- lmp1.gms(105) 4 Mb
--- Executing CONVERT: elapsed 0:00:00.694

Convert 2.0      24.7.4 r58773 Released Sep 19, 2016 LEG x86 64bit/Linux      

--- Using Option File
Reading parameter(s) from "/home/renigijus/gams/opt-mod-lib/gamslib/lmp1/convert.opt"
>>  pyomo lmp1-scalar.py
Finished reading from "/home/renigijus/gams/opt-mod-lib/gamslib/lmp1/convert.opt"
--- Writing Pyomo     : lmp1-scalar.py

--- Restarting execution
--- lmp1.gms(105) 3 Mb
--- Reading solution for model lmp1
--- lmp1.gms(85) 4 Mb
--- Generating NLP model lmp1
--- lmp1.gms(105) 6 Mb
--- LOOPS c = c4
---       i = i4
---   24 rows  34 columns  697 non-zeroes
---   6 nl-code  3 nl-non-zeroes
--- lmp1.gms(105) 4 Mb
--- Executing CONVERT: elapsed 0:00:00.713

Convert 2.0      24.7.4 r58773 Released Sep 19, 2016 LEG x86 64bit/Linux      

--- Using Option File
Reading parameter(s) from "/home/renigijus/gams/opt-mod-lib/gamslib/lmp1/convert.opt"
>>  pyomo lmp1-scalar.py
Finished reading from "/home/renigijus/gams/opt-mod-lib/gamslib/lmp1/convert.opt"
--- Writing Pyomo     : lmp1-scalar.py

--- Restarting execution
--- lmp1.gms(105) 3 Mb
--- Reading solution for model lmp1
--- lmp1.gms(85) 4 Mb
--- Generating NLP model lmp1
--- lmp1.gms(105) 6 Mb
--- LOOPS c = c4
---       i = i5
---   24 rows  34 columns  697 non-zeroes
---   6 nl-code  3 nl-non-zeroes
--- lmp1.gms(105) 4 Mb
--- Executing CONVERT: elapsed 0:00:00.734

Convert 2.0      24.7.4 r58773 Released Sep 19, 2016 LEG x86 64bit/Linux      

--- Using Option File
Reading parameter(s) from "/home/renigijus/gams/opt-mod-lib/gamslib/lmp1/convert.opt"
>>  pyomo lmp1-scalar.py
Finished reading from "/home/renigijus/gams/opt-mod-lib/gamslib/lmp1/convert.opt"
--- Writing Pyomo     : lmp1-scalar.py

--- Restarting execution
--- lmp1.gms(105) 3 Mb
--- Reading solution for model lmp1
--- lmp1.gms(85) 4 Mb
--- Generating NLP model lmp1
--- lmp1.gms(105) 7 Mb
--- LOOPS c = c5
---       i = i1
---   124 rows  124 columns  14,767 non-zeroes
---   6 nl-code  3 nl-non-zeroes
--- lmp1.gms(105) 5 Mb
--- Executing CONVERT: elapsed 0:00:00.760

Convert 2.0      24.7.4 r58773 Released Sep 19, 2016 LEG x86 64bit/Linux      

--- Using Option File
Reading parameter(s) from "/home/renigijus/gams/opt-mod-lib/gamslib/lmp1/convert.opt"
>>  pyomo lmp1-scalar.py
Finished reading from "/home/renigijus/gams/opt-mod-lib/gamslib/lmp1/convert.opt"
--- Writing Pyomo     : lmp1-scalar.py

--- Restarting execution
--- lmp1.gms(105) 3 Mb
--- Reading solution for model lmp1
--- lmp1.gms(85) 4 Mb
--- Generating NLP model lmp1
--- lmp1.gms(105) 7 Mb
--- LOOPS c = c5
---       i = i2
---   124 rows  124 columns  14,767 non-zeroes
---   6 nl-code  3 nl-non-zeroes
--- lmp1.gms(105) 5 Mb
--- Executing CONVERT: elapsed 0:00:00.801

Convert 2.0      24.7.4 r58773 Released Sep 19, 2016 LEG x86 64bit/Linux      

--- Using Option File
Reading parameter(s) from "/home/renigijus/gams/opt-mod-lib/gamslib/lmp1/convert.opt"
>>  pyomo lmp1-scalar.py
Finished reading from "/home/renigijus/gams/opt-mod-lib/gamslib/lmp1/convert.opt"
--- Writing Pyomo     : lmp1-scalar.py

--- Restarting execution
--- lmp1.gms(105) 3 Mb
--- Reading solution for model lmp1
--- lmp1.gms(85) 4 Mb
--- Generating NLP model lmp1
--- lmp1.gms(105) 7 Mb
--- LOOPS c = c5
---       i = i3
---   124 rows  124 columns  14,767 non-zeroes
---   6 nl-code  3 nl-non-zeroes
--- lmp1.gms(105) 5 Mb
--- Executing CONVERT: elapsed 0:00:00.849

Convert 2.0      24.7.4 r58773 Released Sep 19, 2016 LEG x86 64bit/Linux      

--- Using Option File
Reading parameter(s) from "/home/renigijus/gams/opt-mod-lib/gamslib/lmp1/convert.opt"
>>  pyomo lmp1-scalar.py
Finished reading from "/home/renigijus/gams/opt-mod-lib/gamslib/lmp1/convert.opt"
--- Writing Pyomo     : lmp1-scalar.py

--- Restarting execution
--- lmp1.gms(105) 3 Mb
--- Reading solution for model lmp1
--- lmp1.gms(85) 4 Mb
--- Generating NLP model lmp1
--- lmp1.gms(105) 7 Mb
--- LOOPS c = c5
---       i = i4
---   124 rows  124 columns  14,767 non-zeroes
---   6 nl-code  3 nl-non-zeroes
--- lmp1.gms(105) 5 Mb
--- Executing CONVERT: elapsed 0:00:00.895

Convert 2.0      24.7.4 r58773 Released Sep 19, 2016 LEG x86 64bit/Linux      

--- Using Option File
Reading parameter(s) from "/home/renigijus/gams/opt-mod-lib/gamslib/lmp1/convert.opt"
>>  pyomo lmp1-scalar.py
Finished reading from "/home/renigijus/gams/opt-mod-lib/gamslib/lmp1/convert.opt"
--- Writing Pyomo     : lmp1-scalar.py

--- Restarting execution
--- lmp1.gms(105) 3 Mb
--- Reading solution for model lmp1
--- lmp1.gms(85) 4 Mb
--- Generating NLP model lmp1
--- lmp1.gms(105) 7 Mb
--- LOOPS c = c5
---       i = i5
---   124 rows  124 columns  14,767 non-zeroes
---   6 nl-code  3 nl-non-zeroes
--- lmp1.gms(105) 5 Mb
--- Executing CONVERT: elapsed 0:00:00.938

Convert 2.0      24.7.4 r58773 Released Sep 19, 2016 LEG x86 64bit/Linux      

--- Using Option File
Reading parameter(s) from "/home/renigijus/gams/opt-mod-lib/gamslib/lmp1/convert.opt"
>>  pyomo lmp1-scalar.py
Finished reading from "/home/renigijus/gams/opt-mod-lib/gamslib/lmp1/convert.opt"
--- Writing Pyomo     : lmp1-scalar.py

--- Restarting execution
--- lmp1.gms(105) 3 Mb
--- Reading solution for model lmp1
--- lmp1.gms(85) 4 Mb
--- Generating NLP model lmp1
--- lmp1.gms(105) 9 Mb
--- LOOPS c = c6
---       i = i1
---   204 rows  184 columns  36,547 non-zeroes
---   6 nl-code  3 nl-non-zeroes
--- lmp1.gms(105) 7 Mb
--- Executing CONVERT: elapsed 0:00:00.995

Convert 2.0      24.7.4 r58773 Released Sep 19, 2016 LEG x86 64bit/Linux      

--- Using Option File
Reading parameter(s) from "/home/renigijus/gams/opt-mod-lib/gamslib/lmp1/convert.opt"
>>  pyomo lmp1-scalar.py
Finished reading from "/home/renigijus/gams/opt-mod-lib/gamslib/lmp1/convert.opt"
--- Writing Pyomo     : lmp1-scalar.py

--- Restarting execution
--- lmp1.gms(105) 3 Mb
--- Reading solution for model lmp1
--- lmp1.gms(85) 4 Mb
--- Generating NLP model lmp1
--- lmp1.gms(105) 9 Mb
--- LOOPS c = c6
---       i = i2
---   204 rows  184 columns  36,547 non-zeroes
---   6 nl-code  3 nl-non-zeroes
--- lmp1.gms(105) 7 Mb
--- Executing CONVERT: elapsed 0:00:01.065

Convert 2.0      24.7.4 r58773 Released Sep 19, 2016 LEG x86 64bit/Linux      

--- Using Option File
Reading parameter(s) from "/home/renigijus/gams/opt-mod-lib/gamslib/lmp1/convert.opt"
>>  pyomo lmp1-scalar.py
Finished reading from "/home/renigijus/gams/opt-mod-lib/gamslib/lmp1/convert.opt"
--- Writing Pyomo     : lmp1-scalar.py

--- Restarting execution
--- lmp1.gms(105) 3 Mb
--- Reading solution for model lmp1
--- lmp1.gms(85) 4 Mb
--- Generating NLP model lmp1
--- lmp1.gms(105) 9 Mb
--- LOOPS c = c6
---       i = i3
---   204 rows  184 columns  36,547 non-zeroes
---   6 nl-code  3 nl-non-zeroes
--- lmp1.gms(105) 7 Mb
--- Executing CONVERT: elapsed 0:00:01.137

Convert 2.0      24.7.4 r58773 Released Sep 19, 2016 LEG x86 64bit/Linux      

--- Using Option File
Reading parameter(s) from "/home/renigijus/gams/opt-mod-lib/gamslib/lmp1/convert.opt"
>>  pyomo lmp1-scalar.py
Finished reading from "/home/renigijus/gams/opt-mod-lib/gamslib/lmp1/convert.opt"
--- Writing Pyomo     : lmp1-scalar.py

--- Restarting execution
--- lmp1.gms(105) 3 Mb
--- Reading solution for model lmp1
--- lmp1.gms(85) 4 Mb
--- Generating NLP model lmp1
--- lmp1.gms(105) 9 Mb
--- LOOPS c = c6
---       i = i4
---   204 rows  184 columns  36,547 non-zeroes
---   6 nl-code  3 nl-non-zeroes
--- lmp1.gms(105) 7 Mb
--- Executing CONVERT: elapsed 0:00:01.212

Convert 2.0      24.7.4 r58773 Released Sep 19, 2016 LEG x86 64bit/Linux      

--- Using Option File
Reading parameter(s) from "/home/renigijus/gams/opt-mod-lib/gamslib/lmp1/convert.opt"
>>  pyomo lmp1-scalar.py
Finished reading from "/home/renigijus/gams/opt-mod-lib/gamslib/lmp1/convert.opt"
--- Writing Pyomo     : lmp1-scalar.py

--- Restarting execution
--- lmp1.gms(105) 3 Mb
--- Reading solution for model lmp1
--- lmp1.gms(85) 4 Mb
--- Generating NLP model lmp1
--- lmp1.gms(105) 9 Mb
--- LOOPS c = c6
---       i = i5
---   204 rows  184 columns  36,547 non-zeroes
---   6 nl-code  3 nl-non-zeroes
--- lmp1.gms(105) 7 Mb
--- Executing CONVERT: elapsed 0:00:01.283

Convert 2.0      24.7.4 r58773 Released Sep 19, 2016 LEG x86 64bit/Linux      

--- Using Option File
Reading parameter(s) from "/home/renigijus/gams/opt-mod-lib/gamslib/lmp1/convert.opt"
>>  pyomo lmp1-scalar.py
Finished reading from "/home/renigijus/gams/opt-mod-lib/gamslib/lmp1/convert.opt"
--- Writing Pyomo     : lmp1-scalar.py

--- Restarting execution
--- lmp1.gms(105) 3 Mb
--- Reading solution for model lmp1
--- lmp1.gms(85) 4 Mb
--- Generating NLP model lmp1
--- lmp1.gms(105) 6 Mb
--- LOOPS c = c7
---       i = i1
---   25 rows  35 columns  729 non-zeroes
---   7 nl-code  4 nl-non-zeroes
--- lmp1.gms(105) 4 Mb
--- Executing CONVERT: elapsed 0:00:01.331

Convert 2.0      24.7.4 r58773 Released Sep 19, 2016 LEG x86 64bit/Linux      

--- Using Option File
Reading parameter(s) from "/home/renigijus/gams/opt-mod-lib/gamslib/lmp1/convert.opt"
>>  pyomo lmp1-scalar.py
Finished reading from "/home/renigijus/gams/opt-mod-lib/gamslib/lmp1/convert.opt"
--- Writing Pyomo     : lmp1-scalar.py

--- Restarting execution
--- lmp1.gms(105) 3 Mb
--- Reading solution for model lmp1
--- lmp1.gms(85) 4 Mb
--- Generating NLP model lmp1
--- lmp1.gms(105) 6 Mb
--- LOOPS c = c7
---       i = i2
---   25 rows  35 columns  729 non-zeroes
---   7 nl-code  4 nl-non-zeroes
--- lmp1.gms(105) 4 Mb
--- Executing CONVERT: elapsed 0:00:01.354

Convert 2.0      24.7.4 r58773 Released Sep 19, 2016 LEG x86 64bit/Linux      

--- Using Option File
Reading parameter(s) from "/home/renigijus/gams/opt-mod-lib/gamslib/lmp1/convert.opt"
>>  pyomo lmp1-scalar.py
Finished reading from "/home/renigijus/gams/opt-mod-lib/gamslib/lmp1/convert.opt"
--- Writing Pyomo     : lmp1-scalar.py

--- Restarting execution
--- lmp1.gms(105) 3 Mb
--- Reading solution for model lmp1
--- lmp1.gms(85) 4 Mb
--- Generating NLP model lmp1
--- lmp1.gms(105) 6 Mb
--- LOOPS c = c7
---       i = i3
---   25 rows  35 columns  729 non-zeroes
---   7 nl-code  4 nl-non-zeroes
--- lmp1.gms(105) 4 Mb
--- Executing CONVERT: elapsed 0:00:01.376

Convert 2.0      24.7.4 r58773 Released Sep 19, 2016 LEG x86 64bit/Linux      

--- Using Option File
Reading parameter(s) from "/home/renigijus/gams/opt-mod-lib/gamslib/lmp1/convert.opt"
>>  pyomo lmp1-scalar.py
Finished reading from "/home/renigijus/gams/opt-mod-lib/gamslib/lmp1/convert.opt"
--- Writing Pyomo     : lmp1-scalar.py

--- Restarting execution
--- lmp1.gms(105) 3 Mb
--- Reading solution for model lmp1
--- lmp1.gms(85) 4 Mb
--- Generating NLP model lmp1
--- lmp1.gms(105) 6 Mb
--- LOOPS c = c7
---       i = i4
---   25 rows  35 columns  729 non-zeroes
---   7 nl-code  4 nl-non-zeroes
--- lmp1.gms(105) 4 Mb
--- Executing CONVERT: elapsed 0:00:01.404

Convert 2.0      24.7.4 r58773 Released Sep 19, 2016 LEG x86 64bit/Linux      

--- Using Option File
Reading parameter(s) from "/home/renigijus/gams/opt-mod-lib/gamslib/lmp1/convert.opt"
>>  pyomo lmp1-scalar.py
Finished reading from "/home/renigijus/gams/opt-mod-lib/gamslib/lmp1/convert.opt"
--- Writing Pyomo     : lmp1-scalar.py

--- Restarting execution
--- lmp1.gms(105) 3 Mb
--- Reading solution for model lmp1
--- lmp1.gms(85) 4 Mb
--- Generating NLP model lmp1
--- lmp1.gms(105) 6 Mb
--- LOOPS c = c7
---       i = i5
---   25 rows  35 columns  729 non-zeroes
---   7 nl-code  4 nl-non-zeroes
--- lmp1.gms(105) 4 Mb
--- Executing CONVERT: elapsed 0:00:01.429

Convert 2.0      24.7.4 r58773 Released Sep 19, 2016 LEG x86 64bit/Linux      

--- Using Option File
Reading parameter(s) from "/home/renigijus/gams/opt-mod-lib/gamslib/lmp1/convert.opt"
>>  pyomo lmp1-scalar.py
Finished reading from "/home/renigijus/gams/opt-mod-lib/gamslib/lmp1/convert.opt"
--- Writing Pyomo     : lmp1-scalar.py

--- Restarting execution
--- lmp1.gms(105) 3 Mb
--- Reading solution for model lmp1
--- lmp1.gms(85) 4 Mb
--- Generating NLP model lmp1
--- lmp1.gms(105) 7 Mb
--- LOOPS c = c8
---       i = i1
---   105 rows  105 columns  10,409 non-zeroes
---   7 nl-code  4 nl-non-zeroes
--- lmp1.gms(105) 5 Mb
--- Executing CONVERT: elapsed 0:00:01.462

Convert 2.0      24.7.4 r58773 Released Sep 19, 2016 LEG x86 64bit/Linux      

--- Using Option File
Reading parameter(s) from "/home/renigijus/gams/opt-mod-lib/gamslib/lmp1/convert.opt"
>>  pyomo lmp1-scalar.py
Finished reading from "/home/renigijus/gams/opt-mod-lib/gamslib/lmp1/convert.opt"
--- Writing Pyomo     : lmp1-scalar.py

--- Restarting execution
--- lmp1.gms(105) 3 Mb
--- Reading solution for model lmp1
--- lmp1.gms(85) 4 Mb
--- Generating NLP model lmp1
--- lmp1.gms(105) 7 Mb
--- LOOPS c = c8
---       i = i2
---   105 rows  105 columns  10,409 non-zeroes
---   7 nl-code  4 nl-non-zeroes
--- lmp1.gms(105) 5 Mb
--- Executing CONVERT: elapsed 0:00:01.499

Convert 2.0      24.7.4 r58773 Released Sep 19, 2016 LEG x86 64bit/Linux      

--- Using Option File
Reading parameter(s) from "/home/renigijus/gams/opt-mod-lib/gamslib/lmp1/convert.opt"
>>  pyomo lmp1-scalar.py
Finished reading from "/home/renigijus/gams/opt-mod-lib/gamslib/lmp1/convert.opt"
--- Writing Pyomo     : lmp1-scalar.py

--- Restarting execution
--- lmp1.gms(105) 3 Mb
--- Reading solution for model lmp1
--- lmp1.gms(85) 4 Mb
--- Generating NLP model lmp1
--- lmp1.gms(105) 7 Mb
--- LOOPS c = c8
---       i = i3
---   105 rows  105 columns  10,409 non-zeroes
---   7 nl-code  4 nl-non-zeroes
--- lmp1.gms(105) 5 Mb
--- Executing CONVERT: elapsed 0:00:01.529

Convert 2.0      24.7.4 r58773 Released Sep 19, 2016 LEG x86 64bit/Linux      

--- Using Option File
Reading parameter(s) from "/home/renigijus/gams/opt-mod-lib/gamslib/lmp1/convert.opt"
>>  pyomo lmp1-scalar.py
Finished reading from "/home/renigijus/gams/opt-mod-lib/gamslib/lmp1/convert.opt"
--- Writing Pyomo     : lmp1-scalar.py

--- Restarting execution
--- lmp1.gms(105) 3 Mb
--- Reading solution for model lmp1
--- lmp1.gms(85) 4 Mb
--- Generating NLP model lmp1
--- lmp1.gms(105) 7 Mb
--- LOOPS c = c8
---       i = i4
---   105 rows  105 columns  10,409 non-zeroes
---   7 nl-code  4 nl-non-zeroes
--- lmp1.gms(105) 5 Mb
--- Executing CONVERT: elapsed 0:00:01.573

Convert 2.0      24.7.4 r58773 Released Sep 19, 2016 LEG x86 64bit/Linux      

--- Using Option File
Reading parameter(s) from "/home/renigijus/gams/opt-mod-lib/gamslib/lmp1/convert.opt"
>>  pyomo lmp1-scalar.py
Finished reading from "/home/renigijus/gams/opt-mod-lib/gamslib/lmp1/convert.opt"
--- Writing Pyomo     : lmp1-scalar.py

--- Restarting execution
--- lmp1.gms(105) 3 Mb
--- Reading solution for model lmp1
--- lmp1.gms(85) 4 Mb
--- Generating NLP model lmp1
--- lmp1.gms(105) 7 Mb
--- LOOPS c = c8
---       i = i5
---   105 rows  105 columns  10,409 non-zeroes
---   7 nl-code  4 nl-non-zeroes
--- lmp1.gms(105) 5 Mb
--- Executing CONVERT: elapsed 0:00:01.619

Convert 2.0      24.7.4 r58773 Released Sep 19, 2016 LEG x86 64bit/Linux      

--- Using Option File
Reading parameter(s) from "/home/renigijus/gams/opt-mod-lib/gamslib/lmp1/convert.opt"
>>  pyomo lmp1-scalar.py
Finished reading from "/home/renigijus/gams/opt-mod-lib/gamslib/lmp1/convert.opt"
--- Writing Pyomo     : lmp1-scalar.py

--- Restarting execution
--- lmp1.gms(105) 3 Mb
--- Reading solution for model lmp1
--- lmp1.gms(85) 4 Mb
--- Generating NLP model lmp1
--- lmp1.gms(105) 9 Mb
--- LOOPS c = c9
---       i = i1
---   205 rows  205 columns  40,809 non-zeroes
---   7 nl-code  4 nl-non-zeroes
--- lmp1.gms(105) 7 Mb
--- Executing CONVERT: elapsed 0:00:01.662

Convert 2.0      24.7.4 r58773 Released Sep 19, 2016 LEG x86 64bit/Linux      

--- Using Option File
Reading parameter(s) from "/home/renigijus/gams/opt-mod-lib/gamslib/lmp1/convert.opt"
>>  pyomo lmp1-scalar.py
Finished reading from "/home/renigijus/gams/opt-mod-lib/gamslib/lmp1/convert.opt"
--- Writing Pyomo     : lmp1-scalar.py

--- Restarting execution
--- lmp1.gms(105) 3 Mb
--- Reading solution for model lmp1
--- lmp1.gms(85) 4 Mb
--- Generating NLP model lmp1
--- lmp1.gms(105) 9 Mb
--- LOOPS c = c9
---       i = i2
---   205 rows  205 columns  40,809 non-zeroes
---   7 nl-code  4 nl-non-zeroes
--- lmp1.gms(105) 7 Mb
--- Executing CONVERT: elapsed 0:00:01.743

Convert 2.0      24.7.4 r58773 Released Sep 19, 2016 LEG x86 64bit/Linux      

--- Using Option File
Reading parameter(s) from "/home/renigijus/gams/opt-mod-lib/gamslib/lmp1/convert.opt"
>>  pyomo lmp1-scalar.py
Finished reading from "/home/renigijus/gams/opt-mod-lib/gamslib/lmp1/convert.opt"
--- Writing Pyomo     : lmp1-scalar.py

--- Restarting execution
--- lmp1.gms(105) 3 Mb
--- Reading solution for model lmp1
--- lmp1.gms(85) 4 Mb
--- Generating NLP model lmp1
--- lmp1.gms(105) 9 Mb
--- LOOPS c = c9
---       i = i3
---   205 rows  205 columns  40,809 non-zeroes
---   7 nl-code  4 nl-non-zeroes
--- lmp1.gms(105) 7 Mb
--- Executing CONVERT: elapsed 0:00:01.811

Convert 2.0      24.7.4 r58773 Released Sep 19, 2016 LEG x86 64bit/Linux      

--- Using Option File
Reading parameter(s) from "/home/renigijus/gams/opt-mod-lib/gamslib/lmp1/convert.opt"
>>  pyomo lmp1-scalar.py
Finished reading from "/home/renigijus/gams/opt-mod-lib/gamslib/lmp1/convert.opt"
--- Writing Pyomo     : lmp1-scalar.py

--- Restarting execution
--- lmp1.gms(105) 3 Mb
--- Reading solution for model lmp1
--- lmp1.gms(85) 4 Mb
--- Generating NLP model lmp1
--- lmp1.gms(105) 9 Mb
--- LOOPS c = c9
---       i = i4
---   205 rows  205 columns  40,809 non-zeroes
---   7 nl-code  4 nl-non-zeroes
--- lmp1.gms(105) 7 Mb
--- Executing CONVERT: elapsed 0:00:01.887

Convert 2.0      24.7.4 r58773 Released Sep 19, 2016 LEG x86 64bit/Linux      

--- Using Option File
Reading parameter(s) from "/home/renigijus/gams/opt-mod-lib/gamslib/lmp1/convert.opt"
>>  pyomo lmp1-scalar.py
Finished reading from "/home/renigijus/gams/opt-mod-lib/gamslib/lmp1/convert.opt"
--- Writing Pyomo     : lmp1-scalar.py

--- Restarting execution
--- lmp1.gms(105) 3 Mb
--- Reading solution for model lmp1
--- lmp1.gms(85) 4 Mb
--- Generating NLP model lmp1
--- lmp1.gms(105) 9 Mb
--- LOOPS c = c9
---       i = i5
---   205 rows  205 columns  40,809 non-zeroes
---   7 nl-code  4 nl-non-zeroes
--- lmp1.gms(105) 7 Mb
--- Executing CONVERT: elapsed 0:00:01.957

Convert 2.0      24.7.4 r58773 Released Sep 19, 2016 LEG x86 64bit/Linux      

--- Using Option File
Reading parameter(s) from "/home/renigijus/gams/opt-mod-lib/gamslib/lmp1/convert.opt"
>>  pyomo lmp1-scalar.py
Finished reading from "/home/renigijus/gams/opt-mod-lib/gamslib/lmp1/convert.opt"
--- Writing Pyomo     : lmp1-scalar.py

--- Restarting execution
--- lmp1.gms(105) 3 Mb
--- Reading solution for model lmp1
--- lmp1.gms(85) 4 Mb
--- Generating NLP model lmp1
--- lmp1.gms(105) 9 Mb
--- LOOPS c = c10
---       i = i1
---   206 rows  206 columns  41,011 non-zeroes
---   8 nl-code  5 nl-non-zeroes
--- lmp1.gms(105) 7 Mb
--- Executing CONVERT: elapsed 0:00:02.038

Convert 2.0      24.7.4 r58773 Released Sep 19, 2016 LEG x86 64bit/Linux      

--- Using Option File
Reading parameter(s) from "/home/renigijus/gams/opt-mod-lib/gamslib/lmp1/convert.opt"
>>  pyomo lmp1-scalar.py
Finished reading from "/home/renigijus/gams/opt-mod-lib/gamslib/lmp1/convert.opt"
--- Writing Pyomo     : lmp1-scalar.py

--- Restarting execution
--- lmp1.gms(105) 3 Mb
--- Reading solution for model lmp1
--- lmp1.gms(85) 4 Mb
--- Generating NLP model lmp1
--- lmp1.gms(105) 9 Mb
--- LOOPS c = c10
---       i = i2
---   206 rows  206 columns  41,011 non-zeroes
---   8 nl-code  5 nl-non-zeroes
--- lmp1.gms(105) 7 Mb
--- Executing CONVERT: elapsed 0:00:02.116

Convert 2.0      24.7.4 r58773 Released Sep 19, 2016 LEG x86 64bit/Linux      

--- Using Option File
Reading parameter(s) from "/home/renigijus/gams/opt-mod-lib/gamslib/lmp1/convert.opt"
>>  pyomo lmp1-scalar.py
Finished reading from "/home/renigijus/gams/opt-mod-lib/gamslib/lmp1/convert.opt"
--- Writing Pyomo     : lmp1-scalar.py

--- Restarting execution
--- lmp1.gms(105) 3 Mb
--- Reading solution for model lmp1
--- lmp1.gms(85) 4 Mb
--- Generating NLP model lmp1
--- lmp1.gms(105) 9 Mb
--- LOOPS c = c10
---       i = i3
---   206 rows  206 columns  41,011 non-zeroes
---   8 nl-code  5 nl-non-zeroes
--- lmp1.gms(105) 7 Mb
--- Executing CONVERT: elapsed 0:00:02.192

Convert 2.0      24.7.4 r58773 Released Sep 19, 2016 LEG x86 64bit/Linux      

--- Using Option File
Reading parameter(s) from "/home/renigijus/gams/opt-mod-lib/gamslib/lmp1/convert.opt"
>>  pyomo lmp1-scalar.py
Finished reading from "/home/renigijus/gams/opt-mod-lib/gamslib/lmp1/convert.opt"
--- Writing Pyomo     : lmp1-scalar.py

--- Restarting execution
--- lmp1.gms(105) 3 Mb
--- Reading solution for model lmp1
--- lmp1.gms(85) 4 Mb
--- Generating NLP model lmp1
--- lmp1.gms(105) 9 Mb
--- LOOPS c = c10
---       i = i4
---   206 rows  206 columns  41,011 non-zeroes
---   8 nl-code  5 nl-non-zeroes
--- lmp1.gms(105) 7 Mb
--- Executing CONVERT: elapsed 0:00:02.261

Convert 2.0      24.7.4 r58773 Released Sep 19, 2016 LEG x86 64bit/Linux      

--- Using Option File
Reading parameter(s) from "/home/renigijus/gams/opt-mod-lib/gamslib/lmp1/convert.opt"
>>  pyomo lmp1-scalar.py
Finished reading from "/home/renigijus/gams/opt-mod-lib/gamslib/lmp1/convert.opt"
--- Writing Pyomo     : lmp1-scalar.py

--- Restarting execution
--- lmp1.gms(105) 3 Mb
--- Reading solution for model lmp1
--- lmp1.gms(85) 4 Mb
--- Generating NLP model lmp1
--- lmp1.gms(105) 9 Mb
--- LOOPS c = c10
---       i = i5
---   206 rows  206 columns  41,011 non-zeroes
---   8 nl-code  5 nl-non-zeroes
--- lmp1.gms(105) 7 Mb
--- Executing CONVERT: elapsed 0:00:02.344

Convert 2.0      24.7.4 r58773 Released Sep 19, 2016 LEG x86 64bit/Linux      

--- Using Option File
Reading parameter(s) from "/home/renigijus/gams/opt-mod-lib/gamslib/lmp1/convert.opt"
>>  pyomo lmp1-scalar.py
Finished reading from "/home/renigijus/gams/opt-mod-lib/gamslib/lmp1/convert.opt"
--- Writing Pyomo     : lmp1-scalar.py

--- Restarting execution
--- lmp1.gms(105) 3 Mb
--- Reading solution for model lmp1
--- lmp1.gms(128) 4 Mb
*** Status: Normal completion
--- Job lmp1.gms Stop 12/13/18 11:22:49 elapsed 0:00:02.400
