--- Job maxcut.gms Start 12/13/18 11:30:22 24.7.4 r58773 LEX-LEG x86 64bit/Linux
GAMS 24.7.4   Copyright (C) 1987-2016 GAMS Development. All rights reserved
Licensee: Remigijus Paulavicius, Single User License     S170731:0859AO-LNX
          Imperial College London, Dept. of Chemical Engineering    DC13449
          License for teaching and research at degree granting institutions
          remigijus.paulavicius@imperial.ac.uk                             
--- Starting compilation
--- maxcut.gms(41) 2 Mb
--- call awk -f maxcut.awk tg207777.inc > tg207777.inc.gms
--- maxcut.gms(44) 2 Mb
--- .tg207777.inc.gms(806) 3 Mb
--- maxcut.gms(133) 3 Mb
--- Starting execution: elapsed 0:00:00.004
--- maxcut.gms(897) 6 Mb
--- GDX File /home/renigijus/gams/opt-mod-lib/gamslib/maxcut/csdpin.gdx
--- maxcut.gms(898) 6 Mb
--- maxcut.gms(900) 6 Mb
--- GDXin=/home/renigijus/gams/opt-mod-lib/gamslib/maxcut/cholesky.gdx
--- maxcut.gms(901) 7 Mb
--- GDXin=/home/renigijus/gams/opt-mod-lib/gamslib/maxcut/csdpout.gdx
--- maxcut.gms(938) 17 Mb
--- Generating MIP model maxcut
--- maxcut.gms(939) 18 Mb
---   3,201 rows  1,201 columns  10,401 non-zeroes
---   400 discrete-columns
--- Executing CONVERT: elapsed 0:00:04.396

Convert 2.0      24.7.4 r58773 Released Sep 19, 2016 LEG x86 64bit/Linux      

--- Using Option File
Reading parameter(s) from "/home/renigijus/gams/opt-mod-lib/gamslib/maxcut/convert.opt"
>>  gams maxcut-scalar.gms
Finished reading from "/home/renigijus/gams/opt-mod-lib/gamslib/maxcut/convert.opt"
--- Writing Gams      : maxcut-scalar.gms

--- Restarting execution
--- maxcut.gms(939) 15 Mb
--- Reading solution for model maxcut
*** Status: Normal completion
--- Job maxcut.gms Stop 12/13/18 11:30:26 elapsed 0:00:04.481
