--- Job haverly.gms Start 12/13/18 10:32:28 24.7.4 r58773 LEX-LEG x86 64bit/Linux
GAMS 24.7.4   Copyright (C) 1987-2016 GAMS Development. All rights reserved
Licensee: Remigijus Paulavicius, Single User License     S170731:0859AO-LNX
          Imperial College London, Dept. of Chemical Engineering    DC13449
          License for teaching and research at degree granting institutions
          remigijus.paulavicius@imperial.ac.uk                             
--- Starting compilation
--- haverly.gms(101) 3 Mb
--- Starting execution: elapsed 0:00:00.002
--- haverly.gms(99) 4 Mb
--- Generating NLP model m
--- haverly.gms(101) 6 Mb
---   10 rows  13 columns  34 non-zeroes
---   18 nl-code  7 nl-non-zeroes
--- haverly.gms(101) 4 Mb
--- Executing CONVERT: elapsed 0:00:00.005

Convert 2.0      24.7.4 r58773 Released Sep 19, 2016 LEG x86 64bit/Linux      

--- Using Option File
Reading parameter(s) from "/home/renigijus/gams/opt-mod-lib/gamslib/haverly/convert.opt"
>>  gams haverly-scalar.gms
Finished reading from "/home/renigijus/gams/opt-mod-lib/gamslib/haverly/convert.opt"
--- Writing Gams      : haverly-scalar.gms

--- Restarting execution
--- haverly.gms(101) 2 Mb
--- Reading solution for model m
*** Status: Normal completion
--- Job haverly.gms Stop 12/13/18 10:32:28 elapsed 0:00:00.016
