--- Job queens.gms Start 12/13/18 10:24:48 24.7.4 r58773 LEX-LEG x86 64bit/Linux
GAMS 24.7.4   Copyright (C) 1987-2016 GAMS Development. All rights reserved
Licensee: Remigijus Paulavicius, Single User License     S170731:0859AO-LNX
          Imperial College London, Dept. of Chemical Engineering    DC13449
          License for teaching and research at degree granting institutions
          remigijus.paulavicius@imperial.ac.uk                             
--- Starting compilation
--- queens.gms(133) 3 Mb
--- Starting execution: elapsed 0:00:00.002
--- queens.gms(56) 4 Mb
--- Generating MIP model queen1
--- queens.gms(58) 4 Mb
---   43 rows  65 columns  317 non-zeroes
---   64 discrete-columns
--- Executing CONVERT: elapsed 0:00:00.004

Convert 2.0      24.7.4 r58773 Released Sep 19, 2016 LEG x86 64bit/Linux      

--- Using Option File
Reading parameter(s) from "/home/renigijus/gams/opt-mod-lib/gamslib/queens/convert.opt"
>>  ampl queens-scalar.mod
Finished reading from "/home/renigijus/gams/opt-mod-lib/gamslib/queens/convert.opt"
--- Writing Ampl      : queens-scalar.mod

--- Restarting execution
--- queens.gms(58) 2 Mb
--- Reading solution for model queen1
--- queens.gms(91) 3 Mb
--- Generating MIP model queens
--- queens.gms(105) 3 Mb
--- LOOPS nn = 1
---   43 rows  65 columns  317 non-zeroes
---   64 discrete-columns
--- Executing CONVERT: elapsed 0:00:00.017

Convert 2.0      24.7.4 r58773 Released Sep 19, 2016 LEG x86 64bit/Linux      

--- Using Option File
Reading parameter(s) from "/home/renigijus/gams/opt-mod-lib/gamslib/queens/convert.opt"
>>  ampl queens-scalar.mod
Finished reading from "/home/renigijus/gams/opt-mod-lib/gamslib/queens/convert.opt"
--- Writing Ampl      : queens-scalar.mod

--- Restarting execution
--- queens.gms(105) 2 Mb
--- Reading solution for model queens
--- queens.gms(116) 3 Mb
--- Putfile queen /home/renigijus/gams/opt-mod-lib/gamslib/queens/queen.put
*** Status: Normal completion
--- Job queens.gms Stop 12/13/18 10:24:48 elapsed 0:00:00.029
