--- Job lmp3.gms Start 12/13/18 11:22:52 24.7.4 r58773 LEX-LEG x86 64bit/Linux
GAMS 24.7.4   Copyright (C) 1987-2016 GAMS Development. All rights reserved
Licensee: Remigijus Paulavicius, Single User License     S170731:0859AO-LNX
          Imperial College London, Dept. of Chemical Engineering    DC13449
          License for teaching and research at degree granting institutions
          remigijus.paulavicius@imperial.ac.uk                             
--- Starting compilation
--- lmp3.gms(133) 3 Mb
--- Starting execution: elapsed 0:00:00.002
--- lmp3.gms(84) 4 Mb
--- Generating NLP model lmp3
--- lmp3.gms(109) 6 Mb
--- LOOPS c = c1
---       i = i1
---   23 rows  33 columns  665 non-zeroes
---   5 nl-code  2 nl-non-zeroes
--- lmp3.gms(109) 4 Mb
--- Executing CONVERT: elapsed 0:00:00.006

Convert 2.0      24.7.4 r58773 Released Sep 19, 2016 LEG x86 64bit/Linux      

--- Using Option File
Reading parameter(s) from "/home/renigijus/gams/opt-mod-lib/gamslib/lmp3/convert.opt"
>>  ampl lmp3-scalar.mod
Finished reading from "/home/renigijus/gams/opt-mod-lib/gamslib/lmp3/convert.opt"
--- Writing Ampl      : lmp3-scalar.mod

--- Restarting execution
--- lmp3.gms(109) 2 Mb
--- Reading solution for model lmp3
--- lmp3.gms(84) 3 Mb
--- Generating NLP model lmp3
--- lmp3.gms(109) 5 Mb
--- LOOPS c = c1
---       i = i2
---   23 rows  33 columns  665 non-zeroes
---   5 nl-code  2 nl-non-zeroes
--- lmp3.gms(109) 3 Mb
--- Executing CONVERT: elapsed 0:00:00.019

Convert 2.0      24.7.4 r58773 Released Sep 19, 2016 LEG x86 64bit/Linux      

--- Using Option File
Reading parameter(s) from "/home/renigijus/gams/opt-mod-lib/gamslib/lmp3/convert.opt"
>>  ampl lmp3-scalar.mod
Finished reading from "/home/renigijus/gams/opt-mod-lib/gamslib/lmp3/convert.opt"
--- Writing Ampl      : lmp3-scalar.mod

--- Restarting execution
--- lmp3.gms(109) 2 Mb
--- Reading solution for model lmp3
--- lmp3.gms(84) 3 Mb
--- Generating NLP model lmp3
--- lmp3.gms(109) 5 Mb
--- LOOPS c = c1
---       i = i3
---   23 rows  33 columns  665 non-zeroes
---   5 nl-code  2 nl-non-zeroes
--- lmp3.gms(109) 3 Mb
--- Executing CONVERT: elapsed 0:00:00.031

Convert 2.0      24.7.4 r58773 Released Sep 19, 2016 LEG x86 64bit/Linux      

--- Using Option File
Reading parameter(s) from "/home/renigijus/gams/opt-mod-lib/gamslib/lmp3/convert.opt"
>>  ampl lmp3-scalar.mod
Finished reading from "/home/renigijus/gams/opt-mod-lib/gamslib/lmp3/convert.opt"
--- Writing Ampl      : lmp3-scalar.mod

--- Restarting execution
--- lmp3.gms(109) 2 Mb
--- Reading solution for model lmp3
--- lmp3.gms(84) 3 Mb
--- Generating NLP model lmp3
--- lmp3.gms(109) 5 Mb
--- LOOPS c = c1
---       i = i4
---   23 rows  33 columns  665 non-zeroes
---   5 nl-code  2 nl-non-zeroes
--- lmp3.gms(109) 3 Mb
--- Executing CONVERT: elapsed 0:00:00.043

Convert 2.0      24.7.4 r58773 Released Sep 19, 2016 LEG x86 64bit/Linux      

--- Using Option File
Reading parameter(s) from "/home/renigijus/gams/opt-mod-lib/gamslib/lmp3/convert.opt"
>>  ampl lmp3-scalar.mod
Finished reading from "/home/renigijus/gams/opt-mod-lib/gamslib/lmp3/convert.opt"
--- Writing Ampl      : lmp3-scalar.mod

--- Restarting execution
--- lmp3.gms(109) 2 Mb
--- Reading solution for model lmp3
--- lmp3.gms(84) 3 Mb
--- Generating NLP model lmp3
--- lmp3.gms(109) 5 Mb
--- LOOPS c = c1
---       i = i5
---   23 rows  33 columns  665 non-zeroes
---   5 nl-code  2 nl-non-zeroes
--- lmp3.gms(109) 3 Mb
--- Executing CONVERT: elapsed 0:00:00.056

Convert 2.0      24.7.4 r58773 Released Sep 19, 2016 LEG x86 64bit/Linux      

--- Using Option File
Reading parameter(s) from "/home/renigijus/gams/opt-mod-lib/gamslib/lmp3/convert.opt"
>>  ampl lmp3-scalar.mod
Finished reading from "/home/renigijus/gams/opt-mod-lib/gamslib/lmp3/convert.opt"
--- Writing Ampl      : lmp3-scalar.mod

--- Restarting execution
--- lmp3.gms(109) 2 Mb
--- Reading solution for model lmp3
--- lmp3.gms(84) 3 Mb
--- Generating NLP model lmp3
--- lmp3.gms(109) 6 Mb
--- LOOPS c = c2
---       i = i1
---   123 rows  103 columns  12,205 non-zeroes
---   5 nl-code  2 nl-non-zeroes
--- lmp3.gms(109) 4 Mb
--- Executing CONVERT: elapsed 0:00:00.075

Convert 2.0      24.7.4 r58773 Released Sep 19, 2016 LEG x86 64bit/Linux      

--- Using Option File
Reading parameter(s) from "/home/renigijus/gams/opt-mod-lib/gamslib/lmp3/convert.opt"
>>  ampl lmp3-scalar.mod
Finished reading from "/home/renigijus/gams/opt-mod-lib/gamslib/lmp3/convert.opt"
--- Writing Ampl      : lmp3-scalar.mod

--- Restarting execution
--- lmp3.gms(109) 2 Mb
--- Reading solution for model lmp3
--- lmp3.gms(84) 3 Mb
--- Generating NLP model lmp3
--- lmp3.gms(109) 6 Mb
--- LOOPS c = c2
---       i = i2
---   123 rows  103 columns  12,205 non-zeroes
---   5 nl-code  2 nl-non-zeroes
--- lmp3.gms(109) 4 Mb
--- Executing CONVERT: elapsed 0:00:00.101

Convert 2.0      24.7.4 r58773 Released Sep 19, 2016 LEG x86 64bit/Linux      

--- Using Option File
Reading parameter(s) from "/home/renigijus/gams/opt-mod-lib/gamslib/lmp3/convert.opt"
>>  ampl lmp3-scalar.mod
Finished reading from "/home/renigijus/gams/opt-mod-lib/gamslib/lmp3/convert.opt"
--- Writing Ampl      : lmp3-scalar.mod

--- Restarting execution
--- lmp3.gms(109) 2 Mb
--- Reading solution for model lmp3
--- lmp3.gms(84) 3 Mb
--- Generating NLP model lmp3
--- lmp3.gms(109) 6 Mb
--- LOOPS c = c2
---       i = i3
---   123 rows  103 columns  12,205 non-zeroes
---   5 nl-code  2 nl-non-zeroes
--- lmp3.gms(109) 4 Mb
--- Executing CONVERT: elapsed 0:00:00.133

Convert 2.0      24.7.4 r58773 Released Sep 19, 2016 LEG x86 64bit/Linux      

--- Using Option File
Reading parameter(s) from "/home/renigijus/gams/opt-mod-lib/gamslib/lmp3/convert.opt"
>>  ampl lmp3-scalar.mod
Finished reading from "/home/renigijus/gams/opt-mod-lib/gamslib/lmp3/convert.opt"
--- Writing Ampl      : lmp3-scalar.mod

--- Restarting execution
--- lmp3.gms(109) 2 Mb
--- Reading solution for model lmp3
--- lmp3.gms(84) 3 Mb
--- Generating NLP model lmp3
--- lmp3.gms(109) 6 Mb
--- LOOPS c = c2
---       i = i4
---   123 rows  103 columns  12,205 non-zeroes
---   5 nl-code  2 nl-non-zeroes
--- lmp3.gms(109) 4 Mb
--- Executing CONVERT: elapsed 0:00:00.171

Convert 2.0      24.7.4 r58773 Released Sep 19, 2016 LEG x86 64bit/Linux      

--- Using Option File
Reading parameter(s) from "/home/renigijus/gams/opt-mod-lib/gamslib/lmp3/convert.opt"
>>  ampl lmp3-scalar.mod
Finished reading from "/home/renigijus/gams/opt-mod-lib/gamslib/lmp3/convert.opt"
--- Writing Ampl      : lmp3-scalar.mod

--- Restarting execution
--- lmp3.gms(109) 2 Mb
--- Reading solution for model lmp3
--- lmp3.gms(84) 3 Mb
--- Generating NLP model lmp3
--- lmp3.gms(109) 6 Mb
--- LOOPS c = c2
---       i = i5
---   123 rows  103 columns  12,205 non-zeroes
---   5 nl-code  2 nl-non-zeroes
--- lmp3.gms(109) 4 Mb
--- Executing CONVERT: elapsed 0:00:00.202

Convert 2.0      24.7.4 r58773 Released Sep 19, 2016 LEG x86 64bit/Linux      

--- Using Option File
Reading parameter(s) from "/home/renigijus/gams/opt-mod-lib/gamslib/lmp3/convert.opt"
>>  ampl lmp3-scalar.mod
Finished reading from "/home/renigijus/gams/opt-mod-lib/gamslib/lmp3/convert.opt"
--- Writing Ampl      : lmp3-scalar.mod

--- Restarting execution
--- lmp3.gms(109) 2 Mb
--- Reading solution for model lmp3
--- lmp3.gms(84) 4 Mb
--- Generating NLP model lmp3
--- lmp3.gms(109) 9 Mb
--- LOOPS c = c3
---       i = i1
---   223 rows  203 columns  44,405 non-zeroes
---   5 nl-code  2 nl-non-zeroes
--- lmp3.gms(109) 7 Mb
--- Executing CONVERT: elapsed 0:00:00.257

Convert 2.0      24.7.4 r58773 Released Sep 19, 2016 LEG x86 64bit/Linux      

--- Using Option File
Reading parameter(s) from "/home/renigijus/gams/opt-mod-lib/gamslib/lmp3/convert.opt"
>>  ampl lmp3-scalar.mod
Finished reading from "/home/renigijus/gams/opt-mod-lib/gamslib/lmp3/convert.opt"
--- Writing Ampl      : lmp3-scalar.mod

--- Restarting execution
--- lmp3.gms(109) 3 Mb
--- Reading solution for model lmp3
--- lmp3.gms(84) 4 Mb
--- Generating NLP model lmp3
--- lmp3.gms(109) 9 Mb
--- LOOPS c = c3
---       i = i2
---   223 rows  203 columns  44,405 non-zeroes
---   5 nl-code  2 nl-non-zeroes
--- lmp3.gms(109) 7 Mb
--- Executing CONVERT: elapsed 0:00:00.330

Convert 2.0      24.7.4 r58773 Released Sep 19, 2016 LEG x86 64bit/Linux      

--- Using Option File
Reading parameter(s) from "/home/renigijus/gams/opt-mod-lib/gamslib/lmp3/convert.opt"
>>  ampl lmp3-scalar.mod
Finished reading from "/home/renigijus/gams/opt-mod-lib/gamslib/lmp3/convert.opt"
--- Writing Ampl      : lmp3-scalar.mod

--- Restarting execution
--- lmp3.gms(109) 3 Mb
--- Reading solution for model lmp3
--- lmp3.gms(84) 4 Mb
--- Generating NLP model lmp3
--- lmp3.gms(109) 9 Mb
--- LOOPS c = c3
---       i = i3
---   223 rows  203 columns  44,405 non-zeroes
---   5 nl-code  2 nl-non-zeroes
--- lmp3.gms(109) 7 Mb
--- Executing CONVERT: elapsed 0:00:00.399

Convert 2.0      24.7.4 r58773 Released Sep 19, 2016 LEG x86 64bit/Linux      

--- Using Option File
Reading parameter(s) from "/home/renigijus/gams/opt-mod-lib/gamslib/lmp3/convert.opt"
>>  ampl lmp3-scalar.mod
Finished reading from "/home/renigijus/gams/opt-mod-lib/gamslib/lmp3/convert.opt"
--- Writing Ampl      : lmp3-scalar.mod

--- Restarting execution
--- lmp3.gms(109) 3 Mb
--- Reading solution for model lmp3
--- lmp3.gms(84) 4 Mb
--- Generating NLP model lmp3
--- lmp3.gms(109) 9 Mb
--- LOOPS c = c3
---       i = i4
---   223 rows  203 columns  44,405 non-zeroes
---   5 nl-code  2 nl-non-zeroes
--- lmp3.gms(109) 7 Mb
--- Executing CONVERT: elapsed 0:00:00.476

Convert 2.0      24.7.4 r58773 Released Sep 19, 2016 LEG x86 64bit/Linux      

--- Using Option File
Reading parameter(s) from "/home/renigijus/gams/opt-mod-lib/gamslib/lmp3/convert.opt"
>>  ampl lmp3-scalar.mod
Finished reading from "/home/renigijus/gams/opt-mod-lib/gamslib/lmp3/convert.opt"
--- Writing Ampl      : lmp3-scalar.mod

--- Restarting execution
--- lmp3.gms(109) 3 Mb
--- Reading solution for model lmp3
--- lmp3.gms(84) 4 Mb
--- Generating NLP model lmp3
--- lmp3.gms(109) 9 Mb
--- LOOPS c = c3
---       i = i5
---   223 rows  203 columns  44,405 non-zeroes
---   5 nl-code  2 nl-non-zeroes
--- lmp3.gms(109) 7 Mb
--- Executing CONVERT: elapsed 0:00:00.549

Convert 2.0      24.7.4 r58773 Released Sep 19, 2016 LEG x86 64bit/Linux      

--- Using Option File
Reading parameter(s) from "/home/renigijus/gams/opt-mod-lib/gamslib/lmp3/convert.opt"
>>  ampl lmp3-scalar.mod
Finished reading from "/home/renigijus/gams/opt-mod-lib/gamslib/lmp3/convert.opt"
--- Writing Ampl      : lmp3-scalar.mod

--- Restarting execution
--- lmp3.gms(109) 3 Mb
--- Reading solution for model lmp3
--- lmp3.gms(84) 4 Mb
--- Generating NLP model lmp3
--- lmp3.gms(109) 6 Mb
--- LOOPS c = c4
---       i = i1
---   24 rows  34 columns  697 non-zeroes
---   6 nl-code  3 nl-non-zeroes
--- lmp3.gms(109) 4 Mb
--- Executing CONVERT: elapsed 0:00:00.599

Convert 2.0      24.7.4 r58773 Released Sep 19, 2016 LEG x86 64bit/Linux      

--- Using Option File
Reading parameter(s) from "/home/renigijus/gams/opt-mod-lib/gamslib/lmp3/convert.opt"
>>  ampl lmp3-scalar.mod
Finished reading from "/home/renigijus/gams/opt-mod-lib/gamslib/lmp3/convert.opt"
--- Writing Ampl      : lmp3-scalar.mod

--- Restarting execution
--- lmp3.gms(109) 3 Mb
--- Reading solution for model lmp3
--- lmp3.gms(84) 4 Mb
--- Generating NLP model lmp3
--- lmp3.gms(109) 6 Mb
--- LOOPS c = c4
---       i = i2
---   24 rows  34 columns  697 non-zeroes
---   6 nl-code  3 nl-non-zeroes
--- lmp3.gms(109) 4 Mb
--- Executing CONVERT: elapsed 0:00:00.621

Convert 2.0      24.7.4 r58773 Released Sep 19, 2016 LEG x86 64bit/Linux      

--- Using Option File
Reading parameter(s) from "/home/renigijus/gams/opt-mod-lib/gamslib/lmp3/convert.opt"
>>  ampl lmp3-scalar.mod
Finished reading from "/home/renigijus/gams/opt-mod-lib/gamslib/lmp3/convert.opt"
--- Writing Ampl      : lmp3-scalar.mod

--- Restarting execution
--- lmp3.gms(109) 3 Mb
--- Reading solution for model lmp3
--- lmp3.gms(84) 4 Mb
--- Generating NLP model lmp3
--- lmp3.gms(109) 6 Mb
--- LOOPS c = c4
---       i = i3
---   24 rows  34 columns  697 non-zeroes
---   6 nl-code  3 nl-non-zeroes
--- lmp3.gms(109) 4 Mb
--- Executing CONVERT: elapsed 0:00:00.642

Convert 2.0      24.7.4 r58773 Released Sep 19, 2016 LEG x86 64bit/Linux      

--- Using Option File
Reading parameter(s) from "/home/renigijus/gams/opt-mod-lib/gamslib/lmp3/convert.opt"
>>  ampl lmp3-scalar.mod
Finished reading from "/home/renigijus/gams/opt-mod-lib/gamslib/lmp3/convert.opt"
--- Writing Ampl      : lmp3-scalar.mod

--- Restarting execution
--- lmp3.gms(109) 3 Mb
--- Reading solution for model lmp3
--- lmp3.gms(84) 4 Mb
--- Generating NLP model lmp3
--- lmp3.gms(109) 6 Mb
--- LOOPS c = c4
---       i = i4
---   24 rows  34 columns  697 non-zeroes
---   6 nl-code  3 nl-non-zeroes
--- lmp3.gms(109) 4 Mb
--- Executing CONVERT: elapsed 0:00:00.658

Convert 2.0      24.7.4 r58773 Released Sep 19, 2016 LEG x86 64bit/Linux      

--- Using Option File
Reading parameter(s) from "/home/renigijus/gams/opt-mod-lib/gamslib/lmp3/convert.opt"
>>  ampl lmp3-scalar.mod
Finished reading from "/home/renigijus/gams/opt-mod-lib/gamslib/lmp3/convert.opt"
--- Writing Ampl      : lmp3-scalar.mod

--- Restarting execution
--- lmp3.gms(109) 3 Mb
--- Reading solution for model lmp3
--- lmp3.gms(84) 4 Mb
--- Generating NLP model lmp3
--- lmp3.gms(109) 6 Mb
--- LOOPS c = c4
---       i = i5
---   24 rows  34 columns  697 non-zeroes
---   6 nl-code  3 nl-non-zeroes
--- lmp3.gms(109) 4 Mb
--- Executing CONVERT: elapsed 0:00:00.682

Convert 2.0      24.7.4 r58773 Released Sep 19, 2016 LEG x86 64bit/Linux      

--- Using Option File
Reading parameter(s) from "/home/renigijus/gams/opt-mod-lib/gamslib/lmp3/convert.opt"
>>  ampl lmp3-scalar.mod
Finished reading from "/home/renigijus/gams/opt-mod-lib/gamslib/lmp3/convert.opt"
--- Writing Ampl      : lmp3-scalar.mod

--- Restarting execution
--- lmp3.gms(109) 3 Mb
--- Reading solution for model lmp3
--- lmp3.gms(84) 4 Mb
--- Generating NLP model lmp3
--- lmp3.gms(109) 7 Mb
--- LOOPS c = c5
---       i = i1
---   124 rows  124 columns  14,767 non-zeroes
---   6 nl-code  3 nl-non-zeroes
--- lmp3.gms(109) 5 Mb
--- Executing CONVERT: elapsed 0:00:00.715

Convert 2.0      24.7.4 r58773 Released Sep 19, 2016 LEG x86 64bit/Linux      

--- Using Option File
Reading parameter(s) from "/home/renigijus/gams/opt-mod-lib/gamslib/lmp3/convert.opt"
>>  ampl lmp3-scalar.mod
Finished reading from "/home/renigijus/gams/opt-mod-lib/gamslib/lmp3/convert.opt"
--- Writing Ampl      : lmp3-scalar.mod

--- Restarting execution
--- lmp3.gms(109) 3 Mb
--- Reading solution for model lmp3
--- lmp3.gms(84) 4 Mb
--- Generating NLP model lmp3
--- lmp3.gms(109) 7 Mb
--- LOOPS c = c5
---       i = i2
---   124 rows  124 columns  14,767 non-zeroes
---   6 nl-code  3 nl-non-zeroes
--- lmp3.gms(109) 5 Mb
--- Executing CONVERT: elapsed 0:00:00.749

Convert 2.0      24.7.4 r58773 Released Sep 19, 2016 LEG x86 64bit/Linux      

--- Using Option File
Reading parameter(s) from "/home/renigijus/gams/opt-mod-lib/gamslib/lmp3/convert.opt"
>>  ampl lmp3-scalar.mod
Finished reading from "/home/renigijus/gams/opt-mod-lib/gamslib/lmp3/convert.opt"
--- Writing Ampl      : lmp3-scalar.mod

--- Restarting execution
--- lmp3.gms(109) 3 Mb
--- Reading solution for model lmp3
--- lmp3.gms(84) 4 Mb
--- Generating NLP model lmp3
--- lmp3.gms(109) 7 Mb
--- LOOPS c = c5
---       i = i3
---   124 rows  124 columns  14,767 non-zeroes
---   6 nl-code  3 nl-non-zeroes
--- lmp3.gms(109) 5 Mb
--- Executing CONVERT: elapsed 0:00:00.788

Convert 2.0      24.7.4 r58773 Released Sep 19, 2016 LEG x86 64bit/Linux      

--- Using Option File
Reading parameter(s) from "/home/renigijus/gams/opt-mod-lib/gamslib/lmp3/convert.opt"
>>  ampl lmp3-scalar.mod
Finished reading from "/home/renigijus/gams/opt-mod-lib/gamslib/lmp3/convert.opt"
--- Writing Ampl      : lmp3-scalar.mod

--- Restarting execution
--- lmp3.gms(109) 3 Mb
--- Reading solution for model lmp3
--- lmp3.gms(84) 4 Mb
--- Generating NLP model lmp3
--- lmp3.gms(109) 7 Mb
--- LOOPS c = c5
---       i = i4
---   124 rows  124 columns  14,767 non-zeroes
---   6 nl-code  3 nl-non-zeroes
--- lmp3.gms(109) 5 Mb
--- Executing CONVERT: elapsed 0:00:00.826

Convert 2.0      24.7.4 r58773 Released Sep 19, 2016 LEG x86 64bit/Linux      

--- Using Option File
Reading parameter(s) from "/home/renigijus/gams/opt-mod-lib/gamslib/lmp3/convert.opt"
>>  ampl lmp3-scalar.mod
Finished reading from "/home/renigijus/gams/opt-mod-lib/gamslib/lmp3/convert.opt"
--- Writing Ampl      : lmp3-scalar.mod

--- Restarting execution
--- lmp3.gms(109) 3 Mb
--- Reading solution for model lmp3
--- lmp3.gms(84) 4 Mb
--- Generating NLP model lmp3
--- lmp3.gms(109) 7 Mb
--- LOOPS c = c5
---       i = i5
---   124 rows  124 columns  14,767 non-zeroes
---   6 nl-code  3 nl-non-zeroes
--- lmp3.gms(109) 5 Mb
--- Executing CONVERT: elapsed 0:00:00.869

Convert 2.0      24.7.4 r58773 Released Sep 19, 2016 LEG x86 64bit/Linux      

--- Using Option File
Reading parameter(s) from "/home/renigijus/gams/opt-mod-lib/gamslib/lmp3/convert.opt"
>>  ampl lmp3-scalar.mod
Finished reading from "/home/renigijus/gams/opt-mod-lib/gamslib/lmp3/convert.opt"
--- Writing Ampl      : lmp3-scalar.mod

--- Restarting execution
--- lmp3.gms(109) 3 Mb
--- Reading solution for model lmp3
--- lmp3.gms(84) 4 Mb
--- Generating NLP model lmp3
--- lmp3.gms(109) 9 Mb
--- LOOPS c = c6
---       i = i1
---   204 rows  184 columns  36,547 non-zeroes
---   6 nl-code  3 nl-non-zeroes
--- lmp3.gms(109) 7 Mb
--- Executing CONVERT: elapsed 0:00:00.927

Convert 2.0      24.7.4 r58773 Released Sep 19, 2016 LEG x86 64bit/Linux      

--- Using Option File
Reading parameter(s) from "/home/renigijus/gams/opt-mod-lib/gamslib/lmp3/convert.opt"
>>  ampl lmp3-scalar.mod
Finished reading from "/home/renigijus/gams/opt-mod-lib/gamslib/lmp3/convert.opt"
--- Writing Ampl      : lmp3-scalar.mod

--- Restarting execution
--- lmp3.gms(109) 3 Mb
--- Reading solution for model lmp3
--- lmp3.gms(84) 4 Mb
--- Generating NLP model lmp3
--- lmp3.gms(109) 9 Mb
--- LOOPS c = c6
---       i = i2
---   204 rows  184 columns  36,547 non-zeroes
---   6 nl-code  3 nl-non-zeroes
--- lmp3.gms(109) 7 Mb
--- Executing CONVERT: elapsed 0:00:00.988

Convert 2.0      24.7.4 r58773 Released Sep 19, 2016 LEG x86 64bit/Linux      

--- Using Option File
Reading parameter(s) from "/home/renigijus/gams/opt-mod-lib/gamslib/lmp3/convert.opt"
>>  ampl lmp3-scalar.mod
Finished reading from "/home/renigijus/gams/opt-mod-lib/gamslib/lmp3/convert.opt"
--- Writing Ampl      : lmp3-scalar.mod

--- Restarting execution
--- lmp3.gms(109) 3 Mb
--- Reading solution for model lmp3
--- lmp3.gms(84) 4 Mb
--- Generating NLP model lmp3
--- lmp3.gms(109) 9 Mb
--- LOOPS c = c6
---       i = i3
---   204 rows  184 columns  36,547 non-zeroes
---   6 nl-code  3 nl-non-zeroes
--- lmp3.gms(109) 7 Mb
--- Executing CONVERT: elapsed 0:00:01.056

Convert 2.0      24.7.4 r58773 Released Sep 19, 2016 LEG x86 64bit/Linux      

--- Using Option File
Reading parameter(s) from "/home/renigijus/gams/opt-mod-lib/gamslib/lmp3/convert.opt"
>>  ampl lmp3-scalar.mod
Finished reading from "/home/renigijus/gams/opt-mod-lib/gamslib/lmp3/convert.opt"
--- Writing Ampl      : lmp3-scalar.mod

--- Restarting execution
--- lmp3.gms(109) 3 Mb
--- Reading solution for model lmp3
--- lmp3.gms(84) 4 Mb
--- Generating NLP model lmp3
--- lmp3.gms(109) 9 Mb
--- LOOPS c = c6
---       i = i4
---   204 rows  184 columns  36,547 non-zeroes
---   6 nl-code  3 nl-non-zeroes
--- lmp3.gms(109) 7 Mb
--- Executing CONVERT: elapsed 0:00:01.117

Convert 2.0      24.7.4 r58773 Released Sep 19, 2016 LEG x86 64bit/Linux      

--- Using Option File
Reading parameter(s) from "/home/renigijus/gams/opt-mod-lib/gamslib/lmp3/convert.opt"
>>  ampl lmp3-scalar.mod
Finished reading from "/home/renigijus/gams/opt-mod-lib/gamslib/lmp3/convert.opt"
--- Writing Ampl      : lmp3-scalar.mod

--- Restarting execution
--- lmp3.gms(109) 3 Mb
--- Reading solution for model lmp3
--- lmp3.gms(84) 4 Mb
--- Generating NLP model lmp3
--- lmp3.gms(109) 9 Mb
--- LOOPS c = c6
---       i = i5
---   204 rows  184 columns  36,547 non-zeroes
---   6 nl-code  3 nl-non-zeroes
--- lmp3.gms(109) 7 Mb
--- Executing CONVERT: elapsed 0:00:01.180

Convert 2.0      24.7.4 r58773 Released Sep 19, 2016 LEG x86 64bit/Linux      

--- Using Option File
Reading parameter(s) from "/home/renigijus/gams/opt-mod-lib/gamslib/lmp3/convert.opt"
>>  ampl lmp3-scalar.mod
Finished reading from "/home/renigijus/gams/opt-mod-lib/gamslib/lmp3/convert.opt"
--- Writing Ampl      : lmp3-scalar.mod

--- Restarting execution
--- lmp3.gms(109) 3 Mb
--- Reading solution for model lmp3
--- lmp3.gms(84) 4 Mb
--- Generating NLP model lmp3
--- lmp3.gms(109) 6 Mb
--- LOOPS c = c7
---       i = i1
---   25 rows  35 columns  729 non-zeroes
---   7 nl-code  4 nl-non-zeroes
--- lmp3.gms(109) 4 Mb
--- Executing CONVERT: elapsed 0:00:01.221

Convert 2.0      24.7.4 r58773 Released Sep 19, 2016 LEG x86 64bit/Linux      

--- Using Option File
Reading parameter(s) from "/home/renigijus/gams/opt-mod-lib/gamslib/lmp3/convert.opt"
>>  ampl lmp3-scalar.mod
Finished reading from "/home/renigijus/gams/opt-mod-lib/gamslib/lmp3/convert.opt"
--- Writing Ampl      : lmp3-scalar.mod

--- Restarting execution
--- lmp3.gms(109) 3 Mb
--- Reading solution for model lmp3
--- lmp3.gms(84) 4 Mb
--- Generating NLP model lmp3
--- lmp3.gms(109) 6 Mb
--- LOOPS c = c7
---       i = i2
---   25 rows  35 columns  729 non-zeroes
---   7 nl-code  4 nl-non-zeroes
--- lmp3.gms(109) 4 Mb
--- Executing CONVERT: elapsed 0:00:01.246

Convert 2.0      24.7.4 r58773 Released Sep 19, 2016 LEG x86 64bit/Linux      

--- Using Option File
Reading parameter(s) from "/home/renigijus/gams/opt-mod-lib/gamslib/lmp3/convert.opt"
>>  ampl lmp3-scalar.mod
Finished reading from "/home/renigijus/gams/opt-mod-lib/gamslib/lmp3/convert.opt"
--- Writing Ampl      : lmp3-scalar.mod

--- Restarting execution
--- lmp3.gms(109) 3 Mb
--- Reading solution for model lmp3
--- lmp3.gms(84) 4 Mb
--- Generating NLP model lmp3
--- lmp3.gms(109) 6 Mb
--- LOOPS c = c7
---       i = i3
---   25 rows  35 columns  729 non-zeroes
---   7 nl-code  4 nl-non-zeroes
--- lmp3.gms(109) 4 Mb
--- Executing CONVERT: elapsed 0:00:01.262

Convert 2.0      24.7.4 r58773 Released Sep 19, 2016 LEG x86 64bit/Linux      

--- Using Option File
Reading parameter(s) from "/home/renigijus/gams/opt-mod-lib/gamslib/lmp3/convert.opt"
>>  ampl lmp3-scalar.mod
Finished reading from "/home/renigijus/gams/opt-mod-lib/gamslib/lmp3/convert.opt"
--- Writing Ampl      : lmp3-scalar.mod

--- Restarting execution
--- lmp3.gms(109) 3 Mb
--- Reading solution for model lmp3
--- lmp3.gms(84) 4 Mb
--- Generating NLP model lmp3
--- lmp3.gms(109) 6 Mb
--- LOOPS c = c7
---       i = i4
---   25 rows  35 columns  729 non-zeroes
---   7 nl-code  4 nl-non-zeroes
--- lmp3.gms(109) 4 Mb
--- Executing CONVERT: elapsed 0:00:01.278

Convert 2.0      24.7.4 r58773 Released Sep 19, 2016 LEG x86 64bit/Linux      

--- Using Option File
Reading parameter(s) from "/home/renigijus/gams/opt-mod-lib/gamslib/lmp3/convert.opt"
>>  ampl lmp3-scalar.mod
Finished reading from "/home/renigijus/gams/opt-mod-lib/gamslib/lmp3/convert.opt"
--- Writing Ampl      : lmp3-scalar.mod

--- Restarting execution
--- lmp3.gms(109) 3 Mb
--- Reading solution for model lmp3
--- lmp3.gms(84) 4 Mb
--- Generating NLP model lmp3
--- lmp3.gms(109) 6 Mb
--- LOOPS c = c7
---       i = i5
---   25 rows  35 columns  729 non-zeroes
---   7 nl-code  4 nl-non-zeroes
--- lmp3.gms(109) 4 Mb
--- Executing CONVERT: elapsed 0:00:01.299

Convert 2.0      24.7.4 r58773 Released Sep 19, 2016 LEG x86 64bit/Linux      

--- Using Option File
Reading parameter(s) from "/home/renigijus/gams/opt-mod-lib/gamslib/lmp3/convert.opt"
>>  ampl lmp3-scalar.mod
Finished reading from "/home/renigijus/gams/opt-mod-lib/gamslib/lmp3/convert.opt"
--- Writing Ampl      : lmp3-scalar.mod

--- Restarting execution
--- lmp3.gms(109) 3 Mb
--- Reading solution for model lmp3
--- lmp3.gms(84) 4 Mb
--- Generating NLP model lmp3
--- lmp3.gms(109) 7 Mb
--- LOOPS c = c8
---       i = i1
---   105 rows  105 columns  10,409 non-zeroes
---   7 nl-code  4 nl-non-zeroes
--- lmp3.gms(109) 5 Mb
--- Executing CONVERT: elapsed 0:00:01.330

Convert 2.0      24.7.4 r58773 Released Sep 19, 2016 LEG x86 64bit/Linux      

--- Using Option File
Reading parameter(s) from "/home/renigijus/gams/opt-mod-lib/gamslib/lmp3/convert.opt"
>>  ampl lmp3-scalar.mod
Finished reading from "/home/renigijus/gams/opt-mod-lib/gamslib/lmp3/convert.opt"
--- Writing Ampl      : lmp3-scalar.mod

--- Restarting execution
--- lmp3.gms(109) 3 Mb
--- Reading solution for model lmp3
--- lmp3.gms(84) 4 Mb
--- Generating NLP model lmp3
--- lmp3.gms(109) 7 Mb
--- LOOPS c = c8
---       i = i2
---   105 rows  105 columns  10,409 non-zeroes
---   7 nl-code  4 nl-non-zeroes
--- lmp3.gms(109) 5 Mb
--- Executing CONVERT: elapsed 0:00:01.357

Convert 2.0      24.7.4 r58773 Released Sep 19, 2016 LEG x86 64bit/Linux      

--- Using Option File
Reading parameter(s) from "/home/renigijus/gams/opt-mod-lib/gamslib/lmp3/convert.opt"
>>  ampl lmp3-scalar.mod
Finished reading from "/home/renigijus/gams/opt-mod-lib/gamslib/lmp3/convert.opt"
--- Writing Ampl      : lmp3-scalar.mod

--- Restarting execution
--- lmp3.gms(109) 3 Mb
--- Reading solution for model lmp3
--- lmp3.gms(84) 4 Mb
--- Generating NLP model lmp3
--- lmp3.gms(109) 7 Mb
--- LOOPS c = c8
---       i = i3
---   105 rows  105 columns  10,409 non-zeroes
---   7 nl-code  4 nl-non-zeroes
--- lmp3.gms(109) 5 Mb
--- Executing CONVERT: elapsed 0:00:01.394

Convert 2.0      24.7.4 r58773 Released Sep 19, 2016 LEG x86 64bit/Linux      

--- Using Option File
Reading parameter(s) from "/home/renigijus/gams/opt-mod-lib/gamslib/lmp3/convert.opt"
>>  ampl lmp3-scalar.mod
Finished reading from "/home/renigijus/gams/opt-mod-lib/gamslib/lmp3/convert.opt"
--- Writing Ampl      : lmp3-scalar.mod

--- Restarting execution
--- lmp3.gms(109) 3 Mb
--- Reading solution for model lmp3
--- lmp3.gms(84) 4 Mb
--- Generating NLP model lmp3
--- lmp3.gms(109) 7 Mb
--- LOOPS c = c8
---       i = i4
---   105 rows  105 columns  10,409 non-zeroes
---   7 nl-code  4 nl-non-zeroes
--- lmp3.gms(109) 5 Mb
--- Executing CONVERT: elapsed 0:00:01.426

Convert 2.0      24.7.4 r58773 Released Sep 19, 2016 LEG x86 64bit/Linux      

--- Using Option File
Reading parameter(s) from "/home/renigijus/gams/opt-mod-lib/gamslib/lmp3/convert.opt"
>>  ampl lmp3-scalar.mod
Finished reading from "/home/renigijus/gams/opt-mod-lib/gamslib/lmp3/convert.opt"
--- Writing Ampl      : lmp3-scalar.mod

--- Restarting execution
--- lmp3.gms(109) 3 Mb
--- Reading solution for model lmp3
--- lmp3.gms(84) 4 Mb
--- Generating NLP model lmp3
--- lmp3.gms(109) 7 Mb
--- LOOPS c = c8
---       i = i5
---   105 rows  105 columns  10,409 non-zeroes
---   7 nl-code  4 nl-non-zeroes
--- lmp3.gms(109) 5 Mb
--- Executing CONVERT: elapsed 0:00:01.453

Convert 2.0      24.7.4 r58773 Released Sep 19, 2016 LEG x86 64bit/Linux      

--- Using Option File
Reading parameter(s) from "/home/renigijus/gams/opt-mod-lib/gamslib/lmp3/convert.opt"
>>  ampl lmp3-scalar.mod
Finished reading from "/home/renigijus/gams/opt-mod-lib/gamslib/lmp3/convert.opt"
--- Writing Ampl      : lmp3-scalar.mod

--- Restarting execution
--- lmp3.gms(109) 3 Mb
--- Reading solution for model lmp3
--- lmp3.gms(84) 4 Mb
--- Generating NLP model lmp3
--- lmp3.gms(109) 9 Mb
--- LOOPS c = c9
---       i = i1
---   205 rows  205 columns  40,809 non-zeroes
---   7 nl-code  4 nl-non-zeroes
--- lmp3.gms(109) 7 Mb
--- Executing CONVERT: elapsed 0:00:01.509

Convert 2.0      24.7.4 r58773 Released Sep 19, 2016 LEG x86 64bit/Linux      

--- Using Option File
Reading parameter(s) from "/home/renigijus/gams/opt-mod-lib/gamslib/lmp3/convert.opt"
>>  ampl lmp3-scalar.mod
Finished reading from "/home/renigijus/gams/opt-mod-lib/gamslib/lmp3/convert.opt"
--- Writing Ampl      : lmp3-scalar.mod

--- Restarting execution
--- lmp3.gms(109) 3 Mb
--- Reading solution for model lmp3
--- lmp3.gms(84) 4 Mb
--- Generating NLP model lmp3
--- lmp3.gms(109) 9 Mb
--- LOOPS c = c9
---       i = i2
---   205 rows  205 columns  40,809 non-zeroes
---   7 nl-code  4 nl-non-zeroes
--- lmp3.gms(109) 7 Mb
--- Executing CONVERT: elapsed 0:00:01.583

Convert 2.0      24.7.4 r58773 Released Sep 19, 2016 LEG x86 64bit/Linux      

--- Using Option File
Reading parameter(s) from "/home/renigijus/gams/opt-mod-lib/gamslib/lmp3/convert.opt"
>>  ampl lmp3-scalar.mod
Finished reading from "/home/renigijus/gams/opt-mod-lib/gamslib/lmp3/convert.opt"
--- Writing Ampl      : lmp3-scalar.mod

--- Restarting execution
--- lmp3.gms(109) 3 Mb
--- Reading solution for model lmp3
--- lmp3.gms(84) 4 Mb
--- Generating NLP model lmp3
--- lmp3.gms(109) 9 Mb
--- LOOPS c = c9
---       i = i3
---   205 rows  205 columns  40,809 non-zeroes
---   7 nl-code  4 nl-non-zeroes
--- lmp3.gms(109) 7 Mb
--- Executing CONVERT: elapsed 0:00:01.653

Convert 2.0      24.7.4 r58773 Released Sep 19, 2016 LEG x86 64bit/Linux      

--- Using Option File
Reading parameter(s) from "/home/renigijus/gams/opt-mod-lib/gamslib/lmp3/convert.opt"
>>  ampl lmp3-scalar.mod
Finished reading from "/home/renigijus/gams/opt-mod-lib/gamslib/lmp3/convert.opt"
--- Writing Ampl      : lmp3-scalar.mod

--- Restarting execution
--- lmp3.gms(109) 3 Mb
--- Reading solution for model lmp3
--- lmp3.gms(84) 4 Mb
--- Generating NLP model lmp3
--- lmp3.gms(109) 9 Mb
--- LOOPS c = c9
---       i = i4
---   205 rows  205 columns  40,809 non-zeroes
---   7 nl-code  4 nl-non-zeroes
--- lmp3.gms(109) 7 Mb
--- Executing CONVERT: elapsed 0:00:01.728

Convert 2.0      24.7.4 r58773 Released Sep 19, 2016 LEG x86 64bit/Linux      

--- Using Option File
Reading parameter(s) from "/home/renigijus/gams/opt-mod-lib/gamslib/lmp3/convert.opt"
>>  ampl lmp3-scalar.mod
Finished reading from "/home/renigijus/gams/opt-mod-lib/gamslib/lmp3/convert.opt"
--- Writing Ampl      : lmp3-scalar.mod

--- Restarting execution
--- lmp3.gms(109) 3 Mb
--- Reading solution for model lmp3
--- lmp3.gms(84) 4 Mb
--- Generating NLP model lmp3
--- lmp3.gms(109) 9 Mb
--- LOOPS c = c9
---       i = i5
---   205 rows  205 columns  40,809 non-zeroes
---   7 nl-code  4 nl-non-zeroes
--- lmp3.gms(109) 7 Mb
--- Executing CONVERT: elapsed 0:00:01.815

Convert 2.0      24.7.4 r58773 Released Sep 19, 2016 LEG x86 64bit/Linux      

--- Using Option File
Reading parameter(s) from "/home/renigijus/gams/opt-mod-lib/gamslib/lmp3/convert.opt"
>>  ampl lmp3-scalar.mod
Finished reading from "/home/renigijus/gams/opt-mod-lib/gamslib/lmp3/convert.opt"
--- Writing Ampl      : lmp3-scalar.mod

--- Restarting execution
--- lmp3.gms(109) 3 Mb
--- Reading solution for model lmp3
--- lmp3.gms(131) 4 Mb
*** Status: Normal completion
--- Job lmp3.gms Stop 12/13/18 11:22:54 elapsed 0:00:01.850
