--- Job qp1.gms Start 12/13/18 10:31:10 24.7.4 r58773 LEX-LEG x86 64bit/Linux
GAMS 24.7.4   Copyright (C) 1987-2016 GAMS Development. All rights reserved
Licensee: Remigijus Paulavicius, Single User License     S170731:0859AO-LNX
          Imperial College London, Dept. of Chemical Engineering    DC13449
          License for teaching and research at degree granting institutions
          remigijus.paulavicius@imperial.ac.uk                             
--- Starting compilation
--- qp1.gms(19) 2 Mb
--- .qpdata.inc(16290) 4 Mb
--- qp1.gms(66) 4 Mb
--- Starting execution: elapsed 0:00:00.018
--- qp1.gms(16353) 6 Mb
--- Generating NLP model qp1
--- qp1.gms(16354) 8 Mb
---   3 rows  51 columns  148 non-zeroes
---   10,002 nl-code  50 nl-non-zeroes
--- qp1.gms(16354) 6 Mb
--- Executing CONVERT: elapsed 0:00:00.034

Convert 2.0      24.7.4 r58773 Released Sep 19, 2016 LEG x86 64bit/Linux      

--- Using Option File
Reading parameter(s) from "/home/renigijus/gams/opt-mod-lib/gamslib/qp1/convert.opt"
>>  ampl qp1-scalar.mod
Finished reading from "/home/renigijus/gams/opt-mod-lib/gamslib/qp1/convert.opt"
--- Writing Ampl      : qp1-scalar.mod

--- Restarting execution
--- qp1.gms(16354) 4 Mb
--- Reading solution for model qp1
--- qp1.gms(16356) 4 Mb
*** Status: Normal completion
--- Job qp1.gms Stop 12/13/18 10:31:10 elapsed 0:00:00.062
