--- Job bilinear.gms Start 12/13/18 11:30:33 24.7.4 r58773 LEX-LEG x86 64bit/Linux
GAMS 24.7.4   Copyright (C) 1987-2016 GAMS Development. All rights reserved
Licensee: Remigijus Paulavicius, Single User License     S170731:0859AO-LNX
          Imperial College London, Dept. of Chemical Engineering    DC13449
          License for teaching and research at degree granting institutions
          remigijus.paulavicius@imperial.ac.uk                             
--- Starting compilation
--- bilinear.gms(244) 3 Mb
--- Starting execution: elapsed 0:00:00.002
--- bilinear.gms(121) 4 Mb
--- Generating MINLP model NC
--- bilinear.gms(121) 6 Mb
---   64 rows  181 columns  481 non-zeroes
---   3,609 nl-code  300 nl-non-zeroes
---   60 discrete-columns
--- bilinear.gms(121) 4 Mb
--- Executing CONVERT: elapsed 0:00:00.008

Convert 2.0      24.7.4 r58773 Released Sep 19, 2016 LEG x86 64bit/Linux      

--- Using Option File
Reading parameter(s) from "/home/renigijus/gams/opt-mod-lib/gamslib/bilinear/convert.opt"
>>  gams bilinear-scalar.gms
Finished reading from "/home/renigijus/gams/opt-mod-lib/gamslib/bilinear/convert.opt"
--- Writing Gams      : bilinear-scalar.gms

--- Restarting execution
--- bilinear.gms(121) 2 Mb
--- Reading solution for model NC
--- bilinear.gms(152) 3 Mb
--- Generating MIQCP model bigM1
--- bilinear.gms(152) 5 Mb
---   244 rows  241 columns  841 non-zeroes
---   1,938 nl-code  120 nl-non-zeroes
---   60 discrete-columns
--- bilinear.gms(152) 3 Mb
--- Executing CPLEX: elapsed 0:00:00.029

IBM ILOG CPLEX   24.7.4 r58773 Released Sep 19, 2016 LEG x86 64bit/Linux      
--- GAMS/Cplex licensed for continuous and discrete problems.
Cplex 12.6.3.0

Reading parameter(s) from "/home/renigijus/gams/opt-mod-lib/gamslib/bilinear/cplex.opt"
>>  mipemphasis 3
Finished reading from "/home/renigijus/gams/opt-mod-lib/gamslib/bilinear/cplex.opt"
Reading data...
Starting Cplex...
Space for names approximately 0.01 Mb
Use option 'names no' to turn use of names off
Tried aggregator 1 time.
MIQP Presolve eliminated 1 rows and 1 columns.
Reduced MIQP has 243 rows, 240 columns, and 660 nonzeros.
Reduced MIQP has 60 binaries, 0 generals, 0 SOSs, and 0 indicators.
Reduced MIQP objective Q matrix has 14400 nonzeros.
Presolve time = 0.00 sec. (1.47 ticks)
Probing time = 0.00 sec. (0.05 ticks)
Tried aggregator 1 time.
Reduced MIQP has 243 rows, 240 columns, and 660 nonzeros.
Reduced MIQP has 60 binaries, 0 generals, 0 SOSs, and 0 indicators.
Reduced MIQP objective Q matrix has 14400 nonzeros.
Presolve time = 0.00 sec. (1.44 ticks)
Probing time = 0.00 sec. (0.05 ticks)
Probing added 60 nonzeros.
MIP emphasis: best bound.
MIP search method: dynamic search.
Parallel mode: none, using 1 thread.
Number of nonzeros in lower triangle of Q = 7140
Using Approximate Minimum Degree ordering
Total time for automatic ordering = 0.00 sec. (0.14 ticks)
Summary statistics for factor of Q:
  Rows in Factor            = 120
  Integer space required    = 120
  Total non-zeros in factor = 7260
  Total FP ops to factor    = 583220
Tried aggregator 1 time.
No QP presolve or aggregator reductions.
Presolve time = 0.00 sec. (0.72 ticks)
Number of nonzeros in lower triangle of Q = 7140
Using Approximate Minimum Degree ordering
Total time for automatic ordering = 0.00 sec. (0.14 ticks)
Summary statistics for factor of Q:
  Rows in Factor            = 120
  Integer space required    = 120
  Total non-zeros in factor = 7260
  Total FP ops to factor    = 583220
Tried aggregator 1 time.
QP Presolve eliminated 118 rows and 118 columns.
Aggregator did 60 substitutions.
Reduced QP has 185 rows, 182 columns, and 722 nonzeros.
Reduced QP objective Q matrix has 2 nonzeros.
Presolve time = 0.00 sec. (0.81 ticks)
Parallel mode: none, using 1 thread for barrier
Number of nonzeros in lower triangle of A*A' = 841
Using Approximate Minimum Degree ordering
Total time for automatic ordering = 0.00 sec. (0.07 ticks)
Summary statistics for Cholesky factor:
  Rows in Factor            = 185
  Integer space required    = 396
  Total non-zeros in factor = 1202
  Total FP ops to factor    = 8698
 Itn      Primal Obj        Dual Obj  Prim Inf Upper Inf  Dual Inf          
   0   9.2239478e+02   1.0060078e+09  5.76e+04  2.39e+04  1.81e+05
   1  -5.4653984e+03   2.5207808e+08  1.35e+04  5.62e+03  4.26e+04
   2  -1.0114366e+04   4.3832138e+06  2.08e+02  8.65e+01  6.53e+02
   3  -4.0231206e+03   9.9794516e+04  1.81e+00  7.53e-01  5.69e+00
   4   1.6261370e+02   2.4145349e+03  1.41e-02  5.87e-03  4.43e-02
   5   7.6501633e+02   1.2430514e+03  1.58e-03  6.57e-04  4.96e-03
   6   8.7012220e+02   1.0471623e+03  5.87e-04  2.44e-04  1.84e-03
   7   8.9792998e+02   1.0065422e+03  3.74e-04  1.55e-04  1.17e-03
   8   9.1593872e+02   9.7584511e+02  2.14e-04  8.88e-05  6.71e-04
   9   9.1631632e+02   9.7532125e+02  2.11e-04  8.77e-05  6.63e-04
  10   9.2261521e+02   9.6530275e+02  1.57e-04  6.53e-05  4.95e-04
  11   9.2635785e+02   9.5844638e+02  1.21e-04  5.05e-05  3.82e-04
  12   9.3101176e+02   9.4931956e+02  7.17e-05  2.98e-05  2.25e-04
  13   9.3569175e+02   9.3908246e+02  1.04e-05  4.31e-06  3.27e-05
  14   9.3667794e+02   9.3708123e+02  4.29e-07  1.78e-07  1.35e-06
  15   9.3683102e+02   9.3688131e+02  1.57e-09  7.08e-10  4.92e-09
  16   9.3685233e+02   9.3685937e+02  4.24e-14  3.86e-11  1.71e-14
  17   9.3685532e+02   9.3685631e+02  3.70e-12  5.22e-11  5.93e-15
  18   9.3685574e+02   9.3685588e+02  4.16e-14  5.37e-11  2.72e-15
  19   9.3685580e+02   9.3685582e+02  3.68e-12  4.54e-11  1.21e-15
  20   9.3685581e+02   9.3685581e+02  2.06e-14  4.71e-11  6.20e-16
  21   9.3685581e+02   9.3685581e+02  1.76e-14  4.59e-11  3.08e-16
Barrier time = 0.00 sec. (3.64 ticks)

Total time on 1 threads = 0.00 sec. (4.36 ticks)
Barrier time = 0.00 sec. (3.65 ticks)

QP crossover.
  Primal and Dual:  Fixing 119 variables.
  Primal:  Pushed 101, exchanged 17.
  Dual  :  Pushed 1, exchanged 14.
Removing shift (486).
Total crossover time = 0.00 sec. (3.53 ticks)

Total time on 1 threads = 0.01 sec. (7.90 ticks)
Root relaxation solution time = 0.01 sec. (7.90 ticks)

        Nodes                                         Cuts/
   Node  Left     Objective  IInf  Best Integer    Best Bound    ItCnt     Gap

      0     0      936.8558     9                    936.8558       21         
*     0+    0                      -3.48971e+07      936.8558           100.00%
Found incumbent of value -3.4897126e+07 after 0.02 sec. (22.00 ticks)
      0     0      936.8558     9  -3.48971e+07      Cuts: 18       53  100.00%
*     0+    0                      -3.41164e+07      936.8558           100.00%
Found incumbent of value -3.4116422e+07 after 0.03 sec. (50.83 ticks)
      0     0      936.8558     9  -3.41164e+07      Cuts: 16       85  100.00%
      0     2      936.8558     9  -3.41164e+07      936.8558       85  100.00%
Elapsed time = 0.11 sec. (203.91 ticks, tree = 0.01 MB, solutions = 2)
*    10+   10                      -1.17033e+07 -1096968.1915            90.63%
                                                 Impl Bds: 21                  
Found incumbent of value -1.1703307e+07 after 0.12 sec. (226.61 ticks)
*    20+   20                     -6289290.3935 -1821439.9391            71.04%
                                                  Impl Bds: 8                  
Found incumbent of value -6289290.393460 after 0.14 sec. (263.21 ticks)
*    30+   30                     -5851025.0089 -1884318.3077            67.80%
                                                  Impl Bds: 6                  
Found incumbent of value -5851025.008879 after 0.17 sec. (315.72 ticks)
*    40+   27                     -5781206.5726 -2401276.3575            58.46%
                                                  Impl Bds: 4                  
Found incumbent of value -5781206.572599 after 0.19 sec. (349.90 ticks)
*    60+   20                     -4960567.5070 -4190817.3513            15.52%
                                                   MIRcuts: 1                  
Found incumbent of value -4960567.506966 after 0.22 sec. (397.22 ticks)
*    70+   24                     -4522806.0150 -4191690.3793             7.32%
Found incumbent of value -4522806.014974 after 0.23 sec. (418.31 ticks)
*    91     0      integral     0 -4192317.8872 -4192317.8872     1854    0.00%
Found incumbent of value -4192317.887225 after 0.27 sec. (475.11 ticks)

Implied bound cuts applied:  67
Mixed integer rounding cuts applied:  6

Root node processing (before b&c):
  Real time             =    0.11 sec. (203.93 ticks)
Sequential b&c:
  Real time             =    0.16 sec. (271.41 ticks)
                          ------------
Total (root+branch&cut) =    0.27 sec. (475.35 ticks)
MIQP status(101): integer optimal solution
Cplex Time: 0.27sec (det. 475.35 ticks)
Fixing integer variables, and solving final QP..
Number of nonzeros in lower triangle of Q = 7140
Using Approximate Minimum Degree ordering
Total time for automatic ordering = 0.00 sec. (0.14 ticks)
Summary statistics for factor of Q:
  Rows in Factor            = 120
  Integer space required    = 120
  Total non-zeros in factor = 7260
  Total FP ops to factor    = 583220
Tried aggregator 1 time.
QP Presolve eliminated 347 rows and 285 columns.
Aggregator did 14 substitutions.
Reduced QP has 3 rows, 62 columns, and 76 nonzeros.
Reduced QP objective Q matrix has 2 nonzeros.
Presolve time = 0.00 sec. (0.78 ticks)
Parallel mode: none, using 1 thread for barrier
Number of nonzeros in lower triangle of A*A' = 3
Using Approximate Minimum Degree ordering
Total time for automatic ordering = 0.00 sec. (0.00 ticks)
Summary statistics for Cholesky factor:
  Rows in Factor            = 3
  Integer space required    = 3
  Total non-zeros in factor = 6
  Total FP ops to factor    = 14
 Itn      Primal Obj        Dual Obj  Prim Inf Upper Inf  Dual Inf          
   0  -9.2030653e+05   5.9311850e+08  3.51e+03  0.00e+00  8.31e+04
   1  -3.8633463e+05   2.4205061e+08  1.24e+03  2.18e-11  2.94e+04
   2  -2.3616990e+07   8.3922967e+07  7.53e-12  2.00e-11  7.26e-11
   3  -7.7968099e+06  -2.6996678e+06  3.76e-12  1.46e-11  5.88e-11
   4  -4.4392037e+06  -4.1731929e+06  3.69e-12  3.09e-11  1.07e-11
   5  -4.1955718e+06  -4.1920621e+06  7.42e-12  3.09e-11  1.53e-11
   6  -4.1924035e+06  -4.1922225e+06  1.19e-13  2.00e-11  1.45e-11
   7  -4.1923455e+06  -4.1923028e+06  1.09e-11  2.91e-11  9.89e-12
   8  -4.1923401e+06  -4.1923038e+06  1.43e-13  2.91e-11  1.12e-11
   9  -4.1923252e+06  -4.1923125e+06  1.46e-11  1.73e-11  9.08e-12
  10  -4.1923243e+06  -4.1923134e+06  1.10e-11  2.03e-11  8.98e-12
  11  -4.1923233e+06  -4.1923139e+06  7.29e-12  3.31e-11  1.43e-11
  12  -4.1923181e+06  -4.1923177e+06  7.30e-12  2.76e-11  1.04e-11
  13  -4.1923179e+06  -4.1923179e+06  7.44e-12  2.98e-11  1.71e-11
Barrier time = 0.00 sec. (1.06 ticks)

Total time on 1 threads = 0.00 sec. (1.06 ticks)
QP status(1): optimal
Cplex Time: 0.00sec (det. 1.06 ticks)

Proven optimal solution.

MIP Solution:     -4192317.887225    (1854 iterations, 92 nodes)
Final Solve:      -4192317.889943    (0 iterations)

Best possible:    -4192317.887225
Absolute gap:            0.000000
Relative gap:            0.000000

--- Restarting execution
--- bilinear.gms(152) 2 Mb
--- Reading solution for model bigM1
--- bilinear.gms(244) 3 Mb
--- Putfile femp /home/renigijus/gams/opt-mod-lib/gamslib/bilinear/225a/empinfo.dat
*** Status: Normal completion
--- Job bilinear.gms Stop 12/13/18 11:30:33 elapsed 0:00:00.329
