--- Job qp2.gms Start 12/13/18 10:31:10 24.7.4 r58773 LEX-LEG x86 64bit/Linux
GAMS 24.7.4   Copyright (C) 1987-2016 GAMS Development. All rights reserved
Licensee: Remigijus Paulavicius, Single User License     S170731:0859AO-LNX
          Imperial College London, Dept. of Chemical Engineering    DC13449
          License for teaching and research at degree granting institutions
          remigijus.paulavicius@imperial.ac.uk                             
--- Starting compilation
--- qp2.gms(17) 2 Mb
--- .qpdata.inc(16290) 4 Mb
--- qp2.gms(64) 4 Mb
--- Starting execution: elapsed 0:00:00.020
--- qp2.gms(16351) 6 Mb
--- Generating NLP model qp2
--- qp2.gms(16352) 8 Mb
---   3 rows  51 columns  148 non-zeroes
---   5,102 nl-code  50 nl-non-zeroes
--- qp2.gms(16352) 6 Mb
--- Executing CONVERT: elapsed 0:00:00.035

Convert 2.0      24.7.4 r58773 Released Sep 19, 2016 LEG x86 64bit/Linux      

--- Using Option File
Reading parameter(s) from "/home/renigijus/gams/opt-mod-lib/gamslib/qp2/convert.opt"
>>  ampl qp2-scalar.mod
Finished reading from "/home/renigijus/gams/opt-mod-lib/gamslib/qp2/convert.opt"
--- Writing Ampl      : qp2-scalar.mod

--- Restarting execution
--- qp2.gms(16352) 4 Mb
--- Reading solution for model qp2
--- qp2.gms(16354) 4 Mb
*** Status: Normal completion
--- Job qp2.gms Stop 12/13/18 10:31:10 elapsed 0:00:00.054
