--- Job irscge.gms Start 12/13/18 11:23:24 24.7.4 r58773 LEX-LEG x86 64bit/Linux
GAMS 24.7.4   Copyright (C) 1987-2016 GAMS Development. All rights reserved
Licensee: Remigijus Paulavicius, Single User License     S170731:0859AO-LNX
          Imperial College London, Dept. of Chemical Engineering    DC13449
          License for teaching and research at degree granting institutions
          remigijus.paulavicius@imperial.ac.uk                             
--- Starting compilation
--- irscge.gms(393) 3 Mb
--- Starting execution: elapsed 0:00:00.003
--- irscge.gms(333) 4 Mb
--- Generating NLP model irscge
--- irscge.gms(337) 6 Mb
---   49 rows  49 columns  181 non-zeroes
---   323 nl-code  92 nl-non-zeroes
--- irscge.gms(337) 4 Mb
--- Executing CONVERT: elapsed 0:00:00.008

Convert 2.0      24.7.4 r58773 Released Sep 19, 2016 LEG x86 64bit/Linux      

--- Using Option File
Reading parameter(s) from "/home/renigijus/gams/opt-mod-lib/gamslib/irscge/convert.opt"
>>  pyomo irscge-scalar.py
Finished reading from "/home/renigijus/gams/opt-mod-lib/gamslib/irscge/convert.opt"
--- Writing Pyomo     : irscge-scalar.py

--- Restarting execution
--- irscge.gms(337) 2 Mb
--- Reading solution for model irscge
--- irscge.gms(340) 3 Mb
--- Generating NLP model irscge
--- irscge.gms(341) 5 Mb
---   49 rows  49 columns  177 non-zeroes
---   309 nl-code  88 nl-non-zeroes
--- irscge.gms(341) 3 Mb
--- Executing CONVERT: elapsed 0:00:00.026

Convert 2.0      24.7.4 r58773 Released Sep 19, 2016 LEG x86 64bit/Linux      

--- Using Option File
Reading parameter(s) from "/home/renigijus/gams/opt-mod-lib/gamslib/irscge/convert.opt"
>>  pyomo irscge-scalar.py
Finished reading from "/home/renigijus/gams/opt-mod-lib/gamslib/irscge/convert.opt"
--- Writing Pyomo     : irscge-scalar.py

--- Restarting execution
--- irscge.gms(341) 2 Mb
--- Reading solution for model irscge
--- irscge.gms(390) 3 Mb
*** Status: Normal completion
--- Job irscge.gms Stop 12/13/18 11:23:25 elapsed 0:00:00.039
