--- Job agreste.gms Start 12/13/18 10:24:46 24.7.4 r58773 LEX-LEG x86 64bit/Linux
GAMS 24.7.4   Copyright (C) 1987-2016 GAMS Development. All rights reserved
Licensee: Remigijus Paulavicius, Single User License     S170731:0859AO-LNX
          Imperial College London, Dept. of Chemical Engineering    DC13449
          License for teaching and research at degree granting institutions
          remigijus.paulavicius@imperial.ac.uk                             
--- Starting compilation
--- agreste.gms(316) 3 Mb
--- Starting execution: elapsed 0:00:00.003
--- agreste.gms(311) 4 Mb
--- Generating LP model agreste
--- agreste.gms(313) 4 Mb
---   52 rows  101 columns  665 non-zeroes
--- Executing CONVERT: elapsed 0:00:00.008

Convert 2.0      24.7.4 r58773 Released Sep 19, 2016 LEG x86 64bit/Linux      

--- Using Option File
Reading parameter(s) from "/home/renigijus/gams/opt-mod-lib/gamslib/agreste/convert.opt"
>>  ampl agreste-scalar.mod
Finished reading from "/home/renigijus/gams/opt-mod-lib/gamslib/agreste/convert.opt"
--- Writing Ampl      : agreste-scalar.mod

--- Restarting execution
--- agreste.gms(313) 2 Mb
--- Reading solution for model agreste
--- agreste.gms(315) 3 Mb
--- Generating LP model agreste
--- agreste.gms(316) 3 Mb
---   52 rows  101 columns  645 non-zeroes
--- Executing CONVERT: elapsed 0:00:00.028

Convert 2.0      24.7.4 r58773 Released Sep 19, 2016 LEG x86 64bit/Linux      

--- Using Option File
Reading parameter(s) from "/home/renigijus/gams/opt-mod-lib/gamslib/agreste/convert.opt"
>>  ampl agreste-scalar.mod
Finished reading from "/home/renigijus/gams/opt-mod-lib/gamslib/agreste/convert.opt"
--- Writing Ampl      : agreste-scalar.mod

--- Restarting execution
--- agreste.gms(316) 2 Mb
--- Reading solution for model agreste
*** Status: Normal completion
--- Job agreste.gms Stop 12/13/18 10:24:46 elapsed 0:00:00.041
