--- Job agreste.gms Start 12/13/18 10:24:46 24.7.4 r58773 LEX-LEG x86 64bit/Linux
GAMS 24.7.4   Copyright (C) 1987-2016 GAMS Development. All rights reserved
Licensee: Remigijus Paulavicius, Single User License     S170731:0859AO-LNX
          Imperial College London, Dept. of Chemical Engineering    DC13449
          License for teaching and research at degree granting institutions
          remigijus.paulavicius@imperial.ac.uk                             
--- Starting compilation
--- agreste.gms(317) 3 Mb
--- Starting execution: elapsed 0:00:00.003
--- agreste.gms(312) 4 Mb
--- Generating LP model agreste
--- agreste.gms(314) 4 Mb
---   52 rows  101 columns  665 non-zeroes
--- Executing CONVERT: elapsed 0:00:00.006

Convert 2.0      24.7.4 r58773 Released Sep 19, 2016 LEG x86 64bit/Linux      

--- Using Option File
Reading parameter(s) from "/home/renigijus/gams/opt-mod-lib/gamslib/agreste/convert.opt"
>>  gams agreste-scalar.gms
Finished reading from "/home/renigijus/gams/opt-mod-lib/gamslib/agreste/convert.opt"
--- Writing Gams      : agreste-scalar.gms

--- Restarting execution
--- agreste.gms(314) 2 Mb
--- Reading solution for model agreste
--- agreste.gms(316) 3 Mb
--- Generating LP model agreste
--- agreste.gms(317) 3 Mb
---   52 rows  101 columns  645 non-zeroes
--- Executing CONVERT: elapsed 0:00:00.022

Convert 2.0      24.7.4 r58773 Released Sep 19, 2016 LEG x86 64bit/Linux      

--- Using Option File
Reading parameter(s) from "/home/renigijus/gams/opt-mod-lib/gamslib/agreste/convert.opt"
>>  gams agreste-scalar.gms
Finished reading from "/home/renigijus/gams/opt-mod-lib/gamslib/agreste/convert.opt"
--- Writing Gams      : agreste-scalar.gms

--- Restarting execution
--- agreste.gms(317) 2 Mb
--- Reading solution for model agreste
*** Status: Normal completion
--- Job agreste.gms Stop 12/13/18 10:24:46 elapsed 0:00:00.036
