--- Job turkpow.gms Start 12/13/18 10:24:39 24.7.4 r58773 LEX-LEG x86 64bit/Linux
GAMS 24.7.4   Copyright (C) 1987-2016 GAMS Development. All rights reserved
Licensee: Remigijus Paulavicius, Single User License     S170731:0859AO-LNX
          Imperial College London, Dept. of Chemical Engineering    DC13449
          License for teaching and research at degree granting institutions
          remigijus.paulavicius@imperial.ac.uk                             
--- Starting compilation
--- turkpow.gms(231) 3 Mb
--- Starting execution: elapsed 0:00:00.003
--- turkpow.gms(203) 4 Mb
--- Generating LP model turkey
--- turkpow.gms(206) 4 Mb
---   350 rows  949 columns  5,872 non-zeroes
--- Executing CONVERT: elapsed 0:00:00.014

Convert 2.0      24.7.4 r58773 Released Sep 19, 2016 LEG x86 64bit/Linux      

--- Using Option File
Reading parameter(s) from "/home/renigijus/gams/opt-mod-lib/gamslib/turkpow/convert.opt"
>>  ampl turkpow-scalar.mod
Finished reading from "/home/renigijus/gams/opt-mod-lib/gamslib/turkpow/convert.opt"
--- Writing Ampl      : turkpow-scalar.mod

--- Restarting execution
--- turkpow.gms(206) 2 Mb
--- Reading solution for model turkey
--- turkpow.gms(231) 3 Mb
*** Status: Normal completion
--- Job turkpow.gms Stop 12/13/18 10:24:39 elapsed 0:00:00.030
