--- Job magic.gms Start 12/13/18 10:24:29 24.7.4 r58773 LEX-LEG x86 64bit/Linux
GAMS 24.7.4   Copyright (C) 1987-2016 GAMS Development. All rights reserved
Licensee: Remigijus Paulavicius, Single User License     S170731:0859AO-LNX
          Imperial College London, Dept. of Chemical Engineering    DC13449
          License for teaching and research at degree granting institutions
          remigijus.paulavicius@imperial.ac.uk                             
--- Starting compilation
--- magic.gms(93) 3 Mb
--- Starting execution: elapsed 0:00:00.002
--- magic.gms(81) 4 Mb
--- Generating MIP model william
--- magic.gms(83) 4 Mb
---   56 rows  46 columns  181 non-zeroes
---   15 discrete-columns
--- Executing CONVERT: elapsed 0:00:00.005

Convert 2.0      24.7.4 r58773 Released Sep 19, 2016 LEG x86 64bit/Linux      

--- Using Option File
Reading parameter(s) from "/home/renigijus/gams/opt-mod-lib/gamslib/magic/convert.opt"
>>  gams magic-scalar.gms
Finished reading from "/home/renigijus/gams/opt-mod-lib/gamslib/magic/convert.opt"
--- Writing Gams      : magic-scalar.gms

--- Restarting execution
--- magic.gms(83) 2 Mb
--- Reading solution for model william
--- magic.gms(92) 3 Mb
*** Status: Normal completion
--- Job magic.gms Stop 12/13/18 10:24:29 elapsed 0:00:00.019
