--- Job pollut.gms Start 12/13/18 10:24:47 24.7.4 r58773 LEX-LEG x86 64bit/Linux
GAMS 24.7.4   Copyright (C) 1987-2016 GAMS Development. All rights reserved
Licensee: Remigijus Paulavicius, Single User License     S170731:0859AO-LNX
          Imperial College London, Dept. of Chemical Engineering    DC13449
          License for teaching and research at degree granting institutions
          remigijus.paulavicius@imperial.ac.uk                             
--- Starting compilation
--- pollut.gms(107) 3 Mb
--- Starting execution: elapsed 0:00:00.001
--- pollut.gms(102) 4 Mb
--- Generating NLP model one
--- pollut.gms(106) 6 Mb
---   9 rows  43 columns  167 non-zeroes
---   182 nl-code  40 nl-non-zeroes
--- pollut.gms(106) 4 Mb
--- Executing CONVERT: elapsed 0:00:00.003

Convert 2.0      24.7.4 r58773 Released Sep 19, 2016 LEG x86 64bit/Linux      

--- Using Option File
Reading parameter(s) from "/home/renigijus/gams/opt-mod-lib/gamslib/pollut/convert.opt"
>>  gams pollut-scalar.gms
Finished reading from "/home/renigijus/gams/opt-mod-lib/gamslib/pollut/convert.opt"
--- Writing Gams      : pollut-scalar.gms

--- Restarting execution
--- pollut.gms(106) 2 Mb
--- Reading solution for model one
*** Status: Normal completion
--- Job pollut.gms Stop 12/13/18 10:24:47 elapsed 0:00:00.012
