--- Job ship.gms Start 12/13/18 10:24:31 24.7.4 r58773 LEX-LEG x86 64bit/Linux
GAMS 24.7.4   Copyright (C) 1987-2016 GAMS Development. All rights reserved
Licensee: Remigijus Paulavicius, Single User License     S170731:0859AO-LNX
          Imperial College London, Dept. of Chemical Engineering    DC13449
          License for teaching and research at degree granting institutions
          remigijus.paulavicius@imperial.ac.uk                             
--- Starting compilation
--- ship.gms(94) 3 Mb
--- Starting execution: elapsed 0:00:00.001
--- ship.gms(90) 4 Mb
--- Generating NLP model ship
--- ship.gms(94) 6 Mb
---   18 rows  11 columns  55 non-zeroes
---   93 nl-code  29 nl-non-zeroes
--- ship.gms(94) 4 Mb
--- Executing CONVERT: elapsed 0:00:00.003

Convert 2.0      24.7.4 r58773 Released Sep 19, 2016 LEG x86 64bit/Linux      

--- Using Option File
Reading parameter(s) from "/home/renigijus/gams/opt-mod-lib/gamslib/ship/convert.opt"
>>  ampl ship-scalar.mod
Finished reading from "/home/renigijus/gams/opt-mod-lib/gamslib/ship/convert.opt"
--- Writing Ampl      : ship-scalar.mod

--- Restarting execution
--- ship.gms(94) 2 Mb
--- Reading solution for model ship
*** Status: Normal completion
--- Job ship.gms Stop 12/13/18 10:24:31 elapsed 0:00:00.015
