--- Job himmel11.gms Start 12/13/18 10:24:47 24.7.4 r58773 LEX-LEG x86 64bit/Linux
GAMS 24.7.4   Copyright (C) 1987-2016 GAMS Development. All rights reserved
Licensee: Remigijus Paulavicius, Single User License     S170731:0859AO-LNX
          Imperial College London, Dept. of Chemical Engineering    DC13449
          License for teaching and research at degree granting institutions
          remigijus.paulavicius@imperial.ac.uk                             
--- Starting compilation
--- himmel11.gms(38) 2 Mb
--- Starting execution: elapsed 0:00:00.001
--- himmel11.gms(36) 3 Mb
--- Generating QCP model himmel11
--- himmel11.gms(37) 5 Mb
---   5 rows  10 columns  27 non-zeroes
---   54 nl-code  16 nl-non-zeroes
--- himmel11.gms(37) 3 Mb
--- Executing CONVERT: elapsed 0:00:00.003

Convert 2.0      24.7.4 r58773 Released Sep 19, 2016 LEG x86 64bit/Linux      

--- Using Option File
Reading parameter(s) from "/home/renigijus/gams/opt-mod-lib/gamslib/himmel11/convert.opt"
>>  pyomo himmel11-scalar.py
Finished reading from "/home/renigijus/gams/opt-mod-lib/gamslib/himmel11/convert.opt"
--- Writing Pyomo     : himmel11-scalar.py

--- Restarting execution
--- himmel11.gms(37) 2 Mb
--- Reading solution for model himmel11
*** Status: Normal completion
--- Job himmel11.gms Stop 12/13/18 10:24:47 elapsed 0:00:00.017
