--- Job mathopt6.gms Start 12/13/18 11:23:00 24.7.4 r58773 LEX-LEG x86 64bit/Linux
GAMS 24.7.4   Copyright (C) 1987-2016 GAMS Development. All rights reserved
Licensee: Remigijus Paulavicius, Single User License     S170731:0859AO-LNX
          Imperial College London, Dept. of Chemical Engineering    DC13449
          License for teaching and research at degree granting institutions
          remigijus.paulavicius@imperial.ac.uk                             
--- Starting compilation
--- mathopt6.gms(80) 3 Mb
--- Starting execution: elapsed 0:00:00.001
--- mathopt6.gms(57) 4 Mb
--- Generating DNLP model m
--- mathopt6.gms(62) 6 Mb
--- LOOPS i = rand1
---   1 rows  3 columns  3 non-zeroes
---   35 nl-code  2 nl-non-zeroes
--- mathopt6.gms(62) 4 Mb
--- Executing CONVERT: elapsed 0:00:00.003

Convert 2.0      24.7.4 r58773 Released Sep 19, 2016 LEG x86 64bit/Linux      

--- Using Option File
Reading parameter(s) from "/home/renigijus/gams/opt-mod-lib/gamslib/mathopt6/convert.opt"
>>  ampl mathopt6-scalar.mod
Finished reading from "/home/renigijus/gams/opt-mod-lib/gamslib/mathopt6/convert.opt"
--- Writing Ampl      : mathopt6-scalar.mod

--- Restarting execution
--- mathopt6.gms(62) 2 Mb
--- Reading solution for model m
--- mathopt6.gms(57) 3 Mb
--- Generating DNLP model m
--- mathopt6.gms(62) 5 Mb
--- LOOPS i = rand2
---   1 rows  3 columns  3 non-zeroes
---   35 nl-code  2 nl-non-zeroes
--- mathopt6.gms(62) 3 Mb
--- Executing CONVERT: elapsed 0:00:00.017

Convert 2.0      24.7.4 r58773 Released Sep 19, 2016 LEG x86 64bit/Linux      

--- Using Option File
Reading parameter(s) from "/home/renigijus/gams/opt-mod-lib/gamslib/mathopt6/convert.opt"
>>  ampl mathopt6-scalar.mod
Finished reading from "/home/renigijus/gams/opt-mod-lib/gamslib/mathopt6/convert.opt"
--- Writing Ampl      : mathopt6-scalar.mod

--- Restarting execution
--- mathopt6.gms(62) 2 Mb
--- Reading solution for model m
--- mathopt6.gms(57) 3 Mb
--- Generating DNLP model m
--- mathopt6.gms(62) 5 Mb
--- LOOPS i = rand3
---   1 rows  3 columns  3 non-zeroes
---   35 nl-code  2 nl-non-zeroes
--- mathopt6.gms(62) 3 Mb
--- Executing CONVERT: elapsed 0:00:00.032

Convert 2.0      24.7.4 r58773 Released Sep 19, 2016 LEG x86 64bit/Linux      

--- Using Option File
Reading parameter(s) from "/home/renigijus/gams/opt-mod-lib/gamslib/mathopt6/convert.opt"
>>  ampl mathopt6-scalar.mod
Finished reading from "/home/renigijus/gams/opt-mod-lib/gamslib/mathopt6/convert.opt"
--- Writing Ampl      : mathopt6-scalar.mod

--- Restarting execution
--- mathopt6.gms(62) 2 Mb
--- Reading solution for model m
--- mathopt6.gms(57) 3 Mb
--- Generating DNLP model m
--- mathopt6.gms(62) 5 Mb
--- LOOPS i = rand4
---   1 rows  3 columns  3 non-zeroes
---   35 nl-code  2 nl-non-zeroes
--- mathopt6.gms(62) 3 Mb
--- Executing CONVERT: elapsed 0:00:00.048

Convert 2.0      24.7.4 r58773 Released Sep 19, 2016 LEG x86 64bit/Linux      

--- Using Option File
Reading parameter(s) from "/home/renigijus/gams/opt-mod-lib/gamslib/mathopt6/convert.opt"
>>  ampl mathopt6-scalar.mod
Finished reading from "/home/renigijus/gams/opt-mod-lib/gamslib/mathopt6/convert.opt"
--- Writing Ampl      : mathopt6-scalar.mod

--- Restarting execution
--- mathopt6.gms(62) 2 Mb
--- Reading solution for model m
--- mathopt6.gms(57) 3 Mb
--- Generating DNLP model m
--- mathopt6.gms(62) 5 Mb
--- LOOPS i = rand5
---   1 rows  3 columns  3 non-zeroes
---   35 nl-code  2 nl-non-zeroes
--- mathopt6.gms(62) 3 Mb
--- Executing CONVERT: elapsed 0:00:00.066

Convert 2.0      24.7.4 r58773 Released Sep 19, 2016 LEG x86 64bit/Linux      

--- Using Option File
Reading parameter(s) from "/home/renigijus/gams/opt-mod-lib/gamslib/mathopt6/convert.opt"
>>  ampl mathopt6-scalar.mod
Finished reading from "/home/renigijus/gams/opt-mod-lib/gamslib/mathopt6/convert.opt"
--- Writing Ampl      : mathopt6-scalar.mod

--- Restarting execution
--- mathopt6.gms(62) 2 Mb
--- Reading solution for model m
--- mathopt6.gms(57) 3 Mb
--- Generating DNLP model m
--- mathopt6.gms(62) 5 Mb
--- LOOPS i = rand6
---   1 rows  3 columns  3 non-zeroes
---   35 nl-code  2 nl-non-zeroes
--- mathopt6.gms(62) 3 Mb
--- Executing CONVERT: elapsed 0:00:00.084

Convert 2.0      24.7.4 r58773 Released Sep 19, 2016 LEG x86 64bit/Linux      

--- Using Option File
Reading parameter(s) from "/home/renigijus/gams/opt-mod-lib/gamslib/mathopt6/convert.opt"
>>  ampl mathopt6-scalar.mod
Finished reading from "/home/renigijus/gams/opt-mod-lib/gamslib/mathopt6/convert.opt"
--- Writing Ampl      : mathopt6-scalar.mod

--- Restarting execution
--- mathopt6.gms(62) 2 Mb
--- Reading solution for model m
--- mathopt6.gms(57) 3 Mb
--- Generating DNLP model m
--- mathopt6.gms(62) 5 Mb
--- LOOPS i = rand7
---   1 rows  3 columns  3 non-zeroes
---   35 nl-code  2 nl-non-zeroes
--- mathopt6.gms(62) 3 Mb
--- Executing CONVERT: elapsed 0:00:00.101

Convert 2.0      24.7.4 r58773 Released Sep 19, 2016 LEG x86 64bit/Linux      

--- Using Option File
Reading parameter(s) from "/home/renigijus/gams/opt-mod-lib/gamslib/mathopt6/convert.opt"
>>  ampl mathopt6-scalar.mod
Finished reading from "/home/renigijus/gams/opt-mod-lib/gamslib/mathopt6/convert.opt"
--- Writing Ampl      : mathopt6-scalar.mod

--- Restarting execution
--- mathopt6.gms(62) 2 Mb
--- Reading solution for model m
--- mathopt6.gms(57) 3 Mb
--- Generating DNLP model m
--- mathopt6.gms(62) 5 Mb
--- LOOPS i = rand8
---   1 rows  3 columns  3 non-zeroes
---   35 nl-code  2 nl-non-zeroes
--- mathopt6.gms(62) 3 Mb
--- Executing CONVERT: elapsed 0:00:00.111

Convert 2.0      24.7.4 r58773 Released Sep 19, 2016 LEG x86 64bit/Linux      

--- Using Option File
Reading parameter(s) from "/home/renigijus/gams/opt-mod-lib/gamslib/mathopt6/convert.opt"
>>  ampl mathopt6-scalar.mod
Finished reading from "/home/renigijus/gams/opt-mod-lib/gamslib/mathopt6/convert.opt"
--- Writing Ampl      : mathopt6-scalar.mod

--- Restarting execution
--- mathopt6.gms(62) 2 Mb
--- Reading solution for model m
--- mathopt6.gms(57) 3 Mb
--- Generating DNLP model m
--- mathopt6.gms(62) 5 Mb
--- LOOPS i = rand9
---   1 rows  3 columns  3 non-zeroes
---   35 nl-code  2 nl-non-zeroes
--- mathopt6.gms(62) 3 Mb
--- Executing CONVERT: elapsed 0:00:00.123

Convert 2.0      24.7.4 r58773 Released Sep 19, 2016 LEG x86 64bit/Linux      

--- Using Option File
Reading parameter(s) from "/home/renigijus/gams/opt-mod-lib/gamslib/mathopt6/convert.opt"
>>  ampl mathopt6-scalar.mod
Finished reading from "/home/renigijus/gams/opt-mod-lib/gamslib/mathopt6/convert.opt"
--- Writing Ampl      : mathopt6-scalar.mod

--- Restarting execution
--- mathopt6.gms(62) 2 Mb
--- Reading solution for model m
--- mathopt6.gms(57) 3 Mb
--- Generating DNLP model m
--- mathopt6.gms(62) 5 Mb
--- LOOPS i = rand10
---   1 rows  3 columns  3 non-zeroes
---   35 nl-code  2 nl-non-zeroes
--- mathopt6.gms(62) 3 Mb
--- Executing CONVERT: elapsed 0:00:00.139

Convert 2.0      24.7.4 r58773 Released Sep 19, 2016 LEG x86 64bit/Linux      

--- Using Option File
Reading parameter(s) from "/home/renigijus/gams/opt-mod-lib/gamslib/mathopt6/convert.opt"
>>  ampl mathopt6-scalar.mod
Finished reading from "/home/renigijus/gams/opt-mod-lib/gamslib/mathopt6/convert.opt"
--- Writing Ampl      : mathopt6-scalar.mod

--- Restarting execution
--- mathopt6.gms(62) 2 Mb
--- Reading solution for model m
--- mathopt6.gms(57) 3 Mb
--- Generating DNLP model m
--- mathopt6.gms(62) 5 Mb
--- LOOPS i = rand11
---   1 rows  3 columns  3 non-zeroes
---   35 nl-code  2 nl-non-zeroes
--- mathopt6.gms(62) 3 Mb
--- Executing CONVERT: elapsed 0:00:00.154

Convert 2.0      24.7.4 r58773 Released Sep 19, 2016 LEG x86 64bit/Linux      

--- Using Option File
Reading parameter(s) from "/home/renigijus/gams/opt-mod-lib/gamslib/mathopt6/convert.opt"
>>  ampl mathopt6-scalar.mod
Finished reading from "/home/renigijus/gams/opt-mod-lib/gamslib/mathopt6/convert.opt"
--- Writing Ampl      : mathopt6-scalar.mod

--- Restarting execution
--- mathopt6.gms(62) 2 Mb
--- Reading solution for model m
--- mathopt6.gms(57) 3 Mb
--- Generating DNLP model m
--- mathopt6.gms(62) 5 Mb
--- LOOPS i = rand12
---   1 rows  3 columns  3 non-zeroes
---   35 nl-code  2 nl-non-zeroes
--- mathopt6.gms(62) 3 Mb
--- Executing CONVERT: elapsed 0:00:00.171

Convert 2.0      24.7.4 r58773 Released Sep 19, 2016 LEG x86 64bit/Linux      

--- Using Option File
Reading parameter(s) from "/home/renigijus/gams/opt-mod-lib/gamslib/mathopt6/convert.opt"
>>  ampl mathopt6-scalar.mod
Finished reading from "/home/renigijus/gams/opt-mod-lib/gamslib/mathopt6/convert.opt"
--- Writing Ampl      : mathopt6-scalar.mod

--- Restarting execution
--- mathopt6.gms(62) 2 Mb
--- Reading solution for model m
--- mathopt6.gms(57) 3 Mb
--- Generating DNLP model m
--- mathopt6.gms(62) 5 Mb
--- LOOPS i = rand13
---   1 rows  3 columns  3 non-zeroes
---   35 nl-code  2 nl-non-zeroes
--- mathopt6.gms(62) 3 Mb
--- Executing CONVERT: elapsed 0:00:00.184

Convert 2.0      24.7.4 r58773 Released Sep 19, 2016 LEG x86 64bit/Linux      

--- Using Option File
Reading parameter(s) from "/home/renigijus/gams/opt-mod-lib/gamslib/mathopt6/convert.opt"
>>  ampl mathopt6-scalar.mod
Finished reading from "/home/renigijus/gams/opt-mod-lib/gamslib/mathopt6/convert.opt"
--- Writing Ampl      : mathopt6-scalar.mod

--- Restarting execution
--- mathopt6.gms(62) 2 Mb
--- Reading solution for model m
--- mathopt6.gms(57) 3 Mb
--- Generating DNLP model m
--- mathopt6.gms(62) 5 Mb
--- LOOPS i = rand14
---   1 rows  3 columns  3 non-zeroes
---   35 nl-code  2 nl-non-zeroes
--- mathopt6.gms(62) 3 Mb
--- Executing CONVERT: elapsed 0:00:00.202

Convert 2.0      24.7.4 r58773 Released Sep 19, 2016 LEG x86 64bit/Linux      

--- Using Option File
Reading parameter(s) from "/home/renigijus/gams/opt-mod-lib/gamslib/mathopt6/convert.opt"
>>  ampl mathopt6-scalar.mod
Finished reading from "/home/renigijus/gams/opt-mod-lib/gamslib/mathopt6/convert.opt"
--- Writing Ampl      : mathopt6-scalar.mod

--- Restarting execution
--- mathopt6.gms(62) 2 Mb
--- Reading solution for model m
--- mathopt6.gms(57) 3 Mb
--- Generating DNLP model m
--- mathopt6.gms(62) 5 Mb
--- LOOPS i = rand15
---   1 rows  3 columns  3 non-zeroes
---   35 nl-code  2 nl-non-zeroes
--- mathopt6.gms(62) 3 Mb
--- Executing CONVERT: elapsed 0:00:00.225

Convert 2.0      24.7.4 r58773 Released Sep 19, 2016 LEG x86 64bit/Linux      

--- Using Option File
Reading parameter(s) from "/home/renigijus/gams/opt-mod-lib/gamslib/mathopt6/convert.opt"
>>  ampl mathopt6-scalar.mod
Finished reading from "/home/renigijus/gams/opt-mod-lib/gamslib/mathopt6/convert.opt"
--- Writing Ampl      : mathopt6-scalar.mod

--- Restarting execution
--- mathopt6.gms(62) 2 Mb
--- Reading solution for model m
--- mathopt6.gms(57) 3 Mb
--- Generating DNLP model m
--- mathopt6.gms(62) 5 Mb
--- LOOPS i = rand16
---   1 rows  3 columns  3 non-zeroes
---   35 nl-code  2 nl-non-zeroes
--- mathopt6.gms(62) 3 Mb
--- Executing CONVERT: elapsed 0:00:00.238

Convert 2.0      24.7.4 r58773 Released Sep 19, 2016 LEG x86 64bit/Linux      

--- Using Option File
Reading parameter(s) from "/home/renigijus/gams/opt-mod-lib/gamslib/mathopt6/convert.opt"
>>  ampl mathopt6-scalar.mod
Finished reading from "/home/renigijus/gams/opt-mod-lib/gamslib/mathopt6/convert.opt"
--- Writing Ampl      : mathopt6-scalar.mod

--- Restarting execution
--- mathopt6.gms(62) 2 Mb
--- Reading solution for model m
--- mathopt6.gms(57) 3 Mb
--- Generating DNLP model m
--- mathopt6.gms(62) 5 Mb
--- LOOPS i = rand17
---   1 rows  3 columns  3 non-zeroes
---   35 nl-code  2 nl-non-zeroes
--- mathopt6.gms(62) 3 Mb
--- Executing CONVERT: elapsed 0:00:00.251

Convert 2.0      24.7.4 r58773 Released Sep 19, 2016 LEG x86 64bit/Linux      

--- Using Option File
Reading parameter(s) from "/home/renigijus/gams/opt-mod-lib/gamslib/mathopt6/convert.opt"
>>  ampl mathopt6-scalar.mod
Finished reading from "/home/renigijus/gams/opt-mod-lib/gamslib/mathopt6/convert.opt"
--- Writing Ampl      : mathopt6-scalar.mod

--- Restarting execution
--- mathopt6.gms(62) 2 Mb
--- Reading solution for model m
--- mathopt6.gms(57) 3 Mb
--- Generating DNLP model m
--- mathopt6.gms(62) 5 Mb
--- LOOPS i = rand18
---   1 rows  3 columns  3 non-zeroes
---   35 nl-code  2 nl-non-zeroes
--- mathopt6.gms(62) 3 Mb
--- Executing CONVERT: elapsed 0:00:00.265

Convert 2.0      24.7.4 r58773 Released Sep 19, 2016 LEG x86 64bit/Linux      

--- Using Option File
Reading parameter(s) from "/home/renigijus/gams/opt-mod-lib/gamslib/mathopt6/convert.opt"
>>  ampl mathopt6-scalar.mod
Finished reading from "/home/renigijus/gams/opt-mod-lib/gamslib/mathopt6/convert.opt"
--- Writing Ampl      : mathopt6-scalar.mod

--- Restarting execution
--- mathopt6.gms(62) 2 Mb
--- Reading solution for model m
--- mathopt6.gms(57) 3 Mb
--- Generating DNLP model m
--- mathopt6.gms(62) 5 Mb
--- LOOPS i = rand19
---   1 rows  3 columns  3 non-zeroes
---   35 nl-code  2 nl-non-zeroes
--- mathopt6.gms(62) 3 Mb
--- Executing CONVERT: elapsed 0:00:00.283

Convert 2.0      24.7.4 r58773 Released Sep 19, 2016 LEG x86 64bit/Linux      

--- Using Option File
Reading parameter(s) from "/home/renigijus/gams/opt-mod-lib/gamslib/mathopt6/convert.opt"
>>  ampl mathopt6-scalar.mod
Finished reading from "/home/renigijus/gams/opt-mod-lib/gamslib/mathopt6/convert.opt"
--- Writing Ampl      : mathopt6-scalar.mod

--- Restarting execution
--- mathopt6.gms(62) 2 Mb
--- Reading solution for model m
--- mathopt6.gms(57) 3 Mb
--- Generating DNLP model m
--- mathopt6.gms(62) 5 Mb
--- LOOPS i = rand20
---   1 rows  3 columns  3 non-zeroes
---   35 nl-code  2 nl-non-zeroes
--- mathopt6.gms(62) 3 Mb
--- Executing CONVERT: elapsed 0:00:00.299

Convert 2.0      24.7.4 r58773 Released Sep 19, 2016 LEG x86 64bit/Linux      

--- Using Option File
Reading parameter(s) from "/home/renigijus/gams/opt-mod-lib/gamslib/mathopt6/convert.opt"
>>  ampl mathopt6-scalar.mod
Finished reading from "/home/renigijus/gams/opt-mod-lib/gamslib/mathopt6/convert.opt"
--- Writing Ampl      : mathopt6-scalar.mod

--- Restarting execution
--- mathopt6.gms(62) 2 Mb
--- Reading solution for model m
--- mathopt6.gms(57) 3 Mb
--- Generating DNLP model m
--- mathopt6.gms(62) 5 Mb
--- LOOPS i = rand21
---   1 rows  3 columns  3 non-zeroes
---   35 nl-code  2 nl-non-zeroes
--- mathopt6.gms(62) 3 Mb
--- Executing CONVERT: elapsed 0:00:00.314

Convert 2.0      24.7.4 r58773 Released Sep 19, 2016 LEG x86 64bit/Linux      

--- Using Option File
Reading parameter(s) from "/home/renigijus/gams/opt-mod-lib/gamslib/mathopt6/convert.opt"
>>  ampl mathopt6-scalar.mod
Finished reading from "/home/renigijus/gams/opt-mod-lib/gamslib/mathopt6/convert.opt"
--- Writing Ampl      : mathopt6-scalar.mod

--- Restarting execution
--- mathopt6.gms(62) 2 Mb
--- Reading solution for model m
--- mathopt6.gms(57) 3 Mb
--- Generating DNLP model m
--- mathopt6.gms(62) 5 Mb
--- LOOPS i = rand22
---   1 rows  3 columns  3 non-zeroes
---   35 nl-code  2 nl-non-zeroes
--- mathopt6.gms(62) 3 Mb
--- Executing CONVERT: elapsed 0:00:00.336

Convert 2.0      24.7.4 r58773 Released Sep 19, 2016 LEG x86 64bit/Linux      

--- Using Option File
Reading parameter(s) from "/home/renigijus/gams/opt-mod-lib/gamslib/mathopt6/convert.opt"
>>  ampl mathopt6-scalar.mod
Finished reading from "/home/renigijus/gams/opt-mod-lib/gamslib/mathopt6/convert.opt"
--- Writing Ampl      : mathopt6-scalar.mod

--- Restarting execution
--- mathopt6.gms(62) 2 Mb
--- Reading solution for model m
--- mathopt6.gms(57) 3 Mb
--- Generating DNLP model m
--- mathopt6.gms(62) 5 Mb
--- LOOPS i = rand23
---   1 rows  3 columns  3 non-zeroes
---   35 nl-code  2 nl-non-zeroes
--- mathopt6.gms(62) 3 Mb
--- Executing CONVERT: elapsed 0:00:00.348

Convert 2.0      24.7.4 r58773 Released Sep 19, 2016 LEG x86 64bit/Linux      

--- Using Option File
Reading parameter(s) from "/home/renigijus/gams/opt-mod-lib/gamslib/mathopt6/convert.opt"
>>  ampl mathopt6-scalar.mod
Finished reading from "/home/renigijus/gams/opt-mod-lib/gamslib/mathopt6/convert.opt"
--- Writing Ampl      : mathopt6-scalar.mod

--- Restarting execution
--- mathopt6.gms(62) 2 Mb
--- Reading solution for model m
--- mathopt6.gms(57) 3 Mb
--- Generating DNLP model m
--- mathopt6.gms(62) 5 Mb
--- LOOPS i = rand24
---   1 rows  3 columns  3 non-zeroes
---   35 nl-code  2 nl-non-zeroes
--- mathopt6.gms(62) 3 Mb
--- Executing CONVERT: elapsed 0:00:00.362

Convert 2.0      24.7.4 r58773 Released Sep 19, 2016 LEG x86 64bit/Linux      

--- Using Option File
Reading parameter(s) from "/home/renigijus/gams/opt-mod-lib/gamslib/mathopt6/convert.opt"
>>  ampl mathopt6-scalar.mod
Finished reading from "/home/renigijus/gams/opt-mod-lib/gamslib/mathopt6/convert.opt"
--- Writing Ampl      : mathopt6-scalar.mod

--- Restarting execution
--- mathopt6.gms(62) 2 Mb
--- Reading solution for model m
--- mathopt6.gms(57) 3 Mb
--- Generating DNLP model m
--- mathopt6.gms(62) 5 Mb
--- LOOPS i = rand25
---   1 rows  3 columns  3 non-zeroes
---   35 nl-code  2 nl-non-zeroes
--- mathopt6.gms(62) 3 Mb
--- Executing CONVERT: elapsed 0:00:00.378

Convert 2.0      24.7.4 r58773 Released Sep 19, 2016 LEG x86 64bit/Linux      

--- Using Option File
Reading parameter(s) from "/home/renigijus/gams/opt-mod-lib/gamslib/mathopt6/convert.opt"
>>  ampl mathopt6-scalar.mod
Finished reading from "/home/renigijus/gams/opt-mod-lib/gamslib/mathopt6/convert.opt"
--- Writing Ampl      : mathopt6-scalar.mod

--- Restarting execution
--- mathopt6.gms(62) 2 Mb
--- Reading solution for model m
--- mathopt6.gms(57) 3 Mb
--- Generating DNLP model m
--- mathopt6.gms(62) 5 Mb
--- LOOPS i = rand26
---   1 rows  3 columns  3 non-zeroes
---   35 nl-code  2 nl-non-zeroes
--- mathopt6.gms(62) 3 Mb
--- Executing CONVERT: elapsed 0:00:00.403

Convert 2.0      24.7.4 r58773 Released Sep 19, 2016 LEG x86 64bit/Linux      

--- Using Option File
Reading parameter(s) from "/home/renigijus/gams/opt-mod-lib/gamslib/mathopt6/convert.opt"
>>  ampl mathopt6-scalar.mod
Finished reading from "/home/renigijus/gams/opt-mod-lib/gamslib/mathopt6/convert.opt"
--- Writing Ampl      : mathopt6-scalar.mod

--- Restarting execution
--- mathopt6.gms(62) 2 Mb
--- Reading solution for model m
--- mathopt6.gms(57) 3 Mb
--- Generating DNLP model m
--- mathopt6.gms(62) 5 Mb
--- LOOPS i = rand27
---   1 rows  3 columns  3 non-zeroes
---   35 nl-code  2 nl-non-zeroes
--- mathopt6.gms(62) 3 Mb
--- Executing CONVERT: elapsed 0:00:00.414

Convert 2.0      24.7.4 r58773 Released Sep 19, 2016 LEG x86 64bit/Linux      

--- Using Option File
Reading parameter(s) from "/home/renigijus/gams/opt-mod-lib/gamslib/mathopt6/convert.opt"
>>  ampl mathopt6-scalar.mod
Finished reading from "/home/renigijus/gams/opt-mod-lib/gamslib/mathopt6/convert.opt"
--- Writing Ampl      : mathopt6-scalar.mod

--- Restarting execution
--- mathopt6.gms(62) 2 Mb
--- Reading solution for model m
--- mathopt6.gms(57) 3 Mb
--- Generating DNLP model m
--- mathopt6.gms(62) 5 Mb
--- LOOPS i = rand28
---   1 rows  3 columns  3 non-zeroes
---   35 nl-code  2 nl-non-zeroes
--- mathopt6.gms(62) 3 Mb
--- Executing CONVERT: elapsed 0:00:00.426

Convert 2.0      24.7.4 r58773 Released Sep 19, 2016 LEG x86 64bit/Linux      

--- Using Option File
Reading parameter(s) from "/home/renigijus/gams/opt-mod-lib/gamslib/mathopt6/convert.opt"
>>  ampl mathopt6-scalar.mod
Finished reading from "/home/renigijus/gams/opt-mod-lib/gamslib/mathopt6/convert.opt"
--- Writing Ampl      : mathopt6-scalar.mod

--- Restarting execution
--- mathopt6.gms(62) 2 Mb
--- Reading solution for model m
--- mathopt6.gms(57) 3 Mb
--- Generating DNLP model m
--- mathopt6.gms(62) 5 Mb
--- LOOPS i = rand29
---   1 rows  3 columns  3 non-zeroes
---   35 nl-code  2 nl-non-zeroes
--- mathopt6.gms(62) 3 Mb
--- Executing CONVERT: elapsed 0:00:00.440

Convert 2.0      24.7.4 r58773 Released Sep 19, 2016 LEG x86 64bit/Linux      

--- Using Option File
Reading parameter(s) from "/home/renigijus/gams/opt-mod-lib/gamslib/mathopt6/convert.opt"
>>  ampl mathopt6-scalar.mod
Finished reading from "/home/renigijus/gams/opt-mod-lib/gamslib/mathopt6/convert.opt"
--- Writing Ampl      : mathopt6-scalar.mod

--- Restarting execution
--- mathopt6.gms(62) 2 Mb
--- Reading solution for model m
--- mathopt6.gms(57) 3 Mb
--- Generating DNLP model m
--- mathopt6.gms(62) 5 Mb
--- LOOPS i = rand30
---   1 rows  3 columns  3 non-zeroes
---   35 nl-code  2 nl-non-zeroes
--- mathopt6.gms(62) 3 Mb
--- Executing CONVERT: elapsed 0:00:00.454

Convert 2.0      24.7.4 r58773 Released Sep 19, 2016 LEG x86 64bit/Linux      

--- Using Option File
Reading parameter(s) from "/home/renigijus/gams/opt-mod-lib/gamslib/mathopt6/convert.opt"
>>  ampl mathopt6-scalar.mod
Finished reading from "/home/renigijus/gams/opt-mod-lib/gamslib/mathopt6/convert.opt"
--- Writing Ampl      : mathopt6-scalar.mod

--- Restarting execution
--- mathopt6.gms(62) 2 Mb
--- Reading solution for model m
--- mathopt6.gms(57) 3 Mb
--- Generating DNLP model m
--- mathopt6.gms(62) 5 Mb
--- LOOPS i = rand31
---   1 rows  3 columns  3 non-zeroes
---   35 nl-code  2 nl-non-zeroes
--- mathopt6.gms(62) 3 Mb
--- Executing CONVERT: elapsed 0:00:00.470

Convert 2.0      24.7.4 r58773 Released Sep 19, 2016 LEG x86 64bit/Linux      

--- Using Option File
Reading parameter(s) from "/home/renigijus/gams/opt-mod-lib/gamslib/mathopt6/convert.opt"
>>  ampl mathopt6-scalar.mod
Finished reading from "/home/renigijus/gams/opt-mod-lib/gamslib/mathopt6/convert.opt"
--- Writing Ampl      : mathopt6-scalar.mod

--- Restarting execution
--- mathopt6.gms(62) 2 Mb
--- Reading solution for model m
--- mathopt6.gms(57) 3 Mb
--- Generating DNLP model m
--- mathopt6.gms(62) 5 Mb
--- LOOPS i = rand32
---   1 rows  3 columns  3 non-zeroes
---   35 nl-code  2 nl-non-zeroes
--- mathopt6.gms(62) 3 Mb
--- Executing CONVERT: elapsed 0:00:00.482

Convert 2.0      24.7.4 r58773 Released Sep 19, 2016 LEG x86 64bit/Linux      

--- Using Option File
Reading parameter(s) from "/home/renigijus/gams/opt-mod-lib/gamslib/mathopt6/convert.opt"
>>  ampl mathopt6-scalar.mod
Finished reading from "/home/renigijus/gams/opt-mod-lib/gamslib/mathopt6/convert.opt"
--- Writing Ampl      : mathopt6-scalar.mod

--- Restarting execution
--- mathopt6.gms(62) 2 Mb
--- Reading solution for model m
--- mathopt6.gms(57) 3 Mb
--- Generating DNLP model m
--- mathopt6.gms(62) 5 Mb
--- LOOPS i = rand33
---   1 rows  3 columns  3 non-zeroes
---   35 nl-code  2 nl-non-zeroes
--- mathopt6.gms(62) 3 Mb
--- Executing CONVERT: elapsed 0:00:00.498

Convert 2.0      24.7.4 r58773 Released Sep 19, 2016 LEG x86 64bit/Linux      

--- Using Option File
Reading parameter(s) from "/home/renigijus/gams/opt-mod-lib/gamslib/mathopt6/convert.opt"
>>  ampl mathopt6-scalar.mod
Finished reading from "/home/renigijus/gams/opt-mod-lib/gamslib/mathopt6/convert.opt"
--- Writing Ampl      : mathopt6-scalar.mod

--- Restarting execution
--- mathopt6.gms(62) 2 Mb
--- Reading solution for model m
--- mathopt6.gms(57) 3 Mb
--- Generating DNLP model m
--- mathopt6.gms(62) 5 Mb
--- LOOPS i = rand34
---   1 rows  3 columns  3 non-zeroes
---   35 nl-code  2 nl-non-zeroes
--- mathopt6.gms(62) 3 Mb
--- Executing CONVERT: elapsed 0:00:00.515

Convert 2.0      24.7.4 r58773 Released Sep 19, 2016 LEG x86 64bit/Linux      

--- Using Option File
Reading parameter(s) from "/home/renigijus/gams/opt-mod-lib/gamslib/mathopt6/convert.opt"
>>  ampl mathopt6-scalar.mod
Finished reading from "/home/renigijus/gams/opt-mod-lib/gamslib/mathopt6/convert.opt"
--- Writing Ampl      : mathopt6-scalar.mod

--- Restarting execution
--- mathopt6.gms(62) 2 Mb
--- Reading solution for model m
--- mathopt6.gms(57) 3 Mb
--- Generating DNLP model m
--- mathopt6.gms(62) 5 Mb
--- LOOPS i = rand35
---   1 rows  3 columns  3 non-zeroes
---   35 nl-code  2 nl-non-zeroes
--- mathopt6.gms(62) 3 Mb
--- Executing CONVERT: elapsed 0:00:00.526

Convert 2.0      24.7.4 r58773 Released Sep 19, 2016 LEG x86 64bit/Linux      

--- Using Option File
Reading parameter(s) from "/home/renigijus/gams/opt-mod-lib/gamslib/mathopt6/convert.opt"
>>  ampl mathopt6-scalar.mod
Finished reading from "/home/renigijus/gams/opt-mod-lib/gamslib/mathopt6/convert.opt"
--- Writing Ampl      : mathopt6-scalar.mod

--- Restarting execution
--- mathopt6.gms(62) 2 Mb
--- Reading solution for model m
--- mathopt6.gms(57) 3 Mb
--- Generating DNLP model m
--- mathopt6.gms(62) 5 Mb
--- LOOPS i = rand36
---   1 rows  3 columns  3 non-zeroes
---   35 nl-code  2 nl-non-zeroes
--- mathopt6.gms(62) 3 Mb
--- Executing CONVERT: elapsed 0:00:00.540

Convert 2.0      24.7.4 r58773 Released Sep 19, 2016 LEG x86 64bit/Linux      

--- Using Option File
Reading parameter(s) from "/home/renigijus/gams/opt-mod-lib/gamslib/mathopt6/convert.opt"
>>  ampl mathopt6-scalar.mod
Finished reading from "/home/renigijus/gams/opt-mod-lib/gamslib/mathopt6/convert.opt"
--- Writing Ampl      : mathopt6-scalar.mod

--- Restarting execution
--- mathopt6.gms(62) 2 Mb
--- Reading solution for model m
--- mathopt6.gms(57) 3 Mb
--- Generating DNLP model m
--- mathopt6.gms(62) 5 Mb
--- LOOPS i = rand37
---   1 rows  3 columns  3 non-zeroes
---   35 nl-code  2 nl-non-zeroes
--- mathopt6.gms(62) 3 Mb
--- Executing CONVERT: elapsed 0:00:00.554

Convert 2.0      24.7.4 r58773 Released Sep 19, 2016 LEG x86 64bit/Linux      

--- Using Option File
Reading parameter(s) from "/home/renigijus/gams/opt-mod-lib/gamslib/mathopt6/convert.opt"
>>  ampl mathopt6-scalar.mod
Finished reading from "/home/renigijus/gams/opt-mod-lib/gamslib/mathopt6/convert.opt"
--- Writing Ampl      : mathopt6-scalar.mod

--- Restarting execution
--- mathopt6.gms(62) 2 Mb
--- Reading solution for model m
--- mathopt6.gms(57) 3 Mb
--- Generating DNLP model m
--- mathopt6.gms(62) 5 Mb
--- LOOPS i = rand38
---   1 rows  3 columns  3 non-zeroes
---   35 nl-code  2 nl-non-zeroes
--- mathopt6.gms(62) 3 Mb
--- Executing CONVERT: elapsed 0:00:00.568

Convert 2.0      24.7.4 r58773 Released Sep 19, 2016 LEG x86 64bit/Linux      

--- Using Option File
Reading parameter(s) from "/home/renigijus/gams/opt-mod-lib/gamslib/mathopt6/convert.opt"
>>  ampl mathopt6-scalar.mod
Finished reading from "/home/renigijus/gams/opt-mod-lib/gamslib/mathopt6/convert.opt"
--- Writing Ampl      : mathopt6-scalar.mod

--- Restarting execution
--- mathopt6.gms(62) 2 Mb
--- Reading solution for model m
--- mathopt6.gms(57) 3 Mb
--- Generating DNLP model m
--- mathopt6.gms(62) 5 Mb
--- LOOPS i = rand39
---   1 rows  3 columns  3 non-zeroes
---   35 nl-code  2 nl-non-zeroes
--- mathopt6.gms(62) 3 Mb
--- Executing CONVERT: elapsed 0:00:00.584

Convert 2.0      24.7.4 r58773 Released Sep 19, 2016 LEG x86 64bit/Linux      

--- Using Option File
Reading parameter(s) from "/home/renigijus/gams/opt-mod-lib/gamslib/mathopt6/convert.opt"
>>  ampl mathopt6-scalar.mod
Finished reading from "/home/renigijus/gams/opt-mod-lib/gamslib/mathopt6/convert.opt"
--- Writing Ampl      : mathopt6-scalar.mod

--- Restarting execution
--- mathopt6.gms(62) 2 Mb
--- Reading solution for model m
--- mathopt6.gms(57) 3 Mb
--- Generating DNLP model m
--- mathopt6.gms(62) 5 Mb
--- LOOPS i = rand40
---   1 rows  3 columns  3 non-zeroes
---   35 nl-code  2 nl-non-zeroes
--- mathopt6.gms(62) 3 Mb
--- Executing CONVERT: elapsed 0:00:00.599

Convert 2.0      24.7.4 r58773 Released Sep 19, 2016 LEG x86 64bit/Linux      

--- Using Option File
Reading parameter(s) from "/home/renigijus/gams/opt-mod-lib/gamslib/mathopt6/convert.opt"
>>  ampl mathopt6-scalar.mod
Finished reading from "/home/renigijus/gams/opt-mod-lib/gamslib/mathopt6/convert.opt"
--- Writing Ampl      : mathopt6-scalar.mod

--- Restarting execution
--- mathopt6.gms(62) 2 Mb
--- Reading solution for model m
--- mathopt6.gms(57) 3 Mb
--- Generating DNLP model m
--- mathopt6.gms(62) 5 Mb
--- LOOPS i = rand41
---   1 rows  3 columns  3 non-zeroes
---   35 nl-code  2 nl-non-zeroes
--- mathopt6.gms(62) 3 Mb
--- Executing CONVERT: elapsed 0:00:00.611

Convert 2.0      24.7.4 r58773 Released Sep 19, 2016 LEG x86 64bit/Linux      

--- Using Option File
Reading parameter(s) from "/home/renigijus/gams/opt-mod-lib/gamslib/mathopt6/convert.opt"
>>  ampl mathopt6-scalar.mod
Finished reading from "/home/renigijus/gams/opt-mod-lib/gamslib/mathopt6/convert.opt"
--- Writing Ampl      : mathopt6-scalar.mod

--- Restarting execution
--- mathopt6.gms(62) 2 Mb
--- Reading solution for model m
--- mathopt6.gms(57) 3 Mb
--- Generating DNLP model m
--- mathopt6.gms(62) 5 Mb
--- LOOPS i = rand42
---   1 rows  3 columns  3 non-zeroes
---   35 nl-code  2 nl-non-zeroes
--- mathopt6.gms(62) 3 Mb
--- Executing CONVERT: elapsed 0:00:00.622

Convert 2.0      24.7.4 r58773 Released Sep 19, 2016 LEG x86 64bit/Linux      

--- Using Option File
Reading parameter(s) from "/home/renigijus/gams/opt-mod-lib/gamslib/mathopt6/convert.opt"
>>  ampl mathopt6-scalar.mod
Finished reading from "/home/renigijus/gams/opt-mod-lib/gamslib/mathopt6/convert.opt"
--- Writing Ampl      : mathopt6-scalar.mod

--- Restarting execution
--- mathopt6.gms(62) 2 Mb
--- Reading solution for model m
--- mathopt6.gms(57) 3 Mb
--- Generating DNLP model m
--- mathopt6.gms(62) 5 Mb
--- LOOPS i = rand43
---   1 rows  3 columns  3 non-zeroes
---   35 nl-code  2 nl-non-zeroes
--- mathopt6.gms(62) 3 Mb
--- Executing CONVERT: elapsed 0:00:00.636

Convert 2.0      24.7.4 r58773 Released Sep 19, 2016 LEG x86 64bit/Linux      

--- Using Option File
Reading parameter(s) from "/home/renigijus/gams/opt-mod-lib/gamslib/mathopt6/convert.opt"
>>  ampl mathopt6-scalar.mod
Finished reading from "/home/renigijus/gams/opt-mod-lib/gamslib/mathopt6/convert.opt"
--- Writing Ampl      : mathopt6-scalar.mod

--- Restarting execution
--- mathopt6.gms(62) 2 Mb
--- Reading solution for model m
--- mathopt6.gms(57) 3 Mb
--- Generating DNLP model m
--- mathopt6.gms(62) 5 Mb
--- LOOPS i = rand44
---   1 rows  3 columns  3 non-zeroes
---   35 nl-code  2 nl-non-zeroes
--- mathopt6.gms(62) 3 Mb
--- Executing CONVERT: elapsed 0:00:00.647

Convert 2.0      24.7.4 r58773 Released Sep 19, 2016 LEG x86 64bit/Linux      

--- Using Option File
Reading parameter(s) from "/home/renigijus/gams/opt-mod-lib/gamslib/mathopt6/convert.opt"
>>  ampl mathopt6-scalar.mod
Finished reading from "/home/renigijus/gams/opt-mod-lib/gamslib/mathopt6/convert.opt"
--- Writing Ampl      : mathopt6-scalar.mod

--- Restarting execution
--- mathopt6.gms(62) 2 Mb
--- Reading solution for model m
--- mathopt6.gms(57) 3 Mb
--- Generating DNLP model m
--- mathopt6.gms(62) 5 Mb
--- LOOPS i = rand45
---   1 rows  3 columns  3 non-zeroes
---   35 nl-code  2 nl-non-zeroes
--- mathopt6.gms(62) 3 Mb
--- Executing CONVERT: elapsed 0:00:00.660

Convert 2.0      24.7.4 r58773 Released Sep 19, 2016 LEG x86 64bit/Linux      

--- Using Option File
Reading parameter(s) from "/home/renigijus/gams/opt-mod-lib/gamslib/mathopt6/convert.opt"
>>  ampl mathopt6-scalar.mod
Finished reading from "/home/renigijus/gams/opt-mod-lib/gamslib/mathopt6/convert.opt"
--- Writing Ampl      : mathopt6-scalar.mod

--- Restarting execution
--- mathopt6.gms(62) 2 Mb
--- Reading solution for model m
--- mathopt6.gms(57) 3 Mb
--- Generating DNLP model m
--- mathopt6.gms(62) 5 Mb
--- LOOPS i = rand46
---   1 rows  3 columns  3 non-zeroes
---   35 nl-code  2 nl-non-zeroes
--- mathopt6.gms(62) 3 Mb
--- Executing CONVERT: elapsed 0:00:00.678

Convert 2.0      24.7.4 r58773 Released Sep 19, 2016 LEG x86 64bit/Linux      

--- Using Option File
Reading parameter(s) from "/home/renigijus/gams/opt-mod-lib/gamslib/mathopt6/convert.opt"
>>  ampl mathopt6-scalar.mod
Finished reading from "/home/renigijus/gams/opt-mod-lib/gamslib/mathopt6/convert.opt"
--- Writing Ampl      : mathopt6-scalar.mod

--- Restarting execution
--- mathopt6.gms(62) 2 Mb
--- Reading solution for model m
--- mathopt6.gms(57) 3 Mb
--- Generating DNLP model m
--- mathopt6.gms(62) 5 Mb
--- LOOPS i = rand47
---   1 rows  3 columns  3 non-zeroes
---   35 nl-code  2 nl-non-zeroes
--- mathopt6.gms(62) 3 Mb
--- Executing CONVERT: elapsed 0:00:00.692

Convert 2.0      24.7.4 r58773 Released Sep 19, 2016 LEG x86 64bit/Linux      

--- Using Option File
Reading parameter(s) from "/home/renigijus/gams/opt-mod-lib/gamslib/mathopt6/convert.opt"
>>  ampl mathopt6-scalar.mod
Finished reading from "/home/renigijus/gams/opt-mod-lib/gamslib/mathopt6/convert.opt"
--- Writing Ampl      : mathopt6-scalar.mod

--- Restarting execution
--- mathopt6.gms(62) 2 Mb
--- Reading solution for model m
--- mathopt6.gms(57) 3 Mb
--- Generating DNLP model m
--- mathopt6.gms(62) 5 Mb
--- LOOPS i = rand48
---   1 rows  3 columns  3 non-zeroes
---   35 nl-code  2 nl-non-zeroes
--- mathopt6.gms(62) 3 Mb
--- Executing CONVERT: elapsed 0:00:00.704

Convert 2.0      24.7.4 r58773 Released Sep 19, 2016 LEG x86 64bit/Linux      

--- Using Option File
Reading parameter(s) from "/home/renigijus/gams/opt-mod-lib/gamslib/mathopt6/convert.opt"
>>  ampl mathopt6-scalar.mod
Finished reading from "/home/renigijus/gams/opt-mod-lib/gamslib/mathopt6/convert.opt"
--- Writing Ampl      : mathopt6-scalar.mod

--- Restarting execution
--- mathopt6.gms(62) 2 Mb
--- Reading solution for model m
--- mathopt6.gms(57) 3 Mb
--- Generating DNLP model m
--- mathopt6.gms(62) 5 Mb
--- LOOPS i = rand49
---   1 rows  3 columns  3 non-zeroes
---   35 nl-code  2 nl-non-zeroes
--- mathopt6.gms(62) 3 Mb
--- Executing CONVERT: elapsed 0:00:00.716

Convert 2.0      24.7.4 r58773 Released Sep 19, 2016 LEG x86 64bit/Linux      

--- Using Option File
Reading parameter(s) from "/home/renigijus/gams/opt-mod-lib/gamslib/mathopt6/convert.opt"
>>  ampl mathopt6-scalar.mod
Finished reading from "/home/renigijus/gams/opt-mod-lib/gamslib/mathopt6/convert.opt"
--- Writing Ampl      : mathopt6-scalar.mod

--- Restarting execution
--- mathopt6.gms(62) 2 Mb
--- Reading solution for model m
--- mathopt6.gms(57) 3 Mb
--- Generating DNLP model m
--- mathopt6.gms(62) 5 Mb
--- LOOPS i = rand50
---   1 rows  3 columns  3 non-zeroes
---   35 nl-code  2 nl-non-zeroes
--- mathopt6.gms(62) 3 Mb
--- Executing CONVERT: elapsed 0:00:00.838

Convert 2.0      24.7.4 r58773 Released Sep 19, 2016 LEG x86 64bit/Linux      

--- Using Option File
Reading parameter(s) from "/home/renigijus/gams/opt-mod-lib/gamslib/mathopt6/convert.opt"
>>  ampl mathopt6-scalar.mod
Finished reading from "/home/renigijus/gams/opt-mod-lib/gamslib/mathopt6/convert.opt"
--- Writing Ampl      : mathopt6-scalar.mod

--- Restarting execution
--- mathopt6.gms(62) 2 Mb
--- Reading solution for model m
--- mathopt6.gms(57) 3 Mb
--- Generating DNLP model m
--- mathopt6.gms(62) 5 Mb
--- LOOPS i = rand51
---   1 rows  3 columns  3 non-zeroes
---   35 nl-code  2 nl-non-zeroes
--- mathopt6.gms(62) 3 Mb
--- Executing CONVERT: elapsed 0:00:00.854

Convert 2.0      24.7.4 r58773 Released Sep 19, 2016 LEG x86 64bit/Linux      

--- Using Option File
Reading parameter(s) from "/home/renigijus/gams/opt-mod-lib/gamslib/mathopt6/convert.opt"
>>  ampl mathopt6-scalar.mod
Finished reading from "/home/renigijus/gams/opt-mod-lib/gamslib/mathopt6/convert.opt"
--- Writing Ampl      : mathopt6-scalar.mod

--- Restarting execution
--- mathopt6.gms(62) 2 Mb
--- Reading solution for model m
--- mathopt6.gms(57) 3 Mb
--- Generating DNLP model m
--- mathopt6.gms(62) 5 Mb
--- LOOPS i = rand52
---   1 rows  3 columns  3 non-zeroes
---   35 nl-code  2 nl-non-zeroes
--- mathopt6.gms(62) 3 Mb
--- Executing CONVERT: elapsed 0:00:00.869

Convert 2.0      24.7.4 r58773 Released Sep 19, 2016 LEG x86 64bit/Linux      

--- Using Option File
Reading parameter(s) from "/home/renigijus/gams/opt-mod-lib/gamslib/mathopt6/convert.opt"
>>  ampl mathopt6-scalar.mod
Finished reading from "/home/renigijus/gams/opt-mod-lib/gamslib/mathopt6/convert.opt"
--- Writing Ampl      : mathopt6-scalar.mod

--- Restarting execution
--- mathopt6.gms(62) 2 Mb
--- Reading solution for model m
--- mathopt6.gms(57) 3 Mb
--- Generating DNLP model m
--- mathopt6.gms(62) 5 Mb
--- LOOPS i = rand53
---   1 rows  3 columns  3 non-zeroes
---   35 nl-code  2 nl-non-zeroes
--- mathopt6.gms(62) 3 Mb
--- Executing CONVERT: elapsed 0:00:00.884

Convert 2.0      24.7.4 r58773 Released Sep 19, 2016 LEG x86 64bit/Linux      

--- Using Option File
Reading parameter(s) from "/home/renigijus/gams/opt-mod-lib/gamslib/mathopt6/convert.opt"
>>  ampl mathopt6-scalar.mod
Finished reading from "/home/renigijus/gams/opt-mod-lib/gamslib/mathopt6/convert.opt"
--- Writing Ampl      : mathopt6-scalar.mod

--- Restarting execution
--- mathopt6.gms(62) 2 Mb
--- Reading solution for model m
--- mathopt6.gms(57) 3 Mb
--- Generating DNLP model m
--- mathopt6.gms(62) 5 Mb
--- LOOPS i = rand54
---   1 rows  3 columns  3 non-zeroes
---   35 nl-code  2 nl-non-zeroes
--- mathopt6.gms(62) 3 Mb
--- Executing CONVERT: elapsed 0:00:00.900

Convert 2.0      24.7.4 r58773 Released Sep 19, 2016 LEG x86 64bit/Linux      

--- Using Option File
Reading parameter(s) from "/home/renigijus/gams/opt-mod-lib/gamslib/mathopt6/convert.opt"
>>  ampl mathopt6-scalar.mod
Finished reading from "/home/renigijus/gams/opt-mod-lib/gamslib/mathopt6/convert.opt"
--- Writing Ampl      : mathopt6-scalar.mod

--- Restarting execution
--- mathopt6.gms(62) 2 Mb
--- Reading solution for model m
--- mathopt6.gms(57) 3 Mb
--- Generating DNLP model m
--- mathopt6.gms(62) 5 Mb
--- LOOPS i = rand55
---   1 rows  3 columns  3 non-zeroes
---   35 nl-code  2 nl-non-zeroes
--- mathopt6.gms(62) 3 Mb
--- Executing CONVERT: elapsed 0:00:00.916

Convert 2.0      24.7.4 r58773 Released Sep 19, 2016 LEG x86 64bit/Linux      

--- Using Option File
Reading parameter(s) from "/home/renigijus/gams/opt-mod-lib/gamslib/mathopt6/convert.opt"
>>  ampl mathopt6-scalar.mod
Finished reading from "/home/renigijus/gams/opt-mod-lib/gamslib/mathopt6/convert.opt"
--- Writing Ampl      : mathopt6-scalar.mod

--- Restarting execution
--- mathopt6.gms(62) 2 Mb
--- Reading solution for model m
--- mathopt6.gms(57) 3 Mb
--- Generating DNLP model m
--- mathopt6.gms(62) 5 Mb
--- LOOPS i = rand56
---   1 rows  3 columns  3 non-zeroes
---   35 nl-code  2 nl-non-zeroes
--- mathopt6.gms(62) 3 Mb
--- Executing CONVERT: elapsed 0:00:00.930

Convert 2.0      24.7.4 r58773 Released Sep 19, 2016 LEG x86 64bit/Linux      

--- Using Option File
Reading parameter(s) from "/home/renigijus/gams/opt-mod-lib/gamslib/mathopt6/convert.opt"
>>  ampl mathopt6-scalar.mod
Finished reading from "/home/renigijus/gams/opt-mod-lib/gamslib/mathopt6/convert.opt"
--- Writing Ampl      : mathopt6-scalar.mod

--- Restarting execution
--- mathopt6.gms(62) 2 Mb
--- Reading solution for model m
--- mathopt6.gms(57) 3 Mb
--- Generating DNLP model m
--- mathopt6.gms(62) 5 Mb
--- LOOPS i = rand57
---   1 rows  3 columns  3 non-zeroes
---   35 nl-code  2 nl-non-zeroes
--- mathopt6.gms(62) 3 Mb
--- Executing CONVERT: elapsed 0:00:00.943

Convert 2.0      24.7.4 r58773 Released Sep 19, 2016 LEG x86 64bit/Linux      

--- Using Option File
Reading parameter(s) from "/home/renigijus/gams/opt-mod-lib/gamslib/mathopt6/convert.opt"
>>  ampl mathopt6-scalar.mod
Finished reading from "/home/renigijus/gams/opt-mod-lib/gamslib/mathopt6/convert.opt"
--- Writing Ampl      : mathopt6-scalar.mod

--- Restarting execution
--- mathopt6.gms(62) 2 Mb
--- Reading solution for model m
--- mathopt6.gms(57) 3 Mb
--- Generating DNLP model m
--- mathopt6.gms(62) 5 Mb
--- LOOPS i = rand58
---   1 rows  3 columns  3 non-zeroes
---   35 nl-code  2 nl-non-zeroes
--- mathopt6.gms(62) 3 Mb
--- Executing CONVERT: elapsed 0:00:00.957

Convert 2.0      24.7.4 r58773 Released Sep 19, 2016 LEG x86 64bit/Linux      

--- Using Option File
Reading parameter(s) from "/home/renigijus/gams/opt-mod-lib/gamslib/mathopt6/convert.opt"
>>  ampl mathopt6-scalar.mod
Finished reading from "/home/renigijus/gams/opt-mod-lib/gamslib/mathopt6/convert.opt"
--- Writing Ampl      : mathopt6-scalar.mod

--- Restarting execution
--- mathopt6.gms(62) 2 Mb
--- Reading solution for model m
--- mathopt6.gms(57) 3 Mb
--- Generating DNLP model m
--- mathopt6.gms(62) 5 Mb
--- LOOPS i = rand59
---   1 rows  3 columns  3 non-zeroes
---   35 nl-code  2 nl-non-zeroes
--- mathopt6.gms(62) 3 Mb
--- Executing CONVERT: elapsed 0:00:00.974

Convert 2.0      24.7.4 r58773 Released Sep 19, 2016 LEG x86 64bit/Linux      

--- Using Option File
Reading parameter(s) from "/home/renigijus/gams/opt-mod-lib/gamslib/mathopt6/convert.opt"
>>  ampl mathopt6-scalar.mod
Finished reading from "/home/renigijus/gams/opt-mod-lib/gamslib/mathopt6/convert.opt"
--- Writing Ampl      : mathopt6-scalar.mod

--- Restarting execution
--- mathopt6.gms(62) 2 Mb
--- Reading solution for model m
--- mathopt6.gms(57) 3 Mb
--- Generating DNLP model m
--- mathopt6.gms(62) 5 Mb
--- LOOPS i = rand60
---   1 rows  3 columns  3 non-zeroes
---   35 nl-code  2 nl-non-zeroes
--- mathopt6.gms(62) 3 Mb
--- Executing CONVERT: elapsed 0:00:00.991

Convert 2.0      24.7.4 r58773 Released Sep 19, 2016 LEG x86 64bit/Linux      

--- Using Option File
Reading parameter(s) from "/home/renigijus/gams/opt-mod-lib/gamslib/mathopt6/convert.opt"
>>  ampl mathopt6-scalar.mod
Finished reading from "/home/renigijus/gams/opt-mod-lib/gamslib/mathopt6/convert.opt"
--- Writing Ampl      : mathopt6-scalar.mod

--- Restarting execution
--- mathopt6.gms(62) 2 Mb
--- Reading solution for model m
--- mathopt6.gms(57) 3 Mb
--- Generating DNLP model m
--- mathopt6.gms(62) 5 Mb
--- LOOPS i = rand61
---   1 rows  3 columns  3 non-zeroes
---   35 nl-code  2 nl-non-zeroes
--- mathopt6.gms(62) 3 Mb
--- Executing CONVERT: elapsed 0:00:01.006

Convert 2.0      24.7.4 r58773 Released Sep 19, 2016 LEG x86 64bit/Linux      

--- Using Option File
Reading parameter(s) from "/home/renigijus/gams/opt-mod-lib/gamslib/mathopt6/convert.opt"
>>  ampl mathopt6-scalar.mod
Finished reading from "/home/renigijus/gams/opt-mod-lib/gamslib/mathopt6/convert.opt"
--- Writing Ampl      : mathopt6-scalar.mod

--- Restarting execution
--- mathopt6.gms(62) 2 Mb
--- Reading solution for model m
--- mathopt6.gms(57) 3 Mb
--- Generating DNLP model m
--- mathopt6.gms(62) 5 Mb
--- LOOPS i = rand62
---   1 rows  3 columns  3 non-zeroes
---   35 nl-code  2 nl-non-zeroes
--- mathopt6.gms(62) 3 Mb
--- Executing CONVERT: elapsed 0:00:01.027

Convert 2.0      24.7.4 r58773 Released Sep 19, 2016 LEG x86 64bit/Linux      

--- Using Option File
Reading parameter(s) from "/home/renigijus/gams/opt-mod-lib/gamslib/mathopt6/convert.opt"
>>  ampl mathopt6-scalar.mod
Finished reading from "/home/renigijus/gams/opt-mod-lib/gamslib/mathopt6/convert.opt"
--- Writing Ampl      : mathopt6-scalar.mod

--- Restarting execution
--- mathopt6.gms(62) 2 Mb
--- Reading solution for model m
--- mathopt6.gms(57) 3 Mb
--- Generating DNLP model m
--- mathopt6.gms(62) 5 Mb
--- LOOPS i = rand63
---   1 rows  3 columns  3 non-zeroes
---   35 nl-code  2 nl-non-zeroes
--- mathopt6.gms(62) 3 Mb
--- Executing CONVERT: elapsed 0:00:01.040

Convert 2.0      24.7.4 r58773 Released Sep 19, 2016 LEG x86 64bit/Linux      

--- Using Option File
Reading parameter(s) from "/home/renigijus/gams/opt-mod-lib/gamslib/mathopt6/convert.opt"
>>  ampl mathopt6-scalar.mod
Finished reading from "/home/renigijus/gams/opt-mod-lib/gamslib/mathopt6/convert.opt"
--- Writing Ampl      : mathopt6-scalar.mod

--- Restarting execution
--- mathopt6.gms(62) 2 Mb
--- Reading solution for model m
--- mathopt6.gms(57) 3 Mb
--- Generating DNLP model m
--- mathopt6.gms(62) 5 Mb
--- LOOPS i = rand64
---   1 rows  3 columns  3 non-zeroes
---   35 nl-code  2 nl-non-zeroes
--- mathopt6.gms(62) 3 Mb
--- Executing CONVERT: elapsed 0:00:01.054

Convert 2.0      24.7.4 r58773 Released Sep 19, 2016 LEG x86 64bit/Linux      

--- Using Option File
Reading parameter(s) from "/home/renigijus/gams/opt-mod-lib/gamslib/mathopt6/convert.opt"
>>  ampl mathopt6-scalar.mod
Finished reading from "/home/renigijus/gams/opt-mod-lib/gamslib/mathopt6/convert.opt"
--- Writing Ampl      : mathopt6-scalar.mod

--- Restarting execution
--- mathopt6.gms(62) 2 Mb
--- Reading solution for model m
--- mathopt6.gms(57) 3 Mb
--- Generating DNLP model m
--- mathopt6.gms(62) 5 Mb
--- LOOPS i = rand65
---   1 rows  3 columns  3 non-zeroes
---   35 nl-code  2 nl-non-zeroes
--- mathopt6.gms(62) 3 Mb
--- Executing CONVERT: elapsed 0:00:01.068

Convert 2.0      24.7.4 r58773 Released Sep 19, 2016 LEG x86 64bit/Linux      

--- Using Option File
Reading parameter(s) from "/home/renigijus/gams/opt-mod-lib/gamslib/mathopt6/convert.opt"
>>  ampl mathopt6-scalar.mod
Finished reading from "/home/renigijus/gams/opt-mod-lib/gamslib/mathopt6/convert.opt"
--- Writing Ampl      : mathopt6-scalar.mod

--- Restarting execution
--- mathopt6.gms(62) 2 Mb
--- Reading solution for model m
--- mathopt6.gms(57) 3 Mb
--- Generating DNLP model m
--- mathopt6.gms(62) 5 Mb
--- LOOPS i = rand66
---   1 rows  3 columns  3 non-zeroes
---   35 nl-code  2 nl-non-zeroes
--- mathopt6.gms(62) 3 Mb
--- Executing CONVERT: elapsed 0:00:01.098

Convert 2.0      24.7.4 r58773 Released Sep 19, 2016 LEG x86 64bit/Linux      

--- Using Option File
Reading parameter(s) from "/home/renigijus/gams/opt-mod-lib/gamslib/mathopt6/convert.opt"
>>  ampl mathopt6-scalar.mod
Finished reading from "/home/renigijus/gams/opt-mod-lib/gamslib/mathopt6/convert.opt"
--- Writing Ampl      : mathopt6-scalar.mod

--- Restarting execution
--- mathopt6.gms(62) 2 Mb
--- Reading solution for model m
--- mathopt6.gms(57) 3 Mb
--- Generating DNLP model m
--- mathopt6.gms(62) 5 Mb
--- LOOPS i = rand67
---   1 rows  3 columns  3 non-zeroes
---   35 nl-code  2 nl-non-zeroes
--- mathopt6.gms(62) 3 Mb
--- Executing CONVERT: elapsed 0:00:01.110

Convert 2.0      24.7.4 r58773 Released Sep 19, 2016 LEG x86 64bit/Linux      

--- Using Option File
Reading parameter(s) from "/home/renigijus/gams/opt-mod-lib/gamslib/mathopt6/convert.opt"
>>  ampl mathopt6-scalar.mod
Finished reading from "/home/renigijus/gams/opt-mod-lib/gamslib/mathopt6/convert.opt"
--- Writing Ampl      : mathopt6-scalar.mod

--- Restarting execution
--- mathopt6.gms(62) 2 Mb
--- Reading solution for model m
--- mathopt6.gms(57) 3 Mb
--- Generating DNLP model m
--- mathopt6.gms(62) 5 Mb
--- LOOPS i = rand68
---   1 rows  3 columns  3 non-zeroes
---   35 nl-code  2 nl-non-zeroes
--- mathopt6.gms(62) 3 Mb
--- Executing CONVERT: elapsed 0:00:01.124

Convert 2.0      24.7.4 r58773 Released Sep 19, 2016 LEG x86 64bit/Linux      

--- Using Option File
Reading parameter(s) from "/home/renigijus/gams/opt-mod-lib/gamslib/mathopt6/convert.opt"
>>  ampl mathopt6-scalar.mod
Finished reading from "/home/renigijus/gams/opt-mod-lib/gamslib/mathopt6/convert.opt"
--- Writing Ampl      : mathopt6-scalar.mod

--- Restarting execution
--- mathopt6.gms(62) 2 Mb
--- Reading solution for model m
--- mathopt6.gms(57) 3 Mb
--- Generating DNLP model m
--- mathopt6.gms(62) 5 Mb
--- LOOPS i = rand69
---   1 rows  3 columns  3 non-zeroes
---   35 nl-code  2 nl-non-zeroes
--- mathopt6.gms(62) 3 Mb
--- Executing CONVERT: elapsed 0:00:01.142

Convert 2.0      24.7.4 r58773 Released Sep 19, 2016 LEG x86 64bit/Linux      

--- Using Option File
Reading parameter(s) from "/home/renigijus/gams/opt-mod-lib/gamslib/mathopt6/convert.opt"
>>  ampl mathopt6-scalar.mod
Finished reading from "/home/renigijus/gams/opt-mod-lib/gamslib/mathopt6/convert.opt"
--- Writing Ampl      : mathopt6-scalar.mod

--- Restarting execution
--- mathopt6.gms(62) 2 Mb
--- Reading solution for model m
--- mathopt6.gms(57) 3 Mb
--- Generating DNLP model m
--- mathopt6.gms(62) 5 Mb
--- LOOPS i = rand70
---   1 rows  3 columns  3 non-zeroes
---   35 nl-code  2 nl-non-zeroes
--- mathopt6.gms(62) 3 Mb
--- Executing CONVERT: elapsed 0:00:01.156

Convert 2.0      24.7.4 r58773 Released Sep 19, 2016 LEG x86 64bit/Linux      

--- Using Option File
Reading parameter(s) from "/home/renigijus/gams/opt-mod-lib/gamslib/mathopt6/convert.opt"
>>  ampl mathopt6-scalar.mod
Finished reading from "/home/renigijus/gams/opt-mod-lib/gamslib/mathopt6/convert.opt"
--- Writing Ampl      : mathopt6-scalar.mod

--- Restarting execution
--- mathopt6.gms(62) 2 Mb
--- Reading solution for model m
--- mathopt6.gms(57) 3 Mb
--- Generating DNLP model m
--- mathopt6.gms(62) 5 Mb
--- LOOPS i = rand71
---   1 rows  3 columns  3 non-zeroes
---   35 nl-code  2 nl-non-zeroes
--- mathopt6.gms(62) 3 Mb
--- Executing CONVERT: elapsed 0:00:01.171

Convert 2.0      24.7.4 r58773 Released Sep 19, 2016 LEG x86 64bit/Linux      

--- Using Option File
Reading parameter(s) from "/home/renigijus/gams/opt-mod-lib/gamslib/mathopt6/convert.opt"
>>  ampl mathopt6-scalar.mod
Finished reading from "/home/renigijus/gams/opt-mod-lib/gamslib/mathopt6/convert.opt"
--- Writing Ampl      : mathopt6-scalar.mod

--- Restarting execution
--- mathopt6.gms(62) 2 Mb
--- Reading solution for model m
--- mathopt6.gms(57) 3 Mb
--- Generating DNLP model m
--- mathopt6.gms(62) 5 Mb
--- LOOPS i = rand72
---   1 rows  3 columns  3 non-zeroes
---   35 nl-code  2 nl-non-zeroes
--- mathopt6.gms(62) 3 Mb
--- Executing CONVERT: elapsed 0:00:01.183

Convert 2.0      24.7.4 r58773 Released Sep 19, 2016 LEG x86 64bit/Linux      

--- Using Option File
Reading parameter(s) from "/home/renigijus/gams/opt-mod-lib/gamslib/mathopt6/convert.opt"
>>  ampl mathopt6-scalar.mod
Finished reading from "/home/renigijus/gams/opt-mod-lib/gamslib/mathopt6/convert.opt"
--- Writing Ampl      : mathopt6-scalar.mod

--- Restarting execution
--- mathopt6.gms(62) 2 Mb
--- Reading solution for model m
--- mathopt6.gms(57) 3 Mb
--- Generating DNLP model m
--- mathopt6.gms(62) 5 Mb
--- LOOPS i = rand73
---   1 rows  3 columns  3 non-zeroes
---   35 nl-code  2 nl-non-zeroes
--- mathopt6.gms(62) 3 Mb
--- Executing CONVERT: elapsed 0:00:01.196

Convert 2.0      24.7.4 r58773 Released Sep 19, 2016 LEG x86 64bit/Linux      

--- Using Option File
Reading parameter(s) from "/home/renigijus/gams/opt-mod-lib/gamslib/mathopt6/convert.opt"
>>  ampl mathopt6-scalar.mod
Finished reading from "/home/renigijus/gams/opt-mod-lib/gamslib/mathopt6/convert.opt"
--- Writing Ampl      : mathopt6-scalar.mod

--- Restarting execution
--- mathopt6.gms(62) 2 Mb
--- Reading solution for model m
--- mathopt6.gms(57) 3 Mb
--- Generating DNLP model m
--- mathopt6.gms(62) 5 Mb
--- LOOPS i = rand74
---   1 rows  3 columns  3 non-zeroes
---   35 nl-code  2 nl-non-zeroes
--- mathopt6.gms(62) 3 Mb
--- Executing CONVERT: elapsed 0:00:01.213

Convert 2.0      24.7.4 r58773 Released Sep 19, 2016 LEG x86 64bit/Linux      

--- Using Option File
Reading parameter(s) from "/home/renigijus/gams/opt-mod-lib/gamslib/mathopt6/convert.opt"
>>  ampl mathopt6-scalar.mod
Finished reading from "/home/renigijus/gams/opt-mod-lib/gamslib/mathopt6/convert.opt"
--- Writing Ampl      : mathopt6-scalar.mod

--- Restarting execution
--- mathopt6.gms(62) 2 Mb
--- Reading solution for model m
--- mathopt6.gms(57) 3 Mb
--- Generating DNLP model m
--- mathopt6.gms(62) 5 Mb
--- LOOPS i = rand75
---   1 rows  3 columns  3 non-zeroes
---   35 nl-code  2 nl-non-zeroes
--- mathopt6.gms(62) 3 Mb
--- Executing CONVERT: elapsed 0:00:01.227

Convert 2.0      24.7.4 r58773 Released Sep 19, 2016 LEG x86 64bit/Linux      

--- Using Option File
Reading parameter(s) from "/home/renigijus/gams/opt-mod-lib/gamslib/mathopt6/convert.opt"
>>  ampl mathopt6-scalar.mod
Finished reading from "/home/renigijus/gams/opt-mod-lib/gamslib/mathopt6/convert.opt"
--- Writing Ampl      : mathopt6-scalar.mod

--- Restarting execution
--- mathopt6.gms(62) 2 Mb
--- Reading solution for model m
--- mathopt6.gms(57) 3 Mb
--- Generating DNLP model m
--- mathopt6.gms(62) 5 Mb
--- LOOPS i = rand76
---   1 rows  3 columns  3 non-zeroes
---   35 nl-code  2 nl-non-zeroes
--- mathopt6.gms(62) 3 Mb
--- Executing CONVERT: elapsed 0:00:01.243

Convert 2.0      24.7.4 r58773 Released Sep 19, 2016 LEG x86 64bit/Linux      

--- Using Option File
Reading parameter(s) from "/home/renigijus/gams/opt-mod-lib/gamslib/mathopt6/convert.opt"
>>  ampl mathopt6-scalar.mod
Finished reading from "/home/renigijus/gams/opt-mod-lib/gamslib/mathopt6/convert.opt"
--- Writing Ampl      : mathopt6-scalar.mod

--- Restarting execution
--- mathopt6.gms(62) 2 Mb
--- Reading solution for model m
--- mathopt6.gms(57) 3 Mb
--- Generating DNLP model m
--- mathopt6.gms(62) 5 Mb
--- LOOPS i = rand77
---   1 rows  3 columns  3 non-zeroes
---   35 nl-code  2 nl-non-zeroes
--- mathopt6.gms(62) 3 Mb
--- Executing CONVERT: elapsed 0:00:01.258

Convert 2.0      24.7.4 r58773 Released Sep 19, 2016 LEG x86 64bit/Linux      

--- Using Option File
Reading parameter(s) from "/home/renigijus/gams/opt-mod-lib/gamslib/mathopt6/convert.opt"
>>  ampl mathopt6-scalar.mod
Finished reading from "/home/renigijus/gams/opt-mod-lib/gamslib/mathopt6/convert.opt"
--- Writing Ampl      : mathopt6-scalar.mod

--- Restarting execution
--- mathopt6.gms(62) 2 Mb
--- Reading solution for model m
--- mathopt6.gms(57) 3 Mb
--- Generating DNLP model m
--- mathopt6.gms(62) 5 Mb
--- LOOPS i = rand78
---   1 rows  3 columns  3 non-zeroes
---   35 nl-code  2 nl-non-zeroes
--- mathopt6.gms(62) 3 Mb
--- Executing CONVERT: elapsed 0:00:01.275

Convert 2.0      24.7.4 r58773 Released Sep 19, 2016 LEG x86 64bit/Linux      

--- Using Option File
Reading parameter(s) from "/home/renigijus/gams/opt-mod-lib/gamslib/mathopt6/convert.opt"
>>  ampl mathopt6-scalar.mod
Finished reading from "/home/renigijus/gams/opt-mod-lib/gamslib/mathopt6/convert.opt"
--- Writing Ampl      : mathopt6-scalar.mod

--- Restarting execution
--- mathopt6.gms(62) 2 Mb
--- Reading solution for model m
--- mathopt6.gms(57) 3 Mb
--- Generating DNLP model m
--- mathopt6.gms(62) 5 Mb
--- LOOPS i = rand79
---   1 rows  3 columns  3 non-zeroes
---   35 nl-code  2 nl-non-zeroes
--- mathopt6.gms(62) 3 Mb
--- Executing CONVERT: elapsed 0:00:01.288

Convert 2.0      24.7.4 r58773 Released Sep 19, 2016 LEG x86 64bit/Linux      

--- Using Option File
Reading parameter(s) from "/home/renigijus/gams/opt-mod-lib/gamslib/mathopt6/convert.opt"
>>  ampl mathopt6-scalar.mod
Finished reading from "/home/renigijus/gams/opt-mod-lib/gamslib/mathopt6/convert.opt"
--- Writing Ampl      : mathopt6-scalar.mod

--- Restarting execution
--- mathopt6.gms(62) 2 Mb
--- Reading solution for model m
--- mathopt6.gms(57) 3 Mb
--- Generating DNLP model m
--- mathopt6.gms(62) 5 Mb
--- LOOPS i = rand80
---   1 rows  3 columns  3 non-zeroes
---   35 nl-code  2 nl-non-zeroes
--- mathopt6.gms(62) 3 Mb
--- Executing CONVERT: elapsed 0:00:01.299

Convert 2.0      24.7.4 r58773 Released Sep 19, 2016 LEG x86 64bit/Linux      

--- Using Option File
Reading parameter(s) from "/home/renigijus/gams/opt-mod-lib/gamslib/mathopt6/convert.opt"
>>  ampl mathopt6-scalar.mod
Finished reading from "/home/renigijus/gams/opt-mod-lib/gamslib/mathopt6/convert.opt"
--- Writing Ampl      : mathopt6-scalar.mod

--- Restarting execution
--- mathopt6.gms(62) 2 Mb
--- Reading solution for model m
--- mathopt6.gms(57) 3 Mb
--- Generating DNLP model m
--- mathopt6.gms(62) 5 Mb
--- LOOPS i = rand81
---   1 rows  3 columns  3 non-zeroes
---   35 nl-code  2 nl-non-zeroes
--- mathopt6.gms(62) 3 Mb
--- Executing CONVERT: elapsed 0:00:01.313

Convert 2.0      24.7.4 r58773 Released Sep 19, 2016 LEG x86 64bit/Linux      

--- Using Option File
Reading parameter(s) from "/home/renigijus/gams/opt-mod-lib/gamslib/mathopt6/convert.opt"
>>  ampl mathopt6-scalar.mod
Finished reading from "/home/renigijus/gams/opt-mod-lib/gamslib/mathopt6/convert.opt"
--- Writing Ampl      : mathopt6-scalar.mod

--- Restarting execution
--- mathopt6.gms(62) 2 Mb
--- Reading solution for model m
--- mathopt6.gms(57) 3 Mb
--- Generating DNLP model m
--- mathopt6.gms(62) 5 Mb
--- LOOPS i = rand82
---   1 rows  3 columns  3 non-zeroes
---   35 nl-code  2 nl-non-zeroes
--- mathopt6.gms(62) 3 Mb
--- Executing CONVERT: elapsed 0:00:01.327

Convert 2.0      24.7.4 r58773 Released Sep 19, 2016 LEG x86 64bit/Linux      

--- Using Option File
Reading parameter(s) from "/home/renigijus/gams/opt-mod-lib/gamslib/mathopt6/convert.opt"
>>  ampl mathopt6-scalar.mod
Finished reading from "/home/renigijus/gams/opt-mod-lib/gamslib/mathopt6/convert.opt"
--- Writing Ampl      : mathopt6-scalar.mod

--- Restarting execution
--- mathopt6.gms(62) 2 Mb
--- Reading solution for model m
--- mathopt6.gms(57) 3 Mb
--- Generating DNLP model m
--- mathopt6.gms(62) 5 Mb
--- LOOPS i = rand83
---   1 rows  3 columns  3 non-zeroes
---   35 nl-code  2 nl-non-zeroes
--- mathopt6.gms(62) 3 Mb
--- Executing CONVERT: elapsed 0:00:01.338

Convert 2.0      24.7.4 r58773 Released Sep 19, 2016 LEG x86 64bit/Linux      

--- Using Option File
Reading parameter(s) from "/home/renigijus/gams/opt-mod-lib/gamslib/mathopt6/convert.opt"
>>  ampl mathopt6-scalar.mod
Finished reading from "/home/renigijus/gams/opt-mod-lib/gamslib/mathopt6/convert.opt"
--- Writing Ampl      : mathopt6-scalar.mod

--- Restarting execution
--- mathopt6.gms(62) 2 Mb
--- Reading solution for model m
--- mathopt6.gms(57) 3 Mb
--- Generating DNLP model m
--- mathopt6.gms(62) 5 Mb
--- LOOPS i = rand84
---   1 rows  3 columns  3 non-zeroes
---   35 nl-code  2 nl-non-zeroes
--- mathopt6.gms(62) 3 Mb
--- Executing CONVERT: elapsed 0:00:01.348

Convert 2.0      24.7.4 r58773 Released Sep 19, 2016 LEG x86 64bit/Linux      

--- Using Option File
Reading parameter(s) from "/home/renigijus/gams/opt-mod-lib/gamslib/mathopt6/convert.opt"
>>  ampl mathopt6-scalar.mod
Finished reading from "/home/renigijus/gams/opt-mod-lib/gamslib/mathopt6/convert.opt"
--- Writing Ampl      : mathopt6-scalar.mod

--- Restarting execution
--- mathopt6.gms(62) 2 Mb
--- Reading solution for model m
--- mathopt6.gms(57) 3 Mb
--- Generating DNLP model m
--- mathopt6.gms(62) 5 Mb
--- LOOPS i = rand85
---   1 rows  3 columns  3 non-zeroes
---   35 nl-code  2 nl-non-zeroes
--- mathopt6.gms(62) 3 Mb
--- Executing CONVERT: elapsed 0:00:01.358

Convert 2.0      24.7.4 r58773 Released Sep 19, 2016 LEG x86 64bit/Linux      

--- Using Option File
Reading parameter(s) from "/home/renigijus/gams/opt-mod-lib/gamslib/mathopt6/convert.opt"
>>  ampl mathopt6-scalar.mod
Finished reading from "/home/renigijus/gams/opt-mod-lib/gamslib/mathopt6/convert.opt"
--- Writing Ampl      : mathopt6-scalar.mod

--- Restarting execution
--- mathopt6.gms(62) 2 Mb
--- Reading solution for model m
--- mathopt6.gms(57) 3 Mb
--- Generating DNLP model m
--- mathopt6.gms(62) 5 Mb
--- LOOPS i = rand86
---   1 rows  3 columns  3 non-zeroes
---   35 nl-code  2 nl-non-zeroes
--- mathopt6.gms(62) 3 Mb
--- Executing CONVERT: elapsed 0:00:01.370

Convert 2.0      24.7.4 r58773 Released Sep 19, 2016 LEG x86 64bit/Linux      

--- Using Option File
Reading parameter(s) from "/home/renigijus/gams/opt-mod-lib/gamslib/mathopt6/convert.opt"
>>  ampl mathopt6-scalar.mod
Finished reading from "/home/renigijus/gams/opt-mod-lib/gamslib/mathopt6/convert.opt"
--- Writing Ampl      : mathopt6-scalar.mod

--- Restarting execution
--- mathopt6.gms(62) 2 Mb
--- Reading solution for model m
--- mathopt6.gms(57) 3 Mb
--- Generating DNLP model m
--- mathopt6.gms(62) 5 Mb
--- LOOPS i = rand87
---   1 rows  3 columns  3 non-zeroes
---   35 nl-code  2 nl-non-zeroes
--- mathopt6.gms(62) 3 Mb
--- Executing CONVERT: elapsed 0:00:01.385

Convert 2.0      24.7.4 r58773 Released Sep 19, 2016 LEG x86 64bit/Linux      

--- Using Option File
Reading parameter(s) from "/home/renigijus/gams/opt-mod-lib/gamslib/mathopt6/convert.opt"
>>  ampl mathopt6-scalar.mod
Finished reading from "/home/renigijus/gams/opt-mod-lib/gamslib/mathopt6/convert.opt"
--- Writing Ampl      : mathopt6-scalar.mod

--- Restarting execution
--- mathopt6.gms(62) 2 Mb
--- Reading solution for model m
--- mathopt6.gms(57) 3 Mb
--- Generating DNLP model m
--- mathopt6.gms(62) 5 Mb
--- LOOPS i = rand88
---   1 rows  3 columns  3 non-zeroes
---   35 nl-code  2 nl-non-zeroes
--- mathopt6.gms(62) 3 Mb
--- Executing CONVERT: elapsed 0:00:01.398

Convert 2.0      24.7.4 r58773 Released Sep 19, 2016 LEG x86 64bit/Linux      

--- Using Option File
Reading parameter(s) from "/home/renigijus/gams/opt-mod-lib/gamslib/mathopt6/convert.opt"
>>  ampl mathopt6-scalar.mod
Finished reading from "/home/renigijus/gams/opt-mod-lib/gamslib/mathopt6/convert.opt"
--- Writing Ampl      : mathopt6-scalar.mod

--- Restarting execution
--- mathopt6.gms(62) 2 Mb
--- Reading solution for model m
--- mathopt6.gms(57) 3 Mb
--- Generating DNLP model m
--- mathopt6.gms(62) 5 Mb
--- LOOPS i = rand89
---   1 rows  3 columns  3 non-zeroes
---   35 nl-code  2 nl-non-zeroes
--- mathopt6.gms(62) 3 Mb
--- Executing CONVERT: elapsed 0:00:01.412

Convert 2.0      24.7.4 r58773 Released Sep 19, 2016 LEG x86 64bit/Linux      

--- Using Option File
Reading parameter(s) from "/home/renigijus/gams/opt-mod-lib/gamslib/mathopt6/convert.opt"
>>  ampl mathopt6-scalar.mod
Finished reading from "/home/renigijus/gams/opt-mod-lib/gamslib/mathopt6/convert.opt"
--- Writing Ampl      : mathopt6-scalar.mod

--- Restarting execution
--- mathopt6.gms(62) 2 Mb
--- Reading solution for model m
--- mathopt6.gms(57) 3 Mb
--- Generating DNLP model m
--- mathopt6.gms(62) 5 Mb
--- LOOPS i = rand90
---   1 rows  3 columns  3 non-zeroes
---   35 nl-code  2 nl-non-zeroes
--- mathopt6.gms(62) 3 Mb
--- Executing CONVERT: elapsed 0:00:01.428

Convert 2.0      24.7.4 r58773 Released Sep 19, 2016 LEG x86 64bit/Linux      

--- Using Option File
Reading parameter(s) from "/home/renigijus/gams/opt-mod-lib/gamslib/mathopt6/convert.opt"
>>  ampl mathopt6-scalar.mod
Finished reading from "/home/renigijus/gams/opt-mod-lib/gamslib/mathopt6/convert.opt"
--- Writing Ampl      : mathopt6-scalar.mod

--- Restarting execution
--- mathopt6.gms(62) 2 Mb
--- Reading solution for model m
--- mathopt6.gms(57) 3 Mb
--- Generating DNLP model m
--- mathopt6.gms(62) 5 Mb
--- LOOPS i = rand91
---   1 rows  3 columns  3 non-zeroes
---   35 nl-code  2 nl-non-zeroes
--- mathopt6.gms(62) 3 Mb
--- Executing CONVERT: elapsed 0:00:01.438

Convert 2.0      24.7.4 r58773 Released Sep 19, 2016 LEG x86 64bit/Linux      

--- Using Option File
Reading parameter(s) from "/home/renigijus/gams/opt-mod-lib/gamslib/mathopt6/convert.opt"
>>  ampl mathopt6-scalar.mod
Finished reading from "/home/renigijus/gams/opt-mod-lib/gamslib/mathopt6/convert.opt"
--- Writing Ampl      : mathopt6-scalar.mod

--- Restarting execution
--- mathopt6.gms(62) 2 Mb
--- Reading solution for model m
--- mathopt6.gms(57) 3 Mb
--- Generating DNLP model m
--- mathopt6.gms(62) 5 Mb
--- LOOPS i = rand92
---   1 rows  3 columns  3 non-zeroes
---   35 nl-code  2 nl-non-zeroes
--- mathopt6.gms(62) 3 Mb
--- Executing CONVERT: elapsed 0:00:01.455

Convert 2.0      24.7.4 r58773 Released Sep 19, 2016 LEG x86 64bit/Linux      

--- Using Option File
Reading parameter(s) from "/home/renigijus/gams/opt-mod-lib/gamslib/mathopt6/convert.opt"
>>  ampl mathopt6-scalar.mod
Finished reading from "/home/renigijus/gams/opt-mod-lib/gamslib/mathopt6/convert.opt"
--- Writing Ampl      : mathopt6-scalar.mod

--- Restarting execution
--- mathopt6.gms(62) 2 Mb
--- Reading solution for model m
--- mathopt6.gms(57) 3 Mb
--- Generating DNLP model m
--- mathopt6.gms(62) 5 Mb
--- LOOPS i = rand93
---   1 rows  3 columns  3 non-zeroes
---   35 nl-code  2 nl-non-zeroes
--- mathopt6.gms(62) 3 Mb
--- Executing CONVERT: elapsed 0:00:01.471

Convert 2.0      24.7.4 r58773 Released Sep 19, 2016 LEG x86 64bit/Linux      

--- Using Option File
Reading parameter(s) from "/home/renigijus/gams/opt-mod-lib/gamslib/mathopt6/convert.opt"
>>  ampl mathopt6-scalar.mod
Finished reading from "/home/renigijus/gams/opt-mod-lib/gamslib/mathopt6/convert.opt"
--- Writing Ampl      : mathopt6-scalar.mod

--- Restarting execution
--- mathopt6.gms(62) 2 Mb
--- Reading solution for model m
--- mathopt6.gms(57) 3 Mb
--- Generating DNLP model m
--- mathopt6.gms(62) 5 Mb
--- LOOPS i = rand94
---   1 rows  3 columns  3 non-zeroes
---   35 nl-code  2 nl-non-zeroes
--- mathopt6.gms(62) 3 Mb
--- Executing CONVERT: elapsed 0:00:01.487

Convert 2.0      24.7.4 r58773 Released Sep 19, 2016 LEG x86 64bit/Linux      

--- Using Option File
Reading parameter(s) from "/home/renigijus/gams/opt-mod-lib/gamslib/mathopt6/convert.opt"
>>  ampl mathopt6-scalar.mod
Finished reading from "/home/renigijus/gams/opt-mod-lib/gamslib/mathopt6/convert.opt"
--- Writing Ampl      : mathopt6-scalar.mod

--- Restarting execution
--- mathopt6.gms(62) 2 Mb
--- Reading solution for model m
--- mathopt6.gms(57) 3 Mb
--- Generating DNLP model m
--- mathopt6.gms(62) 5 Mb
--- LOOPS i = rand95
---   1 rows  3 columns  3 non-zeroes
---   35 nl-code  2 nl-non-zeroes
--- mathopt6.gms(62) 3 Mb
--- Executing CONVERT: elapsed 0:00:01.499

Convert 2.0      24.7.4 r58773 Released Sep 19, 2016 LEG x86 64bit/Linux      

--- Using Option File
Reading parameter(s) from "/home/renigijus/gams/opt-mod-lib/gamslib/mathopt6/convert.opt"
>>  ampl mathopt6-scalar.mod
Finished reading from "/home/renigijus/gams/opt-mod-lib/gamslib/mathopt6/convert.opt"
--- Writing Ampl      : mathopt6-scalar.mod

--- Restarting execution
--- mathopt6.gms(62) 2 Mb
--- Reading solution for model m
--- mathopt6.gms(57) 3 Mb
--- Generating DNLP model m
--- mathopt6.gms(62) 5 Mb
--- LOOPS i = rand96
---   1 rows  3 columns  3 non-zeroes
---   35 nl-code  2 nl-non-zeroes
--- mathopt6.gms(62) 3 Mb
--- Executing CONVERT: elapsed 0:00:01.514

Convert 2.0      24.7.4 r58773 Released Sep 19, 2016 LEG x86 64bit/Linux      

--- Using Option File
Reading parameter(s) from "/home/renigijus/gams/opt-mod-lib/gamslib/mathopt6/convert.opt"
>>  ampl mathopt6-scalar.mod
Finished reading from "/home/renigijus/gams/opt-mod-lib/gamslib/mathopt6/convert.opt"
--- Writing Ampl      : mathopt6-scalar.mod

--- Restarting execution
--- mathopt6.gms(62) 2 Mb
--- Reading solution for model m
--- mathopt6.gms(57) 3 Mb
--- Generating DNLP model m
--- mathopt6.gms(62) 5 Mb
--- LOOPS i = rand97
---   1 rows  3 columns  3 non-zeroes
---   35 nl-code  2 nl-non-zeroes
--- mathopt6.gms(62) 3 Mb
--- Executing CONVERT: elapsed 0:00:01.530

Convert 2.0      24.7.4 r58773 Released Sep 19, 2016 LEG x86 64bit/Linux      

--- Using Option File
Reading parameter(s) from "/home/renigijus/gams/opt-mod-lib/gamslib/mathopt6/convert.opt"
>>  ampl mathopt6-scalar.mod
Finished reading from "/home/renigijus/gams/opt-mod-lib/gamslib/mathopt6/convert.opt"
--- Writing Ampl      : mathopt6-scalar.mod

--- Restarting execution
--- mathopt6.gms(62) 2 Mb
--- Reading solution for model m
--- mathopt6.gms(57) 3 Mb
--- Generating DNLP model m
--- mathopt6.gms(62) 5 Mb
--- LOOPS i = rand98
---   1 rows  3 columns  3 non-zeroes
---   35 nl-code  2 nl-non-zeroes
--- mathopt6.gms(62) 3 Mb
--- Executing CONVERT: elapsed 0:00:01.547

Convert 2.0      24.7.4 r58773 Released Sep 19, 2016 LEG x86 64bit/Linux      

--- Using Option File
Reading parameter(s) from "/home/renigijus/gams/opt-mod-lib/gamslib/mathopt6/convert.opt"
>>  ampl mathopt6-scalar.mod
Finished reading from "/home/renigijus/gams/opt-mod-lib/gamslib/mathopt6/convert.opt"
--- Writing Ampl      : mathopt6-scalar.mod

--- Restarting execution
--- mathopt6.gms(62) 2 Mb
--- Reading solution for model m
--- mathopt6.gms(57) 3 Mb
--- Generating DNLP model m
--- mathopt6.gms(62) 5 Mb
--- LOOPS i = rand99
---   1 rows  3 columns  3 non-zeroes
---   35 nl-code  2 nl-non-zeroes
--- mathopt6.gms(62) 3 Mb
--- Executing CONVERT: elapsed 0:00:01.559

Convert 2.0      24.7.4 r58773 Released Sep 19, 2016 LEG x86 64bit/Linux      

--- Using Option File
Reading parameter(s) from "/home/renigijus/gams/opt-mod-lib/gamslib/mathopt6/convert.opt"
>>  ampl mathopt6-scalar.mod
Finished reading from "/home/renigijus/gams/opt-mod-lib/gamslib/mathopt6/convert.opt"
--- Writing Ampl      : mathopt6-scalar.mod

--- Restarting execution
--- mathopt6.gms(62) 2 Mb
--- Reading solution for model m
--- mathopt6.gms(57) 3 Mb
--- Generating DNLP model m
--- mathopt6.gms(62) 5 Mb
--- LOOPS i = rand100
---   1 rows  3 columns  3 non-zeroes
---   35 nl-code  2 nl-non-zeroes
--- mathopt6.gms(62) 3 Mb
--- Executing CONVERT: elapsed 0:00:01.570

Convert 2.0      24.7.4 r58773 Released Sep 19, 2016 LEG x86 64bit/Linux      

--- Using Option File
Reading parameter(s) from "/home/renigijus/gams/opt-mod-lib/gamslib/mathopt6/convert.opt"
>>  ampl mathopt6-scalar.mod
Finished reading from "/home/renigijus/gams/opt-mod-lib/gamslib/mathopt6/convert.opt"
--- Writing Ampl      : mathopt6-scalar.mod

--- Restarting execution
--- mathopt6.gms(62) 2 Mb
--- Reading solution for model m
--- mathopt6.gms(80) 3 Mb
*** Status: Normal completion
--- Job mathopt6.gms Stop 12/13/18 11:23:02 elapsed 0:00:01.606
