--- Job mathopt6.gms Start 12/13/18 11:23:02 24.7.4 r58773 LEX-LEG x86 64bit/Linux
GAMS 24.7.4   Copyright (C) 1987-2016 GAMS Development. All rights reserved
Licensee: Remigijus Paulavicius, Single User License     S170731:0859AO-LNX
          Imperial College London, Dept. of Chemical Engineering    DC13449
          License for teaching and research at degree granting institutions
          remigijus.paulavicius@imperial.ac.uk                             
--- Starting compilation
--- mathopt6.gms(81) 3 Mb
--- Starting execution: elapsed 0:00:00.002
--- mathopt6.gms(58) 4 Mb
--- Generating DNLP model m
--- mathopt6.gms(63) 6 Mb
--- LOOPS i = rand1
---   1 rows  3 columns  3 non-zeroes
---   35 nl-code  2 nl-non-zeroes
--- mathopt6.gms(63) 4 Mb
--- Executing CONVERT: elapsed 0:00:00.004

Convert 2.0      24.7.4 r58773 Released Sep 19, 2016 LEG x86 64bit/Linux      

--- Using Option File
Reading parameter(s) from "/home/renigijus/gams/opt-mod-lib/gamslib/mathopt6/convert.opt"
>>  gams mathopt6-scalar.gms
Finished reading from "/home/renigijus/gams/opt-mod-lib/gamslib/mathopt6/convert.opt"
--- Writing Gams      : mathopt6-scalar.gms

--- Restarting execution
--- mathopt6.gms(63) 2 Mb
--- Reading solution for model m
--- mathopt6.gms(58) 3 Mb
--- Generating DNLP model m
--- mathopt6.gms(63) 5 Mb
--- LOOPS i = rand2
---   1 rows  3 columns  3 non-zeroes
---   35 nl-code  2 nl-non-zeroes
--- mathopt6.gms(63) 3 Mb
--- Executing CONVERT: elapsed 0:00:00.014

Convert 2.0      24.7.4 r58773 Released Sep 19, 2016 LEG x86 64bit/Linux      

--- Using Option File
Reading parameter(s) from "/home/renigijus/gams/opt-mod-lib/gamslib/mathopt6/convert.opt"
>>  gams mathopt6-scalar.gms
Finished reading from "/home/renigijus/gams/opt-mod-lib/gamslib/mathopt6/convert.opt"
--- Writing Gams      : mathopt6-scalar.gms

--- Restarting execution
--- mathopt6.gms(63) 2 Mb
--- Reading solution for model m
--- mathopt6.gms(58) 3 Mb
--- Generating DNLP model m
--- mathopt6.gms(63) 5 Mb
--- LOOPS i = rand3
---   1 rows  3 columns  3 non-zeroes
---   35 nl-code  2 nl-non-zeroes
--- mathopt6.gms(63) 3 Mb
--- Executing CONVERT: elapsed 0:00:00.026

Convert 2.0      24.7.4 r58773 Released Sep 19, 2016 LEG x86 64bit/Linux      

--- Using Option File
Reading parameter(s) from "/home/renigijus/gams/opt-mod-lib/gamslib/mathopt6/convert.opt"
>>  gams mathopt6-scalar.gms
Finished reading from "/home/renigijus/gams/opt-mod-lib/gamslib/mathopt6/convert.opt"
--- Writing Gams      : mathopt6-scalar.gms

--- Restarting execution
--- mathopt6.gms(63) 2 Mb
--- Reading solution for model m
--- mathopt6.gms(58) 3 Mb
--- Generating DNLP model m
--- mathopt6.gms(63) 5 Mb
--- LOOPS i = rand4
---   1 rows  3 columns  3 non-zeroes
---   35 nl-code  2 nl-non-zeroes
--- mathopt6.gms(63) 3 Mb
--- Executing CONVERT: elapsed 0:00:00.041

Convert 2.0      24.7.4 r58773 Released Sep 19, 2016 LEG x86 64bit/Linux      

--- Using Option File
Reading parameter(s) from "/home/renigijus/gams/opt-mod-lib/gamslib/mathopt6/convert.opt"
>>  gams mathopt6-scalar.gms
Finished reading from "/home/renigijus/gams/opt-mod-lib/gamslib/mathopt6/convert.opt"
--- Writing Gams      : mathopt6-scalar.gms

--- Restarting execution
--- mathopt6.gms(63) 2 Mb
--- Reading solution for model m
--- mathopt6.gms(58) 3 Mb
--- Generating DNLP model m
--- mathopt6.gms(63) 5 Mb
--- LOOPS i = rand5
---   1 rows  3 columns  3 non-zeroes
---   35 nl-code  2 nl-non-zeroes
--- mathopt6.gms(63) 3 Mb
--- Executing CONVERT: elapsed 0:00:00.058

Convert 2.0      24.7.4 r58773 Released Sep 19, 2016 LEG x86 64bit/Linux      

--- Using Option File
Reading parameter(s) from "/home/renigijus/gams/opt-mod-lib/gamslib/mathopt6/convert.opt"
>>  gams mathopt6-scalar.gms
Finished reading from "/home/renigijus/gams/opt-mod-lib/gamslib/mathopt6/convert.opt"
--- Writing Gams      : mathopt6-scalar.gms

--- Restarting execution
--- mathopt6.gms(63) 2 Mb
--- Reading solution for model m
--- mathopt6.gms(58) 3 Mb
--- Generating DNLP model m
--- mathopt6.gms(63) 5 Mb
--- LOOPS i = rand6
---   1 rows  3 columns  3 non-zeroes
---   35 nl-code  2 nl-non-zeroes
--- mathopt6.gms(63) 3 Mb
--- Executing CONVERT: elapsed 0:00:00.074

Convert 2.0      24.7.4 r58773 Released Sep 19, 2016 LEG x86 64bit/Linux      

--- Using Option File
Reading parameter(s) from "/home/renigijus/gams/opt-mod-lib/gamslib/mathopt6/convert.opt"
>>  gams mathopt6-scalar.gms
Finished reading from "/home/renigijus/gams/opt-mod-lib/gamslib/mathopt6/convert.opt"
--- Writing Gams      : mathopt6-scalar.gms

--- Restarting execution
--- mathopt6.gms(63) 2 Mb
--- Reading solution for model m
--- mathopt6.gms(58) 3 Mb
--- Generating DNLP model m
--- mathopt6.gms(63) 5 Mb
--- LOOPS i = rand7
---   1 rows  3 columns  3 non-zeroes
---   35 nl-code  2 nl-non-zeroes
--- mathopt6.gms(63) 3 Mb
--- Executing CONVERT: elapsed 0:00:00.089

Convert 2.0      24.7.4 r58773 Released Sep 19, 2016 LEG x86 64bit/Linux      

--- Using Option File
Reading parameter(s) from "/home/renigijus/gams/opt-mod-lib/gamslib/mathopt6/convert.opt"
>>  gams mathopt6-scalar.gms
Finished reading from "/home/renigijus/gams/opt-mod-lib/gamslib/mathopt6/convert.opt"
--- Writing Gams      : mathopt6-scalar.gms

--- Restarting execution
--- mathopt6.gms(63) 2 Mb
--- Reading solution for model m
--- mathopt6.gms(58) 3 Mb
--- Generating DNLP model m
--- mathopt6.gms(63) 5 Mb
--- LOOPS i = rand8
---   1 rows  3 columns  3 non-zeroes
---   35 nl-code  2 nl-non-zeroes
--- mathopt6.gms(63) 3 Mb
--- Executing CONVERT: elapsed 0:00:00.104

Convert 2.0      24.7.4 r58773 Released Sep 19, 2016 LEG x86 64bit/Linux      

--- Using Option File
Reading parameter(s) from "/home/renigijus/gams/opt-mod-lib/gamslib/mathopt6/convert.opt"
>>  gams mathopt6-scalar.gms
Finished reading from "/home/renigijus/gams/opt-mod-lib/gamslib/mathopt6/convert.opt"
--- Writing Gams      : mathopt6-scalar.gms

--- Restarting execution
--- mathopt6.gms(63) 2 Mb
--- Reading solution for model m
--- mathopt6.gms(58) 3 Mb
--- Generating DNLP model m
--- mathopt6.gms(63) 5 Mb
--- LOOPS i = rand9
---   1 rows  3 columns  3 non-zeroes
---   35 nl-code  2 nl-non-zeroes
--- mathopt6.gms(63) 3 Mb
--- Executing CONVERT: elapsed 0:00:00.115

Convert 2.0      24.7.4 r58773 Released Sep 19, 2016 LEG x86 64bit/Linux      

--- Using Option File
Reading parameter(s) from "/home/renigijus/gams/opt-mod-lib/gamslib/mathopt6/convert.opt"
>>  gams mathopt6-scalar.gms
Finished reading from "/home/renigijus/gams/opt-mod-lib/gamslib/mathopt6/convert.opt"
--- Writing Gams      : mathopt6-scalar.gms

--- Restarting execution
--- mathopt6.gms(63) 2 Mb
--- Reading solution for model m
--- mathopt6.gms(58) 3 Mb
--- Generating DNLP model m
--- mathopt6.gms(63) 5 Mb
--- LOOPS i = rand10
---   1 rows  3 columns  3 non-zeroes
---   35 nl-code  2 nl-non-zeroes
--- mathopt6.gms(63) 3 Mb
--- Executing CONVERT: elapsed 0:00:00.126

Convert 2.0      24.7.4 r58773 Released Sep 19, 2016 LEG x86 64bit/Linux      

--- Using Option File
Reading parameter(s) from "/home/renigijus/gams/opt-mod-lib/gamslib/mathopt6/convert.opt"
>>  gams mathopt6-scalar.gms
Finished reading from "/home/renigijus/gams/opt-mod-lib/gamslib/mathopt6/convert.opt"
--- Writing Gams      : mathopt6-scalar.gms

--- Restarting execution
--- mathopt6.gms(63) 2 Mb
--- Reading solution for model m
--- mathopt6.gms(58) 3 Mb
--- Generating DNLP model m
--- mathopt6.gms(63) 5 Mb
--- LOOPS i = rand11
---   1 rows  3 columns  3 non-zeroes
---   35 nl-code  2 nl-non-zeroes
--- mathopt6.gms(63) 3 Mb
--- Executing CONVERT: elapsed 0:00:00.158

Convert 2.0      24.7.4 r58773 Released Sep 19, 2016 LEG x86 64bit/Linux      

--- Using Option File
Reading parameter(s) from "/home/renigijus/gams/opt-mod-lib/gamslib/mathopt6/convert.opt"
>>  gams mathopt6-scalar.gms
Finished reading from "/home/renigijus/gams/opt-mod-lib/gamslib/mathopt6/convert.opt"
--- Writing Gams      : mathopt6-scalar.gms

--- Restarting execution
--- mathopt6.gms(63) 2 Mb
--- Reading solution for model m
--- mathopt6.gms(58) 3 Mb
--- Generating DNLP model m
--- mathopt6.gms(63) 5 Mb
--- LOOPS i = rand12
---   1 rows  3 columns  3 non-zeroes
---   35 nl-code  2 nl-non-zeroes
--- mathopt6.gms(63) 3 Mb
--- Executing CONVERT: elapsed 0:00:00.170

Convert 2.0      24.7.4 r58773 Released Sep 19, 2016 LEG x86 64bit/Linux      

--- Using Option File
Reading parameter(s) from "/home/renigijus/gams/opt-mod-lib/gamslib/mathopt6/convert.opt"
>>  gams mathopt6-scalar.gms
Finished reading from "/home/renigijus/gams/opt-mod-lib/gamslib/mathopt6/convert.opt"
--- Writing Gams      : mathopt6-scalar.gms

--- Restarting execution
--- mathopt6.gms(63) 2 Mb
--- Reading solution for model m
--- mathopt6.gms(58) 3 Mb
--- Generating DNLP model m
--- mathopt6.gms(63) 5 Mb
--- LOOPS i = rand13
---   1 rows  3 columns  3 non-zeroes
---   35 nl-code  2 nl-non-zeroes
--- mathopt6.gms(63) 3 Mb
--- Executing CONVERT: elapsed 0:00:00.187

Convert 2.0      24.7.4 r58773 Released Sep 19, 2016 LEG x86 64bit/Linux      

--- Using Option File
Reading parameter(s) from "/home/renigijus/gams/opt-mod-lib/gamslib/mathopt6/convert.opt"
>>  gams mathopt6-scalar.gms
Finished reading from "/home/renigijus/gams/opt-mod-lib/gamslib/mathopt6/convert.opt"
--- Writing Gams      : mathopt6-scalar.gms

--- Restarting execution
--- mathopt6.gms(63) 2 Mb
--- Reading solution for model m
--- mathopt6.gms(58) 3 Mb
--- Generating DNLP model m
--- mathopt6.gms(63) 5 Mb
--- LOOPS i = rand14
---   1 rows  3 columns  3 non-zeroes
---   35 nl-code  2 nl-non-zeroes
--- mathopt6.gms(63) 3 Mb
--- Executing CONVERT: elapsed 0:00:00.202

Convert 2.0      24.7.4 r58773 Released Sep 19, 2016 LEG x86 64bit/Linux      

--- Using Option File
Reading parameter(s) from "/home/renigijus/gams/opt-mod-lib/gamslib/mathopt6/convert.opt"
>>  gams mathopt6-scalar.gms
Finished reading from "/home/renigijus/gams/opt-mod-lib/gamslib/mathopt6/convert.opt"
--- Writing Gams      : mathopt6-scalar.gms

--- Restarting execution
--- mathopt6.gms(63) 2 Mb
--- Reading solution for model m
--- mathopt6.gms(58) 3 Mb
--- Generating DNLP model m
--- mathopt6.gms(63) 5 Mb
--- LOOPS i = rand15
---   1 rows  3 columns  3 non-zeroes
---   35 nl-code  2 nl-non-zeroes
--- mathopt6.gms(63) 3 Mb
--- Executing CONVERT: elapsed 0:00:00.219

Convert 2.0      24.7.4 r58773 Released Sep 19, 2016 LEG x86 64bit/Linux      

--- Using Option File
Reading parameter(s) from "/home/renigijus/gams/opt-mod-lib/gamslib/mathopt6/convert.opt"
>>  gams mathopt6-scalar.gms
Finished reading from "/home/renigijus/gams/opt-mod-lib/gamslib/mathopt6/convert.opt"
--- Writing Gams      : mathopt6-scalar.gms

--- Restarting execution
--- mathopt6.gms(63) 2 Mb
--- Reading solution for model m
--- mathopt6.gms(58) 3 Mb
--- Generating DNLP model m
--- mathopt6.gms(63) 5 Mb
--- LOOPS i = rand16
---   1 rows  3 columns  3 non-zeroes
---   35 nl-code  2 nl-non-zeroes
--- mathopt6.gms(63) 3 Mb
--- Executing CONVERT: elapsed 0:00:00.230

Convert 2.0      24.7.4 r58773 Released Sep 19, 2016 LEG x86 64bit/Linux      

--- Using Option File
Reading parameter(s) from "/home/renigijus/gams/opt-mod-lib/gamslib/mathopt6/convert.opt"
>>  gams mathopt6-scalar.gms
Finished reading from "/home/renigijus/gams/opt-mod-lib/gamslib/mathopt6/convert.opt"
--- Writing Gams      : mathopt6-scalar.gms

--- Restarting execution
--- mathopt6.gms(63) 2 Mb
--- Reading solution for model m
--- mathopt6.gms(58) 3 Mb
--- Generating DNLP model m
--- mathopt6.gms(63) 5 Mb
--- LOOPS i = rand17
---   1 rows  3 columns  3 non-zeroes
---   35 nl-code  2 nl-non-zeroes
--- mathopt6.gms(63) 3 Mb
--- Executing CONVERT: elapsed 0:00:00.242

Convert 2.0      24.7.4 r58773 Released Sep 19, 2016 LEG x86 64bit/Linux      

--- Using Option File
Reading parameter(s) from "/home/renigijus/gams/opt-mod-lib/gamslib/mathopt6/convert.opt"
>>  gams mathopt6-scalar.gms
Finished reading from "/home/renigijus/gams/opt-mod-lib/gamslib/mathopt6/convert.opt"
--- Writing Gams      : mathopt6-scalar.gms

--- Restarting execution
--- mathopt6.gms(63) 2 Mb
--- Reading solution for model m
--- mathopt6.gms(58) 3 Mb
--- Generating DNLP model m
--- mathopt6.gms(63) 5 Mb
--- LOOPS i = rand18
---   1 rows  3 columns  3 non-zeroes
---   35 nl-code  2 nl-non-zeroes
--- mathopt6.gms(63) 3 Mb
--- Executing CONVERT: elapsed 0:00:00.283

Convert 2.0      24.7.4 r58773 Released Sep 19, 2016 LEG x86 64bit/Linux      

--- Using Option File
Reading parameter(s) from "/home/renigijus/gams/opt-mod-lib/gamslib/mathopt6/convert.opt"
>>  gams mathopt6-scalar.gms
Finished reading from "/home/renigijus/gams/opt-mod-lib/gamslib/mathopt6/convert.opt"
--- Writing Gams      : mathopt6-scalar.gms

--- Restarting execution
--- mathopt6.gms(63) 2 Mb
--- Reading solution for model m
--- mathopt6.gms(58) 3 Mb
--- Generating DNLP model m
--- mathopt6.gms(63) 5 Mb
--- LOOPS i = rand19
---   1 rows  3 columns  3 non-zeroes
---   35 nl-code  2 nl-non-zeroes
--- mathopt6.gms(63) 3 Mb
--- Executing CONVERT: elapsed 0:00:00.301

Convert 2.0      24.7.4 r58773 Released Sep 19, 2016 LEG x86 64bit/Linux      

--- Using Option File
Reading parameter(s) from "/home/renigijus/gams/opt-mod-lib/gamslib/mathopt6/convert.opt"
>>  gams mathopt6-scalar.gms
Finished reading from "/home/renigijus/gams/opt-mod-lib/gamslib/mathopt6/convert.opt"
--- Writing Gams      : mathopt6-scalar.gms

--- Restarting execution
--- mathopt6.gms(63) 2 Mb
--- Reading solution for model m
--- mathopt6.gms(58) 3 Mb
--- Generating DNLP model m
--- mathopt6.gms(63) 5 Mb
--- LOOPS i = rand20
---   1 rows  3 columns  3 non-zeroes
---   35 nl-code  2 nl-non-zeroes
--- mathopt6.gms(63) 3 Mb
--- Executing CONVERT: elapsed 0:00:00.317

Convert 2.0      24.7.4 r58773 Released Sep 19, 2016 LEG x86 64bit/Linux      

--- Using Option File
Reading parameter(s) from "/home/renigijus/gams/opt-mod-lib/gamslib/mathopt6/convert.opt"
>>  gams mathopt6-scalar.gms
Finished reading from "/home/renigijus/gams/opt-mod-lib/gamslib/mathopt6/convert.opt"
--- Writing Gams      : mathopt6-scalar.gms

--- Restarting execution
--- mathopt6.gms(63) 2 Mb
--- Reading solution for model m
--- mathopt6.gms(58) 3 Mb
--- Generating DNLP model m
--- mathopt6.gms(63) 5 Mb
--- LOOPS i = rand21
---   1 rows  3 columns  3 non-zeroes
---   35 nl-code  2 nl-non-zeroes
--- mathopt6.gms(63) 3 Mb
--- Executing CONVERT: elapsed 0:00:00.331

Convert 2.0      24.7.4 r58773 Released Sep 19, 2016 LEG x86 64bit/Linux      

--- Using Option File
Reading parameter(s) from "/home/renigijus/gams/opt-mod-lib/gamslib/mathopt6/convert.opt"
>>  gams mathopt6-scalar.gms
Finished reading from "/home/renigijus/gams/opt-mod-lib/gamslib/mathopt6/convert.opt"
--- Writing Gams      : mathopt6-scalar.gms

--- Restarting execution
--- mathopt6.gms(63) 2 Mb
--- Reading solution for model m
--- mathopt6.gms(58) 3 Mb
--- Generating DNLP model m
--- mathopt6.gms(63) 5 Mb
--- LOOPS i = rand22
---   1 rows  3 columns  3 non-zeroes
---   35 nl-code  2 nl-non-zeroes
--- mathopt6.gms(63) 3 Mb
--- Executing CONVERT: elapsed 0:00:00.347

Convert 2.0      24.7.4 r58773 Released Sep 19, 2016 LEG x86 64bit/Linux      

--- Using Option File
Reading parameter(s) from "/home/renigijus/gams/opt-mod-lib/gamslib/mathopt6/convert.opt"
>>  gams mathopt6-scalar.gms
Finished reading from "/home/renigijus/gams/opt-mod-lib/gamslib/mathopt6/convert.opt"
--- Writing Gams      : mathopt6-scalar.gms

--- Restarting execution
--- mathopt6.gms(63) 2 Mb
--- Reading solution for model m
--- mathopt6.gms(58) 3 Mb
--- Generating DNLP model m
--- mathopt6.gms(63) 5 Mb
--- LOOPS i = rand23
---   1 rows  3 columns  3 non-zeroes
---   35 nl-code  2 nl-non-zeroes
--- mathopt6.gms(63) 3 Mb
--- Executing CONVERT: elapsed 0:00:00.361

Convert 2.0      24.7.4 r58773 Released Sep 19, 2016 LEG x86 64bit/Linux      

--- Using Option File
Reading parameter(s) from "/home/renigijus/gams/opt-mod-lib/gamslib/mathopt6/convert.opt"
>>  gams mathopt6-scalar.gms
Finished reading from "/home/renigijus/gams/opt-mod-lib/gamslib/mathopt6/convert.opt"
--- Writing Gams      : mathopt6-scalar.gms

--- Restarting execution
--- mathopt6.gms(63) 2 Mb
--- Reading solution for model m
--- mathopt6.gms(58) 3 Mb
--- Generating DNLP model m
--- mathopt6.gms(63) 5 Mb
--- LOOPS i = rand24
---   1 rows  3 columns  3 non-zeroes
---   35 nl-code  2 nl-non-zeroes
--- mathopt6.gms(63) 3 Mb
--- Executing CONVERT: elapsed 0:00:00.378

Convert 2.0      24.7.4 r58773 Released Sep 19, 2016 LEG x86 64bit/Linux      

--- Using Option File
Reading parameter(s) from "/home/renigijus/gams/opt-mod-lib/gamslib/mathopt6/convert.opt"
>>  gams mathopt6-scalar.gms
Finished reading from "/home/renigijus/gams/opt-mod-lib/gamslib/mathopt6/convert.opt"
--- Writing Gams      : mathopt6-scalar.gms

--- Restarting execution
--- mathopt6.gms(63) 2 Mb
--- Reading solution for model m
--- mathopt6.gms(58) 3 Mb
--- Generating DNLP model m
--- mathopt6.gms(63) 5 Mb
--- LOOPS i = rand25
---   1 rows  3 columns  3 non-zeroes
---   35 nl-code  2 nl-non-zeroes
--- mathopt6.gms(63) 3 Mb
--- Executing CONVERT: elapsed 0:00:00.394

Convert 2.0      24.7.4 r58773 Released Sep 19, 2016 LEG x86 64bit/Linux      

--- Using Option File
Reading parameter(s) from "/home/renigijus/gams/opt-mod-lib/gamslib/mathopt6/convert.opt"
>>  gams mathopt6-scalar.gms
Finished reading from "/home/renigijus/gams/opt-mod-lib/gamslib/mathopt6/convert.opt"
--- Writing Gams      : mathopt6-scalar.gms

--- Restarting execution
--- mathopt6.gms(63) 2 Mb
--- Reading solution for model m
--- mathopt6.gms(58) 3 Mb
--- Generating DNLP model m
--- mathopt6.gms(63) 5 Mb
--- LOOPS i = rand26
---   1 rows  3 columns  3 non-zeroes
---   35 nl-code  2 nl-non-zeroes
--- mathopt6.gms(63) 3 Mb
--- Executing CONVERT: elapsed 0:00:00.410

Convert 2.0      24.7.4 r58773 Released Sep 19, 2016 LEG x86 64bit/Linux      

--- Using Option File
Reading parameter(s) from "/home/renigijus/gams/opt-mod-lib/gamslib/mathopt6/convert.opt"
>>  gams mathopt6-scalar.gms
Finished reading from "/home/renigijus/gams/opt-mod-lib/gamslib/mathopt6/convert.opt"
--- Writing Gams      : mathopt6-scalar.gms

--- Restarting execution
--- mathopt6.gms(63) 2 Mb
--- Reading solution for model m
--- mathopt6.gms(58) 3 Mb
--- Generating DNLP model m
--- mathopt6.gms(63) 5 Mb
--- LOOPS i = rand27
---   1 rows  3 columns  3 non-zeroes
---   35 nl-code  2 nl-non-zeroes
--- mathopt6.gms(63) 3 Mb
--- Executing CONVERT: elapsed 0:00:00.422

Convert 2.0      24.7.4 r58773 Released Sep 19, 2016 LEG x86 64bit/Linux      

--- Using Option File
Reading parameter(s) from "/home/renigijus/gams/opt-mod-lib/gamslib/mathopt6/convert.opt"
>>  gams mathopt6-scalar.gms
Finished reading from "/home/renigijus/gams/opt-mod-lib/gamslib/mathopt6/convert.opt"
--- Writing Gams      : mathopt6-scalar.gms

--- Restarting execution
--- mathopt6.gms(63) 2 Mb
--- Reading solution for model m
--- mathopt6.gms(58) 3 Mb
--- Generating DNLP model m
--- mathopt6.gms(63) 5 Mb
--- LOOPS i = rand28
---   1 rows  3 columns  3 non-zeroes
---   35 nl-code  2 nl-non-zeroes
--- mathopt6.gms(63) 3 Mb
--- Executing CONVERT: elapsed 0:00:00.436

Convert 2.0      24.7.4 r58773 Released Sep 19, 2016 LEG x86 64bit/Linux      

--- Using Option File
Reading parameter(s) from "/home/renigijus/gams/opt-mod-lib/gamslib/mathopt6/convert.opt"
>>  gams mathopt6-scalar.gms
Finished reading from "/home/renigijus/gams/opt-mod-lib/gamslib/mathopt6/convert.opt"
--- Writing Gams      : mathopt6-scalar.gms

--- Restarting execution
--- mathopt6.gms(63) 2 Mb
--- Reading solution for model m
--- mathopt6.gms(58) 3 Mb
--- Generating DNLP model m
--- mathopt6.gms(63) 5 Mb
--- LOOPS i = rand29
---   1 rows  3 columns  3 non-zeroes
---   35 nl-code  2 nl-non-zeroes
--- mathopt6.gms(63) 3 Mb
--- Executing CONVERT: elapsed 0:00:00.451

Convert 2.0      24.7.4 r58773 Released Sep 19, 2016 LEG x86 64bit/Linux      

--- Using Option File
Reading parameter(s) from "/home/renigijus/gams/opt-mod-lib/gamslib/mathopt6/convert.opt"
>>  gams mathopt6-scalar.gms
Finished reading from "/home/renigijus/gams/opt-mod-lib/gamslib/mathopt6/convert.opt"
--- Writing Gams      : mathopt6-scalar.gms

--- Restarting execution
--- mathopt6.gms(63) 2 Mb
--- Reading solution for model m
--- mathopt6.gms(58) 3 Mb
--- Generating DNLP model m
--- mathopt6.gms(63) 5 Mb
--- LOOPS i = rand30
---   1 rows  3 columns  3 non-zeroes
---   35 nl-code  2 nl-non-zeroes
--- mathopt6.gms(63) 3 Mb
--- Executing CONVERT: elapsed 0:00:00.463

Convert 2.0      24.7.4 r58773 Released Sep 19, 2016 LEG x86 64bit/Linux      

--- Using Option File
Reading parameter(s) from "/home/renigijus/gams/opt-mod-lib/gamslib/mathopt6/convert.opt"
>>  gams mathopt6-scalar.gms
Finished reading from "/home/renigijus/gams/opt-mod-lib/gamslib/mathopt6/convert.opt"
--- Writing Gams      : mathopt6-scalar.gms

--- Restarting execution
--- mathopt6.gms(63) 2 Mb
--- Reading solution for model m
--- mathopt6.gms(58) 3 Mb
--- Generating DNLP model m
--- mathopt6.gms(63) 5 Mb
--- LOOPS i = rand31
---   1 rows  3 columns  3 non-zeroes
---   35 nl-code  2 nl-non-zeroes
--- mathopt6.gms(63) 3 Mb
--- Executing CONVERT: elapsed 0:00:00.477

Convert 2.0      24.7.4 r58773 Released Sep 19, 2016 LEG x86 64bit/Linux      

--- Using Option File
Reading parameter(s) from "/home/renigijus/gams/opt-mod-lib/gamslib/mathopt6/convert.opt"
>>  gams mathopt6-scalar.gms
Finished reading from "/home/renigijus/gams/opt-mod-lib/gamslib/mathopt6/convert.opt"
--- Writing Gams      : mathopt6-scalar.gms

--- Restarting execution
--- mathopt6.gms(63) 2 Mb
--- Reading solution for model m
--- mathopt6.gms(58) 3 Mb
--- Generating DNLP model m
--- mathopt6.gms(63) 5 Mb
--- LOOPS i = rand32
---   1 rows  3 columns  3 non-zeroes
---   35 nl-code  2 nl-non-zeroes
--- mathopt6.gms(63) 3 Mb
--- Executing CONVERT: elapsed 0:00:00.493

Convert 2.0      24.7.4 r58773 Released Sep 19, 2016 LEG x86 64bit/Linux      

--- Using Option File
Reading parameter(s) from "/home/renigijus/gams/opt-mod-lib/gamslib/mathopt6/convert.opt"
>>  gams mathopt6-scalar.gms
Finished reading from "/home/renigijus/gams/opt-mod-lib/gamslib/mathopt6/convert.opt"
--- Writing Gams      : mathopt6-scalar.gms

--- Restarting execution
--- mathopt6.gms(63) 2 Mb
--- Reading solution for model m
--- mathopt6.gms(58) 3 Mb
--- Generating DNLP model m
--- mathopt6.gms(63) 5 Mb
--- LOOPS i = rand33
---   1 rows  3 columns  3 non-zeroes
---   35 nl-code  2 nl-non-zeroes
--- mathopt6.gms(63) 3 Mb
--- Executing CONVERT: elapsed 0:00:00.504

Convert 2.0      24.7.4 r58773 Released Sep 19, 2016 LEG x86 64bit/Linux      

--- Using Option File
Reading parameter(s) from "/home/renigijus/gams/opt-mod-lib/gamslib/mathopt6/convert.opt"
>>  gams mathopt6-scalar.gms
Finished reading from "/home/renigijus/gams/opt-mod-lib/gamslib/mathopt6/convert.opt"
--- Writing Gams      : mathopt6-scalar.gms

--- Restarting execution
--- mathopt6.gms(63) 2 Mb
--- Reading solution for model m
--- mathopt6.gms(58) 3 Mb
--- Generating DNLP model m
--- mathopt6.gms(63) 5 Mb
--- LOOPS i = rand34
---   1 rows  3 columns  3 non-zeroes
---   35 nl-code  2 nl-non-zeroes
--- mathopt6.gms(63) 3 Mb
--- Executing CONVERT: elapsed 0:00:00.518

Convert 2.0      24.7.4 r58773 Released Sep 19, 2016 LEG x86 64bit/Linux      

--- Using Option File
Reading parameter(s) from "/home/renigijus/gams/opt-mod-lib/gamslib/mathopt6/convert.opt"
>>  gams mathopt6-scalar.gms
Finished reading from "/home/renigijus/gams/opt-mod-lib/gamslib/mathopt6/convert.opt"
--- Writing Gams      : mathopt6-scalar.gms

--- Restarting execution
--- mathopt6.gms(63) 2 Mb
--- Reading solution for model m
--- mathopt6.gms(58) 3 Mb
--- Generating DNLP model m
--- mathopt6.gms(63) 5 Mb
--- LOOPS i = rand35
---   1 rows  3 columns  3 non-zeroes
---   35 nl-code  2 nl-non-zeroes
--- mathopt6.gms(63) 3 Mb
--- Executing CONVERT: elapsed 0:00:00.539

Convert 2.0      24.7.4 r58773 Released Sep 19, 2016 LEG x86 64bit/Linux      

--- Using Option File
Reading parameter(s) from "/home/renigijus/gams/opt-mod-lib/gamslib/mathopt6/convert.opt"
>>  gams mathopt6-scalar.gms
Finished reading from "/home/renigijus/gams/opt-mod-lib/gamslib/mathopt6/convert.opt"
--- Writing Gams      : mathopt6-scalar.gms

--- Restarting execution
--- mathopt6.gms(63) 2 Mb
--- Reading solution for model m
--- mathopt6.gms(58) 3 Mb
--- Generating DNLP model m
--- mathopt6.gms(63) 5 Mb
--- LOOPS i = rand36
---   1 rows  3 columns  3 non-zeroes
---   35 nl-code  2 nl-non-zeroes
--- mathopt6.gms(63) 3 Mb
--- Executing CONVERT: elapsed 0:00:00.550

Convert 2.0      24.7.4 r58773 Released Sep 19, 2016 LEG x86 64bit/Linux      

--- Using Option File
Reading parameter(s) from "/home/renigijus/gams/opt-mod-lib/gamslib/mathopt6/convert.opt"
>>  gams mathopt6-scalar.gms
Finished reading from "/home/renigijus/gams/opt-mod-lib/gamslib/mathopt6/convert.opt"
--- Writing Gams      : mathopt6-scalar.gms

--- Restarting execution
--- mathopt6.gms(63) 2 Mb
--- Reading solution for model m
--- mathopt6.gms(58) 3 Mb
--- Generating DNLP model m
--- mathopt6.gms(63) 5 Mb
--- LOOPS i = rand37
---   1 rows  3 columns  3 non-zeroes
---   35 nl-code  2 nl-non-zeroes
--- mathopt6.gms(63) 3 Mb
--- Executing CONVERT: elapsed 0:00:00.567

Convert 2.0      24.7.4 r58773 Released Sep 19, 2016 LEG x86 64bit/Linux      

--- Using Option File
Reading parameter(s) from "/home/renigijus/gams/opt-mod-lib/gamslib/mathopt6/convert.opt"
>>  gams mathopt6-scalar.gms
Finished reading from "/home/renigijus/gams/opt-mod-lib/gamslib/mathopt6/convert.opt"
--- Writing Gams      : mathopt6-scalar.gms

--- Restarting execution
--- mathopt6.gms(63) 2 Mb
--- Reading solution for model m
--- mathopt6.gms(58) 3 Mb
--- Generating DNLP model m
--- mathopt6.gms(63) 5 Mb
--- LOOPS i = rand38
---   1 rows  3 columns  3 non-zeroes
---   35 nl-code  2 nl-non-zeroes
--- mathopt6.gms(63) 3 Mb
--- Executing CONVERT: elapsed 0:00:00.587

Convert 2.0      24.7.4 r58773 Released Sep 19, 2016 LEG x86 64bit/Linux      

--- Using Option File
Reading parameter(s) from "/home/renigijus/gams/opt-mod-lib/gamslib/mathopt6/convert.opt"
>>  gams mathopt6-scalar.gms
Finished reading from "/home/renigijus/gams/opt-mod-lib/gamslib/mathopt6/convert.opt"
--- Writing Gams      : mathopt6-scalar.gms

--- Restarting execution
--- mathopt6.gms(63) 2 Mb
--- Reading solution for model m
--- mathopt6.gms(58) 3 Mb
--- Generating DNLP model m
--- mathopt6.gms(63) 5 Mb
--- LOOPS i = rand39
---   1 rows  3 columns  3 non-zeroes
---   35 nl-code  2 nl-non-zeroes
--- mathopt6.gms(63) 3 Mb
--- Executing CONVERT: elapsed 0:00:00.601

Convert 2.0      24.7.4 r58773 Released Sep 19, 2016 LEG x86 64bit/Linux      

--- Using Option File
Reading parameter(s) from "/home/renigijus/gams/opt-mod-lib/gamslib/mathopt6/convert.opt"
>>  gams mathopt6-scalar.gms
Finished reading from "/home/renigijus/gams/opt-mod-lib/gamslib/mathopt6/convert.opt"
--- Writing Gams      : mathopt6-scalar.gms

--- Restarting execution
--- mathopt6.gms(63) 2 Mb
--- Reading solution for model m
--- mathopt6.gms(58) 3 Mb
--- Generating DNLP model m
--- mathopt6.gms(63) 5 Mb
--- LOOPS i = rand40
---   1 rows  3 columns  3 non-zeroes
---   35 nl-code  2 nl-non-zeroes
--- mathopt6.gms(63) 3 Mb
--- Executing CONVERT: elapsed 0:00:00.618

Convert 2.0      24.7.4 r58773 Released Sep 19, 2016 LEG x86 64bit/Linux      

--- Using Option File
Reading parameter(s) from "/home/renigijus/gams/opt-mod-lib/gamslib/mathopt6/convert.opt"
>>  gams mathopt6-scalar.gms
Finished reading from "/home/renigijus/gams/opt-mod-lib/gamslib/mathopt6/convert.opt"
--- Writing Gams      : mathopt6-scalar.gms

--- Restarting execution
--- mathopt6.gms(63) 2 Mb
--- Reading solution for model m
--- mathopt6.gms(58) 3 Mb
--- Generating DNLP model m
--- mathopt6.gms(63) 5 Mb
--- LOOPS i = rand41
---   1 rows  3 columns  3 non-zeroes
---   35 nl-code  2 nl-non-zeroes
--- mathopt6.gms(63) 3 Mb
--- Executing CONVERT: elapsed 0:00:00.631

Convert 2.0      24.7.4 r58773 Released Sep 19, 2016 LEG x86 64bit/Linux      

--- Using Option File
Reading parameter(s) from "/home/renigijus/gams/opt-mod-lib/gamslib/mathopt6/convert.opt"
>>  gams mathopt6-scalar.gms
Finished reading from "/home/renigijus/gams/opt-mod-lib/gamslib/mathopt6/convert.opt"
--- Writing Gams      : mathopt6-scalar.gms

--- Restarting execution
--- mathopt6.gms(63) 2 Mb
--- Reading solution for model m
--- mathopt6.gms(58) 3 Mb
--- Generating DNLP model m
--- mathopt6.gms(63) 5 Mb
--- LOOPS i = rand42
---   1 rows  3 columns  3 non-zeroes
---   35 nl-code  2 nl-non-zeroes
--- mathopt6.gms(63) 3 Mb
--- Executing CONVERT: elapsed 0:00:00.645

Convert 2.0      24.7.4 r58773 Released Sep 19, 2016 LEG x86 64bit/Linux      

--- Using Option File
Reading parameter(s) from "/home/renigijus/gams/opt-mod-lib/gamslib/mathopt6/convert.opt"
>>  gams mathopt6-scalar.gms
Finished reading from "/home/renigijus/gams/opt-mod-lib/gamslib/mathopt6/convert.opt"
--- Writing Gams      : mathopt6-scalar.gms

--- Restarting execution
--- mathopt6.gms(63) 2 Mb
--- Reading solution for model m
--- mathopt6.gms(58) 3 Mb
--- Generating DNLP model m
--- mathopt6.gms(63) 5 Mb
--- LOOPS i = rand43
---   1 rows  3 columns  3 non-zeroes
---   35 nl-code  2 nl-non-zeroes
--- mathopt6.gms(63) 3 Mb
--- Executing CONVERT: elapsed 0:00:00.662

Convert 2.0      24.7.4 r58773 Released Sep 19, 2016 LEG x86 64bit/Linux      

--- Using Option File
Reading parameter(s) from "/home/renigijus/gams/opt-mod-lib/gamslib/mathopt6/convert.opt"
>>  gams mathopt6-scalar.gms
Finished reading from "/home/renigijus/gams/opt-mod-lib/gamslib/mathopt6/convert.opt"
--- Writing Gams      : mathopt6-scalar.gms

--- Restarting execution
--- mathopt6.gms(63) 2 Mb
--- Reading solution for model m
--- mathopt6.gms(58) 3 Mb
--- Generating DNLP model m
--- mathopt6.gms(63) 5 Mb
--- LOOPS i = rand44
---   1 rows  3 columns  3 non-zeroes
---   35 nl-code  2 nl-non-zeroes
--- mathopt6.gms(63) 3 Mb
--- Executing CONVERT: elapsed 0:00:00.676

Convert 2.0      24.7.4 r58773 Released Sep 19, 2016 LEG x86 64bit/Linux      

--- Using Option File
Reading parameter(s) from "/home/renigijus/gams/opt-mod-lib/gamslib/mathopt6/convert.opt"
>>  gams mathopt6-scalar.gms
Finished reading from "/home/renigijus/gams/opt-mod-lib/gamslib/mathopt6/convert.opt"
--- Writing Gams      : mathopt6-scalar.gms

--- Restarting execution
--- mathopt6.gms(63) 2 Mb
--- Reading solution for model m
--- mathopt6.gms(58) 3 Mb
--- Generating DNLP model m
--- mathopt6.gms(63) 5 Mb
--- LOOPS i = rand45
---   1 rows  3 columns  3 non-zeroes
---   35 nl-code  2 nl-non-zeroes
--- mathopt6.gms(63) 3 Mb
--- Executing CONVERT: elapsed 0:00:00.686

Convert 2.0      24.7.4 r58773 Released Sep 19, 2016 LEG x86 64bit/Linux      

--- Using Option File
Reading parameter(s) from "/home/renigijus/gams/opt-mod-lib/gamslib/mathopt6/convert.opt"
>>  gams mathopt6-scalar.gms
Finished reading from "/home/renigijus/gams/opt-mod-lib/gamslib/mathopt6/convert.opt"
--- Writing Gams      : mathopt6-scalar.gms

--- Restarting execution
--- mathopt6.gms(63) 2 Mb
--- Reading solution for model m
--- mathopt6.gms(58) 3 Mb
--- Generating DNLP model m
--- mathopt6.gms(63) 5 Mb
--- LOOPS i = rand46
---   1 rows  3 columns  3 non-zeroes
---   35 nl-code  2 nl-non-zeroes
--- mathopt6.gms(63) 3 Mb
--- Executing CONVERT: elapsed 0:00:00.719

Convert 2.0      24.7.4 r58773 Released Sep 19, 2016 LEG x86 64bit/Linux      

--- Using Option File
Reading parameter(s) from "/home/renigijus/gams/opt-mod-lib/gamslib/mathopt6/convert.opt"
>>  gams mathopt6-scalar.gms
Finished reading from "/home/renigijus/gams/opt-mod-lib/gamslib/mathopt6/convert.opt"
--- Writing Gams      : mathopt6-scalar.gms

--- Restarting execution
--- mathopt6.gms(63) 2 Mb
--- Reading solution for model m
--- mathopt6.gms(58) 3 Mb
--- Generating DNLP model m
--- mathopt6.gms(63) 5 Mb
--- LOOPS i = rand47
---   1 rows  3 columns  3 non-zeroes
---   35 nl-code  2 nl-non-zeroes
--- mathopt6.gms(63) 3 Mb
--- Executing CONVERT: elapsed 0:00:00.735

Convert 2.0      24.7.4 r58773 Released Sep 19, 2016 LEG x86 64bit/Linux      

--- Using Option File
Reading parameter(s) from "/home/renigijus/gams/opt-mod-lib/gamslib/mathopt6/convert.opt"
>>  gams mathopt6-scalar.gms
Finished reading from "/home/renigijus/gams/opt-mod-lib/gamslib/mathopt6/convert.opt"
--- Writing Gams      : mathopt6-scalar.gms

--- Restarting execution
--- mathopt6.gms(63) 2 Mb
--- Reading solution for model m
--- mathopt6.gms(58) 3 Mb
--- Generating DNLP model m
--- mathopt6.gms(63) 5 Mb
--- LOOPS i = rand48
---   1 rows  3 columns  3 non-zeroes
---   35 nl-code  2 nl-non-zeroes
--- mathopt6.gms(63) 3 Mb
--- Executing CONVERT: elapsed 0:00:00.757

Convert 2.0      24.7.4 r58773 Released Sep 19, 2016 LEG x86 64bit/Linux      

--- Using Option File
Reading parameter(s) from "/home/renigijus/gams/opt-mod-lib/gamslib/mathopt6/convert.opt"
>>  gams mathopt6-scalar.gms
Finished reading from "/home/renigijus/gams/opt-mod-lib/gamslib/mathopt6/convert.opt"
--- Writing Gams      : mathopt6-scalar.gms

--- Restarting execution
--- mathopt6.gms(63) 2 Mb
--- Reading solution for model m
--- mathopt6.gms(58) 3 Mb
--- Generating DNLP model m
--- mathopt6.gms(63) 5 Mb
--- LOOPS i = rand49
---   1 rows  3 columns  3 non-zeroes
---   35 nl-code  2 nl-non-zeroes
--- mathopt6.gms(63) 3 Mb
--- Executing CONVERT: elapsed 0:00:00.775

Convert 2.0      24.7.4 r58773 Released Sep 19, 2016 LEG x86 64bit/Linux      

--- Using Option File
Reading parameter(s) from "/home/renigijus/gams/opt-mod-lib/gamslib/mathopt6/convert.opt"
>>  gams mathopt6-scalar.gms
Finished reading from "/home/renigijus/gams/opt-mod-lib/gamslib/mathopt6/convert.opt"
--- Writing Gams      : mathopt6-scalar.gms

--- Restarting execution
--- mathopt6.gms(63) 2 Mb
--- Reading solution for model m
--- mathopt6.gms(58) 3 Mb
--- Generating DNLP model m
--- mathopt6.gms(63) 5 Mb
--- LOOPS i = rand50
---   1 rows  3 columns  3 non-zeroes
---   35 nl-code  2 nl-non-zeroes
--- mathopt6.gms(63) 3 Mb
--- Executing CONVERT: elapsed 0:00:00.786

Convert 2.0      24.7.4 r58773 Released Sep 19, 2016 LEG x86 64bit/Linux      

--- Using Option File
Reading parameter(s) from "/home/renigijus/gams/opt-mod-lib/gamslib/mathopt6/convert.opt"
>>  gams mathopt6-scalar.gms
Finished reading from "/home/renigijus/gams/opt-mod-lib/gamslib/mathopt6/convert.opt"
--- Writing Gams      : mathopt6-scalar.gms

--- Restarting execution
--- mathopt6.gms(63) 2 Mb
--- Reading solution for model m
--- mathopt6.gms(58) 3 Mb
--- Generating DNLP model m
--- mathopt6.gms(63) 5 Mb
--- LOOPS i = rand51
---   1 rows  3 columns  3 non-zeroes
---   35 nl-code  2 nl-non-zeroes
--- mathopt6.gms(63) 3 Mb
--- Executing CONVERT: elapsed 0:00:00.799

Convert 2.0      24.7.4 r58773 Released Sep 19, 2016 LEG x86 64bit/Linux      

--- Using Option File
Reading parameter(s) from "/home/renigijus/gams/opt-mod-lib/gamslib/mathopt6/convert.opt"
>>  gams mathopt6-scalar.gms
Finished reading from "/home/renigijus/gams/opt-mod-lib/gamslib/mathopt6/convert.opt"
--- Writing Gams      : mathopt6-scalar.gms

--- Restarting execution
--- mathopt6.gms(63) 2 Mb
--- Reading solution for model m
--- mathopt6.gms(58) 3 Mb
--- Generating DNLP model m
--- mathopt6.gms(63) 5 Mb
--- LOOPS i = rand52
---   1 rows  3 columns  3 non-zeroes
---   35 nl-code  2 nl-non-zeroes
--- mathopt6.gms(63) 3 Mb
--- Executing CONVERT: elapsed 0:00:00.838

Convert 2.0      24.7.4 r58773 Released Sep 19, 2016 LEG x86 64bit/Linux      

--- Using Option File
Reading parameter(s) from "/home/renigijus/gams/opt-mod-lib/gamslib/mathopt6/convert.opt"
>>  gams mathopt6-scalar.gms
Finished reading from "/home/renigijus/gams/opt-mod-lib/gamslib/mathopt6/convert.opt"
--- Writing Gams      : mathopt6-scalar.gms

--- Restarting execution
--- mathopt6.gms(63) 2 Mb
--- Reading solution for model m
--- mathopt6.gms(58) 3 Mb
--- Generating DNLP model m
--- mathopt6.gms(63) 5 Mb
--- LOOPS i = rand53
---   1 rows  3 columns  3 non-zeroes
---   35 nl-code  2 nl-non-zeroes
--- mathopt6.gms(63) 3 Mb
--- Executing CONVERT: elapsed 0:00:00.856

Convert 2.0      24.7.4 r58773 Released Sep 19, 2016 LEG x86 64bit/Linux      

--- Using Option File
Reading parameter(s) from "/home/renigijus/gams/opt-mod-lib/gamslib/mathopt6/convert.opt"
>>  gams mathopt6-scalar.gms
Finished reading from "/home/renigijus/gams/opt-mod-lib/gamslib/mathopt6/convert.opt"
--- Writing Gams      : mathopt6-scalar.gms

--- Restarting execution
--- mathopt6.gms(63) 2 Mb
--- Reading solution for model m
--- mathopt6.gms(58) 3 Mb
--- Generating DNLP model m
--- mathopt6.gms(63) 5 Mb
--- LOOPS i = rand54
---   1 rows  3 columns  3 non-zeroes
---   35 nl-code  2 nl-non-zeroes
--- mathopt6.gms(63) 3 Mb
--- Executing CONVERT: elapsed 0:00:00.873

Convert 2.0      24.7.4 r58773 Released Sep 19, 2016 LEG x86 64bit/Linux      

--- Using Option File
Reading parameter(s) from "/home/renigijus/gams/opt-mod-lib/gamslib/mathopt6/convert.opt"
>>  gams mathopt6-scalar.gms
Finished reading from "/home/renigijus/gams/opt-mod-lib/gamslib/mathopt6/convert.opt"
--- Writing Gams      : mathopt6-scalar.gms

--- Restarting execution
--- mathopt6.gms(63) 2 Mb
--- Reading solution for model m
--- mathopt6.gms(58) 3 Mb
--- Generating DNLP model m
--- mathopt6.gms(63) 5 Mb
--- LOOPS i = rand55
---   1 rows  3 columns  3 non-zeroes
---   35 nl-code  2 nl-non-zeroes
--- mathopt6.gms(63) 3 Mb
--- Executing CONVERT: elapsed 0:00:00.889

Convert 2.0      24.7.4 r58773 Released Sep 19, 2016 LEG x86 64bit/Linux      

--- Using Option File
Reading parameter(s) from "/home/renigijus/gams/opt-mod-lib/gamslib/mathopt6/convert.opt"
>>  gams mathopt6-scalar.gms
Finished reading from "/home/renigijus/gams/opt-mod-lib/gamslib/mathopt6/convert.opt"
--- Writing Gams      : mathopt6-scalar.gms

--- Restarting execution
--- mathopt6.gms(63) 2 Mb
--- Reading solution for model m
--- mathopt6.gms(58) 3 Mb
--- Generating DNLP model m
--- mathopt6.gms(63) 5 Mb
--- LOOPS i = rand56
---   1 rows  3 columns  3 non-zeroes
---   35 nl-code  2 nl-non-zeroes
--- mathopt6.gms(63) 3 Mb
--- Executing CONVERT: elapsed 0:00:00.908

Convert 2.0      24.7.4 r58773 Released Sep 19, 2016 LEG x86 64bit/Linux      

--- Using Option File
Reading parameter(s) from "/home/renigijus/gams/opt-mod-lib/gamslib/mathopt6/convert.opt"
>>  gams mathopt6-scalar.gms
Finished reading from "/home/renigijus/gams/opt-mod-lib/gamslib/mathopt6/convert.opt"
--- Writing Gams      : mathopt6-scalar.gms

--- Restarting execution
--- mathopt6.gms(63) 2 Mb
--- Reading solution for model m
--- mathopt6.gms(58) 3 Mb
--- Generating DNLP model m
--- mathopt6.gms(63) 5 Mb
--- LOOPS i = rand57
---   1 rows  3 columns  3 non-zeroes
---   35 nl-code  2 nl-non-zeroes
--- mathopt6.gms(63) 3 Mb
--- Executing CONVERT: elapsed 0:00:00.924

Convert 2.0      24.7.4 r58773 Released Sep 19, 2016 LEG x86 64bit/Linux      

--- Using Option File
Reading parameter(s) from "/home/renigijus/gams/opt-mod-lib/gamslib/mathopt6/convert.opt"
>>  gams mathopt6-scalar.gms
Finished reading from "/home/renigijus/gams/opt-mod-lib/gamslib/mathopt6/convert.opt"
--- Writing Gams      : mathopt6-scalar.gms

--- Restarting execution
--- mathopt6.gms(63) 2 Mb
--- Reading solution for model m
--- mathopt6.gms(58) 3 Mb
--- Generating DNLP model m
--- mathopt6.gms(63) 5 Mb
--- LOOPS i = rand58
---   1 rows  3 columns  3 non-zeroes
---   35 nl-code  2 nl-non-zeroes
--- mathopt6.gms(63) 3 Mb
--- Executing CONVERT: elapsed 0:00:00.934

Convert 2.0      24.7.4 r58773 Released Sep 19, 2016 LEG x86 64bit/Linux      

--- Using Option File
Reading parameter(s) from "/home/renigijus/gams/opt-mod-lib/gamslib/mathopt6/convert.opt"
>>  gams mathopt6-scalar.gms
Finished reading from "/home/renigijus/gams/opt-mod-lib/gamslib/mathopt6/convert.opt"
--- Writing Gams      : mathopt6-scalar.gms

--- Restarting execution
--- mathopt6.gms(63) 2 Mb
--- Reading solution for model m
--- mathopt6.gms(58) 3 Mb
--- Generating DNLP model m
--- mathopt6.gms(63) 5 Mb
--- LOOPS i = rand59
---   1 rows  3 columns  3 non-zeroes
---   35 nl-code  2 nl-non-zeroes
--- mathopt6.gms(63) 3 Mb
--- Executing CONVERT: elapsed 0:00:00.947

Convert 2.0      24.7.4 r58773 Released Sep 19, 2016 LEG x86 64bit/Linux      

--- Using Option File
Reading parameter(s) from "/home/renigijus/gams/opt-mod-lib/gamslib/mathopt6/convert.opt"
>>  gams mathopt6-scalar.gms
Finished reading from "/home/renigijus/gams/opt-mod-lib/gamslib/mathopt6/convert.opt"
--- Writing Gams      : mathopt6-scalar.gms

--- Restarting execution
--- mathopt6.gms(63) 2 Mb
--- Reading solution for model m
--- mathopt6.gms(58) 3 Mb
--- Generating DNLP model m
--- mathopt6.gms(63) 5 Mb
--- LOOPS i = rand60
---   1 rows  3 columns  3 non-zeroes
---   35 nl-code  2 nl-non-zeroes
--- mathopt6.gms(63) 3 Mb
--- Executing CONVERT: elapsed 0:00:00.964

Convert 2.0      24.7.4 r58773 Released Sep 19, 2016 LEG x86 64bit/Linux      

--- Using Option File
Reading parameter(s) from "/home/renigijus/gams/opt-mod-lib/gamslib/mathopt6/convert.opt"
>>  gams mathopt6-scalar.gms
Finished reading from "/home/renigijus/gams/opt-mod-lib/gamslib/mathopt6/convert.opt"
--- Writing Gams      : mathopt6-scalar.gms

--- Restarting execution
--- mathopt6.gms(63) 2 Mb
--- Reading solution for model m
--- mathopt6.gms(58) 3 Mb
--- Generating DNLP model m
--- mathopt6.gms(63) 5 Mb
--- LOOPS i = rand61
---   1 rows  3 columns  3 non-zeroes
---   35 nl-code  2 nl-non-zeroes
--- mathopt6.gms(63) 3 Mb
--- Executing CONVERT: elapsed 0:00:00.982

Convert 2.0      24.7.4 r58773 Released Sep 19, 2016 LEG x86 64bit/Linux      

--- Using Option File
Reading parameter(s) from "/home/renigijus/gams/opt-mod-lib/gamslib/mathopt6/convert.opt"
>>  gams mathopt6-scalar.gms
Finished reading from "/home/renigijus/gams/opt-mod-lib/gamslib/mathopt6/convert.opt"
--- Writing Gams      : mathopt6-scalar.gms

--- Restarting execution
--- mathopt6.gms(63) 2 Mb
--- Reading solution for model m
--- mathopt6.gms(58) 3 Mb
--- Generating DNLP model m
--- mathopt6.gms(63) 5 Mb
--- LOOPS i = rand62
---   1 rows  3 columns  3 non-zeroes
---   35 nl-code  2 nl-non-zeroes
--- mathopt6.gms(63) 3 Mb
--- Executing CONVERT: elapsed 0:00:01.000

Convert 2.0      24.7.4 r58773 Released Sep 19, 2016 LEG x86 64bit/Linux      

--- Using Option File
Reading parameter(s) from "/home/renigijus/gams/opt-mod-lib/gamslib/mathopt6/convert.opt"
>>  gams mathopt6-scalar.gms
Finished reading from "/home/renigijus/gams/opt-mod-lib/gamslib/mathopt6/convert.opt"
--- Writing Gams      : mathopt6-scalar.gms

--- Restarting execution
--- mathopt6.gms(63) 2 Mb
--- Reading solution for model m
--- mathopt6.gms(58) 3 Mb
--- Generating DNLP model m
--- mathopt6.gms(63) 5 Mb
--- LOOPS i = rand63
---   1 rows  3 columns  3 non-zeroes
---   35 nl-code  2 nl-non-zeroes
--- mathopt6.gms(63) 3 Mb
--- Executing CONVERT: elapsed 0:00:01.014

Convert 2.0      24.7.4 r58773 Released Sep 19, 2016 LEG x86 64bit/Linux      

--- Using Option File
Reading parameter(s) from "/home/renigijus/gams/opt-mod-lib/gamslib/mathopt6/convert.opt"
>>  gams mathopt6-scalar.gms
Finished reading from "/home/renigijus/gams/opt-mod-lib/gamslib/mathopt6/convert.opt"
--- Writing Gams      : mathopt6-scalar.gms

--- Restarting execution
--- mathopt6.gms(63) 2 Mb
--- Reading solution for model m
--- mathopt6.gms(58) 3 Mb
--- Generating DNLP model m
--- mathopt6.gms(63) 5 Mb
--- LOOPS i = rand64
---   1 rows  3 columns  3 non-zeroes
---   35 nl-code  2 nl-non-zeroes
--- mathopt6.gms(63) 3 Mb
--- Executing CONVERT: elapsed 0:00:01.029

Convert 2.0      24.7.4 r58773 Released Sep 19, 2016 LEG x86 64bit/Linux      

--- Using Option File
Reading parameter(s) from "/home/renigijus/gams/opt-mod-lib/gamslib/mathopt6/convert.opt"
>>  gams mathopt6-scalar.gms
Finished reading from "/home/renigijus/gams/opt-mod-lib/gamslib/mathopt6/convert.opt"
--- Writing Gams      : mathopt6-scalar.gms

--- Restarting execution
--- mathopt6.gms(63) 2 Mb
--- Reading solution for model m
--- mathopt6.gms(58) 3 Mb
--- Generating DNLP model m
--- mathopt6.gms(63) 5 Mb
--- LOOPS i = rand65
---   1 rows  3 columns  3 non-zeroes
---   35 nl-code  2 nl-non-zeroes
--- mathopt6.gms(63) 3 Mb
--- Executing CONVERT: elapsed 0:00:01.045

Convert 2.0      24.7.4 r58773 Released Sep 19, 2016 LEG x86 64bit/Linux      

--- Using Option File
Reading parameter(s) from "/home/renigijus/gams/opt-mod-lib/gamslib/mathopt6/convert.opt"
>>  gams mathopt6-scalar.gms
Finished reading from "/home/renigijus/gams/opt-mod-lib/gamslib/mathopt6/convert.opt"
--- Writing Gams      : mathopt6-scalar.gms

--- Restarting execution
--- mathopt6.gms(63) 2 Mb
--- Reading solution for model m
--- mathopt6.gms(58) 3 Mb
--- Generating DNLP model m
--- mathopt6.gms(63) 5 Mb
--- LOOPS i = rand66
---   1 rows  3 columns  3 non-zeroes
---   35 nl-code  2 nl-non-zeroes
--- mathopt6.gms(63) 3 Mb
--- Executing CONVERT: elapsed 0:00:01.061

Convert 2.0      24.7.4 r58773 Released Sep 19, 2016 LEG x86 64bit/Linux      

--- Using Option File
Reading parameter(s) from "/home/renigijus/gams/opt-mod-lib/gamslib/mathopt6/convert.opt"
>>  gams mathopt6-scalar.gms
Finished reading from "/home/renigijus/gams/opt-mod-lib/gamslib/mathopt6/convert.opt"
--- Writing Gams      : mathopt6-scalar.gms

--- Restarting execution
--- mathopt6.gms(63) 2 Mb
--- Reading solution for model m
--- mathopt6.gms(58) 3 Mb
--- Generating DNLP model m
--- mathopt6.gms(63) 5 Mb
--- LOOPS i = rand67
---   1 rows  3 columns  3 non-zeroes
---   35 nl-code  2 nl-non-zeroes
--- mathopt6.gms(63) 3 Mb
--- Executing CONVERT: elapsed 0:00:01.075

Convert 2.0      24.7.4 r58773 Released Sep 19, 2016 LEG x86 64bit/Linux      

--- Using Option File
Reading parameter(s) from "/home/renigijus/gams/opt-mod-lib/gamslib/mathopt6/convert.opt"
>>  gams mathopt6-scalar.gms
Finished reading from "/home/renigijus/gams/opt-mod-lib/gamslib/mathopt6/convert.opt"
--- Writing Gams      : mathopt6-scalar.gms

--- Restarting execution
--- mathopt6.gms(63) 2 Mb
--- Reading solution for model m
--- mathopt6.gms(58) 3 Mb
--- Generating DNLP model m
--- mathopt6.gms(63) 5 Mb
--- LOOPS i = rand68
---   1 rows  3 columns  3 non-zeroes
---   35 nl-code  2 nl-non-zeroes
--- mathopt6.gms(63) 3 Mb
--- Executing CONVERT: elapsed 0:00:01.089

Convert 2.0      24.7.4 r58773 Released Sep 19, 2016 LEG x86 64bit/Linux      

--- Using Option File
Reading parameter(s) from "/home/renigijus/gams/opt-mod-lib/gamslib/mathopt6/convert.opt"
>>  gams mathopt6-scalar.gms
Finished reading from "/home/renigijus/gams/opt-mod-lib/gamslib/mathopt6/convert.opt"
--- Writing Gams      : mathopt6-scalar.gms

--- Restarting execution
--- mathopt6.gms(63) 2 Mb
--- Reading solution for model m
--- mathopt6.gms(58) 3 Mb
--- Generating DNLP model m
--- mathopt6.gms(63) 5 Mb
--- LOOPS i = rand69
---   1 rows  3 columns  3 non-zeroes
---   35 nl-code  2 nl-non-zeroes
--- mathopt6.gms(63) 3 Mb
--- Executing CONVERT: elapsed 0:00:01.103

Convert 2.0      24.7.4 r58773 Released Sep 19, 2016 LEG x86 64bit/Linux      

--- Using Option File
Reading parameter(s) from "/home/renigijus/gams/opt-mod-lib/gamslib/mathopt6/convert.opt"
>>  gams mathopt6-scalar.gms
Finished reading from "/home/renigijus/gams/opt-mod-lib/gamslib/mathopt6/convert.opt"
--- Writing Gams      : mathopt6-scalar.gms

--- Restarting execution
--- mathopt6.gms(63) 2 Mb
--- Reading solution for model m
--- mathopt6.gms(58) 3 Mb
--- Generating DNLP model m
--- mathopt6.gms(63) 5 Mb
--- LOOPS i = rand70
---   1 rows  3 columns  3 non-zeroes
---   35 nl-code  2 nl-non-zeroes
--- mathopt6.gms(63) 3 Mb
--- Executing CONVERT: elapsed 0:00:01.116

Convert 2.0      24.7.4 r58773 Released Sep 19, 2016 LEG x86 64bit/Linux      

--- Using Option File
Reading parameter(s) from "/home/renigijus/gams/opt-mod-lib/gamslib/mathopt6/convert.opt"
>>  gams mathopt6-scalar.gms
Finished reading from "/home/renigijus/gams/opt-mod-lib/gamslib/mathopt6/convert.opt"
--- Writing Gams      : mathopt6-scalar.gms

--- Restarting execution
--- mathopt6.gms(63) 2 Mb
--- Reading solution for model m
--- mathopt6.gms(58) 3 Mb
--- Generating DNLP model m
--- mathopt6.gms(63) 5 Mb
--- LOOPS i = rand71
---   1 rows  3 columns  3 non-zeroes
---   35 nl-code  2 nl-non-zeroes
--- mathopt6.gms(63) 3 Mb
--- Executing CONVERT: elapsed 0:00:01.126

Convert 2.0      24.7.4 r58773 Released Sep 19, 2016 LEG x86 64bit/Linux      

--- Using Option File
Reading parameter(s) from "/home/renigijus/gams/opt-mod-lib/gamslib/mathopt6/convert.opt"
>>  gams mathopt6-scalar.gms
Finished reading from "/home/renigijus/gams/opt-mod-lib/gamslib/mathopt6/convert.opt"
--- Writing Gams      : mathopt6-scalar.gms

--- Restarting execution
--- mathopt6.gms(63) 2 Mb
--- Reading solution for model m
--- mathopt6.gms(58) 3 Mb
--- Generating DNLP model m
--- mathopt6.gms(63) 5 Mb
--- LOOPS i = rand72
---   1 rows  3 columns  3 non-zeroes
---   35 nl-code  2 nl-non-zeroes
--- mathopt6.gms(63) 3 Mb
--- Executing CONVERT: elapsed 0:00:01.143

Convert 2.0      24.7.4 r58773 Released Sep 19, 2016 LEG x86 64bit/Linux      

--- Using Option File
Reading parameter(s) from "/home/renigijus/gams/opt-mod-lib/gamslib/mathopt6/convert.opt"
>>  gams mathopt6-scalar.gms
Finished reading from "/home/renigijus/gams/opt-mod-lib/gamslib/mathopt6/convert.opt"
--- Writing Gams      : mathopt6-scalar.gms

--- Restarting execution
--- mathopt6.gms(63) 2 Mb
--- Reading solution for model m
--- mathopt6.gms(58) 3 Mb
--- Generating DNLP model m
--- mathopt6.gms(63) 5 Mb
--- LOOPS i = rand73
---   1 rows  3 columns  3 non-zeroes
---   35 nl-code  2 nl-non-zeroes
--- mathopt6.gms(63) 3 Mb
--- Executing CONVERT: elapsed 0:00:01.154

Convert 2.0      24.7.4 r58773 Released Sep 19, 2016 LEG x86 64bit/Linux      

--- Using Option File
Reading parameter(s) from "/home/renigijus/gams/opt-mod-lib/gamslib/mathopt6/convert.opt"
>>  gams mathopt6-scalar.gms
Finished reading from "/home/renigijus/gams/opt-mod-lib/gamslib/mathopt6/convert.opt"
--- Writing Gams      : mathopt6-scalar.gms

--- Restarting execution
--- mathopt6.gms(63) 2 Mb
--- Reading solution for model m
--- mathopt6.gms(58) 3 Mb
--- Generating DNLP model m
--- mathopt6.gms(63) 5 Mb
--- LOOPS i = rand74
---   1 rows  3 columns  3 non-zeroes
---   35 nl-code  2 nl-non-zeroes
--- mathopt6.gms(63) 3 Mb
--- Executing CONVERT: elapsed 0:00:01.168

Convert 2.0      24.7.4 r58773 Released Sep 19, 2016 LEG x86 64bit/Linux      

--- Using Option File
Reading parameter(s) from "/home/renigijus/gams/opt-mod-lib/gamslib/mathopt6/convert.opt"
>>  gams mathopt6-scalar.gms
Finished reading from "/home/renigijus/gams/opt-mod-lib/gamslib/mathopt6/convert.opt"
--- Writing Gams      : mathopt6-scalar.gms

--- Restarting execution
--- mathopt6.gms(63) 2 Mb
--- Reading solution for model m
--- mathopt6.gms(58) 3 Mb
--- Generating DNLP model m
--- mathopt6.gms(63) 5 Mb
--- LOOPS i = rand75
---   1 rows  3 columns  3 non-zeroes
---   35 nl-code  2 nl-non-zeroes
--- mathopt6.gms(63) 3 Mb
--- Executing CONVERT: elapsed 0:00:01.178

Convert 2.0      24.7.4 r58773 Released Sep 19, 2016 LEG x86 64bit/Linux      

--- Using Option File
Reading parameter(s) from "/home/renigijus/gams/opt-mod-lib/gamslib/mathopt6/convert.opt"
>>  gams mathopt6-scalar.gms
Finished reading from "/home/renigijus/gams/opt-mod-lib/gamslib/mathopt6/convert.opt"
--- Writing Gams      : mathopt6-scalar.gms

--- Restarting execution
--- mathopt6.gms(63) 2 Mb
--- Reading solution for model m
--- mathopt6.gms(58) 3 Mb
--- Generating DNLP model m
--- mathopt6.gms(63) 5 Mb
--- LOOPS i = rand76
---   1 rows  3 columns  3 non-zeroes
---   35 nl-code  2 nl-non-zeroes
--- mathopt6.gms(63) 3 Mb
--- Executing CONVERT: elapsed 0:00:01.193

Convert 2.0      24.7.4 r58773 Released Sep 19, 2016 LEG x86 64bit/Linux      

--- Using Option File
Reading parameter(s) from "/home/renigijus/gams/opt-mod-lib/gamslib/mathopt6/convert.opt"
>>  gams mathopt6-scalar.gms
Finished reading from "/home/renigijus/gams/opt-mod-lib/gamslib/mathopt6/convert.opt"
--- Writing Gams      : mathopt6-scalar.gms

--- Restarting execution
--- mathopt6.gms(63) 2 Mb
--- Reading solution for model m
--- mathopt6.gms(58) 3 Mb
--- Generating DNLP model m
--- mathopt6.gms(63) 5 Mb
--- LOOPS i = rand77
---   1 rows  3 columns  3 non-zeroes
---   35 nl-code  2 nl-non-zeroes
--- mathopt6.gms(63) 3 Mb
--- Executing CONVERT: elapsed 0:00:01.205

Convert 2.0      24.7.4 r58773 Released Sep 19, 2016 LEG x86 64bit/Linux      

--- Using Option File
Reading parameter(s) from "/home/renigijus/gams/opt-mod-lib/gamslib/mathopt6/convert.opt"
>>  gams mathopt6-scalar.gms
Finished reading from "/home/renigijus/gams/opt-mod-lib/gamslib/mathopt6/convert.opt"
--- Writing Gams      : mathopt6-scalar.gms

--- Restarting execution
--- mathopt6.gms(63) 2 Mb
--- Reading solution for model m
--- mathopt6.gms(58) 3 Mb
--- Generating DNLP model m
--- mathopt6.gms(63) 5 Mb
--- LOOPS i = rand78
---   1 rows  3 columns  3 non-zeroes
---   35 nl-code  2 nl-non-zeroes
--- mathopt6.gms(63) 3 Mb
--- Executing CONVERT: elapsed 0:00:01.220

Convert 2.0      24.7.4 r58773 Released Sep 19, 2016 LEG x86 64bit/Linux      

--- Using Option File
Reading parameter(s) from "/home/renigijus/gams/opt-mod-lib/gamslib/mathopt6/convert.opt"
>>  gams mathopt6-scalar.gms
Finished reading from "/home/renigijus/gams/opt-mod-lib/gamslib/mathopt6/convert.opt"
--- Writing Gams      : mathopt6-scalar.gms

--- Restarting execution
--- mathopt6.gms(63) 2 Mb
--- Reading solution for model m
--- mathopt6.gms(58) 3 Mb
--- Generating DNLP model m
--- mathopt6.gms(63) 5 Mb
--- LOOPS i = rand79
---   1 rows  3 columns  3 non-zeroes
---   35 nl-code  2 nl-non-zeroes
--- mathopt6.gms(63) 3 Mb
--- Executing CONVERT: elapsed 0:00:01.232

Convert 2.0      24.7.4 r58773 Released Sep 19, 2016 LEG x86 64bit/Linux      

--- Using Option File
Reading parameter(s) from "/home/renigijus/gams/opt-mod-lib/gamslib/mathopt6/convert.opt"
>>  gams mathopt6-scalar.gms
Finished reading from "/home/renigijus/gams/opt-mod-lib/gamslib/mathopt6/convert.opt"
--- Writing Gams      : mathopt6-scalar.gms

--- Restarting execution
--- mathopt6.gms(63) 2 Mb
--- Reading solution for model m
--- mathopt6.gms(58) 3 Mb
--- Generating DNLP model m
--- mathopt6.gms(63) 5 Mb
--- LOOPS i = rand80
---   1 rows  3 columns  3 non-zeroes
---   35 nl-code  2 nl-non-zeroes
--- mathopt6.gms(63) 3 Mb
--- Executing CONVERT: elapsed 0:00:01.246

Convert 2.0      24.7.4 r58773 Released Sep 19, 2016 LEG x86 64bit/Linux      

--- Using Option File
Reading parameter(s) from "/home/renigijus/gams/opt-mod-lib/gamslib/mathopt6/convert.opt"
>>  gams mathopt6-scalar.gms
Finished reading from "/home/renigijus/gams/opt-mod-lib/gamslib/mathopt6/convert.opt"
--- Writing Gams      : mathopt6-scalar.gms

--- Restarting execution
--- mathopt6.gms(63) 2 Mb
--- Reading solution for model m
--- mathopt6.gms(58) 3 Mb
--- Generating DNLP model m
--- mathopt6.gms(63) 5 Mb
--- LOOPS i = rand81
---   1 rows  3 columns  3 non-zeroes
---   35 nl-code  2 nl-non-zeroes
--- mathopt6.gms(63) 3 Mb
--- Executing CONVERT: elapsed 0:00:01.264

Convert 2.0      24.7.4 r58773 Released Sep 19, 2016 LEG x86 64bit/Linux      

--- Using Option File
Reading parameter(s) from "/home/renigijus/gams/opt-mod-lib/gamslib/mathopt6/convert.opt"
>>  gams mathopt6-scalar.gms
Finished reading from "/home/renigijus/gams/opt-mod-lib/gamslib/mathopt6/convert.opt"
--- Writing Gams      : mathopt6-scalar.gms

--- Restarting execution
--- mathopt6.gms(63) 2 Mb
--- Reading solution for model m
--- mathopt6.gms(58) 3 Mb
--- Generating DNLP model m
--- mathopt6.gms(63) 5 Mb
--- LOOPS i = rand82
---   1 rows  3 columns  3 non-zeroes
---   35 nl-code  2 nl-non-zeroes
--- mathopt6.gms(63) 3 Mb
--- Executing CONVERT: elapsed 0:00:01.281

Convert 2.0      24.7.4 r58773 Released Sep 19, 2016 LEG x86 64bit/Linux      

--- Using Option File
Reading parameter(s) from "/home/renigijus/gams/opt-mod-lib/gamslib/mathopt6/convert.opt"
>>  gams mathopt6-scalar.gms
Finished reading from "/home/renigijus/gams/opt-mod-lib/gamslib/mathopt6/convert.opt"
--- Writing Gams      : mathopt6-scalar.gms

--- Restarting execution
--- mathopt6.gms(63) 2 Mb
--- Reading solution for model m
--- mathopt6.gms(58) 3 Mb
--- Generating DNLP model m
--- mathopt6.gms(63) 5 Mb
--- LOOPS i = rand83
---   1 rows  3 columns  3 non-zeroes
---   35 nl-code  2 nl-non-zeroes
--- mathopt6.gms(63) 3 Mb
--- Executing CONVERT: elapsed 0:00:01.292

Convert 2.0      24.7.4 r58773 Released Sep 19, 2016 LEG x86 64bit/Linux      

--- Using Option File
Reading parameter(s) from "/home/renigijus/gams/opt-mod-lib/gamslib/mathopt6/convert.opt"
>>  gams mathopt6-scalar.gms
Finished reading from "/home/renigijus/gams/opt-mod-lib/gamslib/mathopt6/convert.opt"
--- Writing Gams      : mathopt6-scalar.gms

--- Restarting execution
--- mathopt6.gms(63) 2 Mb
--- Reading solution for model m
--- mathopt6.gms(58) 3 Mb
--- Generating DNLP model m
--- mathopt6.gms(63) 5 Mb
--- LOOPS i = rand84
---   1 rows  3 columns  3 non-zeroes
---   35 nl-code  2 nl-non-zeroes
--- mathopt6.gms(63) 3 Mb
--- Executing CONVERT: elapsed 0:00:01.307

Convert 2.0      24.7.4 r58773 Released Sep 19, 2016 LEG x86 64bit/Linux      

--- Using Option File
Reading parameter(s) from "/home/renigijus/gams/opt-mod-lib/gamslib/mathopt6/convert.opt"
>>  gams mathopt6-scalar.gms
Finished reading from "/home/renigijus/gams/opt-mod-lib/gamslib/mathopt6/convert.opt"
--- Writing Gams      : mathopt6-scalar.gms

--- Restarting execution
--- mathopt6.gms(63) 2 Mb
--- Reading solution for model m
--- mathopt6.gms(58) 3 Mb
--- Generating DNLP model m
--- mathopt6.gms(63) 5 Mb
--- LOOPS i = rand85
---   1 rows  3 columns  3 non-zeroes
---   35 nl-code  2 nl-non-zeroes
--- mathopt6.gms(63) 3 Mb
--- Executing CONVERT: elapsed 0:00:01.323

Convert 2.0      24.7.4 r58773 Released Sep 19, 2016 LEG x86 64bit/Linux      

--- Using Option File
Reading parameter(s) from "/home/renigijus/gams/opt-mod-lib/gamslib/mathopt6/convert.opt"
>>  gams mathopt6-scalar.gms
Finished reading from "/home/renigijus/gams/opt-mod-lib/gamslib/mathopt6/convert.opt"
--- Writing Gams      : mathopt6-scalar.gms

--- Restarting execution
--- mathopt6.gms(63) 2 Mb
--- Reading solution for model m
--- mathopt6.gms(58) 3 Mb
--- Generating DNLP model m
--- mathopt6.gms(63) 5 Mb
--- LOOPS i = rand86
---   1 rows  3 columns  3 non-zeroes
---   35 nl-code  2 nl-non-zeroes
--- mathopt6.gms(63) 3 Mb
--- Executing CONVERT: elapsed 0:00:01.336

Convert 2.0      24.7.4 r58773 Released Sep 19, 2016 LEG x86 64bit/Linux      

--- Using Option File
Reading parameter(s) from "/home/renigijus/gams/opt-mod-lib/gamslib/mathopt6/convert.opt"
>>  gams mathopt6-scalar.gms
Finished reading from "/home/renigijus/gams/opt-mod-lib/gamslib/mathopt6/convert.opt"
--- Writing Gams      : mathopt6-scalar.gms

--- Restarting execution
--- mathopt6.gms(63) 2 Mb
--- Reading solution for model m
--- mathopt6.gms(58) 3 Mb
--- Generating DNLP model m
--- mathopt6.gms(63) 5 Mb
--- LOOPS i = rand87
---   1 rows  3 columns  3 non-zeroes
---   35 nl-code  2 nl-non-zeroes
--- mathopt6.gms(63) 3 Mb
--- Executing CONVERT: elapsed 0:00:01.352

Convert 2.0      24.7.4 r58773 Released Sep 19, 2016 LEG x86 64bit/Linux      

--- Using Option File
Reading parameter(s) from "/home/renigijus/gams/opt-mod-lib/gamslib/mathopt6/convert.opt"
>>  gams mathopt6-scalar.gms
Finished reading from "/home/renigijus/gams/opt-mod-lib/gamslib/mathopt6/convert.opt"
--- Writing Gams      : mathopt6-scalar.gms

--- Restarting execution
--- mathopt6.gms(63) 2 Mb
--- Reading solution for model m
--- mathopt6.gms(58) 3 Mb
--- Generating DNLP model m
--- mathopt6.gms(63) 5 Mb
--- LOOPS i = rand88
---   1 rows  3 columns  3 non-zeroes
---   35 nl-code  2 nl-non-zeroes
--- mathopt6.gms(63) 3 Mb
--- Executing CONVERT: elapsed 0:00:01.363

Convert 2.0      24.7.4 r58773 Released Sep 19, 2016 LEG x86 64bit/Linux      

--- Using Option File
Reading parameter(s) from "/home/renigijus/gams/opt-mod-lib/gamslib/mathopt6/convert.opt"
>>  gams mathopt6-scalar.gms
Finished reading from "/home/renigijus/gams/opt-mod-lib/gamslib/mathopt6/convert.opt"
--- Writing Gams      : mathopt6-scalar.gms

--- Restarting execution
--- mathopt6.gms(63) 2 Mb
--- Reading solution for model m
--- mathopt6.gms(58) 3 Mb
--- Generating DNLP model m
--- mathopt6.gms(63) 5 Mb
--- LOOPS i = rand89
---   1 rows  3 columns  3 non-zeroes
---   35 nl-code  2 nl-non-zeroes
--- mathopt6.gms(63) 3 Mb
--- Executing CONVERT: elapsed 0:00:01.373

Convert 2.0      24.7.4 r58773 Released Sep 19, 2016 LEG x86 64bit/Linux      

--- Using Option File
Reading parameter(s) from "/home/renigijus/gams/opt-mod-lib/gamslib/mathopt6/convert.opt"
>>  gams mathopt6-scalar.gms
Finished reading from "/home/renigijus/gams/opt-mod-lib/gamslib/mathopt6/convert.opt"
--- Writing Gams      : mathopt6-scalar.gms

--- Restarting execution
--- mathopt6.gms(63) 2 Mb
--- Reading solution for model m
--- mathopt6.gms(58) 3 Mb
--- Generating DNLP model m
--- mathopt6.gms(63) 5 Mb
--- LOOPS i = rand90
---   1 rows  3 columns  3 non-zeroes
---   35 nl-code  2 nl-non-zeroes
--- mathopt6.gms(63) 3 Mb
--- Executing CONVERT: elapsed 0:00:01.384

Convert 2.0      24.7.4 r58773 Released Sep 19, 2016 LEG x86 64bit/Linux      

--- Using Option File
Reading parameter(s) from "/home/renigijus/gams/opt-mod-lib/gamslib/mathopt6/convert.opt"
>>  gams mathopt6-scalar.gms
Finished reading from "/home/renigijus/gams/opt-mod-lib/gamslib/mathopt6/convert.opt"
--- Writing Gams      : mathopt6-scalar.gms

--- Restarting execution
--- mathopt6.gms(63) 2 Mb
--- Reading solution for model m
--- mathopt6.gms(58) 3 Mb
--- Generating DNLP model m
--- mathopt6.gms(63) 5 Mb
--- LOOPS i = rand91
---   1 rows  3 columns  3 non-zeroes
---   35 nl-code  2 nl-non-zeroes
--- mathopt6.gms(63) 3 Mb
--- Executing CONVERT: elapsed 0:00:01.394

Convert 2.0      24.7.4 r58773 Released Sep 19, 2016 LEG x86 64bit/Linux      

--- Using Option File
Reading parameter(s) from "/home/renigijus/gams/opt-mod-lib/gamslib/mathopt6/convert.opt"
>>  gams mathopt6-scalar.gms
Finished reading from "/home/renigijus/gams/opt-mod-lib/gamslib/mathopt6/convert.opt"
--- Writing Gams      : mathopt6-scalar.gms

--- Restarting execution
--- mathopt6.gms(63) 2 Mb
--- Reading solution for model m
--- mathopt6.gms(58) 3 Mb
--- Generating DNLP model m
--- mathopt6.gms(63) 5 Mb
--- LOOPS i = rand92
---   1 rows  3 columns  3 non-zeroes
---   35 nl-code  2 nl-non-zeroes
--- mathopt6.gms(63) 3 Mb
--- Executing CONVERT: elapsed 0:00:01.407

Convert 2.0      24.7.4 r58773 Released Sep 19, 2016 LEG x86 64bit/Linux      

--- Using Option File
Reading parameter(s) from "/home/renigijus/gams/opt-mod-lib/gamslib/mathopt6/convert.opt"
>>  gams mathopt6-scalar.gms
Finished reading from "/home/renigijus/gams/opt-mod-lib/gamslib/mathopt6/convert.opt"
--- Writing Gams      : mathopt6-scalar.gms

--- Restarting execution
--- mathopt6.gms(63) 2 Mb
--- Reading solution for model m
--- mathopt6.gms(58) 3 Mb
--- Generating DNLP model m
--- mathopt6.gms(63) 5 Mb
--- LOOPS i = rand93
---   1 rows  3 columns  3 non-zeroes
---   35 nl-code  2 nl-non-zeroes
--- mathopt6.gms(63) 3 Mb
--- Executing CONVERT: elapsed 0:00:01.418

Convert 2.0      24.7.4 r58773 Released Sep 19, 2016 LEG x86 64bit/Linux      

--- Using Option File
Reading parameter(s) from "/home/renigijus/gams/opt-mod-lib/gamslib/mathopt6/convert.opt"
>>  gams mathopt6-scalar.gms
Finished reading from "/home/renigijus/gams/opt-mod-lib/gamslib/mathopt6/convert.opt"
--- Writing Gams      : mathopt6-scalar.gms

--- Restarting execution
--- mathopt6.gms(63) 2 Mb
--- Reading solution for model m
--- mathopt6.gms(58) 3 Mb
--- Generating DNLP model m
--- mathopt6.gms(63) 5 Mb
--- LOOPS i = rand94
---   1 rows  3 columns  3 non-zeroes
---   35 nl-code  2 nl-non-zeroes
--- mathopt6.gms(63) 3 Mb
--- Executing CONVERT: elapsed 0:00:01.430

Convert 2.0      24.7.4 r58773 Released Sep 19, 2016 LEG x86 64bit/Linux      

--- Using Option File
Reading parameter(s) from "/home/renigijus/gams/opt-mod-lib/gamslib/mathopt6/convert.opt"
>>  gams mathopt6-scalar.gms
Finished reading from "/home/renigijus/gams/opt-mod-lib/gamslib/mathopt6/convert.opt"
--- Writing Gams      : mathopt6-scalar.gms

--- Restarting execution
--- mathopt6.gms(63) 2 Mb
--- Reading solution for model m
--- mathopt6.gms(58) 3 Mb
--- Generating DNLP model m
--- mathopt6.gms(63) 5 Mb
--- LOOPS i = rand95
---   1 rows  3 columns  3 non-zeroes
---   35 nl-code  2 nl-non-zeroes
--- mathopt6.gms(63) 3 Mb
--- Executing CONVERT: elapsed 0:00:01.443

Convert 2.0      24.7.4 r58773 Released Sep 19, 2016 LEG x86 64bit/Linux      

--- Using Option File
Reading parameter(s) from "/home/renigijus/gams/opt-mod-lib/gamslib/mathopt6/convert.opt"
>>  gams mathopt6-scalar.gms
Finished reading from "/home/renigijus/gams/opt-mod-lib/gamslib/mathopt6/convert.opt"
--- Writing Gams      : mathopt6-scalar.gms

--- Restarting execution
--- mathopt6.gms(63) 2 Mb
--- Reading solution for model m
--- mathopt6.gms(58) 3 Mb
--- Generating DNLP model m
--- mathopt6.gms(63) 5 Mb
--- LOOPS i = rand96
---   1 rows  3 columns  3 non-zeroes
---   35 nl-code  2 nl-non-zeroes
--- mathopt6.gms(63) 3 Mb
--- Executing CONVERT: elapsed 0:00:01.457

Convert 2.0      24.7.4 r58773 Released Sep 19, 2016 LEG x86 64bit/Linux      

--- Using Option File
Reading parameter(s) from "/home/renigijus/gams/opt-mod-lib/gamslib/mathopt6/convert.opt"
>>  gams mathopt6-scalar.gms
Finished reading from "/home/renigijus/gams/opt-mod-lib/gamslib/mathopt6/convert.opt"
--- Writing Gams      : mathopt6-scalar.gms

--- Restarting execution
--- mathopt6.gms(63) 2 Mb
--- Reading solution for model m
--- mathopt6.gms(58) 3 Mb
--- Generating DNLP model m
--- mathopt6.gms(63) 5 Mb
--- LOOPS i = rand97
---   1 rows  3 columns  3 non-zeroes
---   35 nl-code  2 nl-non-zeroes
--- mathopt6.gms(63) 3 Mb
--- Executing CONVERT: elapsed 0:00:01.474

Convert 2.0      24.7.4 r58773 Released Sep 19, 2016 LEG x86 64bit/Linux      

--- Using Option File
Reading parameter(s) from "/home/renigijus/gams/opt-mod-lib/gamslib/mathopt6/convert.opt"
>>  gams mathopt6-scalar.gms
Finished reading from "/home/renigijus/gams/opt-mod-lib/gamslib/mathopt6/convert.opt"
--- Writing Gams      : mathopt6-scalar.gms

--- Restarting execution
--- mathopt6.gms(63) 2 Mb
--- Reading solution for model m
--- mathopt6.gms(58) 3 Mb
--- Generating DNLP model m
--- mathopt6.gms(63) 5 Mb
--- LOOPS i = rand98
---   1 rows  3 columns  3 non-zeroes
---   35 nl-code  2 nl-non-zeroes
--- mathopt6.gms(63) 3 Mb
--- Executing CONVERT: elapsed 0:00:01.487

Convert 2.0      24.7.4 r58773 Released Sep 19, 2016 LEG x86 64bit/Linux      

--- Using Option File
Reading parameter(s) from "/home/renigijus/gams/opt-mod-lib/gamslib/mathopt6/convert.opt"
>>  gams mathopt6-scalar.gms
Finished reading from "/home/renigijus/gams/opt-mod-lib/gamslib/mathopt6/convert.opt"
--- Writing Gams      : mathopt6-scalar.gms

--- Restarting execution
--- mathopt6.gms(63) 2 Mb
--- Reading solution for model m
--- mathopt6.gms(58) 3 Mb
--- Generating DNLP model m
--- mathopt6.gms(63) 5 Mb
--- LOOPS i = rand99
---   1 rows  3 columns  3 non-zeroes
---   35 nl-code  2 nl-non-zeroes
--- mathopt6.gms(63) 3 Mb
--- Executing CONVERT: elapsed 0:00:01.503

Convert 2.0      24.7.4 r58773 Released Sep 19, 2016 LEG x86 64bit/Linux      

--- Using Option File
Reading parameter(s) from "/home/renigijus/gams/opt-mod-lib/gamslib/mathopt6/convert.opt"
>>  gams mathopt6-scalar.gms
Finished reading from "/home/renigijus/gams/opt-mod-lib/gamslib/mathopt6/convert.opt"
--- Writing Gams      : mathopt6-scalar.gms

--- Restarting execution
--- mathopt6.gms(63) 2 Mb
--- Reading solution for model m
--- mathopt6.gms(58) 3 Mb
--- Generating DNLP model m
--- mathopt6.gms(63) 5 Mb
--- LOOPS i = rand100
---   1 rows  3 columns  3 non-zeroes
---   35 nl-code  2 nl-non-zeroes
--- mathopt6.gms(63) 3 Mb
--- Executing CONVERT: elapsed 0:00:01.520

Convert 2.0      24.7.4 r58773 Released Sep 19, 2016 LEG x86 64bit/Linux      

--- Using Option File
Reading parameter(s) from "/home/renigijus/gams/opt-mod-lib/gamslib/mathopt6/convert.opt"
>>  gams mathopt6-scalar.gms
Finished reading from "/home/renigijus/gams/opt-mod-lib/gamslib/mathopt6/convert.opt"
--- Writing Gams      : mathopt6-scalar.gms

--- Restarting execution
--- mathopt6.gms(63) 2 Mb
--- Reading solution for model m
--- mathopt6.gms(81) 3 Mb
*** Status: Normal completion
--- Job mathopt6.gms Stop 12/13/18 11:23:03 elapsed 0:00:01.529
