--- Job food.gms Start 12/13/18 11:30:34 24.7.4 r58773 LEX-LEG x86 64bit/Linux
GAMS 24.7.4   Copyright (C) 1987-2016 GAMS Development. All rights reserved
Licensee: Remigijus Paulavicius, Single User License     S170731:0859AO-LNX
          Imperial College London, Dept. of Chemical Engineering    DC13449
          License for teaching and research at degree granting institutions
          remigijus.paulavicius@imperial.ac.uk                             
--- Starting compilation
--- food.gms(133) 3 Mb
--- Starting execution: elapsed 0:00:00.001
--- food.gms(132) 4 Mb
--- Generating MIP model food
--- food.gms(133) 4 Mb
---   133 rows  127 columns  493 non-zeroes
---   30 discrete-columns
--- Executing CONVERT: elapsed 0:00:00.004

Convert 2.0      24.7.4 r58773 Released Sep 19, 2016 LEG x86 64bit/Linux      

--- Using Option File
Reading parameter(s) from "/home/renigijus/gams/opt-mod-lib/gamslib/food/convert.opt"
>>  gams food-scalar.gms
Finished reading from "/home/renigijus/gams/opt-mod-lib/gamslib/food/convert.opt"
--- Writing Gams      : food-scalar.gms

--- Restarting execution
--- food.gms(133) 2 Mb
--- Reading solution for model food
*** Status: Normal completion
--- Job food.gms Stop 12/13/18 11:30:34 elapsed 0:00:00.015
