--- Job pinene.gms Start 12/13/18 11:22:32 24.7.4 r58773 LEX-LEG x86 64bit/Linux
GAMS 24.7.4   Copyright (C) 1987-2016 GAMS Development. All rights reserved
Licensee: Remigijus Paulavicius, Single User License     S170731:0859AO-LNX
          Imperial College London, Dept. of Chemical Engineering    DC13449
          License for teaching and research at degree granting institutions
          remigijus.paulavicius@imperial.ac.uk                             
--- Starting compilation
--- pinene.gms(70) 3 Mb
--- .copspart.inc(67) 3 Mb
--- pinene.gms(99) 3 Mb
--- Starting execution: elapsed 0:00:00.003
--- pinene.gms(162) 4 Mb
--- Generating NLP model pinene
--- pinene.gms(166) 7 Mb
---   2,496 rows  2,506 columns  11,586 non-zeroes
---   5,653 nl-code  2,860 nl-non-zeroes
--- pinene.gms(166) 5 Mb
--- Executing CONVERT: elapsed 0:00:00.018

Convert 2.0      24.7.4 r58773 Released Sep 19, 2016 LEG x86 64bit/Linux      

--- Using Option File
Reading parameter(s) from "/home/renigijus/gams/opt-mod-lib/gamslib/pinene/convert.opt"
>>  gams pinene-scalar.gms
Finished reading from "/home/renigijus/gams/opt-mod-lib/gamslib/pinene/convert.opt"
--- Writing Gams      : pinene-scalar.gms

--- Restarting execution
--- pinene.gms(166) 2 Mb
--- Reading solution for model pinene
*** Status: Normal completion
--- Job pinene.gms Stop 12/13/18 11:22:32 elapsed 0:00:00.046
