--- Job moncge.gms Start 12/13/18 11:23:24 24.7.4 r58773 LEX-LEG x86 64bit/Linux
GAMS 24.7.4   Copyright (C) 1987-2016 GAMS Development. All rights reserved
Licensee: Remigijus Paulavicius, Single User License     S170731:0859AO-LNX
          Imperial College London, Dept. of Chemical Engineering    DC13449
          License for teaching and research at degree granting institutions
          remigijus.paulavicius@imperial.ac.uk                             
--- Starting compilation
--- moncge.gms(399) 3 Mb
--- Starting execution: elapsed 0:00:00.003
--- moncge.gms(338) 4 Mb
--- Generating NLP model moncge
--- moncge.gms(342) 6 Mb
---   51 rows  51 columns  193 non-zeroes
---   331 nl-code  98 nl-non-zeroes
--- moncge.gms(342) 4 Mb
--- Executing CONVERT: elapsed 0:00:00.007

Convert 2.0      24.7.4 r58773 Released Sep 19, 2016 LEG x86 64bit/Linux      

--- Using Option File
Reading parameter(s) from "/home/renigijus/gams/opt-mod-lib/gamslib/moncge/convert.opt"
>>  ampl moncge-scalar.mod
Finished reading from "/home/renigijus/gams/opt-mod-lib/gamslib/moncge/convert.opt"
--- Writing Ampl      : moncge-scalar.mod

--- Restarting execution
--- moncge.gms(342) 2 Mb
--- Reading solution for model moncge
--- moncge.gms(346) 3 Mb
--- Generating NLP model moncge
--- moncge.gms(347) 5 Mb
---   51 rows  51 columns  189 non-zeroes
---   317 nl-code  94 nl-non-zeroes
--- moncge.gms(347) 3 Mb
--- Executing CONVERT: elapsed 0:00:00.022

Convert 2.0      24.7.4 r58773 Released Sep 19, 2016 LEG x86 64bit/Linux      

--- Using Option File
Reading parameter(s) from "/home/renigijus/gams/opt-mod-lib/gamslib/moncge/convert.opt"
>>  ampl moncge-scalar.mod
Finished reading from "/home/renigijus/gams/opt-mod-lib/gamslib/moncge/convert.opt"
--- Writing Ampl      : moncge-scalar.mod

--- Restarting execution
--- moncge.gms(347) 2 Mb
--- Reading solution for model moncge
--- moncge.gms(396) 3 Mb
*** Status: Normal completion
--- Job moncge.gms Stop 12/13/18 11:23:24 elapsed 0:00:00.036
