--- Job sambal.gms Start 12/13/18 10:24:42 24.7.4 r58773 LEX-LEG x86 64bit/Linux
GAMS 24.7.4   Copyright (C) 1987-2016 GAMS Development. All rights reserved
Licensee: Remigijus Paulavicius, Single User License     S170731:0859AO-LNX
          Imperial College London, Dept. of Chemical Engineering    DC13449
          License for teaching and research at degree granting institutions
          remigijus.paulavicius@imperial.ac.uk                             
--- Starting compilation
--- sambal.gms(56) 3 Mb
--- Starting execution: elapsed 0:00:00.002
--- sambal.gms(54) 4 Mb
--- Generating NLP model bal
--- sambal.gms(56) 6 Mb
---   11 rows  18 columns  48 non-zeroes
---   68 nl-code  13 nl-non-zeroes
--- sambal.gms(56) 4 Mb
--- Executing CONVERT: elapsed 0:00:00.004

Convert 2.0      24.7.4 r58773 Released Sep 19, 2016 LEG x86 64bit/Linux      

--- Using Option File
Reading parameter(s) from "/home/renigijus/gams/opt-mod-lib/gamslib/sambal/convert.opt"
>>  ampl sambal-scalar.mod
Finished reading from "/home/renigijus/gams/opt-mod-lib/gamslib/sambal/convert.opt"
--- Writing Ampl      : sambal-scalar.mod

--- Restarting execution
--- sambal.gms(56) 2 Mb
--- Reading solution for model bal
*** Status: Normal completion
--- Job sambal.gms Stop 12/13/18 10:24:42 elapsed 0:00:00.013
