--- Job prodsp.gms Start 12/13/18 10:32:16 24.7.4 r58773 LEX-LEG x86 64bit/Linux
GAMS 24.7.4   Copyright (C) 1987-2016 GAMS Development. All rights reserved
Licensee: Remigijus Paulavicius, Single User License     S170731:0859AO-LNX
          Imperial College London, Dept. of Chemical Engineering    DC13449
          License for teaching and research at degree granting institutions
          remigijus.paulavicius@imperial.ac.uk                             
--- Starting compilation
--- prodsp.gms(64) 3 Mb
--- Starting execution: elapsed 0:00:00.002
--- prodsp.gms(59) 4 Mb
--- Generating LP model mix
--- prodsp.gms(61) 4 Mb
---   605 rows  605 columns  3,609 non-zeroes
--- Executing CONVERT: elapsed 0:00:00.007

Convert 2.0      24.7.4 r58773 Released Sep 19, 2016 LEG x86 64bit/Linux      

--- Using Option File
Reading parameter(s) from "/home/renigijus/gams/opt-mod-lib/gamslib/prodsp/convert.opt"
>>  ampl prodsp-scalar.mod
Finished reading from "/home/renigijus/gams/opt-mod-lib/gamslib/prodsp/convert.opt"
--- Writing Ampl      : prodsp-scalar.mod

--- Restarting execution
--- prodsp.gms(61) 2 Mb
--- Reading solution for model mix
--- prodsp.gms(63) 3 Mb
*** Status: Normal completion
--- Job prodsp.gms Stop 12/13/18 10:32:16 elapsed 0:00:00.028
