--- Job marco.gms Start 12/13/18 10:24:35 24.7.4 r58773 LEX-LEG x86 64bit/Linux
GAMS 24.7.4   Copyright (C) 1987-2016 GAMS Development. All rights reserved
Licensee: Remigijus Paulavicius, Single User License     S170731:0859AO-LNX
          Imperial College London, Dept. of Chemical Engineering    DC13449
          License for teaching and research at degree granting institutions
          remigijus.paulavicius@imperial.ac.uk                             
--- Starting compilation
--- marco.gms(207) 3 Mb
--- Starting execution: elapsed 0:00:00.004
--- marco.gms(155) 4 Mb
--- Generating LP model oil
--- marco.gms(204) 4 Mb
---   46 rows  61 columns  237 non-zeroes
--- Executing CONVERT: elapsed 0:00:00.007

Convert 2.0      24.7.4 r58773 Released Sep 19, 2016 LEG x86 64bit/Linux      

--- Using Option File
Reading parameter(s) from "/home/renigijus/gams/opt-mod-lib/gamslib/marco/convert.opt"
>>  ampl marco-scalar.mod
Finished reading from "/home/renigijus/gams/opt-mod-lib/gamslib/marco/convert.opt"
--- Writing Ampl      : marco-scalar.mod

--- Restarting execution
--- marco.gms(204) 2 Mb
--- Reading solution for model oil
--- marco.gms(206) 3 Mb
--- Generating LP model oil
--- marco.gms(207) 3 Mb
---   46 rows  61 columns  237 non-zeroes
--- Executing CONVERT: elapsed 0:00:00.024

Convert 2.0      24.7.4 r58773 Released Sep 19, 2016 LEG x86 64bit/Linux      

--- Using Option File
Reading parameter(s) from "/home/renigijus/gams/opt-mod-lib/gamslib/marco/convert.opt"
>>  ampl marco-scalar.mod
Finished reading from "/home/renigijus/gams/opt-mod-lib/gamslib/marco/convert.opt"
--- Writing Ampl      : marco-scalar.mod

--- Restarting execution
--- marco.gms(207) 2 Mb
--- Reading solution for model oil
--- marco.gms(207) 3 Mb
*** Status: Normal completion
--- Job marco.gms Stop 12/13/18 10:24:35 elapsed 0:00:00.039
