
***********************************************
*  SCENARIO TREE CONSTRUCTION / REDUCTION     *
*                                             *
*  S C E N R E D - 2                          *
*                                             *
*  VERSION: 12/12/2008                        *
*                                             *
*  (C) - Humboldt-University Berlin           *
*        Institute of Mathematics             *
*        Written by: Holger Heitsch           *
*                                             *
***********************************************

SCENRED LogFile: Thu Dec 13 11:30:32 2018

    -------------
    FilePrefix : srpchase
    -------------
    LogFile     : sr2srpchase.log
    GDX Input   : sr2srpchase_in.gdx
    GDX Output  : sr2srpchase_out.gdx
--- Start reading GDX input parameters

    ------------------
    SCENRED PARAMETERS
    ------------------
    num_time_steps      3
    num_leaves          500
    num_nodes           1001
    num_random          1
    reduction_method    2
    tree_con            1
    construction_method 2
    sroption            1

--- Summary of read input GDX symbols

    ---------
    Input GDX
    ---------
    ScenRedParms  ... Read 
    Node Names    ... Read 
    Ancestor Set  ... Read 
    Probabilities ... Read 
    Random Values ... Read 

--- Reading GDX input parameters done (0 seconds)
--- Additional file output:
    SR Option   : sr2srpchase.opt
--- Start checking input parameters
--- Checking input parameters done (0 seconds)
--- Start scenario tree construction process
    DETECT CONSTRUCTION METHOD
    CONSTRUCTION METHOD BACKWARD
    READ CONSTRUCTION OPTIONS
    ASSIGN SCENARIO DISTANCES
    START BACKWARD TREE CONSTRUCTION
      REDUCTION METHOD: BACKWARD
    *** SCENARIO TREE CONSTRUCTION SUCCESSFUL
    CONSTRUCTION SUMMARY
      CONSTRUCT METHOD: BACKWARD ITERATION
      REDUCTION METHOD: BACKWARD REDUCTION
      METRIC TYPE     : WASSERSTEIN ORDER 1
      EPSILON GROWTH  : GIVEN BY USER
      PERCENTAGE (<)  :     0.10
      TOTAL TIME      :     0.11 (sec)
        SCENARIO DIST :     0.01 (sec)
        CONSTRUCT TIME:     0.11 (sec)
      PROB DISTANCES  : <   9.66 (RELATIVE)
                        INITIAL       REDUCED
      SCENARIOS -           500           145
      NODES     -          1001           156
      STAGES    -             2             3
--- Scenario tree construction done (0.00 seconds)

*************************
--- SCENRED WARNINGS = 0
--- SCENRED ERRORS   = 0
*************************

*** SCENRED EXECUTION TIME = 0 (sec)
