--- Job paperco.gms Start 12/13/18 10:24:48 24.7.4 r58773 LEX-LEG x86 64bit/Linux
GAMS 24.7.4   Copyright (C) 1987-2016 GAMS Development. All rights reserved
Licensee: Remigijus Paulavicius, Single User License     S170731:0859AO-LNX
          Imperial College London, Dept. of Chemical Engineering    DC13449
          License for teaching and research at degree granting institutions
          remigijus.paulavicius@imperial.ac.uk                             
--- Starting compilation
--- paperco.gms(126) 3 Mb
--- Starting execution: elapsed 0:00:00.002
--- paperco.gms(120) 4 Mb
--- Generating LP model wood
--- paperco.gms(124) 4 Mb
--- LOOPS scenario = scenario-1
---   14 rows  22 columns  58 non-zeroes
--- Executing CONVERT: elapsed 0:00:00.005

Convert 2.0      24.7.4 r58773 Released Sep 19, 2016 LEG x86 64bit/Linux      

--- Using Option File
Reading parameter(s) from "/home/renigijus/gams/opt-mod-lib/gamslib/paperco/convert.opt"
>>  pyomo paperco-scalar.py
Finished reading from "/home/renigijus/gams/opt-mod-lib/gamslib/paperco/convert.opt"
--- Writing Pyomo     : paperco-scalar.py

--- Restarting execution
--- paperco.gms(124) 2 Mb
--- Reading solution for model wood
--- paperco.gms(120) 3 Mb
--- Generating LP model wood
--- paperco.gms(124) 3 Mb
--- LOOPS scenario = scenario-2
---   14 rows  22 columns  58 non-zeroes
--- Executing CONVERT: elapsed 0:00:00.024

Convert 2.0      24.7.4 r58773 Released Sep 19, 2016 LEG x86 64bit/Linux      

--- Using Option File
Reading parameter(s) from "/home/renigijus/gams/opt-mod-lib/gamslib/paperco/convert.opt"
>>  pyomo paperco-scalar.py
Finished reading from "/home/renigijus/gams/opt-mod-lib/gamslib/paperco/convert.opt"
--- Writing Pyomo     : paperco-scalar.py

--- Restarting execution
--- paperco.gms(124) 2 Mb
--- Reading solution for model wood
--- paperco.gms(120) 3 Mb
--- Generating LP model wood
--- paperco.gms(124) 3 Mb
--- LOOPS scenario = scenario-3
---   14 rows  22 columns  58 non-zeroes
--- Executing CONVERT: elapsed 0:00:00.042

Convert 2.0      24.7.4 r58773 Released Sep 19, 2016 LEG x86 64bit/Linux      

--- Using Option File
Reading parameter(s) from "/home/renigijus/gams/opt-mod-lib/gamslib/paperco/convert.opt"
>>  pyomo paperco-scalar.py
Finished reading from "/home/renigijus/gams/opt-mod-lib/gamslib/paperco/convert.opt"
--- Writing Pyomo     : paperco-scalar.py

--- Restarting execution
--- paperco.gms(124) 2 Mb
--- Reading solution for model wood
--- paperco.gms(120) 3 Mb
*** Status: Normal completion
--- Job paperco.gms Stop 12/13/18 10:24:48 elapsed 0:00:00.058
