--- Job ps3_s_scp.gms Start 12/13/18 11:30:39 24.7.4 r58773 LEX-LEG x86 64bit/Linux
GAMS 24.7.4   Copyright (C) 1987-2016 GAMS Development. All rights reserved
Licensee: Remigijus Paulavicius, Single User License     S170731:0859AO-LNX
          Imperial College London, Dept. of Chemical Engineering    DC13449
          License for teaching and research at degree granting institutions
          remigijus.paulavicius@imperial.ac.uk                             
--- Starting compilation
--- ps3_s_scp.gms(64) 3 Mb
--- Starting execution: elapsed 0:00:00.001
--- ps3_s_scp.gms(56) 4 Mb
--- Generating NLP model SB_gic_wo_SCP
--- ps3_s_scp.gms(62) 6 Mb
---   13 rows  10 columns  43 non-zeroes
---   18 nl-code  3 nl-non-zeroes
--- ps3_s_scp.gms(62) 4 Mb
--- Executing CONVERT: elapsed 0:00:00.003

Convert 2.0      24.7.4 r58773 Released Sep 19, 2016 LEG x86 64bit/Linux      

--- Using Option File
Reading parameter(s) from "/home/renigijus/gams/opt-mod-lib/gamslib/ps3_s_scp/convert.opt"
>>  gams ps3_s_scp-scalar.gms
Finished reading from "/home/renigijus/gams/opt-mod-lib/gamslib/ps3_s_scp/convert.opt"
--- Writing Gams      : ps3_s_scp-scalar.gms

--- Restarting execution
--- ps3_s_scp.gms(62) 2 Mb
--- Reading solution for model SB_gic_wo_SCP
--- Generating NLP model SB_lic_wo_SCP
--- ps3_s_scp.gms(63) 5 Mb
---   13 rows  10 columns  39 non-zeroes
---   18 nl-code  3 nl-non-zeroes
--- ps3_s_scp.gms(63) 3 Mb
--- Executing CONVERT: elapsed 0:00:00.022

Convert 2.0      24.7.4 r58773 Released Sep 19, 2016 LEG x86 64bit/Linux      

--- Using Option File
Reading parameter(s) from "/home/renigijus/gams/opt-mod-lib/gamslib/ps3_s_scp/convert.opt"
>>  gams ps3_s_scp-scalar.gms
Finished reading from "/home/renigijus/gams/opt-mod-lib/gamslib/ps3_s_scp/convert.opt"
--- Writing Gams      : ps3_s_scp-scalar.gms

--- Restarting execution
--- ps3_s_scp.gms(63) 2 Mb
--- Reading solution for model SB_lic_wo_SCP
*** Status: Normal completion
--- Job ps3_s_scp.gms Stop 12/13/18 11:30:39 elapsed 0:00:00.037
