--- Job sroute.gms Start 12/13/18 10:24:28 24.7.4 r58773 LEX-LEG x86 64bit/Linux
GAMS 24.7.4   Copyright (C) 1987-2016 GAMS Development. All rights reserved
Licensee: Remigijus Paulavicius, Single User License     S170731:0859AO-LNX
          Imperial College London, Dept. of Chemical Engineering    DC13449
          License for teaching and research at degree granting institutions
          remigijus.paulavicius@imperial.ac.uk                             
--- Starting compilation
--- sroute.gms(59) 3 Mb
--- Starting execution: elapsed 0:00:00.002
--- sroute.gms(41) 4 Mb
--- Generating LP model route
--- sroute.gms(57) 4 Mb
---   73 rows  307 columns  851 non-zeroes
--- Executing CONVERT: elapsed 0:00:00.004

Convert 2.0      24.7.4 r58773 Released Sep 19, 2016 LEG x86 64bit/Linux      

--- Using Option File
Reading parameter(s) from "/home/renigijus/gams/opt-mod-lib/gamslib/sroute/convert.opt"
>>  ampl sroute-scalar.mod
Finished reading from "/home/renigijus/gams/opt-mod-lib/gamslib/sroute/convert.opt"
--- Writing Ampl      : sroute-scalar.mod

--- Restarting execution
--- sroute.gms(57) 2 Mb
--- Reading solution for model route
--- sroute.gms(59) 3 Mb
*** Status: Normal completion
--- Job sroute.gms Stop 12/13/18 10:24:28 elapsed 0:00:00.017
