--- Job gear.gms Start 12/13/18 10:32:23 24.7.4 r58773 LEX-LEG x86 64bit/Linux
GAMS 24.7.4   Copyright (C) 1987-2016 GAMS Development. All rights reserved
Licensee: Remigijus Paulavicius, Single User License     S170731:0859AO-LNX
          Imperial College London, Dept. of Chemical Engineering    DC13449
          License for teaching and research at degree granting institutions
          remigijus.paulavicius@imperial.ac.uk                             
--- Starting compilation
--- gear.gms(65) 2 Mb
--- Starting execution: elapsed 0:00:00.001
--- gear.gms(53) 3 Mb
--- Generating MINLP model m1
--- gear.gms(57) 5 Mb
---   3 rows  5 columns  9 non-zeroes
---   11 nl-code  4 nl-non-zeroes
---   4 discrete-columns
--- gear.gms(57) 3 Mb
--- Executing CONVERT: elapsed 0:00:00.003

Convert 2.0      24.7.4 r58773 Released Sep 19, 2016 LEG x86 64bit/Linux      

--- Using Option File
Reading parameter(s) from "/home/renigijus/gams/opt-mod-lib/gamslib/gear/convert.opt"
>>  pyomo gear-scalar.py
Finished reading from "/home/renigijus/gams/opt-mod-lib/gamslib/gear/convert.opt"
--- Writing Pyomo     : gear-scalar.py

--- Restarting execution
--- gear.gms(57) 2 Mb
--- Reading solution for model m1
--- gear.gms(64) 2 Mb
*** Status: Normal completion
--- Job gear.gms Stop 12/13/18 10:32:23 elapsed 0:00:00.015
