--- Job fct.gms Start 12/13/18 11:23:05 24.7.4 r58773 LEX-LEG x86 64bit/Linux
GAMS 24.7.4   Copyright (C) 1987-2016 GAMS Development. All rights reserved
Licensee: Remigijus Paulavicius, Single User License     S170731:0859AO-LNX
          Imperial College London, Dept. of Chemical Engineering    DC13449
          License for teaching and research at degree granting institutions
          remigijus.paulavicius@imperial.ac.uk                             
--- Starting compilation
--- fct.gms(59) 3 Mb
--- Starting execution: elapsed 0:00:00.002
--- fct.gms(45) 4 Mb
--- Generating DNLP model m
--- fct.gms(49) 6 Mb
---   10 rows  12 columns  43 non-zeroes
---   100 nl-code  26 nl-non-zeroes
--- fct.gms(49) 4 Mb
--- Executing CONVERT: elapsed 0:00:00.005

Convert 2.0      24.7.4 r58773 Released Sep 19, 2016 LEG x86 64bit/Linux      

--- Using Option File
Reading parameter(s) from "/home/renigijus/gams/opt-mod-lib/gamslib/fct/convert.opt"
>>  gams fct-scalar.gms
Finished reading from "/home/renigijus/gams/opt-mod-lib/gamslib/fct/convert.opt"
--- Writing Gams      : fct-scalar.gms

--- Restarting execution
--- fct.gms(49) 2 Mb
--- Reading solution for model m
--- fct.gms(59) 3 Mb
*** Status: Normal completion
--- Job fct.gms Stop 12/13/18 11:23:05 elapsed 0:00:00.020
