--- Job egypt.gms Start 12/13/18 10:24:42 24.7.4 r58773 LEX-LEG x86 64bit/Linux
GAMS 24.7.4   Copyright (C) 1987-2016 GAMS Development. All rights reserved
Licensee: Remigijus Paulavicius, Single User License     S170731:0859AO-LNX
          Imperial College London, Dept. of Chemical Engineering    DC13449
          License for teaching and research at degree granting institutions
          remigijus.paulavicius@imperial.ac.uk                             
--- Starting compilation
--- egypt.gms(931) 3 Mb
--- Starting execution: elapsed 0:00:00.007
--- egypt.gms(875) 4 Mb
--- Generating LP model egypt1
--- egypt.gms(877) 4 Mb
---   281 rows  618 columns  3,168 non-zeroes
--- Executing CONVERT: elapsed 0:00:00.017

Convert 2.0      24.7.4 r58773 Released Sep 19, 2016 LEG x86 64bit/Linux      

--- Using Option File
Reading parameter(s) from "/home/renigijus/gams/opt-mod-lib/gamslib/egypt/convert.opt"
>>  pyomo egypt-scalar.py
Finished reading from "/home/renigijus/gams/opt-mod-lib/gamslib/egypt/convert.opt"
--- Writing Pyomo     : egypt-scalar.py

--- Restarting execution
--- egypt.gms(877) 2 Mb
--- Reading solution for model egypt1
--- egypt.gms(930) 3 Mb
*** Status: Normal completion
--- Job egypt.gms Stop 12/13/18 10:24:42 elapsed 0:00:00.030
