--- Job thaix.gms Start 12/13/18 10:24:48 24.7.4 r58773 LEX-LEG x86 64bit/Linux
GAMS 24.7.4   Copyright (C) 1987-2016 GAMS Development. All rights reserved
Licensee: Remigijus Paulavicius, Single User License     S170731:0859AO-LNX
          Imperial College London, Dept. of Chemical Engineering    DC13449
          License for teaching and research at degree granting institutions
          remigijus.paulavicius@imperial.ac.uk                             
--- Starting compilation
--- thaix.gms(125) 3 Mb
--- Starting execution: elapsed 0:00:00.002
--- thaix.gms(123) 4 Mb
--- Generating MIP model thainavy
--- thaix.gms(123) 4 Mb
---   34 rows  72 columns  232 non-zeroes
---   23 discrete-columns
--- Executing CONVERT: elapsed 0:00:00.006

Convert 2.0      24.7.4 r58773 Released Sep 19, 2016 LEG x86 64bit/Linux      

--- Using Option File
Reading parameter(s) from "/home/renigijus/gams/opt-mod-lib/gamslib/thaix/convert.opt"
>>  pyomo thaix-scalar.py
Finished reading from "/home/renigijus/gams/opt-mod-lib/gamslib/thaix/convert.opt"
--- Writing Pyomo     : thaix-scalar.py

--- Restarting execution
--- thaix.gms(123) 2 Mb
--- Reading solution for model thainavy
--- thaix.gms(124) 3 Mb
--- Generating MIP model thainavy
--- thaix.gms(124) 3 Mb
---   34 rows  72 columns  232 non-zeroes
---   23 discrete-columns
--- Executing CONVERT: elapsed 0:00:00.018

Convert 2.0      24.7.4 r58773 Released Sep 19, 2016 LEG x86 64bit/Linux      

--- Using Option File
Reading parameter(s) from "/home/renigijus/gams/opt-mod-lib/gamslib/thaix/convert.opt"
>>  pyomo thaix-scalar.py
Finished reading from "/home/renigijus/gams/opt-mod-lib/gamslib/thaix/convert.opt"
--- Writing Pyomo     : thaix-scalar.py

--- Restarting execution
--- thaix.gms(124) 2 Mb
--- Reading solution for model thainavy
--- thaix.gms(125) 3 Mb
--- Generating MIP model thainavy
--- thaix.gms(125) 3 Mb
---   34 rows  72 columns  232 non-zeroes
---   23 discrete-columns
--- Executing CONVERT: elapsed 0:00:00.032

Convert 2.0      24.7.4 r58773 Released Sep 19, 2016 LEG x86 64bit/Linux      

--- Using Option File
Reading parameter(s) from "/home/renigijus/gams/opt-mod-lib/gamslib/thaix/convert.opt"
>>  pyomo thaix-scalar.py
Finished reading from "/home/renigijus/gams/opt-mod-lib/gamslib/thaix/convert.opt"
--- Writing Pyomo     : thaix-scalar.py

--- Restarting execution
--- thaix.gms(125) 2 Mb
--- Reading solution for model thainavy
*** Status: Normal completion
--- Job thaix.gms Stop 12/13/18 10:24:48 elapsed 0:00:00.052
