--- Job mathopt3.gms Start 12/13/18 11:22:59 24.7.4 r58773 LEX-LEG x86 64bit/Linux
GAMS 24.7.4   Copyright (C) 1987-2016 GAMS Development. All rights reserved
Licensee: Remigijus Paulavicius, Single User License     S170731:0859AO-LNX
          Imperial College London, Dept. of Chemical Engineering    DC13449
          License for teaching and research at degree granting institutions
          remigijus.paulavicius@imperial.ac.uk                             
--- Starting compilation
--- mathopt3.gms(54) 3 Mb
--- Starting execution: elapsed 0:00:00.002
--- mathopt3.gms(41) 4 Mb
--- Generating NLP model m
--- mathopt3.gms(43) 6 Mb
---   8 rows  7 columns  43 non-zeroes
---   77 nl-code  24 nl-non-zeroes
--- mathopt3.gms(43) 4 Mb
--- Executing CONVERT: elapsed 0:00:00.005

Convert 2.0      24.7.4 r58773 Released Sep 19, 2016 LEG x86 64bit/Linux      

--- Using Option File
Reading parameter(s) from "/home/renigijus/gams/opt-mod-lib/gamslib/mathopt3/convert.opt"
>>  pyomo mathopt3-scalar.py
Finished reading from "/home/renigijus/gams/opt-mod-lib/gamslib/mathopt3/convert.opt"
--- Writing Pyomo     : mathopt3-scalar.py

--- Restarting execution
--- mathopt3.gms(43) 2 Mb
--- Reading solution for model m
--- mathopt3.gms(54) 3 Mb
*** Status: Normal completion
--- Job mathopt3.gms Stop 12/13/18 11:22:59 elapsed 0:00:00.021
